<testsuite FAILING="192" PASSING="1922" SIZE="2114">
  <test FILENAME="org.aspectj/modules/ajbrowser/testsrc/org/aspectj/tools/ajbrowser/AjbrowserTests.java"
  JARFILE="org.aspectj/modules/aj-build/jars/testing-drivers-test-all.jar"
  NAME="testNothing" />
  <test FILENAME="org.aspectj/modules/ajde/testsrc/org/aspectj/ajde/SymbolFileGenerationTest.java"
  JARFILE="org.aspectj/modules/aj-build/jars/testing-drivers-test-all.jar"
  NAME="testCrossRefsFileGeneration" />
  <test FILENAME="org.aspectj/modules/ajde/testsrc/org/aspectj/ajde/SymbolFileGenerationTest.java"
  JARFILE="org.aspectj/modules/aj-build/jars/testing-drivers-test-all.jar"
  NAME="testEmacssymGeneration">
    <fail TYPE="java.lang.NullPointerException" />
  </test>
  <test FILENAME="org.aspectj/modules/ajde/testsrc/org/aspectj/ajde/ShowWeaveMessagesTestCase.java"
  JARFILE="org.aspectj/modules/aj-build/jars/testing-drivers-test-all.jar"
  NAME="testWeaveMessagesAdvice">
    <fail MESSAGE="Ajde is not initialized."
    TYPE="java.lang.RuntimeException" />
  </test>
  <test FILENAME="org.aspectj/modules/ajde/testsrc/org/aspectj/ajde/ShowWeaveMessagesTestCase.java"
  JARFILE="org.aspectj/modules/aj-build/jars/testing-drivers-test-all.jar"
  NAME="testWeaveMessagesITD">
    <fail MESSAGE="Ajde is not initialized."
    TYPE="java.lang.RuntimeException" />
  </test>
  <test FILENAME="org.aspectj/modules/ajde/testsrc/org/aspectj/ajde/ShowWeaveMessagesTestCase.java"
  JARFILE="org.aspectj/modules/aj-build/jars/testing-drivers-test-all.jar"
  NAME="testWeaveMessagesDeclare">
    <fail MESSAGE="Ajde is not initialized."
    TYPE="java.lang.RuntimeException" />
  </test>
  <test FILENAME="org.aspectj/modules/ajde/testsrc/org/aspectj/ajde/ShowWeaveMessagesTestCase.java"
  JARFILE="org.aspectj/modules/aj-build/jars/testing-drivers-test-all.jar"
  NAME="testWeaveMessagesDeclareExtends">
    <fail MESSAGE="Ajde is not initialized."
    TYPE="java.lang.RuntimeException" />
  </test>
  <test FILENAME="org.aspectj/modules/ajde/testsrc/org/aspectj/ajde/ShowWeaveMessagesTestCase.java"
  JARFILE="org.aspectj/modules/aj-build/jars/testing-drivers-test-all.jar"
  NAME="testWeaveMessagesDeclareSoft">
    <fail MESSAGE="Ajde is not initialized."
    TYPE="java.lang.RuntimeException" />
  </test>
  <test FILENAME="org.aspectj/modules/ajde/testsrc/org/aspectj/ajde/ShowWeaveMessagesTestCase.java"
  JARFILE="org.aspectj/modules/aj-build/jars/testing-drivers-test-all.jar"
  NAME="testWeaveMessagesDeclareAnnotation">
    <fail MESSAGE="Ajde is not initialized."
    TYPE="java.lang.RuntimeException" />
  </test>
  <test FILENAME="org.aspectj/modules/ajde/testsrc/org/aspectj/ajde/ShowWeaveMessagesTestCase.java"
  JARFILE="org.aspectj/modules/aj-build/jars/testing-drivers-test-all.jar"
  NAME="testWeaveMessagesDeclareAnnotationWeaveInfoOff">
    <fail MESSAGE="Ajde is not initialized."
    TYPE="java.lang.RuntimeException" />
  </test>
  <test FILENAME="org.aspectj/modules/ajde/testsrc/org/aspectj/ajde/ShowWeaveMessagesTestCase.java"
  JARFILE="org.aspectj/modules/aj-build/jars/testing-drivers-test-all.jar"
  NAME="testWeaveMessagesBinaryAdvice">
    <fail MESSAGE="Ajde is not initialized."
    TYPE="java.lang.RuntimeException" />
  </test>
  <test FILENAME="org.aspectj/modules/ajde/testsrc/org/aspectj/ajde/ShowWeaveMessagesTestCase.java"
  JARFILE="org.aspectj/modules/aj-build/jars/testing-drivers-test-all.jar"
  NAME="testWeaveMessagesBinaryITD">
    <fail MESSAGE="Ajde is not initialized."
    TYPE="java.lang.RuntimeException" />
  </test>
  <test FILENAME="org.aspectj/modules/ajde/testsrc/org/aspectj/ajde/ShowWeaveMessagesTestCase.java"
  JARFILE="org.aspectj/modules/aj-build/jars/testing-drivers-test-all.jar"
  NAME="testWeaveMessagesBinaryDeclare">
    <fail MESSAGE="Ajde is not initialized."
    TYPE="java.lang.RuntimeException" />
  </test>
  <test FILENAME="org.aspectj/modules/ajde/testsrc/org/aspectj/ajde/ShowWeaveMessagesTestCase.java"
  JARFILE="org.aspectj/modules/aj-build/jars/testing-drivers-test-all.jar"
  NAME="testWeaveMessagesBinaryDeclareSoft">
    <fail MESSAGE="Ajde is not initialized."
    TYPE="java.lang.RuntimeException" />
  </test>
  <test FILENAME="org.aspectj/modules/ajde/testsrc/org/aspectj/ajde/ShowWeaveMessagesTestCase.java"
  JARFILE="org.aspectj/modules/aj-build/jars/testing-drivers-test-all.jar"
  NAME="testWeaveMessagesBinaryAdviceInPackageFromJar">
    <fail MESSAGE="Ajde is not initialized."
    TYPE="java.lang.RuntimeException" />
  </test>
  <test FILENAME="org.aspectj/modules/ajde/testsrc/org/aspectj/ajde/ShowWeaveMessagesTestCase.java"
  JARFILE="org.aspectj/modules/aj-build/jars/testing-drivers-test-all.jar"
  NAME="testWeaveMessagesBinaryAdviceInPackage">
    <fail MESSAGE="Ajde is not initialized."
    TYPE="java.lang.RuntimeException" />
  </test>
  <test FILENAME="org.aspectj/modules/ajde/testsrc/org/aspectj/ajde/ShowWeaveMessagesTestCase.java"
  JARFILE="org.aspectj/modules/aj-build/jars/testing-drivers-test-all.jar"
  NAME="testWeaveMessagesBinaryAdviceNoDebugInfo">
    <fail MESSAGE="Ajde is not initialized."
    TYPE="java.lang.RuntimeException" />
  </test>
  <test FILENAME="org.aspectj/modules/tests/ajcHarnessTests.xml"
  JARFILE="org.aspectj/modules/aj-build/jars/testing-drivers-test-all.jar"
  NAME="local scope binding test" />
  <test FILENAME="org.aspectj/modules/ajde/testsrc/org/aspectj/ajde/ShowWeaveMessagesTestCase.java"
  JARFILE="org.aspectj/modules/aj-build/jars/testing-drivers-test-all.jar"
  NAME="testWeaveMessagesBinaryITDNoDebugInfo">
    <fail MESSAGE="Ajde is not initialized."
    TYPE="java.lang.RuntimeException" />
  </test>
  <test FILENAME="org.aspectj/modules/ajde/testsrc/org/aspectj/ajde/ShowWeaveMessagesTestCase.java"
  JARFILE="org.aspectj/modules/aj-build/jars/testing-drivers-test-all.jar"
  NAME="testWeaveMessagesBinaryDeclareNoDebugInfo">
    <fail MESSAGE="Ajde is not initialized."
    TYPE="java.lang.RuntimeException" />
  </test>
  <test FILENAME="org.aspectj/modules/ajde/testsrc/org/aspectj/ajde/ShowWeaveMessagesTestCase.java"
  JARFILE="org.aspectj/modules/aj-build/jars/testing-drivers-test-all.jar"
  NAME="testWeaveMessagesBinaryDeclareSoftNoDebugInfo">
    <fail MESSAGE="Ajde is not initialized."
    TYPE="java.lang.RuntimeException" />
  </test>
  <test FILENAME="org.aspectj/modules/ajde/testsrc/org/aspectj/ajde/AjdeTestCase.java"
  JARFILE="org.aspectj/modules/aj-build/jars/testing-drivers-test-all.jar"
  NAME="testEmptyAddedForAntJUnit">
    <fail MESSAGE="Ajde is not initialized."
    TYPE="java.lang.RuntimeException" />
  </test>
  <test FILENAME="org.aspectj/modules/ajde/testsrc/org/aspectj/ajde/DuplicateManifestTest.java"
  JARFILE="org.aspectj/modules/aj-build/jars/testing-drivers-test-all.jar"
  NAME="testWeave">
    <fail MESSAGE="Ajde is not initialized."
    TYPE="java.lang.RuntimeException" />
  </test>
  <test FILENAME="org.aspectj/modules/ajde/testsrc/org/aspectj/ajde/AjdeTestCase.java"
  JARFILE="org.aspectj/modules/aj-build/jars/testing-drivers-test-all.jar"
  NAME="testEmptyAddedForAntJUnit">
    <fail MESSAGE="Ajde is not initialized."
    TYPE="java.lang.RuntimeException" />
  </test>
  <test FILENAME="org.aspectj/modules/ajde/testsrc/org/aspectj/ajde/BuildOptionsTest.java"
  JARFILE="org.aspectj/modules/aj-build/jars/testing-drivers-test-all.jar"
  NAME="testCharacterEncoding" />
  <test FILENAME="org.aspectj/modules/ajde/testsrc/org/aspectj/ajde/BuildOptionsTest.java"
  JARFILE="org.aspectj/modules/aj-build/jars/testing-drivers-test-all.jar"
  NAME="testVerboseMode" />
  <test FILENAME="org.aspectj/modules/ajde/testsrc/org/aspectj/ajde/BuildOptionsTest.java"
  JARFILE="org.aspectj/modules/aj-build/jars/testing-drivers-test-all.jar"
  NAME="testNonStandardOptions" />
  <test FILENAME="org.aspectj/modules/ajde/testsrc/org/aspectj/ajde/BuildOptionsTest.java"
  JARFILE="org.aspectj/modules/aj-build/jars/testing-drivers-test-all.jar"
  NAME="testComplianceLevel" />
  <test FILENAME="org.aspectj/modules/ajde/testsrc/org/aspectj/ajde/BuildOptionsTest.java"
  JARFILE="org.aspectj/modules/aj-build/jars/testing-drivers-test-all.jar"
  NAME="testSourceCompatibilityLevel" />
  <test FILENAME="org.aspectj/modules/ajde/testsrc/org/aspectj/ajde/BuildOptionsTest.java"
  JARFILE="org.aspectj/modules/aj-build/jars/testing-drivers-test-all.jar"
  NAME="testWarnings" />
  <test FILENAME="org.aspectj/modules/ajde/testsrc/org/aspectj/ajde/BuildOptionsTest.java"
  JARFILE="org.aspectj/modules/aj-build/jars/testing-drivers-test-all.jar"
  NAME="testDebugLevel" />
  <test FILENAME="org.aspectj/modules/ajde/testsrc/org/aspectj/ajde/BuildOptionsTest.java"
  JARFILE="org.aspectj/modules/aj-build/jars/testing-drivers-test-all.jar"
  NAME="testNoImportError" />
  <test FILENAME="org.aspectj/modules/ajde/testsrc/org/aspectj/ajde/BuildOptionsTest.java"
  JARFILE="org.aspectj/modules/aj-build/jars/testing-drivers-test-all.jar"
  NAME="testPreserveLocals" />
  <test FILENAME="org.aspectj/modules/ajde/testsrc/org/aspectj/ajde/AjdeTestCase.java"
  JARFILE="org.aspectj/modules/aj-build/jars/testing-drivers-test-all.jar"
  NAME="testEmptyAddedForAntJUnit" />
  <test FILENAME="org.aspectj/modules/ajde/testsrc/org/aspectj/ajde/BuildConfigurationTests.java"
  JARFILE="org.aspectj/modules/aj-build/jars/testing-drivers-test-all.jar"
  NAME="testCharacterEncoding" />
  <test FILENAME="org.aspectj/modules/ajde/testsrc/org/aspectj/ajde/BuildConfigurationTests.java"
  JARFILE="org.aspectj/modules/aj-build/jars/testing-drivers-test-all.jar"
  NAME="testNonStandardOptions" />
  <test FILENAME="org.aspectj/modules/ajde/testsrc/org/aspectj/ajde/BuildConfigurationTests.java"
  JARFILE="org.aspectj/modules/aj-build/jars/testing-drivers-test-all.jar"
  NAME="testComplianceLevel" />
  <test FILENAME="org.aspectj/modules/ajde/testsrc/org/aspectj/ajde/BuildConfigurationTests.java"
  JARFILE="org.aspectj/modules/aj-build/jars/testing-drivers-test-all.jar"
  NAME="testSourceCompatibilityLevel" />
  <test FILENAME="org.aspectj/modules/ajde/testsrc/org/aspectj/ajde/BuildConfigurationTests.java"
  JARFILE="org.aspectj/modules/aj-build/jars/testing-drivers-test-all.jar"
  NAME="testSourceIncompatibilityLevel" />
  <test FILENAME="org.aspectj/modules/ajde/testsrc/org/aspectj/ajde/BuildConfigurationTests.java"
  JARFILE="org.aspectj/modules/aj-build/jars/testing-drivers-test-all.jar"
  NAME="testNullWarnings" />
  <test FILENAME="org.aspectj/modules/ajde/testsrc/org/aspectj/ajde/BuildConfigurationTests.java"
  JARFILE="org.aspectj/modules/aj-build/jars/testing-drivers-test-all.jar"
  NAME="testSetOfWarnings" />
  <test FILENAME="org.aspectj/modules/ajde/testsrc/org/aspectj/ajde/BuildConfigurationTests.java"
  JARFILE="org.aspectj/modules/aj-build/jars/testing-drivers-test-all.jar"
  NAME="testNoDebugOptions" />
  <test FILENAME="org.aspectj/modules/ajde/testsrc/org/aspectj/ajde/BuildConfigurationTests.java"
  JARFILE="org.aspectj/modules/aj-build/jars/testing-drivers-test-all.jar"
  NAME="testEmptyDebugOptions" />
  <test FILENAME="org.aspectj/modules/ajde/testsrc/org/aspectj/ajde/BuildConfigurationTests.java"
  JARFILE="org.aspectj/modules/aj-build/jars/testing-drivers-test-all.jar"
  NAME="testDebugAll" />
  <test FILENAME="org.aspectj/modules/ajde/testsrc/org/aspectj/ajde/BuildConfigurationTests.java"
  JARFILE="org.aspectj/modules/aj-build/jars/testing-drivers-test-all.jar"
  NAME="testDebugSet" />
  <test FILENAME="org.aspectj/modules/ajde/testsrc/org/aspectj/ajde/BuildConfigurationTests.java"
  JARFILE="org.aspectj/modules/aj-build/jars/testing-drivers-test-all.jar"
  NAME="testNoImport" />
  <test FILENAME="org.aspectj/modules/ajde/testsrc/org/aspectj/ajde/BuildConfigurationTests.java"
  JARFILE="org.aspectj/modules/aj-build/jars/testing-drivers-test-all.jar"
  NAME="testPreserveAllLocals" />
  <test FILENAME="org.aspectj/modules/ajde/testsrc/org/aspectj/ajde/BuildConfigurationTests.java"
  JARFILE="org.aspectj/modules/aj-build/jars/testing-drivers-test-all.jar"
  NAME="testSourceRoots" />
  <test FILENAME="org.aspectj/modules/ajde/testsrc/org/aspectj/ajde/BuildConfigurationTests.java"
  JARFILE="org.aspectj/modules/aj-build/jars/testing-drivers-test-all.jar"
  NAME="testInJars" />
  <test FILENAME="org.aspectj/modules/ajde/testsrc/org/aspectj/ajde/BuildConfigurationTests.java"
  JARFILE="org.aspectj/modules/aj-build/jars/testing-drivers-test-all.jar"
  NAME="testAspectPath" />
  <test FILENAME="org.aspectj/modules/ajde/testsrc/org/aspectj/ajde/BuildConfigurationTests.java"
  JARFILE="org.aspectj/modules/aj-build/jars/testing-drivers-test-all.jar"
  NAME="testOutJar" />
  <test FILENAME="org.aspectj/modules/ajde/testsrc/org/aspectj/ajde/BuildConfigurationTests.java"
  JARFILE="org.aspectj/modules/aj-build/jars/testing-drivers-test-all.jar"
  NAME="testXHasMember" />
  <test FILENAME="org.aspectj/modules/ajde/testsrc/org/aspectj/ajde/AjdeTestCase.java"
  JARFILE="org.aspectj/modules/aj-build/jars/testing-drivers-test-all.jar"
  NAME="testEmptyAddedForAntJUnit" />
  <test FILENAME="org.aspectj/modules/ajde/testsrc/org/aspectj/ajde/StructureModelRegressionTest.java"
  JARFILE="org.aspectj/modules/aj-build/jars/testing-drivers-test-all.jar"
  NAME="test">
    <fail TYPE="java.lang.NullPointerException" />
  </test>
  <test FILENAME="org.aspectj/modules/ajde/testsrc/org/aspectj/ajde/StructureModelRegressionTest.java"
  JARFILE="org.aspectj/modules/aj-build/jars/testing-drivers-test-all.jar"
  NAME="testModelExists">
    <fail TYPE="java.lang.NullPointerException" />
  </test>
  <test FILENAME="org.aspectj/modules/ajde/testsrc/org/aspectj/ajde/AjdeTestCase.java"
  JARFILE="org.aspectj/modules/aj-build/jars/testing-drivers-test-all.jar"
  NAME="testEmptyAddedForAntJUnit">
    <fail TYPE="java.lang.NullPointerException" />
  </test>
  <test FILENAME="org.aspectj/modules/ajde/testsrc/org/aspectj/ajde/StructureModelTest.java"
  JARFILE="org.aspectj/modules/aj-build/jars/testing-drivers-test-all.jar"
  NAME="testRootForSourceFile">
    <fail TYPE="java.lang.NullPointerException" />
  </test>
  <test FILENAME="org.aspectj/modules/ajde/testsrc/org/aspectj/ajde/StructureModelTest.java"
  JARFILE="org.aspectj/modules/aj-build/jars/testing-drivers-test-all.jar"
  NAME="testPointcutName">
    <fail TYPE="java.lang.NullPointerException" />
  </test>
  <test FILENAME="org.aspectj/modules/ajde/testsrc/org/aspectj/ajde/StructureModelTest.java"
  JARFILE="org.aspectj/modules/aj-build/jars/testing-drivers-test-all.jar"
  NAME="testFileNodeFind">
    <fail TYPE="java.lang.NullPointerException" />
  </test>
  <test FILENAME="org.aspectj/modules/ajde/testsrc/org/aspectj/ajde/StructureModelTest.java"
  JARFILE="org.aspectj/modules/aj-build/jars/testing-drivers-test-all.jar"
  NAME="testMainClassNodeInfo">
    <fail TYPE="java.lang.NullPointerException" />
  </test>
  <test FILENAME="org.aspectj/modules/ajde/testsrc/org/aspectj/ajde/StructureModelTest.java"
  JARFILE="org.aspectj/modules/aj-build/jars/testing-drivers-test-all.jar"
  NAME="testModelIntegrity">
    <fail TYPE="java.lang.NullPointerException" />
  </test>
  <test FILENAME="org.aspectj/modules/ajde/testsrc/org/aspectj/ajde/StructureModelTest.java"
  JARFILE="org.aspectj/modules/aj-build/jars/testing-drivers-test-all.jar"
  NAME="testNoChildIsNull">
    <fail TYPE="java.lang.NullPointerException" />
  </test>
  <test FILENAME="org.aspectj/modules/ajde/testsrc/org/aspectj/ajde/AjdeTestCase.java"
  JARFILE="org.aspectj/modules/aj-build/jars/testing-drivers-test-all.jar"
  NAME="testEmptyAddedForAntJUnit">
    <fail TYPE="java.lang.NullPointerException" />
  </test>
  <test FILENAME="org.aspectj/modules/ajde/testsrc/org/aspectj/ajde/VersionTest.java"
  JARFILE="org.aspectj/modules/aj-build/jars/testing-drivers-test-all.jar"
  NAME="testVersionMatch">
    <fail TYPE="java.lang.NullPointerException" />
  </test>
  <test FILENAME="org.aspectj/modules/ajde/testsrc/org/aspectj/ajde/AjdeTestCase.java"
  JARFILE="org.aspectj/modules/aj-build/jars/testing-drivers-test-all.jar"
  NAME="testEmptyAddedForAntJUnit">
    <fail TYPE="java.lang.NullPointerException" />
  </test>
  <test FILENAME="org.aspectj/modules/ajde/testsrc/org/aspectj/ajde/CompilerMessagesTest.java"
  JARFILE="org.aspectj/modules/aj-build/jars/testing-drivers-test-all.jar"
  NAME="testMessages">
    <fail TYPE="java.lang.NullPointerException" />
  </test>
  <test FILENAME="org.aspectj/modules/ajde/testsrc/org/aspectj/ajde/CompilerMessagesTest.java"
  JARFILE="org.aspectj/modules/aj-build/jars/testing-drivers-test-all.jar"
  NAME="testDeclareMessageContents">
    <fail TYPE="java.lang.NullPointerException" />
  </test>
  <test FILENAME="org.aspectj/modules/ajde/testsrc/org/aspectj/ajde/AjdeTestCase.java"
  JARFILE="org.aspectj/modules/aj-build/jars/testing-drivers-test-all.jar"
  NAME="testEmptyAddedForAntJUnit">
    <fail TYPE="java.lang.NullPointerException" />
  </test>
  <test FILENAME="org.aspectj/modules/ajde/testsrc/org/aspectj/ajde/AsmDeclarationsTest.java"
  JARFILE="org.aspectj/modules/aj-build/jars/testing-drivers-test-all.jar"
  NAME="testRoot">
    <fail TYPE="java.lang.NullPointerException" />
  </test>
  <test FILENAME="org.aspectj/modules/ajde/testsrc/org/aspectj/ajde/AsmDeclarationsTest.java"
  JARFILE="org.aspectj/modules/aj-build/jars/testing-drivers-test-all.jar"
  NAME="testAspectAccessibility">
    <fail TYPE="java.lang.NullPointerException" />
  </test>
  <test FILENAME="org.aspectj/modules/ajde/testsrc/org/aspectj/ajde/AsmDeclarationsTest.java"
  JARFILE="org.aspectj/modules/aj-build/jars/testing-drivers-test-all.jar"
  NAME="testStaticModifiers">
    <fail TYPE="java.lang.NullPointerException" />
  </test>
  <test FILENAME="org.aspectj/modules/ajde/testsrc/org/aspectj/ajde/AsmDeclarationsTest.java"
  JARFILE="org.aspectj/modules/aj-build/jars/testing-drivers-test-all.jar"
  NAME="testFileInPackageAndDefaultPackage">
    <fail TYPE="java.lang.NullPointerException" />
  </test>
  <test FILENAME="org.aspectj/modules/ajde/testsrc/org/aspectj/ajde/AsmDeclarationsTest.java"
  JARFILE="org.aspectj/modules/aj-build/jars/testing-drivers-test-all.jar"
  NAME="testDeclares">
    <fail TYPE="java.lang.NullPointerException" />
  </test>
  <test FILENAME="org.aspectj/modules/ajde/testsrc/org/aspectj/ajde/AsmDeclarationsTest.java"
  JARFILE="org.aspectj/modules/aj-build/jars/testing-drivers-test-all.jar"
  NAME="testInterTypeMemberDeclares">
    <fail TYPE="java.lang.NullPointerException" />
  </test>
  <test FILENAME="org.aspectj/modules/ajde/testsrc/org/aspectj/ajde/AsmDeclarationsTest.java"
  JARFILE="org.aspectj/modules/aj-build/jars/testing-drivers-test-all.jar"
  NAME="testPointcuts">
    <fail TYPE="java.lang.NullPointerException" />
  </test>
  <test FILENAME="org.aspectj/modules/ajde/testsrc/org/aspectj/ajde/AsmDeclarationsTest.java"
  JARFILE="org.aspectj/modules/aj-build/jars/testing-drivers-test-all.jar"
  NAME="testAbstract">
    <fail TYPE="java.lang.NullPointerException" />
  </test>
  <test FILENAME="org.aspectj/modules/ajde/testsrc/org/aspectj/ajde/AsmDeclarationsTest.java"
  JARFILE="org.aspectj/modules/aj-build/jars/testing-drivers-test-all.jar"
  NAME="testAdvice">
    <fail TYPE="java.lang.NullPointerException" />
  </test>
  <test FILENAME="org.aspectj/modules/ajde/testsrc/org/aspectj/ajde/AjdeTestCase.java"
  JARFILE="org.aspectj/modules/aj-build/jars/testing-drivers-test-all.jar"
  NAME="testEmptyAddedForAntJUnit">
    <fail TYPE="java.lang.NullPointerException" />
  </test>
  <test FILENAME="org.aspectj/modules/ajde/testsrc/org/aspectj/ajde/AsmRelationshipsTest.java"
  JARFILE="org.aspectj/modules/aj-build/jars/testing-drivers-test-all.jar"
  NAME="testAdvice">
    <fail TYPE="java.lang.NullPointerException" />
  </test>
  <test FILENAME="org.aspectj/modules/ajde/testsrc/org/aspectj/ajde/AsmRelationshipsTest.java"
  JARFILE="org.aspectj/modules/aj-build/jars/testing-drivers-test-all.jar"
  NAME="testUsesPointcut">
    <fail TYPE="java.lang.NullPointerException" />
  </test>
  <test FILENAME="org.aspectj/modules/ajde/testsrc/org/aspectj/ajde/AsmRelationshipsTest.java"
  JARFILE="org.aspectj/modules/aj-build/jars/testing-drivers-test-all.jar"
  NAME="testDeclareParents">
    <fail TYPE="java.lang.NullPointerException" />
  </test>
  <test FILENAME="org.aspectj/modules/ajde/testsrc/org/aspectj/ajde/AsmRelationshipsTest.java"
  JARFILE="org.aspectj/modules/aj-build/jars/testing-drivers-test-all.jar"
  NAME="testDeclareWarningAndError">
    <fail TYPE="java.lang.NullPointerException" />
  </test>
  <test FILENAME="org.aspectj/modules/ajde/testsrc/org/aspectj/ajde/AsmRelationshipsTest.java"
  JARFILE="org.aspectj/modules/aj-build/jars/testing-drivers-test-all.jar"
  NAME="testInterTypeDeclarations">
    <fail TYPE="java.lang.NullPointerException" />
  </test>
  <test FILENAME="org.aspectj/modules/ajde/testsrc/org/aspectj/ajde/AjdeTestCase.java"
  JARFILE="org.aspectj/modules/aj-build/jars/testing-drivers-test-all.jar"
  NAME="testEmptyAddedForAntJUnit">
    <fail TYPE="java.lang.NullPointerException" />
  </test>
  <test FILENAME="org.aspectj/modules/ajde/testsrc/org/aspectj/ajde/InpathTestcase.java"
  JARFILE="org.aspectj/modules/aj-build/jars/testing-drivers-test-all.jar"
  NAME="testInpathToOutjar">
    <fail TYPE="java.lang.NullPointerException" />
  </test>
  <test FILENAME="org.aspectj/modules/ajde/testsrc/org/aspectj/ajde/InpathTestcase.java"
  JARFILE="org.aspectj/modules/aj-build/jars/testing-drivers-test-all.jar"
  NAME="testInpathToBin">
    <fail TYPE="java.lang.NullPointerException" />
  </test>
  <test FILENAME="org.aspectj/modules/ajde/testsrc/org/aspectj/ajde/InpathTestcase.java"
  JARFILE="org.aspectj/modules/aj-build/jars/testing-drivers-test-all.jar"
  NAME="testInpathToOutjar2">
    <fail TYPE="java.lang.NullPointerException" />
  </test>
  <test FILENAME="org.aspectj/modules/ajde/testsrc/org/aspectj/ajde/InpathTestcase.java"
  JARFILE="org.aspectj/modules/aj-build/jars/testing-drivers-test-all.jar"
  NAME="testInpathAndInjarToBin">
    <fail TYPE="java.lang.NullPointerException" />
  </test>
  <test FILENAME="org.aspectj/modules/ajde/testsrc/org/aspectj/ajde/AjdeTestCase.java"
  JARFILE="org.aspectj/modules/aj-build/jars/testing-drivers-test-all.jar"
  NAME="testEmptyAddedForAntJUnit">
    <fail TYPE="java.lang.NullPointerException" />
  </test>
  <test FILENAME="org.aspectj/modules/ajde/testsrc/org/aspectj/ajde/ReweavableTestCase.java"
  JARFILE="org.aspectj/modules/aj-build/jars/testing-drivers-test-all.jar"
  NAME="testNonReweavableCompile">
    <fail TYPE="java.lang.NullPointerException" />
  </test>
  <test FILENAME="org.aspectj/modules/ajde/testsrc/org/aspectj/ajde/ReweavableTestCase.java"
  JARFILE="org.aspectj/modules/aj-build/jars/testing-drivers-test-all.jar"
  NAME="testReweavableCompile">
    <fail TYPE="java.lang.NullPointerException" />
  </test>
  <test FILENAME="org.aspectj/modules/ajde/testsrc/org/aspectj/ajde/ReweavableTestCase.java"
  JARFILE="org.aspectj/modules/aj-build/jars/testing-drivers-test-all.jar"
  NAME="testReweavableCompressCompile">
    <fail TYPE="java.lang.NullPointerException" />
  </test>
  <test FILENAME="org.aspectj/modules/ajde/testsrc/org/aspectj/ajde/ReweavableTestCase.java"
  JARFILE="org.aspectj/modules/aj-build/jars/testing-drivers-test-all.jar"
  NAME="testReweavableSimpleCompile">
    <fail TYPE="java.lang.NullPointerException" />
  </test>
  <test FILENAME="org.aspectj/modules/ajde/testsrc/org/aspectj/ajde/ReweavableTestCase.java"
  JARFILE="org.aspectj/modules/aj-build/jars/testing-drivers-test-all.jar"
  NAME="testForReweavableSimpleErrorCompile">
    <fail TYPE="java.lang.NullPointerException" />
  </test>
  <test FILENAME="org.aspectj/modules/ajde/testsrc/org/aspectj/ajde/ReweavableTestCase.java"
  JARFILE="org.aspectj/modules/aj-build/jars/testing-drivers-test-all.jar"
  NAME="testErrorScenario2Compile">
    <fail TYPE="java.lang.NullPointerException" />
  </test>
  <test FILENAME="org.aspectj/modules/ajde/testsrc/org/aspectj/ajde/ReweavableTestCase.java"
  JARFILE="org.aspectj/modules/aj-build/jars/testing-drivers-test-all.jar"
  NAME="testWorkingScenario2Compile">
    <fail TYPE="java.lang.NullPointerException" />
  </test>
  <test FILENAME="org.aspectj/modules/ajde/testsrc/org/aspectj/ajde/AjdeTestCase.java"
  JARFILE="org.aspectj/modules/aj-build/jars/testing-drivers-test-all.jar"
  NAME="testEmptyAddedForAntJUnit">
    <fail TYPE="java.lang.NullPointerException" />
  </test>
  <test FILENAME="org.aspectj/modules/ajde/testsrc/org/aspectj/ajde/ResourceCopyTestCase.java"
  JARFILE="org.aspectj/modules/aj-build/jars/testing-drivers-test-all.jar"
  NAME="testSrcToBin">
    <fail TYPE="java.lang.NullPointerException" />
  </test>
  <test FILENAME="org.aspectj/modules/ajde/testsrc/org/aspectj/ajde/ResourceCopyTestCase.java"
  JARFILE="org.aspectj/modules/aj-build/jars/testing-drivers-test-all.jar"
  NAME="testInjarsToOutjar">
    <fail TYPE="java.lang.NullPointerException" />
  </test>
  <test FILENAME="org.aspectj/modules/ajde/testsrc/org/aspectj/ajde/ResourceCopyTestCase.java"
  JARFILE="org.aspectj/modules/aj-build/jars/testing-drivers-test-all.jar"
  NAME="testDuplicateResources">
    <fail TYPE="java.lang.NullPointerException" />
  </test>
  <test FILENAME="org.aspectj/modules/ajde/testsrc/org/aspectj/ajde/ResourceCopyTestCase.java"
  JARFILE="org.aspectj/modules/aj-build/jars/testing-drivers-test-all.jar"
  NAME="testSrcToOutjar">
    <fail TYPE="java.lang.NullPointerException" />
  </test>
  <test FILENAME="org.aspectj/modules/ajde/testsrc/org/aspectj/ajde/ResourceCopyTestCase.java"
  JARFILE="org.aspectj/modules/aj-build/jars/testing-drivers-test-all.jar"
  NAME="testInjarsToBin">
    <fail TYPE="java.lang.NullPointerException" />
  </test>
  <test FILENAME="org.aspectj/modules/ajde/testsrc/org/aspectj/ajde/ResourceCopyTestCase.java"
  JARFILE="org.aspectj/modules/aj-build/jars/testing-drivers-test-all.jar"
  NAME="testInjarsToOutjarOddNames">
    <fail TYPE="java.lang.NullPointerException" />
  </test>
  <test FILENAME="org.aspectj/modules/ajde/testsrc/org/aspectj/ajde/AjdeTestCase.java"
  JARFILE="org.aspectj/modules/aj-build/jars/testing-drivers-test-all.jar"
  NAME="testEmptyAddedForAntJUnit">
    <fail TYPE="java.lang.NullPointerException" />
  </test>
  <test FILENAME="org.aspectj/modules/ajde/testsrc/org/aspectj/ajde/ModelPerformanceTest.java"
  JARFILE="org.aspectj/modules/aj-build/jars/testing-drivers-test-all.jar"
  NAME="testNothingButKeepAntJUnitHappy">
    <fail TYPE="java.lang.NullPointerException" />
  </test>
  <test FILENAME="org.aspectj/modules/ajde/testsrc/org/aspectj/ajde/AjdeTestCase.java"
  JARFILE="org.aspectj/modules/aj-build/jars/testing-drivers-test-all.jar"
  NAME="testEmptyAddedForAntJUnit">
    <fail TYPE="java.lang.NullPointerException" />
  </test>
  <test FILENAME="org.aspectj/modules/ajde/testsrc/org/aspectj/ajde/SavedModelConsistencyTest.java"
  JARFILE="org.aspectj/modules/aj-build/jars/testing-drivers-test-all.jar"
  NAME="testInterfaceIsSameInBoth">
    <fail TYPE="java.lang.NullPointerException" />
  </test>
  <test FILENAME="org.aspectj/modules/ajde/testsrc/org/aspectj/ajde/SavedModelConsistencyTest.java"
  JARFILE="org.aspectj/modules/aj-build/jars/testing-drivers-test-all.jar"
  NAME="testModelIsSamePreAndPostBuild">
    <fail TYPE="java.lang.NullPointerException" />
  </test>
  <test FILENAME="org.aspectj/modules/ajde/testsrc/org/aspectj/ajde/AjdeTestCase.java"
  JARFILE="org.aspectj/modules/aj-build/jars/testing-drivers-test-all.jar"
  NAME="testEmptyAddedForAntJUnit">
    <fail TYPE="java.lang.NullPointerException" />
  </test>
  <test FILENAME="org.aspectj/modules/ajde/testsrc/org/aspectj/ajde/BuildCancellingTest.java"
  JARFILE="org.aspectj/modules/aj-build/jars/testing-drivers-test-all.jar"
  NAME="testCancelFirstCompile">
    <fail TYPE="java.lang.NullPointerException" />
  </test>
  <test FILENAME="org.aspectj/modules/ajde/testsrc/org/aspectj/ajde/BuildCancellingTest.java"
  JARFILE="org.aspectj/modules/aj-build/jars/testing-drivers-test-all.jar"
  NAME="testCancelThirdCompile">
    <fail TYPE="java.lang.NullPointerException" />
  </test>
  <test FILENAME="org.aspectj/modules/ajde/testsrc/org/aspectj/ajde/BuildCancellingTest.java"
  JARFILE="org.aspectj/modules/aj-build/jars/testing-drivers-test-all.jar"
  NAME="testCancelFirstAspectWeave">
    <fail TYPE="java.lang.NullPointerException" />
  </test>
  <test FILENAME="org.aspectj/modules/ajde/testsrc/org/aspectj/ajde/BuildCancellingTest.java"
  JARFILE="org.aspectj/modules/aj-build/jars/testing-drivers-test-all.jar"
  NAME="testCancelThirdAspectWeave">
    <fail TYPE="java.lang.NullPointerException" />
  </test>
  <test FILENAME="org.aspectj/modules/ajde/testsrc/org/aspectj/ajde/BuildCancellingTest.java"
  JARFILE="org.aspectj/modules/aj-build/jars/testing-drivers-test-all.jar"
  NAME="testCancelFirstClassWeave">
    <fail TYPE="java.lang.NullPointerException" />
  </test>
  <test FILENAME="org.aspectj/modules/ajde/testsrc/org/aspectj/ajde/BuildCancellingTest.java"
  JARFILE="org.aspectj/modules/aj-build/jars/testing-drivers-test-all.jar"
  NAME="testCancelSecondClassWeave">
    <fail TYPE="java.lang.NullPointerException" />
  </test>
  <test FILENAME="org.aspectj/modules/ajde/testsrc/org/aspectj/ajde/AjdeTestCase.java"
  JARFILE="org.aspectj/modules/aj-build/jars/testing-drivers-test-all.jar"
  NAME="testEmptyAddedForAntJUnit">
    <fail TYPE="java.lang.NullPointerException" />
  </test>
  <test FILENAME="org.aspectj/modules/ajde/testsrc/org/aspectj/ajde/JarManifestTest.java"
  JARFILE="org.aspectj/modules/aj-build/jars/testing-drivers-test-all.jar"
  NAME="testWeave">
    <fail TYPE="java.lang.NullPointerException" />
  </test>
  <test FILENAME="org.aspectj/modules/ajde/testsrc/org/aspectj/ajde/JarManifestTest.java"
  JARFILE="org.aspectj/modules/aj-build/jars/testing-drivers-test-all.jar"
  NAME="testNoweave">
    <fail TYPE="java.lang.NullPointerException" />
  </test>
  <test FILENAME="org.aspectj/modules/ajde/testsrc/org/aspectj/ajde/AjdeTestCase.java"
  JARFILE="org.aspectj/modules/aj-build/jars/testing-drivers-test-all.jar"
  NAME="testEmptyAddedForAntJUnit">
    <fail TYPE="java.lang.NullPointerException" />
  </test>
  <test FILENAME="org.aspectj/modules/ajde/testsrc/org/aspectj/ajde/ExtensionTests.java"
  JARFILE="org.aspectj/modules/aj-build/jars/testing-drivers-test-all.jar"
  NAME="testMessageID" />
  <test FILENAME="org.aspectj/modules/ajde/testsrc/org/aspectj/ajde/ExtensionTests.java"
  JARFILE="org.aspectj/modules/aj-build/jars/testing-drivers-test-all.jar"
  NAME="testInnerClassesInASM" />
  <test FILENAME="org.aspectj/modules/ajde/testsrc/org/aspectj/ajde/ExtensionTests.java"
  JARFILE="org.aspectj/modules/aj-build/jars/testing-drivers-test-all.jar"
  NAME="testMessageSourceStartEnd">
    <fail MESSAGE="Index: 0, Size: 0"
    TYPE="java.lang.IndexOutOfBoundsException" />
  </test>
  <test FILENAME="org.aspectj/modules/ajde/testsrc/org/aspectj/ajde/GenericsTest.java"
  JARFILE="org.aspectj/modules/aj-build/jars/testing-drivers-test-all.jar"
  NAME="testBuild">
    <fail TYPE="java.lang.NullPointerException" />
  </test>
  <test FILENAME="org.aspectj/modules/ajde/testsrc/org/aspectj/ajde/AjdeTestCase.java"
  JARFILE="org.aspectj/modules/aj-build/jars/testing-drivers-test-all.jar"
  NAME="testEmptyAddedForAntJUnit">
    <fail TYPE="java.lang.NullPointerException" />
  </test>
  <test FILENAME="org.aspectj/modules/ajde/testsrc/org/aspectj/ajde/OutxmlTest.java"
  JARFILE="org.aspectj/modules/aj-build/jars/testing-drivers-test-all.jar"
  NAME="testOutxmlToFile">
    <fail TYPE="java.lang.NullPointerException" />
  </test>
  <test FILENAME="org.aspectj/modules/ajde/testsrc/org/aspectj/ajde/OutxmlTest.java"
  JARFILE="org.aspectj/modules/aj-build/jars/testing-drivers-test-all.jar"
  NAME="testOutxmlfileToFile">
    <fail TYPE="java.lang.NullPointerException" />
  </test>
  <test FILENAME="org.aspectj/modules/ajde/testsrc/org/aspectj/ajde/OutxmlTest.java"
  JARFILE="org.aspectj/modules/aj-build/jars/testing-drivers-test-all.jar"
  NAME="testOutxmlToOutjar">
    <fail TYPE="java.lang.NullPointerException" />
  </test>
  <test FILENAME="org.aspectj/modules/ajde/testsrc/org/aspectj/ajde/OutxmlTest.java"
  JARFILE="org.aspectj/modules/aj-build/jars/testing-drivers-test-all.jar"
  NAME="testOutxmlfileToOutjar">
    <fail TYPE="java.lang.NullPointerException" />
  </test>
  <test FILENAME="org.aspectj/modules/ajde/testsrc/org/aspectj/ajde/OutxmlTest.java"
  JARFILE="org.aspectj/modules/aj-build/jars/testing-drivers-test-all.jar"
  NAME="testOutxmlToOutjarWithAop_xml">
    <fail TYPE="java.lang.NullPointerException" />
  </test>
  <test FILENAME="org.aspectj/modules/ajde/testsrc/org/aspectj/ajde/AjdeTestCase.java"
  JARFILE="org.aspectj/modules/aj-build/jars/testing-drivers-test-all.jar"
  NAME="testEmptyAddedForAntJUnit">
    <fail TYPE="java.lang.NullPointerException" />
  </test>
  <test FILENAME="org.aspectj/modules/ajde/testsrc/org/aspectj/ajde/internal/AspectJBuildManagerTest.java"
  JARFILE="org.aspectj/modules/aj-build/jars/testing-drivers-test-all.jar"
  NAME="testSequence">
    <fail TYPE="java.lang.NullPointerException" />
  </test>
  <test FILENAME="org.aspectj/modules/ajde/testsrc/org/aspectj/ajde/AjdeTestCase.java"
  JARFILE="org.aspectj/modules/aj-build/jars/testing-drivers-test-all.jar"
  NAME="testEmptyAddedForAntJUnit">
    <fail TYPE="java.lang.NullPointerException" />
  </test>
  <test FILENAME="org.aspectj/modules/ajde/testsrc/org/aspectj/ajde/internal/LstBuildConfigManagerTest.java"
  JARFILE="org.aspectj/modules/aj-build/jars/testing-drivers-test-all.jar"
  NAME="testConfigParserErrorMessages">
    <fail TYPE="java.lang.NullPointerException" />
  </test>
  <test FILENAME="org.aspectj/modules/ajde/testsrc/org/aspectj/ajde/internal/LstBuildConfigManagerTest.java"
  JARFILE="org.aspectj/modules/aj-build/jars/testing-drivers-test-all.jar"
  NAME="testErrorMessages">
    <fail TYPE="java.lang.NullPointerException" />
  </test>
  <test FILENAME="org.aspectj/modules/ajde/testsrc/org/aspectj/ajde/internal/LstBuildConfigManagerTest.java"
  JARFILE="org.aspectj/modules/aj-build/jars/testing-drivers-test-all.jar"
  NAME="testNonExistentConfigFile">
    <fail TYPE="java.lang.NullPointerException" />
  </test>
  <test FILENAME="org.aspectj/modules/ajde/testsrc/org/aspectj/ajde/internal/LstBuildConfigManagerTest.java"
  JARFILE="org.aspectj/modules/aj-build/jars/testing-drivers-test-all.jar"
  NAME="testFileRelativePathSameDir">
    <fail TYPE="java.lang.NullPointerException" />
  </test>
  <test FILENAME="org.aspectj/modules/ajde/testsrc/org/aspectj/ajde/AjdeTestCase.java"
  JARFILE="org.aspectj/modules/aj-build/jars/testing-drivers-test-all.jar"
  NAME="testEmptyAddedForAntJUnit">
    <fail TYPE="java.lang.NullPointerException" />
  </test>
  <test FILENAME="org.aspectj/modules/ajde/testsrc/org/aspectj/ajde/ui/StructureModelUtilTest.java"
  JARFILE="org.aspectj/modules/aj-build/jars/testing-drivers-test-all.jar"
  NAME="testPackageViewUtil">
    <fail TYPE="java.lang.NullPointerException" />
  </test>
  <test FILENAME="org.aspectj/modules/ajde/testsrc/org/aspectj/ajde/AjdeTestCase.java"
  JARFILE="org.aspectj/modules/aj-build/jars/testing-drivers-test-all.jar"
  NAME="testEmptyAddedForAntJUnit">
    <fail TYPE="java.lang.NullPointerException" />
  </test>
  <test FILENAME="org.aspectj/modules/ajde/testsrc/org/aspectj/ajde/ui/StructureSearchManagerTest.java"
  JARFILE="org.aspectj/modules/aj-build/jars/testing-drivers-test-all.jar"
  NAME="testFindPatternMatch">
    <fail TYPE="java.lang.NullPointerException" />
  </test>
  <test FILENAME="org.aspectj/modules/ajde/testsrc/org/aspectj/ajde/ui/StructureSearchManagerTest.java"
  JARFILE="org.aspectj/modules/aj-build/jars/testing-drivers-test-all.jar"
  NAME="testFindPatternAndKindMatch">
    <fail TYPE="java.lang.NullPointerException" />
  </test>
  <test FILENAME="org.aspectj/modules/ajde/testsrc/org/aspectj/ajde/ui/StructureSearchManagerTest.java"
  JARFILE="org.aspectj/modules/aj-build/jars/testing-drivers-test-all.jar"
  NAME="testFindNonExistent">
    <fail TYPE="java.lang.NullPointerException" />
  </test>
  <test FILENAME="org.aspectj/modules/ajde/testsrc/org/aspectj/ajde/AjdeTestCase.java"
  JARFILE="org.aspectj/modules/aj-build/jars/testing-drivers-test-all.jar"
  NAME="testEmptyAddedForAntJUnit">
    <fail TYPE="java.lang.NullPointerException" />
  </test>
  <test FILENAME="org.aspectj/modules/ajde/testsrc/org/aspectj/ajde/ui/StructureViewManagerTest.java"
  JARFILE="org.aspectj/modules/aj-build/jars/testing-drivers-test-all.jar"
  NAME="testModelExists">
    <fail TYPE="java.lang.NullPointerException" />
  </test>
  <test FILENAME="org.aspectj/modules/ajde/testsrc/org/aspectj/ajde/ui/StructureViewManagerTest.java"
  JARFILE="org.aspectj/modules/aj-build/jars/testing-drivers-test-all.jar"
  NAME="testModelIntegrity">
    <fail TYPE="java.lang.NullPointerException" />
  </test>
  <test FILENAME="org.aspectj/modules/ajde/testsrc/org/aspectj/ajde/ui/StructureViewManagerTest.java"
  JARFILE="org.aspectj/modules/aj-build/jars/testing-drivers-test-all.jar"
  NAME="testNotificationAfterConfigFileChange">
    <fail TYPE="java.lang.NullPointerException" />
  </test>
  <test FILENAME="org.aspectj/modules/ajde/testsrc/org/aspectj/ajde/ui/StructureViewManagerTest.java"
  JARFILE="org.aspectj/modules/aj-build/jars/testing-drivers-test-all.jar"
  NAME="testFreshStructureModelCreation">
    <fail TYPE="java.lang.NullPointerException" />
  </test>
  <test FILENAME="org.aspectj/modules/ajde/testsrc/org/aspectj/ajde/ui/StructureViewManagerTest.java"
  JARFILE="org.aspectj/modules/aj-build/jars/testing-drivers-test-all.jar"
  NAME="testNotificationAfterBuild">
    <fail TYPE="java.lang.NullPointerException" />
  </test>
  <test FILENAME="org.aspectj/modules/ajde/testsrc/org/aspectj/ajde/ui/StructureViewManagerTest.java"
  JARFILE="org.aspectj/modules/aj-build/jars/testing-drivers-test-all.jar"
  NAME="testViewCreationWithNullSourceFileAndProperties">
    <fail TYPE="java.lang.NullPointerException" />
  </test>
  <test FILENAME="org.aspectj/modules/ajde/testsrc/org/aspectj/ajde/AjdeTestCase.java"
  JARFILE="org.aspectj/modules/aj-build/jars/testing-drivers-test-all.jar"
  NAME="testEmptyAddedForAntJUnit">
    <fail TYPE="java.lang.NullPointerException" />
  </test>
  <test FILENAME="org.aspectj/modules/ajdoc/testsrc/org/aspectj/tools/ajdoc/DeclareFormsTest.java"
  JARFILE="org.aspectj/modules/aj-build/jars/testing-drivers-test-all.jar"
  NAME="testDeclareParents" />
  <test FILENAME="org.aspectj/modules/ajdoc/testsrc/org/aspectj/tools/ajdoc/DeclareFormsTest.java"
  JARFILE="org.aspectj/modules/aj-build/jars/testing-drivers-test-all.jar"
  NAME="testCoverage" />
  <test FILENAME="org.aspectj/modules/ajdoc/testsrc/org/aspectj/tools/ajdoc/DeclareFormsTest.java"
  JARFILE="org.aspectj/modules/aj-build/jars/testing-drivers-test-all.jar"
  NAME="testDeclareStatments" />
  <test FILENAME="org.aspectj/modules/ajdoc/testsrc/org/aspectj/tools/ajdoc/DeclareFormsTest.java"
  JARFILE="org.aspectj/modules/aj-build/jars/testing-drivers-test-all.jar"
  NAME="testDeclareWarning" />
  <test FILENAME="org.aspectj/modules/ajdoc/testsrc/org/aspectj/tools/ajdoc/DeclareFormsTest.java"
  JARFILE="org.aspectj/modules/aj-build/jars/testing-drivers-test-all.jar"
  NAME="testMatchesDeclareCall">
    <fail TYPE="java.lang.NullPointerException" />
  </test>
  <test FILENAME="org.aspectj/modules/ajdoc/testsrc/org/aspectj/tools/ajdoc/DeclareFormsTest.java"
  JARFILE="org.aspectj/modules/aj-build/jars/testing-drivers-test-all.jar"
  NAME="testMatchesDeclareExecution" />
  <test FILENAME="org.aspectj/modules/ajdoc/testsrc/org/aspectj/tools/ajdoc/DeclareFormsTest.java"
  JARFILE="org.aspectj/modules/aj-build/jars/testing-drivers-test-all.jar"
  NAME="testAspectDeclarations" />
  <test FILENAME="org.aspectj/modules/ajdoc/testsrc/org/aspectj/tools/ajdoc/DeclareFormsTest.java"
  JARFILE="org.aspectj/modules/aj-build/jars/testing-drivers-test-all.jar"
  NAME="testDeclareSoft" />
  <test FILENAME="org.aspectj/modules/ajdoc/testsrc/org/aspectj/tools/ajdoc/DeclareFormsTest.java"
  JARFILE="org.aspectj/modules/aj-build/jars/testing-drivers-test-all.jar"
  NAME="testSoftenedBy" />
  <test FILENAME="org.aspectj/modules/ajdoc/testsrc/org/aspectj/tools/ajdoc/DeclareFormsTest.java"
  JARFILE="org.aspectj/modules/aj-build/jars/testing-drivers-test-all.jar"
  NAME="testDeclareAnnotation" />
  <test FILENAME="org.aspectj/modules/ajdoc/testsrc/org/aspectj/tools/ajdoc/DeclareFormsTest.java"
  JARFILE="org.aspectj/modules/aj-build/jars/testing-drivers-test-all.jar"
  NAME="testMethodAnnotatedBy" />
  <test FILENAME="org.aspectj/modules/ajdoc/testsrc/org/aspectj/tools/ajdoc/DeclareFormsTest.java"
  JARFILE="org.aspectj/modules/aj-build/jars/testing-drivers-test-all.jar"
  NAME="testConstructorAnnotatedBy" />
  <test FILENAME="org.aspectj/modules/ajdoc/testsrc/org/aspectj/tools/ajdoc/DeclareFormsTest.java"
  JARFILE="org.aspectj/modules/aj-build/jars/testing-drivers-test-all.jar"
  NAME="testFieldAnnotatedBy" />
  <test FILENAME="org.aspectj/modules/ajdoc/testsrc/org/aspectj/tools/ajdoc/DeclareFormsTest.java"
  JARFILE="org.aspectj/modules/aj-build/jars/testing-drivers-test-all.jar"
  NAME="testTypeAnnotatedBy" />
  <test FILENAME="org.aspectj/modules/ajdoc/testsrc/org/aspectj/tools/ajdoc/DeclareFormsTest.java"
  JARFILE="org.aspectj/modules/aj-build/jars/testing-drivers-test-all.jar"
  NAME="testMatchesDeclareAndAdvisedBy" />
  <test FILENAME="org.aspectj/modules/ajdoc/testsrc/org/aspectj/tools/ajdoc/DeclareFormsTest.java"
  JARFILE="org.aspectj/modules/aj-build/jars/testing-drivers-test-all.jar"
  NAME="testTwoDeclareParents" />
  <test FILENAME="org.aspectj/modules/ajdoc/testsrc/org/aspectj/tools/ajdoc/SpacewarTestCase.java"
  JARFILE="org.aspectj/modules/aj-build/jars/testing-drivers-test-all.jar"
  NAME="testSimpleExample">
    <fail TYPE="java.lang.NullPointerException" />
  </test>
  <test FILENAME="org.aspectj/modules/ajdoc/testsrc/org/aspectj/tools/ajdoc/SpacewarTestCase.java"
  JARFILE="org.aspectj/modules/aj-build/jars/testing-drivers-test-all.jar"
  NAME="testPublicModeExample" />
  <test FILENAME="org.aspectj/modules/ajdoc/testsrc/org/aspectj/tools/ajdoc/SpacewarTestCase.java"
  JARFILE="org.aspectj/modules/aj-build/jars/testing-drivers-test-all.jar"
  NAME="testPr134063" />
  <test FILENAME="org.aspectj/modules/ajdoc/testsrc/org/aspectj/tools/ajdoc/PatternsTestCase.java"
  JARFILE="org.aspectj/modules/aj-build/jars/testing-drivers-test-all.jar"
  NAME="testSimpleExample">
    <fail TYPE="java.lang.NullPointerException" />
  </test>
  <test FILENAME="org.aspectj/modules/ajdoc/testsrc/org/aspectj/tools/ajdoc/CoverageTestCase.java"
  JARFILE="org.aspectj/modules/aj-build/jars/testing-drivers-test-all.jar"
  NAME="testCoverage" />
  <test FILENAME="org.aspectj/modules/ajdoc/testsrc/org/aspectj/tools/ajdoc/CoverageTestCase.java"
  JARFILE="org.aspectj/modules/aj-build/jars/testing-drivers-test-all.jar"
  NAME="testOptions" />
  <test FILENAME="org.aspectj/modules/ajdoc/testsrc/org/aspectj/tools/ajdoc/CoverageTestCase.java"
  JARFILE="org.aspectj/modules/aj-build/jars/testing-drivers-test-all.jar"
  NAME="testCoveragePublicMode" />
  <test FILENAME="org.aspectj/modules/ajdoc/testsrc/org/aspectj/tools/ajdoc/CoverageTestCase.java"
  JARFILE="org.aspectj/modules/aj-build/jars/testing-drivers-test-all.jar"
  NAME="testAJdocHasAspectTitle" />
  <test FILENAME="org.aspectj/modules/ajdoc/testsrc/org/aspectj/tools/ajdoc/CoverageTestCase.java"
  JARFILE="org.aspectj/modules/aj-build/jars/testing-drivers-test-all.jar"
  NAME="testAJdocHasClassTitle" />
  <test FILENAME="org.aspectj/modules/ajdoc/testsrc/org/aspectj/tools/ajdoc/CoverageTestCase.java"
  JARFILE="org.aspectj/modules/aj-build/jars/testing-drivers-test-all.jar"
  NAME="testInnerAspect" />
  <test FILENAME="org.aspectj/modules/ajdoc/testsrc/org/aspectj/tools/ajdoc/CoverageTestCase.java"
  JARFILE="org.aspectj/modules/aj-build/jars/testing-drivers-test-all.jar"
  NAME="testAdviceNamingCoverage" />
  <test FILENAME="org.aspectj/modules/ajdoc/testsrc/org/aspectj/tools/ajdoc/CoverageTestCase.java"
  JARFILE="org.aspectj/modules/aj-build/jars/testing-drivers-test-all.jar"
  NAME="testAdvisesRelationshipCoverage" />
  <test FILENAME="org.aspectj/modules/ajdoc/testsrc/org/aspectj/tools/ajdoc/CoverageTestCase.java"
  JARFILE="org.aspectj/modules/aj-build/jars/testing-drivers-test-all.jar"
  NAME="testAdvisedByMethodExecution" />
  <test FILENAME="org.aspectj/modules/ajdoc/testsrc/org/aspectj/tools/ajdoc/CoverageTestCase.java"
  JARFILE="org.aspectj/modules/aj-build/jars/testing-drivers-test-all.jar"
  NAME="testAdvisedByConstructorExecution" />
  <test FILENAME="org.aspectj/modules/ajdoc/testsrc/org/aspectj/tools/ajdoc/CoverageTestCase.java"
  JARFILE="org.aspectj/modules/aj-build/jars/testing-drivers-test-all.jar"
  NAME="testAdvisedByMethodCall" />
  <test FILENAME="org.aspectj/modules/ajdoc/testsrc/org/aspectj/tools/ajdoc/CoverageTestCase.java"
  JARFILE="org.aspectj/modules/aj-build/jars/testing-drivers-test-all.jar"
  NAME="testAdvisedByConstructorCall" />
  <test FILENAME="org.aspectj/modules/ajdoc/testsrc/org/aspectj/tools/ajdoc/CoverageTestCase.java"
  JARFILE="org.aspectj/modules/aj-build/jars/testing-drivers-test-all.jar"
  NAME="testAdvisedByGet" />
  <test FILENAME="org.aspectj/modules/ajdoc/testsrc/org/aspectj/tools/ajdoc/CoverageTestCase.java"
  JARFILE="org.aspectj/modules/aj-build/jars/testing-drivers-test-all.jar"
  NAME="testAdvisedBySet" />
  <test FILENAME="org.aspectj/modules/ajdoc/testsrc/org/aspectj/tools/ajdoc/CoverageTestCase.java"
  JARFILE="org.aspectj/modules/aj-build/jars/testing-drivers-test-all.jar"
  NAME="testAdvisedByInitialization" />
  <test FILENAME="org.aspectj/modules/ajdoc/testsrc/org/aspectj/tools/ajdoc/CoverageTestCase.java"
  JARFILE="org.aspectj/modules/aj-build/jars/testing-drivers-test-all.jar"
  NAME="testAdvisedByStaticInitialization" />
  <test FILENAME="org.aspectj/modules/ajdoc/testsrc/org/aspectj/tools/ajdoc/CoverageTestCase.java"
  JARFILE="org.aspectj/modules/aj-build/jars/testing-drivers-test-all.jar"
  NAME="testAdvisedByHandler" />
  <test FILENAME="org.aspectj/modules/ajdoc/testsrc/org/aspectj/tools/ajdoc/CoverageTestCase.java"
  JARFILE="org.aspectj/modules/aj-build/jars/testing-drivers-test-all.jar"
  NAME="testTwoBeforeAdvice" />
  <test FILENAME="org.aspectj/modules/ajdoc/testsrc/org/aspectj/tools/ajdoc/CoverageTestCase.java"
  JARFILE="org.aspectj/modules/aj-build/jars/testing-drivers-test-all.jar"
  NAME="testNoSpuriousAdvisedByRels" />
  <test FILENAME="org.aspectj/modules/ajdoc/testsrc/org/aspectj/tools/ajdoc/CoverageTestCase.java"
  JARFILE="org.aspectj/modules/aj-build/jars/testing-drivers-test-all.jar"
  NAME="testNestedAspect" />
  <test FILENAME="org.aspectj/modules/ajdoc/testsrc/org/aspectj/tools/ajdoc/CoverageTestCase.java"
  JARFILE="org.aspectj/modules/aj-build/jars/testing-drivers-test-all.jar"
  NAME="testNestedAspectWithSimilarName" />
  <test FILENAME="org.aspectj/modules/ajdoc/testsrc/org/aspectj/tools/ajdoc/CoverageTestCase.java"
  JARFILE="org.aspectj/modules/aj-build/jars/testing-drivers-test-all.jar"
  NAME="testAdviceInNestedAspect" />
  <test FILENAME="org.aspectj/modules/ajdoc/testsrc/org/aspectj/tools/ajdoc/CoverageTestCase.java"
  JARFILE="org.aspectj/modules/aj-build/jars/testing-drivers-test-all.jar"
  NAME="testAdvisedByInNestedAspect" />
  <test FILENAME="org.aspectj/modules/ajdoc/testsrc/org/aspectj/tools/ajdoc/ITDTest.java"
  JARFILE="org.aspectj/modules/aj-build/jars/testing-drivers-test-all.jar"
  NAME="testITDDeclaredOn" />
  <test FILENAME="org.aspectj/modules/ajdoc/testsrc/org/aspectj/tools/ajdoc/ITDTest.java"
  JARFILE="org.aspectj/modules/aj-build/jars/testing-drivers-test-all.jar"
  NAME="testITDMatchesDeclare" />
  <test FILENAME="org.aspectj/modules/ajdoc/testsrc/org/aspectj/tools/ajdoc/ITDTest.java"
  JARFILE="org.aspectj/modules/aj-build/jars/testing-drivers-test-all.jar"
  NAME="testNoAspectDeclarations" />
  <test FILENAME="org.aspectj/modules/ajdoc/testsrc/org/aspectj/tools/ajdoc/FullyQualifiedArgumentTest.java"
  JARFILE="org.aspectj/modules/aj-build/jars/testing-drivers-test-all.jar"
  NAME="testPr58520" />
  <test FILENAME="org.aspectj/modules/ajdoc/testsrc/org/aspectj/tools/ajdoc/EnumTest.java"
  JARFILE="org.aspectj/modules/aj-build/jars/testing-drivers-test-all.jar"
  NAME="testEnum" />
  <test FILENAME="org.aspectj/modules/ajdoc/testsrc/org/aspectj/tools/ajdoc/EnumTest.java"
  JARFILE="org.aspectj/modules/aj-build/jars/testing-drivers-test-all.jar"
  NAME="testInlinedEnum" />
  <test FILENAME="org.aspectj/modules/ajdoc/testsrc/org/aspectj/tools/ajdoc/EnumTest.java"
  JARFILE="org.aspectj/modules/aj-build/jars/testing-drivers-test-all.jar"
  NAME="testEnumWithMethods" />
  <test FILENAME="org.aspectj/modules/ajdoc/testsrc/org/aspectj/tools/ajdoc/PointcutVisibilityTest.java"
  JARFILE="org.aspectj/modules/aj-build/jars/testing-drivers-test-all.jar"
  NAME="testCoveragePublicMode" />
  <test FILENAME="org.aspectj/modules/ajdoc/testsrc/org/aspectj/tools/ajdoc/PointcutVisibilityTest.java"
  JARFILE="org.aspectj/modules/aj-build/jars/testing-drivers-test-all.jar"
  NAME="testCoverageProtectedMode" />
  <test FILENAME="org.aspectj/modules/ajdoc/testsrc/org/aspectj/tools/ajdoc/PointcutVisibilityTest.java"
  JARFILE="org.aspectj/modules/aj-build/jars/testing-drivers-test-all.jar"
  NAME="testCoveragePrivateMode" />
  <test FILENAME="org.aspectj/modules/ajdoc/testsrc/org/aspectj/tools/ajdoc/ExecutionTestCase.java"
  JARFILE="org.aspectj/modules/aj-build/jars/testing-drivers-test-all.jar"
  NAME="testVersionMatch" />
  <test FILENAME="org.aspectj/modules/ajdoc/testsrc/org/aspectj/tools/ajdoc/ExecutionTestCase.java"
  JARFILE="org.aspectj/modules/aj-build/jars/testing-drivers-test-all.jar"
  NAME="testFailingBuild" />
  <test FILENAME="org.aspectj/modules/asm/testsrc/org/aspectj/asm/AsmModuleTests.java"
  JARFILE="org.aspectj/modules/aj-build/jars/testing-drivers-test-all.jar"
  NAME="testNothing" />
  <test FILENAME="org.aspectj/modules/bridge/testsrc/org/aspectj/bridge/CountingMessageHandlerTest.java"
  JARFILE="org.aspectj/modules/aj-build/jars/testing-drivers-test-all.jar"
  NAME="testSimpleWrapping" />
  <test FILENAME="org.aspectj/modules/bridge/testsrc/org/aspectj/bridge/CountingMessageHandlerTest.java"
  JARFILE="org.aspectj/modules/aj-build/jars/testing-drivers-test-all.jar"
  NAME="testCounterWrapping" />
  <test FILENAME="org.aspectj/modules/bridge/testsrc/org/aspectj/bridge/MessageTest.java"
  JARFILE="org.aspectj/modules/aj-build/jars/testing-drivers-test-all.jar"
  NAME="testKindOrder" />
  <test FILENAME="org.aspectj/modules/bridge/testsrc/org/aspectj/bridge/MessageTest.java"
  JARFILE="org.aspectj/modules/aj-build/jars/testing-drivers-test-all.jar"
  NAME="testKind_isSameOrLessThan" />
  <test FILENAME="org.aspectj/modules/bridge/testsrc/org/aspectj/bridge/MessageTest.java"
  JARFILE="org.aspectj/modules/aj-build/jars/testing-drivers-test-all.jar"
  NAME="testMessageHandler" />
  <test FILENAME="org.aspectj/modules/bridge/testsrc/org/aspectj/bridge/MessageTest.java"
  JARFILE="org.aspectj/modules/aj-build/jars/testing-drivers-test-all.jar"
  NAME="testMessage" />
  <test FILENAME="org.aspectj/modules/bridge/testsrc/org/aspectj/bridge/VersionTest.java"
  JARFILE="org.aspectj/modules/aj-build/jars/testing-drivers-test-all.jar"
  NAME="testVersion" />
  <test FILENAME="org.aspectj/modules/bridge/testsrc/org/aspectj/bridge/context/CompilationAndWeavingContextTest.java"
  JARFILE="org.aspectj/modules/aj-build/jars/testing-drivers-test-all.jar"
  NAME="testEnteringPhase" />
  <test FILENAME="org.aspectj/modules/bridge/testsrc/org/aspectj/bridge/context/CompilationAndWeavingContextTest.java"
  JARFILE="org.aspectj/modules/aj-build/jars/testing-drivers-test-all.jar"
  NAME="testDoubleEntry" />
  <test FILENAME="org.aspectj/modules/bridge/testsrc/org/aspectj/bridge/context/CompilationAndWeavingContextTest.java"
  JARFILE="org.aspectj/modules/aj-build/jars/testing-drivers-test-all.jar"
  NAME="testEntryEntryExit" />
  <test FILENAME="org.aspectj/modules/bridge/testsrc/org/aspectj/bridge/context/CompilationAndWeavingContextTest.java"
  JARFILE="org.aspectj/modules/aj-build/jars/testing-drivers-test-all.jar"
  NAME="testEntryExitTop" />
  <test FILENAME="org.aspectj/modules/loadtime/testsrc/org/aspectj/weaver/loadtime/test/DocumentParserTest.java"
  JARFILE="org.aspectj/modules/aj-build/jars/testing-drivers-test-all.jar"
  NAME="testSimple" />
  <test FILENAME="org.aspectj/modules/loadtime/testsrc/org/aspectj/weaver/loadtime/test/DocumentParserTest.java"
  JARFILE="org.aspectj/modules/aj-build/jars/testing-drivers-test-all.jar"
  NAME="testSimpleWithDtd" />
  <test FILENAME="org.aspectj/modules/loadtime/testsrc/org/aspectj/weaver/loadtime/AjTest.java"
  JARFILE="org.aspectj/modules/aj-build/jars/testing-drivers-test-all.jar"
  NAME="testAj" />
  <test FILENAME="org.aspectj/modules/loadtime/testsrc/org/aspectj/weaver/loadtime/AjTest.java"
  JARFILE="org.aspectj/modules/aj-build/jars/testing-drivers-test-all.jar"
  NAME="testAjIWeavingContext" />
  <test FILENAME="org.aspectj/modules/loadtime/testsrc/org/aspectj/weaver/loadtime/AjTest.java"
  JARFILE="org.aspectj/modules/aj-build/jars/testing-drivers-test-all.jar"
  NAME="testInitialize" />
  <test FILENAME="org.aspectj/modules/loadtime/testsrc/org/aspectj/weaver/loadtime/AjTest.java"
  JARFILE="org.aspectj/modules/aj-build/jars/testing-drivers-test-all.jar"
  NAME="testPreProcess" />
  <test FILENAME="org.aspectj/modules/loadtime/testsrc/org/aspectj/weaver/loadtime/AjTest.java"
  JARFILE="org.aspectj/modules/aj-build/jars/testing-drivers-test-all.jar"
  NAME="testGetNamespace" />
  <test FILENAME="org.aspectj/modules/loadtime/testsrc/org/aspectj/weaver/loadtime/AjTest.java"
  JARFILE="org.aspectj/modules/aj-build/jars/testing-drivers-test-all.jar"
  NAME="testGeneratedClassesExist" />
  <test FILENAME="org.aspectj/modules/loadtime/testsrc/org/aspectj/weaver/loadtime/AjTest.java"
  JARFILE="org.aspectj/modules/aj-build/jars/testing-drivers-test-all.jar"
  NAME="testFlushGeneratedClasses" />
  <test FILENAME="org.aspectj/modules/loadtime/testsrc/org/aspectj/weaver/loadtime/ClassLoaderWeavingAdaptorTest.java"
  JARFILE="org.aspectj/modules/aj-build/jars/testing-drivers-test-all.jar"
  NAME="testGetNamespace" />
  <test FILENAME="org.aspectj/modules/loadtime/testsrc/org/aspectj/weaver/loadtime/ClassLoaderWeavingAdaptorTest.java"
  JARFILE="org.aspectj/modules/aj-build/jars/testing-drivers-test-all.jar"
  NAME="testFlushGeneratedClasses" />
  <test FILENAME="org.aspectj/modules/loadtime/testsrc/org/aspectj/weaver/loadtime/ClassLoaderWeavingAdaptorTest.java"
  JARFILE="org.aspectj/modules/aj-build/jars/testing-drivers-test-all.jar"
  NAME="testClassLoaderWeavingAdaptor" />
  <test FILENAME="org.aspectj/modules/loadtime/testsrc/org/aspectj/weaver/loadtime/ClassLoaderWeavingAdaptorTest.java"
  JARFILE="org.aspectj/modules/aj-build/jars/testing-drivers-test-all.jar"
  NAME="testGeneratedClassesExistFor" />
  <test FILENAME="org.aspectj/modules/loadtime/testsrc/org/aspectj/weaver/loadtime/JRockitAgentTest.java"
  JARFILE="org.aspectj/modules/aj-build/jars/testing-drivers-test-all.jar"
  NAME="testPreProcess" />
  <test FILENAME="org.aspectj/modules/loadtime/testsrc/org/aspectj/weaver/loadtime/JRockitAgentTest.java"
  JARFILE="org.aspectj/modules/aj-build/jars/testing-drivers-test-all.jar"
  NAME="testJRockitAgent" />
  <test FILENAME="org.aspectj/modules/loadtime/testsrc/org/aspectj/weaver/loadtime/JRockitAgentTest.java"
  JARFILE="org.aspectj/modules/aj-build/jars/testing-drivers-test-all.jar"
  NAME="testJrockitRecursionProtection" />
  <test FILENAME="org.aspectj/modules/loadtime/testsrc/org/aspectj/weaver/loadtime/WeavingContextTest.java"
  JARFILE="org.aspectj/modules/aj-build/jars/testing-drivers-test-all.jar"
  NAME="testWeavingContext" />
  <test FILENAME="org.aspectj/modules/loadtime/testsrc/org/aspectj/weaver/loadtime/WeavingContextTest.java"
  JARFILE="org.aspectj/modules/aj-build/jars/testing-drivers-test-all.jar"
  NAME="testGetResources" />
  <test FILENAME="org.aspectj/modules/loadtime/testsrc/org/aspectj/weaver/loadtime/WeavingContextTest.java"
  JARFILE="org.aspectj/modules/aj-build/jars/testing-drivers-test-all.jar"
  NAME="testGetBundleIdFromURL" />
  <test FILENAME="org.aspectj/modules/loadtime/testsrc/org/aspectj/weaver/loadtime/WeavingContextTest.java"
  JARFILE="org.aspectj/modules/aj-build/jars/testing-drivers-test-all.jar"
  NAME="testGetClassLoaderName" />
  <test FILENAME="org.aspectj/modules/loadtime/testsrc/org/aspectj/weaver/loadtime/WeavingContextTest.java"
  JARFILE="org.aspectj/modules/aj-build/jars/testing-drivers-test-all.jar"
  NAME="testGetFile" />
  <test FILENAME="org.aspectj/modules/loadtime/testsrc/org/aspectj/weaver/loadtime/WeavingContextTest.java"
  JARFILE="org.aspectj/modules/aj-build/jars/testing-drivers-test-all.jar"
  NAME="testGetId" />
  <test FILENAME="org.aspectj/modules/loadtime/testsrc/org/aspectj/weaver/loadtime/WeavingURLClassLoaderTest.java"
  JARFILE="org.aspectj/modules/aj-build/jars/testing-drivers-test-all.jar"
  NAME="testLoadClass" />
  <test FILENAME="org.aspectj/modules/loadtime/testsrc/org/aspectj/weaver/loadtime/WeavingURLClassLoaderTest.java"
  JARFILE="org.aspectj/modules/aj-build/jars/testing-drivers-test-all.jar"
  NAME="testLoadWovenClass" />
  <test FILENAME="org.aspectj/modules/loadtime/testsrc/org/aspectj/weaver/loadtime/WeavingURLClassLoaderTest.java"
  JARFILE="org.aspectj/modules/aj-build/jars/testing-drivers-test-all.jar"
  NAME="testWeaveWovenClass" />
  <test FILENAME="org.aspectj/modules/loadtime/testsrc/org/aspectj/weaver/loadtime/WeavingURLClassLoaderTest.java"
  JARFILE="org.aspectj/modules/aj-build/jars/testing-drivers-test-all.jar"
  NAME="testWeavingURLClassLoader" />
  <test FILENAME="org.aspectj/modules/loadtime/testsrc/org/aspectj/weaver/loadtime/WeavingURLClassLoaderTest.java"
  JARFILE="org.aspectj/modules/aj-build/jars/testing-drivers-test-all.jar"
  NAME="testWeaveAdvice" />
  <test FILENAME="org.aspectj/modules/loadtime/testsrc/org/aspectj/weaver/loadtime/WeavingURLClassLoaderTest.java"
  JARFILE="org.aspectj/modules/aj-build/jars/testing-drivers-test-all.jar"
  NAME="testWeaveAdviceWithVerbose" />
  <test FILENAME="org.aspectj/modules/loadtime/testsrc/org/aspectj/weaver/loadtime/WeavingURLClassLoaderTest.java"
  JARFILE="org.aspectj/modules/aj-build/jars/testing-drivers-test-all.jar"
  NAME="testWeaveAdviceWithWeaveInfo" />
  <test FILENAME="org.aspectj/modules/loadtime/testsrc/org/aspectj/weaver/loadtime/WeavingURLClassLoaderTest.java"
  JARFILE="org.aspectj/modules/aj-build/jars/testing-drivers-test-all.jar"
  NAME="testWeaveDeclareWarningAdvice" />
  <test FILENAME="org.aspectj/modules/loadtime/testsrc/org/aspectj/weaver/loadtime/WeavingURLClassLoaderTest.java"
  JARFILE="org.aspectj/modules/aj-build/jars/testing-drivers-test-all.jar"
  NAME="testWeaveDeclareErrorAdvice" />
  <test FILENAME="org.aspectj/modules/loadtime/testsrc/org/aspectj/weaver/loadtime/WeavingURLClassLoaderTest.java"
  JARFILE="org.aspectj/modules/aj-build/jars/testing-drivers-test-all.jar"
  NAME="testWeaveAroundClosure" />
  <test FILENAME="org.aspectj/modules/loadtime/testsrc/org/aspectj/weaver/loadtime/WeavingURLClassLoaderTest.java"
  JARFILE="org.aspectj/modules/aj-build/jars/testing-drivers-test-all.jar"
  NAME="testWeavingITD" />
  <test FILENAME="org.aspectj/modules/loadtime/testsrc/org/aspectj/weaver/loadtime/WeavingURLClassLoaderTest.java"
  JARFILE="org.aspectj/modules/aj-build/jars/testing-drivers-test-all.jar"
  NAME="testWeavingPer" />
  <test FILENAME="org.aspectj/modules/loadtime/testsrc/org/aspectj/weaver/loadtime/WeavingURLClassLoaderTest.java"
  JARFILE="org.aspectj/modules/aj-build/jars/testing-drivers-test-all.jar"
  NAME="testWeavingAspects" />
  <test FILENAME="org.aspectj/modules/loadtime/testsrc/org/aspectj/weaver/loadtime/WeavingURLClassLoaderTest.java"
  JARFILE="org.aspectj/modules/aj-build/jars/testing-drivers-test-all.jar"
  NAME="testJunkJar" />
  <test FILENAME="org.aspectj/modules/loadtime/testsrc/org/aspectj/weaver/loadtime/WeavingURLClassLoaderTest.java"
  JARFILE="org.aspectj/modules/aj-build/jars/testing-drivers-test-all.jar"
  NAME="testJunkAspectJar" />
  <test FILENAME="org.aspectj/modules/loadtime/testsrc/org/aspectj/weaver/loadtime/WeavingURLClassLoaderTest.java"
  JARFILE="org.aspectj/modules/aj-build/jars/testing-drivers-test-all.jar"
  NAME="testAddURL" />
  <test FILENAME="org.aspectj/modules/loadtime/testsrc/org/aspectj/weaver/loadtime/WeavingURLClassLoaderTest.java"
  JARFILE="org.aspectj/modules/aj-build/jars/testing-drivers-test-all.jar"
  NAME="testParentChild" />
  <test FILENAME="org.aspectj/modules/loadtime/testsrc/org/aspectj/weaver/loadtime/WeavingURLClassLoaderTest.java"
  JARFILE="org.aspectj/modules/aj-build/jars/testing-drivers-test-all.jar"
  NAME="testIncompletePath" />
  <test FILENAME="org.aspectj/modules/loadtime/testsrc/org/aspectj/weaver/loadtime/WeavingURLClassLoaderTest.java"
  JARFILE="org.aspectj/modules/aj-build/jars/testing-drivers-test-all.jar"
  NAME="testPackage" />
  <test FILENAME="org.aspectj/modules/loadtime/testsrc/org/aspectj/weaver/loadtime/WeavingURLClassLoaderTest.java"
  JARFILE="org.aspectj/modules/aj-build/jars/testing-drivers-test-all.jar"
  NAME="testZipAspects" />
  <test FILENAME="org.aspectj/modules/loadtime/testsrc/org/aspectj/weaver/loadtime/WeavingURLClassLoaderTest.java"
  JARFILE="org.aspectj/modules/aj-build/jars/testing-drivers-test-all.jar"
  NAME="testJarAspects" />
  <test FILENAME="org.aspectj/modules/loadtime/testsrc/org/aspectj/weaver/loadtime/WeavingURLClassLoaderTest.java"
  JARFILE="org.aspectj/modules/aj-build/jars/testing-drivers-test-all.jar"
  NAME="testClassAspects" />
  <test FILENAME="org.aspectj/modules/loadtime/testsrc/org/aspectj/weaver/loadtime/WeavingURLClassLoaderTest.java"
  JARFILE="org.aspectj/modules/aj-build/jars/testing-drivers-test-all.jar"
  NAME="testZipJarAspectsTest" />
  <test FILENAME="org.aspectj/modules/loadtime/testsrc/org/aspectj/weaver/loadtime/WeavingURLClassLoaderTest.java"
  JARFILE="org.aspectj/modules/aj-build/jars/testing-drivers-test-all.jar"
  NAME="testWeavingURLClassLoaderOddJars" />
  <test FILENAME="org.aspectj/modules/loadtime/testsrc/org/aspectj/weaver/loadtime/WeavingURLClassLoaderTest.java"
  JARFILE="org.aspectj/modules/aj-build/jars/testing-drivers-test-all.jar"
  NAME="testWeavingURLClassLoaderMissingJars" />
  <test FILENAME="org.aspectj/modules/org.aspectj.ajdt.core/testsrc/org/aspectj/ajdt/ajc/AjdtCommandTestCase.java"
  JARFILE="org.aspectj/modules/aj-build/jars/testing-drivers-test-all.jar"
  NAME="testIncrementalHandler" />
  <test FILENAME="org.aspectj/modules/org.aspectj.ajdt.core/testsrc/org/aspectj/ajdt/ajc/AjdtCommandTestCase.java"
  JARFILE="org.aspectj/modules/aj-build/jars/testing-drivers-test-all.jar"
  NAME="testIncrementalOption" />
  <test FILENAME="org.aspectj/modules/org.aspectj.ajdt.core/testsrc/org/aspectj/ajdt/ajc/AjdtCommandTestCase.java"
  JARFILE="org.aspectj/modules/aj-build/jars/testing-drivers-test-all.jar"
  NAME="testBadOptionAndUsagePrinting" />
  <test FILENAME="org.aspectj/modules/org.aspectj.ajdt.core/testsrc/org/aspectj/ajdt/ajc/AjdtCommandTestCase.java"
  JARFILE="org.aspectj/modules/aj-build/jars/testing-drivers-test-all.jar"
  NAME="testHelpUsagePrinting" />
  <test FILENAME="org.aspectj/modules/org.aspectj.ajdt.core/testsrc/org/aspectj/ajdt/ajc/AjdtCommandTestCase.java"
  JARFILE="org.aspectj/modules/aj-build/jars/testing-drivers-test-all.jar"
  NAME="testVersionOutput" />
  <test FILENAME="org.aspectj/modules/org.aspectj.ajdt.core/testsrc/org/aspectj/ajdt/ajc/AjdtCommandTestCase.java"
  JARFILE="org.aspectj/modules/aj-build/jars/testing-drivers-test-all.jar"
  NAME="testNonExistingLstFile" />
  <test FILENAME="org.aspectj/modules/org.aspectj.ajdt.core/testsrc/org/aspectj/ajdt/ajc/BuildArgParserTestCase.java"
  JARFILE="org.aspectj/modules/aj-build/jars/testing-drivers-test-all.jar"
  NAME="testInJars" />
  <test FILENAME="org.aspectj/modules/org.aspectj.ajdt.core/testsrc/org/aspectj/ajdt/ajc/BuildArgParserTestCase.java"
  JARFILE="org.aspectj/modules/aj-build/jars/testing-drivers-test-all.jar"
  NAME="testNonExistentConfigFile" />
  <test FILENAME="org.aspectj/modules/org.aspectj.ajdt.core/testsrc/org/aspectj/ajdt/ajc/BuildArgParserTestCase.java"
  JARFILE="org.aspectj/modules/aj-build/jars/testing-drivers-test-all.jar"
  NAME="testOptions" />
  <test FILENAME="org.aspectj/modules/org.aspectj.ajdt.core/testsrc/org/aspectj/ajdt/ajc/BuildArgParserTestCase.java"
  JARFILE="org.aspectj/modules/aj-build/jars/testing-drivers-test-all.jar"
  NAME="testDefaultClasspathAndTargetCombo" />
  <test FILENAME="org.aspectj/modules/org.aspectj.ajdt.core/testsrc/org/aspectj/ajdt/ajc/BuildArgParserTestCase.java"
  JARFILE="org.aspectj/modules/aj-build/jars/testing-drivers-test-all.jar"
  NAME="testPathResolutionFromConfigArgs" />
  <test FILENAME="org.aspectj/modules/org.aspectj.ajdt.core/testsrc/org/aspectj/ajdt/ajc/BuildArgParserTestCase.java"
  JARFILE="org.aspectj/modules/aj-build/jars/testing-drivers-test-all.jar"
  NAME="testAjOptions" />
  <test FILENAME="org.aspectj/modules/org.aspectj.ajdt.core/testsrc/org/aspectj/ajdt/ajc/BuildArgParserTestCase.java"
  JARFILE="org.aspectj/modules/aj-build/jars/testing-drivers-test-all.jar"
  NAME="testAspectpath" />
  <test FILENAME="org.aspectj/modules/org.aspectj.ajdt.core/testsrc/org/aspectj/ajdt/ajc/BuildArgParserTestCase.java"
  JARFILE="org.aspectj/modules/aj-build/jars/testing-drivers-test-all.jar"
  NAME="testBadInJars" />
  <test FILENAME="org.aspectj/modules/org.aspectj.ajdt.core/testsrc/org/aspectj/ajdt/ajc/BuildArgParserTestCase.java"
  JARFILE="org.aspectj/modules/aj-build/jars/testing-drivers-test-all.jar"
  NAME="testBadPathToSourceFiles" />
  <test FILENAME="org.aspectj/modules/org.aspectj.ajdt.core/testsrc/org/aspectj/ajdt/ajc/BuildArgParserTestCase.java"
  JARFILE="org.aspectj/modules/aj-build/jars/testing-drivers-test-all.jar"
  NAME="testMultipleSourceRoots" />
  <test FILENAME="org.aspectj/modules/org.aspectj.ajdt.core/testsrc/org/aspectj/ajdt/ajc/BuildArgParserTestCase.java"
  JARFILE="org.aspectj/modules/aj-build/jars/testing-drivers-test-all.jar"
  NAME="testSourceRootDir" />
  <test FILENAME="org.aspectj/modules/org.aspectj.ajdt.core/testsrc/org/aspectj/ajdt/ajc/BuildArgParserTestCase.java"
  JARFILE="org.aspectj/modules/aj-build/jars/testing-drivers-test-all.jar"
  NAME="testBadSourceRootDir" />
  <test FILENAME="org.aspectj/modules/org.aspectj.ajdt.core/testsrc/org/aspectj/ajdt/ajc/BuildArgParserTestCase.java"
  JARFILE="org.aspectj/modules/aj-build/jars/testing-drivers-test-all.jar"
  NAME="testSourceRootDirWithFiles" />
  <test FILENAME="org.aspectj/modules/org.aspectj.ajdt.core/testsrc/org/aspectj/ajdt/ajc/BuildArgParserTestCase.java"
  JARFILE="org.aspectj/modules/aj-build/jars/testing-drivers-test-all.jar"
  NAME="testExtDirs" />
  <test FILENAME="org.aspectj/modules/org.aspectj.ajdt.core/testsrc/org/aspectj/ajdt/ajc/BuildArgParserTestCase.java"
  JARFILE="org.aspectj/modules/aj-build/jars/testing-drivers-test-all.jar"
  NAME="testBootclasspath" />
  <test FILENAME="org.aspectj/modules/org.aspectj.ajdt.core/testsrc/org/aspectj/ajdt/ajc/BuildArgParserTestCase.java"
  JARFILE="org.aspectj/modules/aj-build/jars/testing-drivers-test-all.jar"
  NAME="testOutputJar" />
  <test FILENAME="org.aspectj/modules/org.aspectj.ajdt.core/testsrc/org/aspectj/ajdt/ajc/BuildArgParserTestCase.java"
  JARFILE="org.aspectj/modules/aj-build/jars/testing-drivers-test-all.jar"
  NAME="testCombinedOptions" />
  <test FILENAME="org.aspectj/modules/org.aspectj.ajdt.core/testsrc/org/aspectj/ajdt/ajc/BuildArgParserTestCase.java"
  JARFILE="org.aspectj/modules/aj-build/jars/testing-drivers-test-all.jar"
  NAME="testOutputDirectorySetting" />
  <test FILENAME="org.aspectj/modules/org.aspectj.ajdt.core/testsrc/org/aspectj/ajdt/ajc/BuildArgParserTestCase.java"
  JARFILE="org.aspectj/modules/aj-build/jars/testing-drivers-test-all.jar"
  NAME="testClasspathSetting" />
  <test FILENAME="org.aspectj/modules/org.aspectj.ajdt.core/testsrc/org/aspectj/ajdt/ajc/BuildArgParserTestCase.java"
  JARFILE="org.aspectj/modules/aj-build/jars/testing-drivers-test-all.jar"
  NAME="testArgInConfigFile" />
  <test FILENAME="org.aspectj/modules/org.aspectj.ajdt.core/testsrc/org/aspectj/ajdt/ajc/BuildArgParserTestCase.java"
  JARFILE="org.aspectj/modules/aj-build/jars/testing-drivers-test-all.jar"
  NAME="testXlint" />
  <test FILENAME="org.aspectj/modules/org.aspectj.ajdt.core/testsrc/org/aspectj/ajdt/ajc/BuildArgParserTestCase.java"
  JARFILE="org.aspectj/modules/aj-build/jars/testing-drivers-test-all.jar"
  NAME="testXlintfile" />
  <test FILENAME="org.aspectj/modules/org.aspectj.ajdt.core/testsrc/org/aspectj/ajdt/ajc/BuildArgParserTestCase.java"
  JARFILE="org.aspectj/modules/aj-build/jars/testing-drivers-test-all.jar"
  NAME="testSource15" />
  <test FILENAME="org.aspectj/modules/org.aspectj.ajdt.core/testsrc/org/aspectj/ajdt/ajc/BuildArgParserTestCase.java"
  JARFILE="org.aspectj/modules/aj-build/jars/testing-drivers-test-all.jar"
  NAME="testLstFileExpansion" />
  <test FILENAME="org.aspectj/modules/org.aspectj.ajdt.core/testsrc/org/aspectj/ajdt/ajc/BuildArgParserTestCase.java"
  JARFILE="org.aspectj/modules/aj-build/jars/testing-drivers-test-all.jar"
  NAME="testAjFileInclusion" />
  <test FILENAME="org.aspectj/modules/org.aspectj.ajdt.core/testsrc/org/aspectj/ajdt/ajc/BuildArgParserTestCase.java"
  JARFILE="org.aspectj/modules/aj-build/jars/testing-drivers-test-all.jar"
  NAME="testOutxml" />
  <test FILENAME="org.aspectj/modules/org.aspectj.ajdt.core/testsrc/org/aspectj/ajdt/ajc/BuildArgParserTestCase.java"
  JARFILE="org.aspectj/modules/aj-build/jars/testing-drivers-test-all.jar"
  NAME="testOutxmlfile" />
  <test FILENAME="org.aspectj/modules/org.aspectj.ajdt.core/testsrc/org/aspectj/ajdt/ajc/BuildArgParserTestCase.java"
  JARFILE="org.aspectj/modules/aj-build/jars/testing-drivers-test-all.jar"
  NAME="testNonstandardInjars" />
  <test FILENAME="org.aspectj/modules/org.aspectj.ajdt.core/testsrc/org/aspectj/ajdt/ajc/BuildArgParserTestCase.java"
  JARFILE="org.aspectj/modules/aj-build/jars/testing-drivers-test-all.jar"
  NAME="testNonstandardInpath" />
  <test FILENAME="org.aspectj/modules/org.aspectj.ajdt.core/testsrc/org/aspectj/ajdt/ajc/BuildArgParserTestCase.java"
  JARFILE="org.aspectj/modules/aj-build/jars/testing-drivers-test-all.jar"
  NAME="testNonstandardAspectpath" />
  <test FILENAME="org.aspectj/modules/org.aspectj.ajdt.core/testsrc/org/aspectj/ajdt/ajc/BuildArgParserTestCase.java"
  JARFILE="org.aspectj/modules/aj-build/jars/testing-drivers-test-all.jar"
  NAME="testNonstandardClasspath" />
  <test FILENAME="org.aspectj/modules/org.aspectj.ajdt.core/testsrc/org/aspectj/ajdt/ajc/BuildArgParserTestCase.java"
  JARFILE="org.aspectj/modules/aj-build/jars/testing-drivers-test-all.jar"
  NAME="testNonstandardBootpath" />
  <test FILENAME="org.aspectj/modules/org.aspectj.ajdt.core/testsrc/org/aspectj/ajdt/ajc/BuildArgParserTestCase.java"
  JARFILE="org.aspectj/modules/aj-build/jars/testing-drivers-test-all.jar"
  NAME="testNonstandardOutjar" />
  <test FILENAME="org.aspectj/modules/org.aspectj.ajdt.core/testsrc/org/aspectj/ajdt/ajc/BuildArgParserTestCase.java"
  JARFILE="org.aspectj/modules/aj-build/jars/testing-drivers-test-all.jar"
  NAME="testNonstandardOutputDirectorySetting" />
  <test FILENAME="org.aspectj/modules/org.aspectj.ajdt.core/testsrc/org/aspectj/ajdt/ajc/ConsoleMessageHandlerTestCase.java"
  JARFILE="org.aspectj/modules/aj-build/jars/testing-drivers-test-all.jar"
  NAME="testIgnoringInfoMessages" />
  <test FILENAME="org.aspectj/modules/org.aspectj.ajdt.core/testsrc/org/aspectj/ajdt/ajc/ConsoleMessageHandlerTestCase.java"
  JARFILE="org.aspectj/modules/aj-build/jars/testing-drivers-test-all.jar"
  NAME="testHandlingInfoMessages" />
  <test FILENAME="org.aspectj/modules/org.aspectj.ajdt.core/testsrc/org/aspectj/ajdt/internal/compiler/batch/BasicCommandTestCase.java"
  JARFILE="org.aspectj/modules/aj-build/jars/testing-drivers-test-all.jar"
  NAME="testDeclares" />
  <test FILENAME="org.aspectj/modules/org.aspectj.ajdt.core/testsrc/org/aspectj/ajdt/internal/compiler/batch/BasicCommandTestCase.java"
  JARFILE="org.aspectj/modules/aj-build/jars/testing-drivers-test-all.jar"
  NAME="testDeclareWarning" />
  <test FILENAME="org.aspectj/modules/org.aspectj.ajdt.core/testsrc/org/aspectj/ajdt/internal/compiler/batch/BasicCommandTestCase.java"
  JARFILE="org.aspectj/modules/aj-build/jars/testing-drivers-test-all.jar"
  NAME="testA" />
  <test FILENAME="org.aspectj/modules/org.aspectj.ajdt.core/testsrc/org/aspectj/ajdt/internal/compiler/batch/BasicCommandTestCase.java"
  JARFILE="org.aspectj/modules/aj-build/jars/testing-drivers-test-all.jar"
  NAME="testA1" />
  <test FILENAME="org.aspectj/modules/org.aspectj.ajdt.core/testsrc/org/aspectj/ajdt/internal/compiler/batch/BasicCommandTestCase.java"
  JARFILE="org.aspectj/modules/aj-build/jars/testing-drivers-test-all.jar"
  NAME="testBadA" />
  <test FILENAME="org.aspectj/modules/org.aspectj.ajdt.core/testsrc/org/aspectj/ajdt/internal/compiler/batch/BasicCommandTestCase.java"
  JARFILE="org.aspectj/modules/aj-build/jars/testing-drivers-test-all.jar"
  NAME="testHello" />
  <test FILENAME="org.aspectj/modules/org.aspectj.ajdt.core/testsrc/org/aspectj/ajdt/internal/compiler/batch/BasicCommandTestCase.java"
  JARFILE="org.aspectj/modules/aj-build/jars/testing-drivers-test-all.jar"
  NAME="testBadHello" />
  <test FILENAME="org.aspectj/modules/org.aspectj.ajdt.core/testsrc/org/aspectj/ajdt/internal/compiler/batch/BasicCommandTestCase.java"
  JARFILE="org.aspectj/modules/aj-build/jars/testing-drivers-test-all.jar"
  NAME="testMissingHello" />
  <test FILENAME="org.aspectj/modules/org.aspectj.ajdt.core/testsrc/org/aspectj/ajdt/internal/compiler/batch/BasicCommandTestCase.java"
  JARFILE="org.aspectj/modules/aj-build/jars/testing-drivers-test-all.jar"
  NAME="testBadBinding" />
  <test FILENAME="org.aspectj/modules/org.aspectj.ajdt.core/testsrc/org/aspectj/ajdt/internal/compiler/batch/BasicCommandTestCase.java"
  JARFILE="org.aspectj/modules/aj-build/jars/testing-drivers-test-all.jar"
  NAME="testThisAndModifiers" />
  <test FILENAME="org.aspectj/modules/org.aspectj.ajdt.core/testsrc/org/aspectj/ajdt/internal/compiler/batch/BasicCommandTestCase.java"
  JARFILE="org.aspectj/modules/aj-build/jars/testing-drivers-test-all.jar"
  NAME="testP1" />
  <test FILENAME="org.aspectj/modules/org.aspectj.ajdt.core/testsrc/org/aspectj/ajdt/internal/compiler/batch/BasicCommandTestCase.java"
  JARFILE="org.aspectj/modules/aj-build/jars/testing-drivers-test-all.jar"
  NAME="testUnimplementedSyntax" />
  <test FILENAME="org.aspectj/modules/org.aspectj.ajdt.core/testsrc/org/aspectj/ajdt/internal/compiler/batch/BasicCommandTestCase.java"
  JARFILE="org.aspectj/modules/aj-build/jars/testing-drivers-test-all.jar"
  NAME="testXlintWarn" />
  <test FILENAME="org.aspectj/modules/org.aspectj.ajdt.core/testsrc/org/aspectj/ajdt/internal/compiler/batch/BasicCommandTestCase.java"
  JARFILE="org.aspectj/modules/aj-build/jars/testing-drivers-test-all.jar"
  NAME="testXlintError" />
  <test FILENAME="org.aspectj/modules/org.aspectj.ajdt.core/testsrc/org/aspectj/ajdt/internal/compiler/batch/BasicCommandTestCase.java"
  JARFILE="org.aspectj/modules/aj-build/jars/testing-drivers-test-all.jar"
  NAME="testMissingJarError" />
  <test FILENAME="org.aspectj/modules/org.aspectj.ajdt.core/testsrc/org/aspectj/ajdt/internal/compiler/batch/BasicCommandTestCase.java"
  JARFILE="org.aspectj/modules/aj-build/jars/testing-drivers-test-all.jar"
  NAME="testMissingRuntimeError" />
  <test FILENAME="org.aspectj/modules/org.aspectj.ajdt.core/testsrc/org/aspectj/ajdt/internal/compiler/batch/BasicCommandTestCase.java"
  JARFILE="org.aspectj/modules/aj-build/jars/testing-drivers-test-all.jar"
  NAME="testImplicitOutputDir" />
  <test FILENAME="org.aspectj/modules/org.aspectj.ajdt.core/testsrc/org/aspectj/ajdt/internal/compiler/batch/BasicCommandTestCase.java"
  JARFILE="org.aspectj/modules/aj-build/jars/testing-drivers-test-all.jar"
  NAME="testSizeChanges" />
  <test FILENAME="org.aspectj/modules/org.aspectj.ajdt.core/testsrc/org/aspectj/ajdt/internal/compiler/batch/CommandTestCase.java"
  JARFILE="org.aspectj/modules/aj-build/jars/testing-drivers-test-all.jar"
  NAME="testEmptyForAntJUnitSupport" />
  <test FILENAME="org.aspectj/modules/org.aspectj.ajdt.core/testsrc/org/aspectj/ajdt/internal/compiler/batch/BinaryFormsTestCase.java"
  JARFILE="org.aspectj/modules/aj-build/jars/testing-drivers-test-all.jar"
  NAME="testJar1" />
  <test FILENAME="org.aspectj/modules/org.aspectj.ajdt.core/testsrc/org/aspectj/ajdt/internal/compiler/batch/CommandTestCase.java"
  JARFILE="org.aspectj/modules/aj-build/jars/testing-drivers-test-all.jar"
  NAME="testEmptyForAntJUnitSupport" />
  <test FILENAME="org.aspectj/modules/org.aspectj.ajdt.core/testsrc/org/aspectj/ajdt/internal/compiler/batch/CompileAndRunTestCase.java"
  JARFILE="org.aspectj/modules/aj-build/jars/testing-drivers-test-all.jar"
  NAME="testDeclareParents" />
  <test FILENAME="org.aspectj/modules/org.aspectj.ajdt.core/testsrc/org/aspectj/ajdt/internal/compiler/batch/CompileAndRunTestCase.java"
  JARFILE="org.aspectj/modules/aj-build/jars/testing-drivers-test-all.jar"
  NAME="testDeclareSoft" />
  <test FILENAME="org.aspectj/modules/org.aspectj.ajdt.core/testsrc/org/aspectj/ajdt/internal/compiler/batch/CompileAndRunTestCase.java"
  JARFILE="org.aspectj/modules/aj-build/jars/testing-drivers-test-all.jar"
  NAME="testAround" />
  <test FILENAME="org.aspectj/modules/org.aspectj.ajdt.core/testsrc/org/aspectj/ajdt/internal/compiler/batch/CompileAndRunTestCase.java"
  JARFILE="org.aspectj/modules/aj-build/jars/testing-drivers-test-all.jar"
  NAME="testInterType" />
  <test FILENAME="org.aspectj/modules/org.aspectj.ajdt.core/testsrc/org/aspectj/ajdt/internal/compiler/batch/CompileAndRunTestCase.java"
  JARFILE="org.aspectj/modules/aj-build/jars/testing-drivers-test-all.jar"
  NAME="testInterTypeMethods" />
  <test FILENAME="org.aspectj/modules/org.aspectj.ajdt.core/testsrc/org/aspectj/ajdt/internal/compiler/batch/CompileAndRunTestCase.java"
  JARFILE="org.aspectj/modules/aj-build/jars/testing-drivers-test-all.jar"
  NAME="testIf" />
  <test FILENAME="org.aspectj/modules/org.aspectj.ajdt.core/testsrc/org/aspectj/ajdt/internal/compiler/batch/CompileAndRunTestCase.java"
  JARFILE="org.aspectj/modules/aj-build/jars/testing-drivers-test-all.jar"
  NAME="testDeclareParentsFail" />
  <test FILENAME="org.aspectj/modules/org.aspectj.ajdt.core/testsrc/org/aspectj/ajdt/internal/compiler/batch/CompileAndRunTestCase.java"
  JARFILE="org.aspectj/modules/aj-build/jars/testing-drivers-test-all.jar"
  NAME="testPerCflow" />
  <test FILENAME="org.aspectj/modules/org.aspectj.ajdt.core/testsrc/org/aspectj/ajdt/internal/compiler/batch/CompileAndRunTestCase.java"
  JARFILE="org.aspectj/modules/aj-build/jars/testing-drivers-test-all.jar"
  NAME="testPerObject" />
  <test FILENAME="org.aspectj/modules/org.aspectj.ajdt.core/testsrc/org/aspectj/ajdt/internal/compiler/batch/CompileAndRunTestCase.java"
  JARFILE="org.aspectj/modules/aj-build/jars/testing-drivers-test-all.jar"
  NAME="testPrivileged" />
  <test FILENAME="org.aspectj/modules/org.aspectj.ajdt.core/testsrc/org/aspectj/ajdt/internal/compiler/batch/CompileAndRunTestCase.java"
  JARFILE="org.aspectj/modules/aj-build/jars/testing-drivers-test-all.jar"
  NAME="testHandler" />
  <test FILENAME="org.aspectj/modules/org.aspectj.ajdt.core/testsrc/org/aspectj/ajdt/internal/compiler/batch/CompileAndRunTestCase.java"
  JARFILE="org.aspectj/modules/aj-build/jars/testing-drivers-test-all.jar"
  NAME="testInterConstructors" />
  <test FILENAME="org.aspectj/modules/org.aspectj.ajdt.core/testsrc/org/aspectj/ajdt/internal/compiler/batch/CompileAndRunTestCase.java"
  JARFILE="org.aspectj/modules/aj-build/jars/testing-drivers-test-all.jar"
  NAME="testAroundA1" />
  <test FILENAME="org.aspectj/modules/org.aspectj.ajdt.core/testsrc/org/aspectj/ajdt/internal/compiler/batch/CommandTestCase.java"
  JARFILE="org.aspectj/modules/aj-build/jars/testing-drivers-test-all.jar"
  NAME="testEmptyForAntJUnitSupport" />
  <test FILENAME="org.aspectj/modules/org.aspectj.ajdt.core/testsrc/org/aspectj/ajdt/internal/compiler/batch/PerformanceTestCase.java"
  JARFILE="org.aspectj/modules/aj-build/jars/testing-drivers-test-all.jar"
  NAME="testLazyTjp" />
  <test FILENAME="org.aspectj/modules/org.aspectj.ajdt.core/testsrc/org/aspectj/ajdt/internal/compiler/batch/CommandTestCase.java"
  JARFILE="org.aspectj/modules/aj-build/jars/testing-drivers-test-all.jar"
  NAME="testEmptyForAntJUnitSupport" />
  <test FILENAME="org.aspectj/modules/org.aspectj.ajdt.core/testsrc/org/aspectj/ajdt/internal/compiler/batch/ImageTestCase.java"
  JARFILE="org.aspectj/modules/aj-build/jars/testing-drivers-test-all.jar"
  NAME="testNothing" />
  <test FILENAME="org.aspectj/modules/org.aspectj.ajdt.core/testsrc/org/aspectj/ajdt/internal/compiler/batch/MultipleCompileTestCase.java"
  JARFILE="org.aspectj/modules/aj-build/jars/testing-drivers-test-all.jar"
  NAME="testA1" />
  <test FILENAME="org.aspectj/modules/org.aspectj.ajdt.core/testsrc/org/aspectj/ajdt/internal/compiler/batch/CommandTestCase.java"
  JARFILE="org.aspectj/modules/aj-build/jars/testing-drivers-test-all.jar"
  NAME="testEmptyForAntJUnitSupport" />
  <test FILENAME="org.aspectj/modules/org.aspectj.ajdt.core/testsrc/org/aspectj/ajdt/internal/compiler/batch/JavadocTest.java"
  JARFILE="org.aspectj/modules/aj-build/jars/testing-drivers-test-all.jar"
  NAME="testMissingJavadoc" />
  <test FILENAME="org.aspectj/modules/org.aspectj.ajdt.core/testsrc/org/aspectj/ajdt/internal/compiler/batch/PartiallyExposedHierarchyTestCase.java"
  JARFILE="org.aspectj/modules/aj-build/jars/testing-drivers-test-all.jar"
  NAME="testPartiallyExposedHierarchy" />
  <test FILENAME="org.aspectj/modules/org.aspectj.ajdt.core/testsrc/org/aspectj/ajdt/internal/compiler/batch/CompilerDumpTestCase.java"
  JARFILE="org.aspectj/modules/aj-build/jars/testing-drivers-test-all.jar"
  NAME="testDump" />
  <test FILENAME="org.aspectj/modules/org.aspectj.ajdt.core/testsrc/org/aspectj/ajdt/internal/compiler/batch/CompilerDumpTestCase.java"
  JARFILE="org.aspectj/modules/aj-build/jars/testing-drivers-test-all.jar"
  NAME="testDumpWithWarnings">
    <fail TYPE="java.lang.NullPointerException" />
  </test>
  <test FILENAME="org.aspectj/modules/org.aspectj.ajdt.core/testsrc/org/aspectj/ajdt/internal/compiler/batch/CompilerDumpTestCase.java"
  JARFILE="org.aspectj/modules/aj-build/jars/testing-drivers-test-all.jar"
  NAME="testWithErrors" />
  <test FILENAME="org.aspectj/modules/org.aspectj.ajdt.core/testsrc/org/aspectj/ajdt/internal/compiler/batch/ProceedOnErrorTestCase.java"
  JARFILE="org.aspectj/modules/aj-build/jars/testing-drivers-test-all.jar"
  NAME="testNoProceedOnError" />
  <test FILENAME="org.aspectj/modules/org.aspectj.ajdt.core/testsrc/org/aspectj/ajdt/internal/compiler/batch/ProceedOnErrorTestCase.java"
  JARFILE="org.aspectj/modules/aj-build/jars/testing-drivers-test-all.jar"
  NAME="testProceedOnError" />
  <test FILENAME="org.aspectj/modules/org.aspectj.ajdt.core/testsrc/org/aspectj/ajdt/internal/compiler/batch/CommandTestCase.java"
  JARFILE="org.aspectj/modules/aj-build/jars/testing-drivers-test-all.jar"
  NAME="testEmptyForAntJUnitSupport" />
  <test FILENAME="org.aspectj/modules/org.aspectj.ajdt.core/testsrc/org/aspectj/ajdt/internal/compiler/batch/DeclareParents.java"
  JARFILE="org.aspectj/modules/aj-build/jars/testing-drivers-test-all.jar"
  NAME="testVerifyOrderOfProcessingIrrelevant1" />
  <test FILENAME="org.aspectj/modules/org.aspectj.ajdt.core/testsrc/org/aspectj/ajdt/internal/compiler/batch/DeclareParents.java"
  JARFILE="org.aspectj/modules/aj-build/jars/testing-drivers-test-all.jar"
  NAME="testVerifyOrderOfProcessingIrrelevant2" />
  <test FILENAME="org.aspectj/modules/org.aspectj.ajdt.core/testsrc/org/aspectj/ajdt/internal/compiler/batch/DeclareParents.java"
  JARFILE="org.aspectj/modules/aj-build/jars/testing-drivers-test-all.jar"
  NAME="testSimpleDeclareParents" />
  <test FILENAME="org.aspectj/modules/org.aspectj.ajdt.core/testsrc/org/aspectj/ajdt/internal/compiler/batch/DeclareParents.java"
  JARFILE="org.aspectj/modules/aj-build/jars/testing-drivers-test-all.jar"
  NAME="test_SuperCtorCall" />
  <test FILENAME="org.aspectj/modules/org.aspectj.ajdt.core/testsrc/org/aspectj/ajdt/internal/compiler/batch/DeclareParents.java"
  JARFILE="org.aspectj/modules/aj-build/jars/testing-drivers-test-all.jar"
  NAME="test_SuperMethodCall" />
  <test FILENAME="org.aspectj/modules/org.aspectj.ajdt.core/testsrc/org/aspectj/ajdt/internal/compiler/batch/DeclareParents.java"
  JARFILE="org.aspectj/modules/aj-build/jars/testing-drivers-test-all.jar"
  NAME="test_missingCtorInIntroducedClass" />
  <test FILENAME="org.aspectj/modules/org.aspectj.ajdt.core/testsrc/org/aspectj/ajdt/internal/compiler/batch/DeclareParents.java"
  JARFILE="org.aspectj/modules/aj-build/jars/testing-drivers-test-all.jar"
  NAME="test_cantMakeInheritedInstanceMethodsStatic" />
  <test FILENAME="org.aspectj/modules/org.aspectj.ajdt.core/testsrc/org/aspectj/ajdt/internal/compiler/batch/DeclareParents.java"
  JARFILE="org.aspectj/modules/aj-build/jars/testing-drivers-test-all.jar"
  NAME="test_cantReduceVisibilityOfOverriddenMethods_1" />
  <test FILENAME="org.aspectj/modules/org.aspectj.ajdt.core/testsrc/org/aspectj/ajdt/internal/compiler/batch/DeclareParents.java"
  JARFILE="org.aspectj/modules/aj-build/jars/testing-drivers-test-all.jar"
  NAME="test_cantReduceVisibilityOfOverriddenMethods_2" />
  <test FILENAME="org.aspectj/modules/org.aspectj.ajdt.core/testsrc/org/aspectj/ajdt/internal/compiler/batch/DeclareParents.java"
  JARFILE="org.aspectj/modules/aj-build/jars/testing-drivers-test-all.jar"
  NAME="test_overriddenMethodsCantHaveIncompatibleReturnTypes" />
  <test FILENAME="org.aspectj/modules/org.aspectj.ajdt.core/testsrc/org/aspectj/ajdt/internal/compiler/batch/DeclareParents.java"
  JARFILE="org.aspectj/modules/aj-build/jars/testing-drivers-test-all.jar"
  NAME="test_inheritedAbstractMethodsMustBeImplemented_1" />
  <test FILENAME="org.aspectj/modules/org.aspectj.ajdt.core/testsrc/org/aspectj/ajdt/internal/compiler/batch/DeclareParents.java"
  JARFILE="org.aspectj/modules/aj-build/jars/testing-drivers-test-all.jar"
  NAME="test_interfaceMethodsImplemented" />
  <test FILENAME="org.aspectj/modules/org.aspectj.ajdt.core/testsrc/org/aspectj/ajdt/internal/compiler/batch/DeclareParents.java"
  JARFILE="org.aspectj/modules/aj-build/jars/testing-drivers-test-all.jar"
  NAME="test_inheritedAbstractMethodsMustBeImplemented_2" />
  <test FILENAME="org.aspectj/modules/org.aspectj.ajdt.core/testsrc/org/aspectj/ajdt/internal/compiler/batch/DeclareParents.java"
  JARFILE="org.aspectj/modules/aj-build/jars/testing-drivers-test-all.jar"
  NAME="test_inheritedAbstractMethodsMustBeImplemented_3" />
  <test FILENAME="org.aspectj/modules/org.aspectj.ajdt.core/testsrc/org/aspectj/ajdt/internal/compiler/batch/DeclareParents.java"
  JARFILE="org.aspectj/modules/aj-build/jars/testing-drivers-test-all.jar"
  NAME="test_missingCtorAddedViaITD" />
  <test FILENAME="org.aspectj/modules/org.aspectj.ajdt.core/testsrc/org/aspectj/ajdt/internal/core/builder/AjBuildManagerTest.java"
  JARFILE="org.aspectj/modules/aj-build/jars/testing-drivers-test-all.jar"
  NAME="testSimpleStructure" />
  <test FILENAME="org.aspectj/modules/org.aspectj.ajdt.core/testsrc/org/aspectj/ajdt/internal/core/builder/AsmBuilderTest.java"
  JARFILE="org.aspectj/modules/aj-build/jars/testing-drivers-test-all.jar"
  NAME="testNullHandlingOfVisit" />
  <test FILENAME="org.aspectj/modules/org.aspectj.ajdt.core/testsrc/org/aspectj/ajdt/internal/core/builder/AjCompilerOptionsTest.java"
  JARFILE="org.aspectj/modules/aj-build/jars/testing-drivers-test-all.jar"
  NAME="testDefaultValues" />
  <test FILENAME="org.aspectj/modules/org.aspectj.ajdt.core/testsrc/org/aspectj/ajdt/internal/core/builder/AjCompilerOptionsTest.java"
  JARFILE="org.aspectj/modules/aj-build/jars/testing-drivers-test-all.jar"
  NAME="testDirectSet" />
  <test FILENAME="org.aspectj/modules/org.aspectj.ajdt.core/testsrc/org/aspectj/ajdt/internal/core/builder/AjCompilerOptionsTest.java"
  JARFILE="org.aspectj/modules/aj-build/jars/testing-drivers-test-all.jar"
  NAME="testMapSet" />
  <test FILENAME="org.aspectj/modules/org.aspectj.ajdt.core/testsrc/org/aspectj/ajdt/internal/core/builder/AjCompilerOptionsTest.java"
  JARFILE="org.aspectj/modules/aj-build/jars/testing-drivers-test-all.jar"
  NAME="testToString" />
  <test FILENAME="org.aspectj/modules/org.aspectj.ajdt.core/testsrc/org/aspectj/ajdt/internal/core/builder/AjStateTest.java"
  JARFILE="org.aspectj/modules/aj-build/jars/testing-drivers-test-all.jar"
  NAME="testNoChange" />
  <test FILENAME="org.aspectj/modules/org.aspectj.ajdt.core/testsrc/org/aspectj/ajdt/internal/core/builder/AjStateTest.java"
  JARFILE="org.aspectj/modules/aj-build/jars/testing-drivers-test-all.jar"
  NAME="testAddEntryToClasspath" />
  <test FILENAME="org.aspectj/modules/org.aspectj.ajdt.core/testsrc/org/aspectj/ajdt/internal/core/builder/AjStateTest.java"
  JARFILE="org.aspectj/modules/aj-build/jars/testing-drivers-test-all.jar"
  NAME="testRemoveEntryFromClasspath" />
  <test FILENAME="org.aspectj/modules/org.aspectj.ajdt.core/testsrc/org/aspectj/ajdt/internal/core/builder/AjStateTest.java"
  JARFILE="org.aspectj/modules/aj-build/jars/testing-drivers-test-all.jar"
  NAME="testReorderClasspath" />
  <test FILENAME="org.aspectj/modules/org.aspectj.ajdt.core/testsrc/org/aspectj/ajdt/internal/core/builder/AjStateTest.java"
  JARFILE="org.aspectj/modules/aj-build/jars/testing-drivers-test-all.jar"
  NAME="testAddEntryToAspectpath" />
  <test FILENAME="org.aspectj/modules/org.aspectj.ajdt.core/testsrc/org/aspectj/ajdt/internal/core/builder/AjStateTest.java"
  JARFILE="org.aspectj/modules/aj-build/jars/testing-drivers-test-all.jar"
  NAME="testRemoveEntryFromAspectpath" />
  <test FILENAME="org.aspectj/modules/org.aspectj.ajdt.core/testsrc/org/aspectj/ajdt/internal/core/builder/AjStateTest.java"
  JARFILE="org.aspectj/modules/aj-build/jars/testing-drivers-test-all.jar"
  NAME="testReorderAspectpath" />
  <test FILENAME="org.aspectj/modules/org.aspectj.ajdt.core/testsrc/org/aspectj/ajdt/internal/core/builder/AjStateTest.java"
  JARFILE="org.aspectj/modules/aj-build/jars/testing-drivers-test-all.jar"
  NAME="testAddEntryToInpath" />
  <test FILENAME="org.aspectj/modules/org.aspectj.ajdt.core/testsrc/org/aspectj/ajdt/internal/core/builder/AjStateTest.java"
  JARFILE="org.aspectj/modules/aj-build/jars/testing-drivers-test-all.jar"
  NAME="testRemoveEntryFromInpath" />
  <test FILENAME="org.aspectj/modules/org.aspectj.ajdt.core/testsrc/org/aspectj/ajdt/internal/core/builder/AjStateTest.java"
  JARFILE="org.aspectj/modules/aj-build/jars/testing-drivers-test-all.jar"
  NAME="testReorderInpath" />
  <test FILENAME="org.aspectj/modules/org.aspectj.ajdt.core/testsrc/org/aspectj/ajdt/internal/core/builder/AjStateTest.java"
  JARFILE="org.aspectj/modules/aj-build/jars/testing-drivers-test-all.jar"
  NAME="testAddEntryToInjars" />
  <test FILENAME="org.aspectj/modules/org.aspectj.ajdt.core/testsrc/org/aspectj/ajdt/internal/core/builder/AjStateTest.java"
  JARFILE="org.aspectj/modules/aj-build/jars/testing-drivers-test-all.jar"
  NAME="testRemoveEntryFromInjars" />
  <test FILENAME="org.aspectj/modules/org.aspectj.ajdt.core/testsrc/org/aspectj/ajdt/internal/core/builder/AjStateTest.java"
  JARFILE="org.aspectj/modules/aj-build/jars/testing-drivers-test-all.jar"
  NAME="testReorderInjars" />
  <test FILENAME="org.aspectj/modules/org.aspectj.ajdt.core/testsrc/org/aspectj/ajdt/internal/core/builder/OutjarTest.java"
  JARFILE="org.aspectj/modules/aj-build/jars/testing-drivers-test-all.jar"
  NAME="testOutjarInInjars" />
  <test FILENAME="org.aspectj/modules/org.aspectj.ajdt.core/testsrc/org/aspectj/ajdt/internal/core/builder/OutjarTest.java"
  JARFILE="org.aspectj/modules/aj-build/jars/testing-drivers-test-all.jar"
  NAME="testOutjarInInpath" />
  <test FILENAME="org.aspectj/modules/org.aspectj.ajdt.core/testsrc/org/aspectj/ajdt/internal/core/builder/OutjarTest.java"
  JARFILE="org.aspectj/modules/aj-build/jars/testing-drivers-test-all.jar"
  NAME="testOutjarInAspectpath" />
  <test FILENAME="org.aspectj/modules/org.aspectj.ajdt.core/testsrc/org/aspectj/ajdt/internal/core/builder/OutjarTest.java"
  JARFILE="org.aspectj/modules/aj-build/jars/testing-drivers-test-all.jar"
  NAME="testOutjarDeletedOnError" />
  <test FILENAME="org.aspectj/modules/org.aspectj.ajdt.core/testsrc/org/aspectj/tools/ajc/MainTest.java"
  JARFILE="org.aspectj/modules/aj-build/jars/testing-drivers-test-all.jar"
  NAME="testMainbare" />
  <test FILENAME="org.aspectj/modules/org.aspectj.ajdt.core/testsrc/org/aspectj/tools/ajc/MainTest.java"
  JARFILE="org.aspectj/modules/aj-build/jars/testing-drivers-test-all.jar"
  NAME="testDashX" />
  <test FILENAME="org.aspectj/modules/org.aspectj.ajdt.core/testsrc/org/aspectj/tools/ajc/MainTest.java"
  JARFILE="org.aspectj/modules/aj-build/jars/testing-drivers-test-all.jar"
  NAME="testDashMessageHolder" />
  <test FILENAME="org.aspectj/modules/org.aspectj.ajdt.core/testsrc/org/aspectj/tools/ajc/MainTest.java"
  JARFILE="org.aspectj/modules/aj-build/jars/testing-drivers-test-all.jar"
  NAME="testDashMessageHolderOk" />
  <test FILENAME="org.aspectj/modules/org.aspectj.ajdt.core/testsrc/org/aspectj/tools/ajc/ASTVisitorTest.java"
  JARFILE="org.aspectj/modules/aj-build/jars/testing-drivers-test-all.jar"
  NAME="testDeclareParents" />
  <test FILENAME="org.aspectj/modules/org.aspectj.ajdt.core/testsrc/org/aspectj/tools/ajc/ASTVisitorTest.java"
  JARFILE="org.aspectj/modules/aj-build/jars/testing-drivers-test-all.jar"
  NAME="testDeclareWarning" />
  <test FILENAME="org.aspectj/modules/org.aspectj.ajdt.core/testsrc/org/aspectj/tools/ajc/ASTVisitorTest.java"
  JARFILE="org.aspectj/modules/aj-build/jars/testing-drivers-test-all.jar"
  NAME="testDeclareSoft" />
  <test FILENAME="org.aspectj/modules/org.aspectj.ajdt.core/testsrc/org/aspectj/tools/ajc/ASTVisitorTest.java"
  JARFILE="org.aspectj/modules/aj-build/jars/testing-drivers-test-all.jar"
  NAME="testAspectWithITD" />
  <test FILENAME="org.aspectj/modules/org.aspectj.ajdt.core/testsrc/org/aspectj/tools/ajc/ASTVisitorTest.java"
  JARFILE="org.aspectj/modules/aj-build/jars/testing-drivers-test-all.jar"
  NAME="testAspectWithCommentThenITD" />
  <test FILENAME="org.aspectj/modules/org.aspectj.ajdt.core/testsrc/org/aspectj/tools/ajc/ASTVisitorTest.java"
  JARFILE="org.aspectj/modules/aj-build/jars/testing-drivers-test-all.jar"
  NAME="testAspectWithCommentThenPointcut" />
  <test FILENAME="org.aspectj/modules/org.aspectj.ajdt.core/testsrc/org/aspectj/tools/ajc/ASTVisitorTest.java"
  JARFILE="org.aspectj/modules/aj-build/jars/testing-drivers-test-all.jar"
  NAME="testAPrivilegedAspect" />
  <test FILENAME="org.aspectj/modules/org.aspectj.ajdt.core/testsrc/org/aspectj/tools/ajc/ASTVisitorTest.java"
  JARFILE="org.aspectj/modules/aj-build/jars/testing-drivers-test-all.jar"
  NAME="testAnInterface" />
  <test FILENAME="org.aspectj/modules/org.aspectj.ajdt.core/testsrc/org/aspectj/tools/ajc/ASTVisitorTest.java"
  JARFILE="org.aspectj/modules/aj-build/jars/testing-drivers-test-all.jar"
  NAME="testAnAspect" />
  <test FILENAME="org.aspectj/modules/org.aspectj.ajdt.core/testsrc/org/aspectj/tools/ajc/ASTVisitorTest.java"
  JARFILE="org.aspectj/modules/aj-build/jars/testing-drivers-test-all.jar"
  NAME="testPointcutInClass" />
  <test FILENAME="org.aspectj/modules/org.aspectj.ajdt.core/testsrc/org/aspectj/tools/ajc/ASTVisitorTest.java"
  JARFILE="org.aspectj/modules/aj-build/jars/testing-drivers-test-all.jar"
  NAME="testPointcutInAspect" />
  <test FILENAME="org.aspectj/modules/org.aspectj.ajdt.core/testsrc/org/aspectj/tools/ajc/ASTVisitorTest.java"
  JARFILE="org.aspectj/modules/aj-build/jars/testing-drivers-test-all.jar"
  NAME="testAroundAdvice" />
  <test FILENAME="org.aspectj/modules/org.aspectj.ajdt.core/testsrc/org/aspectj/tools/ajc/ASTVisitorTest.java"
  JARFILE="org.aspectj/modules/aj-build/jars/testing-drivers-test-all.jar"
  NAME="testAroundAdviceWithProceed" />
  <test FILENAME="org.aspectj/modules/org.aspectj.ajdt.core/testsrc/org/aspectj/tools/ajc/ASTVisitorTest.java"
  JARFILE="org.aspectj/modules/aj-build/jars/testing-drivers-test-all.jar"
  NAME="testBeforeAdvice" />
  <test FILENAME="org.aspectj/modules/org.aspectj.ajdt.core/testsrc/org/aspectj/tools/ajc/ASTVisitorTest.java"
  JARFILE="org.aspectj/modules/aj-build/jars/testing-drivers-test-all.jar"
  NAME="testAfterAdvice" />
  <test FILENAME="org.aspectj/modules/org.aspectj.ajdt.core/testsrc/org/aspectj/tools/ajc/ASTVisitorTest.java"
  JARFILE="org.aspectj/modules/aj-build/jars/testing-drivers-test-all.jar"
  NAME="testAfterThrowingAdviceWithNoArgument" />
  <test FILENAME="org.aspectj/modules/org.aspectj.ajdt.core/testsrc/org/aspectj/tools/ajc/ASTVisitorTest.java"
  JARFILE="org.aspectj/modules/aj-build/jars/testing-drivers-test-all.jar"
  NAME="testAfterThrowingAdvice" />
  <test FILENAME="org.aspectj/modules/org.aspectj.ajdt.core/testsrc/org/aspectj/tools/ajc/ASTVisitorTest.java"
  JARFILE="org.aspectj/modules/aj-build/jars/testing-drivers-test-all.jar"
  NAME="testAfterReturningAdviceWithNoArgument" />
  <test FILENAME="org.aspectj/modules/org.aspectj.ajdt.core/testsrc/org/aspectj/tools/ajc/ASTVisitorTest.java"
  JARFILE="org.aspectj/modules/aj-build/jars/testing-drivers-test-all.jar"
  NAME="testAfterReturningAdvice" />
  <test FILENAME="org.aspectj/modules/org.aspectj.ajdt.core/testsrc/org/aspectj/tools/ajc/ASTVisitorTest.java"
  JARFILE="org.aspectj/modules/aj-build/jars/testing-drivers-test-all.jar"
  NAME="testMethodWithStatements" />
  <test FILENAME="org.aspectj/modules/org.aspectj.ajdt.core/testsrc/org/aspectj/tools/ajc/ASTVisitorTest.java"
  JARFILE="org.aspectj/modules/aj-build/jars/testing-drivers-test-all.jar"
  NAME="testAdviceWithStatements" />
  <test FILENAME="org.aspectj/modules/org.aspectj.ajdt.core/testsrc/org/aspectj/tools/ajc/ASTVisitorTest.java"
  JARFILE="org.aspectj/modules/aj-build/jars/testing-drivers-test-all.jar"
  NAME="testPointcutInAPointcut" />
  <test FILENAME="org.aspectj/modules/org.aspectj.ajdt.core/testsrc/org/aspectj/tools/ajc/ASTVisitorTest.java"
  JARFILE="org.aspectj/modules/aj-build/jars/testing-drivers-test-all.jar"
  NAME="testCallPointcut" />
  <test FILENAME="org.aspectj/modules/org.aspectj.ajdt.core/testsrc/org/aspectj/tools/ajc/ASTVisitorTest.java"
  JARFILE="org.aspectj/modules/aj-build/jars/testing-drivers-test-all.jar"
  NAME="testExecutionPointcut" />
  <test FILENAME="org.aspectj/modules/org.aspectj.ajdt.core/testsrc/org/aspectj/tools/ajc/ASTVisitorTest.java"
  JARFILE="org.aspectj/modules/aj-build/jars/testing-drivers-test-all.jar"
  NAME="testGetPointcut" />
  <test FILENAME="org.aspectj/modules/org.aspectj.ajdt.core/testsrc/org/aspectj/tools/ajc/ASTVisitorTest.java"
  JARFILE="org.aspectj/modules/aj-build/jars/testing-drivers-test-all.jar"
  NAME="testSetPointcut" />
  <test FILENAME="org.aspectj/modules/org.aspectj.ajdt.core/testsrc/org/aspectj/tools/ajc/ASTVisitorTest.java"
  JARFILE="org.aspectj/modules/aj-build/jars/testing-drivers-test-all.jar"
  NAME="testHandlerPointcut" />
  <test FILENAME="org.aspectj/modules/org.aspectj.ajdt.core/testsrc/org/aspectj/tools/ajc/ASTVisitorTest.java"
  JARFILE="org.aspectj/modules/aj-build/jars/testing-drivers-test-all.jar"
  NAME="testStaticInitializationPointcut" />
  <test FILENAME="org.aspectj/modules/org.aspectj.ajdt.core/testsrc/org/aspectj/tools/ajc/ASTVisitorTest.java"
  JARFILE="org.aspectj/modules/aj-build/jars/testing-drivers-test-all.jar"
  NAME="testInitializationPointcut" />
  <test FILENAME="org.aspectj/modules/org.aspectj.ajdt.core/testsrc/org/aspectj/tools/ajc/ASTVisitorTest.java"
  JARFILE="org.aspectj/modules/aj-build/jars/testing-drivers-test-all.jar"
  NAME="testPreInitializationPointcut" />
  <test FILENAME="org.aspectj/modules/org.aspectj.ajdt.core/testsrc/org/aspectj/tools/ajc/ASTVisitorTest.java"
  JARFILE="org.aspectj/modules/aj-build/jars/testing-drivers-test-all.jar"
  NAME="testAdviceExecutionPointcut" />
  <test FILENAME="org.aspectj/modules/org.aspectj.ajdt.core/testsrc/org/aspectj/tools/ajc/ASTVisitorTest.java"
  JARFILE="org.aspectj/modules/aj-build/jars/testing-drivers-test-all.jar"
  NAME="testPointcutWithoutArguments" />
  <test FILENAME="org.aspectj/modules/org.aspectj.ajdt.core/testsrc/org/aspectj/tools/ajc/ASTVisitorTest.java"
  JARFILE="org.aspectj/modules/aj-build/jars/testing-drivers-test-all.jar"
  NAME="testPointcutWithOnePrimitiveArgument" />
  <test FILENAME="org.aspectj/modules/org.aspectj.ajdt.core/testsrc/org/aspectj/tools/ajc/ASTVisitorTest.java"
  JARFILE="org.aspectj/modules/aj-build/jars/testing-drivers-test-all.jar"
  NAME="testPointcutWithTwoPrimitiveArguments" />
  <test FILENAME="org.aspectj/modules/org.aspectj.ajdt.core/testsrc/org/aspectj/tools/ajc/ASTVisitorTest.java"
  JARFILE="org.aspectj/modules/aj-build/jars/testing-drivers-test-all.jar"
  NAME="testPointcutWithOneTypedArgument" />
  <test FILENAME="org.aspectj/modules/org.aspectj.ajdt.core/testsrc/org/aspectj/tools/ajc/ASTVisitorTest.java"
  JARFILE="org.aspectj/modules/aj-build/jars/testing-drivers-test-all.jar"
  NAME="testPointcutWithTwoTypedArgument" />
  <test FILENAME="org.aspectj/modules/org.aspectj.ajdt.core/testsrc/org/aspectj/tools/ajc/ASTVisitorTest.java"
  JARFILE="org.aspectj/modules/aj-build/jars/testing-drivers-test-all.jar"
  NAME="testFieldITD" />
  <test FILENAME="org.aspectj/modules/org.aspectj.ajdt.core/testsrc/org/aspectj/tools/ajc/ASTVisitorTest.java"
  JARFILE="org.aspectj/modules/aj-build/jars/testing-drivers-test-all.jar"
  NAME="testMethodITD" />
  <test FILENAME="org.aspectj/modules/org.aspectj.ajdt.core/testsrc/org/aspectj/tools/ajc/ASTVisitorTest.java"
  JARFILE="org.aspectj/modules/aj-build/jars/testing-drivers-test-all.jar"
  NAME="testConstructorITD" />
  <test FILENAME="org.aspectj/modules/org.aspectj.ajdt.core/testsrc/org/aspectj/tools/ajc/ASTVisitorTest.java"
  JARFILE="org.aspectj/modules/aj-build/jars/testing-drivers-test-all.jar"
  NAME="testInitializedField" />
  <test FILENAME="org.aspectj/modules/org.aspectj.ajdt.core/testsrc/org/aspectj/tools/ajc/ASTVisitorTest.java"
  JARFILE="org.aspectj/modules/aj-build/jars/testing-drivers-test-all.jar"
  NAME="testMethodITDWithStatements" />
  <test FILENAME="org.aspectj/modules/org.aspectj.ajdt.core/testsrc/org/aspectj/tools/ajc/ASTVisitorTest.java"
  JARFILE="org.aspectj/modules/aj-build/jars/testing-drivers-test-all.jar"
  NAME="testConstructorITDWithStatements" />
  <test FILENAME="org.aspectj/modules/org.aspectj.ajdt.core/testsrc/org/aspectj/tools/ajc/ASTVisitorTest.java"
  JARFILE="org.aspectj/modules/aj-build/jars/testing-drivers-test-all.jar"
  NAME="testInitializedFieldITD" />
  <test FILENAME="org.aspectj/modules/org.aspectj.ajdt.core/testsrc/org/aspectj/tools/ajc/ASTVisitorTest.java"
  JARFILE="org.aspectj/modules/aj-build/jars/testing-drivers-test-all.jar"
  NAME="testMethodBeingCalled" />
  <test FILENAME="org.aspectj/modules/org.aspectj.ajdt.core/testsrc/org/aspectj/tools/ajc/ASTVisitorTest.java"
  JARFILE="org.aspectj/modules/aj-build/jars/testing-drivers-test-all.jar"
  NAME="testFieldBeingCalled" />
  <test FILENAME="org.aspectj/modules/org.aspectj.ajdt.core/testsrc/org/aspectj/tools/ajc/ASTVisitorTest.java"
  JARFILE="org.aspectj/modules/aj-build/jars/testing-drivers-test-all.jar"
  NAME="testConstructorBeingCalled" />
  <test FILENAME="org.aspectj/modules/org.aspectj.ajdt.core/testsrc/org/aspectj/tools/ajc/ASTVisitorTest.java"
  JARFILE="org.aspectj/modules/aj-build/jars/testing-drivers-test-all.jar"
  NAME="testMethodITDBeingCalled" />
  <test FILENAME="org.aspectj/modules/org.aspectj.ajdt.core/testsrc/org/aspectj/tools/ajc/ASTVisitorTest.java"
  JARFILE="org.aspectj/modules/aj-build/jars/testing-drivers-test-all.jar"
  NAME="testFieldITDBeingCalled" />
  <test FILENAME="org.aspectj/modules/org.aspectj.ajdt.core/testsrc/org/aspectj/tools/ajc/ASTVisitorTest.java"
  JARFILE="org.aspectj/modules/aj-build/jars/testing-drivers-test-all.jar"
  NAME="testConstructorITDBeingCalled" />
  <test FILENAME="org.aspectj/modules/org.aspectj.ajdt.core/testsrc/org/aspectj/tools/ajc/ASTVisitorTest.java"
  JARFILE="org.aspectj/modules/aj-build/jars/testing-drivers-test-all.jar"
  NAME="testDeclareError" />
  <test FILENAME="org.aspectj/modules/org.aspectj.ajdt.core/testsrc/org/aspectj/tools/ajc/ASTVisitorTest.java"
  JARFILE="org.aspectj/modules/aj-build/jars/testing-drivers-test-all.jar"
  NAME="testDeclarePrecedence" />
  <test FILENAME="org.aspectj/modules/org.aspectj.ajdt.core/testsrc/org/aspectj/tools/ajc/ASTVisitorTest.java"
  JARFILE="org.aspectj/modules/aj-build/jars/testing-drivers-test-all.jar"
  NAME="testDeclareAnnotationType" />
  <test FILENAME="org.aspectj/modules/org.aspectj.ajdt.core/testsrc/org/aspectj/tools/ajc/ASTVisitorTest.java"
  JARFILE="org.aspectj/modules/aj-build/jars/testing-drivers-test-all.jar"
  NAME="testDeclareAnnotationMethod" />
  <test FILENAME="org.aspectj/modules/org.aspectj.ajdt.core/testsrc/org/aspectj/tools/ajc/ASTVisitorTest.java"
  JARFILE="org.aspectj/modules/aj-build/jars/testing-drivers-test-all.jar"
  NAME="testDeclareAnnotationField" />
  <test FILENAME="org.aspectj/modules/org.aspectj.ajdt.core/testsrc/org/aspectj/tools/ajc/ASTVisitorTest.java"
  JARFILE="org.aspectj/modules/aj-build/jars/testing-drivers-test-all.jar"
  NAME="testDeclareAnnotationConstructor" />
  <test FILENAME="org.aspectj/modules/org.aspectj.ajdt.core/testsrc/org/aspectj/tools/ajc/ASTVisitorTest.java"
  JARFILE="org.aspectj/modules/aj-build/jars/testing-drivers-test-all.jar"
  NAME="testPerThis" />
  <test FILENAME="org.aspectj/modules/org.aspectj.ajdt.core/testsrc/org/aspectj/tools/ajc/ASTVisitorTest.java"
  JARFILE="org.aspectj/modules/aj-build/jars/testing-drivers-test-all.jar"
  NAME="testPerTarget" />
  <test FILENAME="org.aspectj/modules/org.aspectj.ajdt.core/testsrc/org/aspectj/tools/ajc/ASTVisitorTest.java"
  JARFILE="org.aspectj/modules/aj-build/jars/testing-drivers-test-all.jar"
  NAME="testPerCFlow" />
  <test FILENAME="org.aspectj/modules/org.aspectj.ajdt.core/testsrc/org/aspectj/tools/ajc/ASTVisitorTest.java"
  JARFILE="org.aspectj/modules/aj-build/jars/testing-drivers-test-all.jar"
  NAME="testPerCFlowBelow" />
  <test FILENAME="org.aspectj/modules/org.aspectj.ajdt.core/testsrc/org/aspectj/tools/ajc/ASTitdTest.java"
  JARFILE="org.aspectj/modules/aj-build/jars/testing-drivers-test-all.jar"
  NAME="testAspectWithPublicMethodITD" />
  <test FILENAME="org.aspectj/modules/org.aspectj.ajdt.core/testsrc/org/aspectj/tools/ajc/ASTitdTest.java"
  JARFILE="org.aspectj/modules/aj-build/jars/testing-drivers-test-all.jar"
  NAME="testAspectWithPrivateMethodITD" />
  <test FILENAME="org.aspectj/modules/org.aspectj.ajdt.core/testsrc/org/aspectj/tools/ajc/ASTitdTest.java"
  JARFILE="org.aspectj/modules/aj-build/jars/testing-drivers-test-all.jar"
  NAME="testAspectWithPublicAbstractMethodITD" />
  <test FILENAME="org.aspectj/modules/org.aspectj.ajdt.core/testsrc/org/aspectj/tools/ajc/ASTitdTest.java"
  JARFILE="org.aspectj/modules/aj-build/jars/testing-drivers-test-all.jar"
  NAME="testAspectWithConstructorITD" />
  <test FILENAME="org.aspectj/modules/org.aspectj.ajdt.core/testsrc/org/aspectj/tools/ajc/ASTitdTest.java"
  JARFILE="org.aspectj/modules/aj-build/jars/testing-drivers-test-all.jar"
  NAME="testAspectWithPublicFieldITD" />
  <test FILENAME="org.aspectj/modules/org.aspectj.ajdt.core/testsrc/org/aspectj/tools/ajc/AjASTTest.java"
  JARFILE="org.aspectj/modules/aj-build/jars/testing-drivers-test-all.jar"
  NAME="testDeclareParents" />
  <test FILENAME="org.aspectj/modules/org.aspectj.ajdt.core/testsrc/org/aspectj/tools/ajc/AjASTTest.java"
  JARFILE="org.aspectj/modules/aj-build/jars/testing-drivers-test-all.jar"
  NAME="testDeclareWarning" />
  <test FILENAME="org.aspectj/modules/org.aspectj.ajdt.core/testsrc/org/aspectj/tools/ajc/AjASTTest.java"
  JARFILE="org.aspectj/modules/aj-build/jars/testing-drivers-test-all.jar"
  NAME="testDeclareSoft" />
  <test FILENAME="org.aspectj/modules/org.aspectj.ajdt.core/testsrc/org/aspectj/tools/ajc/AjASTTest.java"
  JARFILE="org.aspectj/modules/aj-build/jars/testing-drivers-test-all.jar"
  NAME="testDeclareError" />
  <test FILENAME="org.aspectj/modules/org.aspectj.ajdt.core/testsrc/org/aspectj/tools/ajc/AjASTTest.java"
  JARFILE="org.aspectj/modules/aj-build/jars/testing-drivers-test-all.jar"
  NAME="testDeclarePrecedence" />
  <test FILENAME="org.aspectj/modules/org.aspectj.ajdt.core/testsrc/org/aspectj/tools/ajc/AjASTTest.java"
  JARFILE="org.aspectj/modules/aj-build/jars/testing-drivers-test-all.jar"
  NAME="testDeclareAnnotationType" />
  <test FILENAME="org.aspectj/modules/org.aspectj.ajdt.core/testsrc/org/aspectj/tools/ajc/AjASTTest.java"
  JARFILE="org.aspectj/modules/aj-build/jars/testing-drivers-test-all.jar"
  NAME="testDeclareAnnotationMethod" />
  <test FILENAME="org.aspectj/modules/org.aspectj.ajdt.core/testsrc/org/aspectj/tools/ajc/AjASTTest.java"
  JARFILE="org.aspectj/modules/aj-build/jars/testing-drivers-test-all.jar"
  NAME="testDeclareAnnotationField" />
  <test FILENAME="org.aspectj/modules/org.aspectj.ajdt.core/testsrc/org/aspectj/tools/ajc/AjASTTest.java"
  JARFILE="org.aspectj/modules/aj-build/jars/testing-drivers-test-all.jar"
  NAME="testDeclareAnnotationConstructor" />
  <test FILENAME="org.aspectj/modules/org.aspectj.ajdt.core/testsrc/org/aspectj/tools/ajc/AjASTTest.java"
  JARFILE="org.aspectj/modules/aj-build/jars/testing-drivers-test-all.jar"
  NAME="testNewDefaultPointcut" />
  <test FILENAME="org.aspectj/modules/org.aspectj.ajdt.core/testsrc/org/aspectj/tools/ajc/AjASTTest.java"
  JARFILE="org.aspectj/modules/aj-build/jars/testing-drivers-test-all.jar"
  NAME="testGetAndSetDetail" />
  <test FILENAME="org.aspectj/modules/org.aspectj.ajdt.core/testsrc/org/aspectj/tools/ajc/AjASTTest.java"
  JARFILE="org.aspectj/modules/aj-build/jars/testing-drivers-test-all.jar"
  NAME="testNewReferencePointcut" />
  <test FILENAME="org.aspectj/modules/org.aspectj.ajdt.core/testsrc/org/aspectj/tools/ajc/AjASTTest.java"
  JARFILE="org.aspectj/modules/aj-build/jars/testing-drivers-test-all.jar"
  NAME="testGetAndSetRefPointcutName" />
  <test FILENAME="org.aspectj/modules/org.aspectj.ajdt.core/testsrc/org/aspectj/tools/ajc/AjASTTest.java"
  JARFILE="org.aspectj/modules/aj-build/jars/testing-drivers-test-all.jar"
  NAME="testNewAndPointcut" />
  <test FILENAME="org.aspectj/modules/org.aspectj.ajdt.core/testsrc/org/aspectj/tools/ajc/AjASTTest.java"
  JARFILE="org.aspectj/modules/aj-build/jars/testing-drivers-test-all.jar"
  NAME="testGetAndSetLeftOfAndPointcut" />
  <test FILENAME="org.aspectj/modules/org.aspectj.ajdt.core/testsrc/org/aspectj/tools/ajc/AjASTTest.java"
  JARFILE="org.aspectj/modules/aj-build/jars/testing-drivers-test-all.jar"
  NAME="testGetAndSetRightOfAndPointcut" />
  <test FILENAME="org.aspectj/modules/org.aspectj.ajdt.core/testsrc/org/aspectj/tools/ajc/AjASTTest.java"
  JARFILE="org.aspectj/modules/aj-build/jars/testing-drivers-test-all.jar"
  NAME="testNewCflowPointcut" />
  <test FILENAME="org.aspectj/modules/org.aspectj.ajdt.core/testsrc/org/aspectj/tools/ajc/AjASTTest.java"
  JARFILE="org.aspectj/modules/aj-build/jars/testing-drivers-test-all.jar"
  NAME="testGetAndSetBodyOfCflowPointcut" />
  <test FILENAME="org.aspectj/modules/org.aspectj.ajdt.core/testsrc/org/aspectj/tools/ajc/AjASTTest.java"
  JARFILE="org.aspectj/modules/aj-build/jars/testing-drivers-test-all.jar"
  NAME="testNewNotPointcut" />
  <test FILENAME="org.aspectj/modules/org.aspectj.ajdt.core/testsrc/org/aspectj/tools/ajc/AjASTTest.java"
  JARFILE="org.aspectj/modules/aj-build/jars/testing-drivers-test-all.jar"
  NAME="testGetAndSetBodyOfNotPointcut" />
  <test FILENAME="org.aspectj/modules/org.aspectj.ajdt.core/testsrc/org/aspectj/tools/ajc/AjASTTest.java"
  JARFILE="org.aspectj/modules/aj-build/jars/testing-drivers-test-all.jar"
  NAME="testNewOrPointcut" />
  <test FILENAME="org.aspectj/modules/org.aspectj.ajdt.core/testsrc/org/aspectj/tools/ajc/AjASTTest.java"
  JARFILE="org.aspectj/modules/aj-build/jars/testing-drivers-test-all.jar"
  NAME="testGetAndSetLeftOfOrPointcut" />
  <test FILENAME="org.aspectj/modules/org.aspectj.ajdt.core/testsrc/org/aspectj/tools/ajc/AjASTTest.java"
  JARFILE="org.aspectj/modules/aj-build/jars/testing-drivers-test-all.jar"
  NAME="testGetAndSetRightOfOrPointcut" />
  <test FILENAME="org.aspectj/modules/org.aspectj.ajdt.core/testsrc/org/aspectj/tools/ajc/AjASTTest.java"
  JARFILE="org.aspectj/modules/aj-build/jars/testing-drivers-test-all.jar"
  NAME="testNewPerCflow" />
  <test FILENAME="org.aspectj/modules/org.aspectj.ajdt.core/testsrc/org/aspectj/tools/ajc/AjASTTest.java"
  JARFILE="org.aspectj/modules/aj-build/jars/testing-drivers-test-all.jar"
  NAME="testGetAndSetBodyOfPerCflow" />
  <test FILENAME="org.aspectj/modules/org.aspectj.ajdt.core/testsrc/org/aspectj/tools/ajc/AjASTTest.java"
  JARFILE="org.aspectj/modules/aj-build/jars/testing-drivers-test-all.jar"
  NAME="testNewPerObject" />
  <test FILENAME="org.aspectj/modules/org.aspectj.ajdt.core/testsrc/org/aspectj/tools/ajc/AjASTTest.java"
  JARFILE="org.aspectj/modules/aj-build/jars/testing-drivers-test-all.jar"
  NAME="testGetAndSetBodyOfPerObject" />
  <test FILENAME="org.aspectj/modules/org.aspectj.ajdt.core/testsrc/org/aspectj/tools/ajc/AjASTTest.java"
  JARFILE="org.aspectj/modules/aj-build/jars/testing-drivers-test-all.jar"
  NAME="testNewPerTypeWithin" />
  <test FILENAME="org.aspectj/modules/org.aspectj.ajdt.core/testsrc/org/aspectj/tools/ajc/AjASTTest.java"
  JARFILE="org.aspectj/modules/aj-build/jars/testing-drivers-test-all.jar"
  NAME="testNewDefaultTypePattern" />
  <test FILENAME="org.aspectj/modules/org.aspectj.ajdt.core/testsrc/org/aspectj/tools/ajc/AjASTTest.java"
  JARFILE="org.aspectj/modules/aj-build/jars/testing-drivers-test-all.jar"
  NAME="testGetAndSetDetailInDefaultTypePattern" />
  <test FILENAME="org.aspectj/modules/org.aspectj.ajdt.core/testsrc/org/aspectj/tools/ajc/AjASTTest.java"
  JARFILE="org.aspectj/modules/aj-build/jars/testing-drivers-test-all.jar"
  NAME="testPropertyDescriptorsForDefaultTypePattern" />
  <test FILENAME="org.aspectj/modules/org.aspectj.ajdt.core/testsrc/org/aspectj/tools/ajc/AjASTTest.java"
  JARFILE="org.aspectj/modules/aj-build/jars/testing-drivers-test-all.jar"
  NAME="testCloneDefaultTypePattern" />
  <test FILENAME="org.aspectj/modules/org.aspectj.ajdt.core/testsrc/org/aspectj/tools/ajc/AjASTTest.java"
  JARFILE="org.aspectj/modules/aj-build/jars/testing-drivers-test-all.jar"
  NAME="testNewSignaturePattern" />
  <test FILENAME="org.aspectj/modules/org.aspectj.ajdt.core/testsrc/org/aspectj/tools/ajc/AjASTTest.java"
  JARFILE="org.aspectj/modules/aj-build/jars/testing-drivers-test-all.jar"
  NAME="testGetAndSetDetailInSignaturePattern" />
  <test FILENAME="org.aspectj/modules/org.aspectj.ajdt.core/testsrc/org/aspectj/tools/ajc/AjASTTest.java"
  JARFILE="org.aspectj/modules/aj-build/jars/testing-drivers-test-all.jar"
  NAME="testPropertyDescriptorsForSignaturePattern" />
  <test FILENAME="org.aspectj/modules/org.aspectj.ajdt.core/testsrc/org/aspectj/tools/ajc/AjASTTest.java"
  JARFILE="org.aspectj/modules/aj-build/jars/testing-drivers-test-all.jar"
  NAME="testCloneDefaultSignaturePattern" />
  <test FILENAME="org.aspectj/modules/org.aspectj.ajdt.core/testsrc/org/aspectj/tools/ajc/AjASTTest.java"
  JARFILE="org.aspectj/modules/aj-build/jars/testing-drivers-test-all.jar"
  NAME="testNewPointcutDeclaration" />
  <test FILENAME="org.aspectj/modules/org.aspectj.ajdt.core/testsrc/org/aspectj/tools/ajc/AjASTTest.java"
  JARFILE="org.aspectj/modules/aj-build/jars/testing-drivers-test-all.jar"
  NAME="testGetAndSetPointcutName" />
  <test FILENAME="org.aspectj/modules/org.aspectj.ajdt.core/testsrc/org/aspectj/tools/ajc/AjASTTest.java"
  JARFILE="org.aspectj/modules/aj-build/jars/testing-drivers-test-all.jar"
  NAME="testGetAndSetPointcutDesignator" />
  <test FILENAME="org.aspectj/modules/org.aspectj.ajdt.core/testsrc/org/aspectj/tools/ajc/AjASTTest.java"
  JARFILE="org.aspectj/modules/aj-build/jars/testing-drivers-test-all.jar"
  NAME="testGetAndSetPointcutArguments" />
  <test FILENAME="org.aspectj/modules/org.aspectj.ajdt.core/testsrc/org/aspectj/tools/ajc/AjASTTest.java"
  JARFILE="org.aspectj/modules/aj-build/jars/testing-drivers-test-all.jar"
  NAME="testPropertyDescriptorsForPointcutDeclaration" />
  <test FILENAME="org.aspectj/modules/org.aspectj.ajdt.core/testsrc/org/aspectj/tools/ajc/AjASTTest.java"
  JARFILE="org.aspectj/modules/aj-build/jars/testing-drivers-test-all.jar"
  NAME="testClonePointcutDeclaration" />
  <test FILENAME="org.aspectj/modules/org.aspectj.ajdt.core/testsrc/org/aspectj/tools/ajc/AjASTTest.java"
  JARFILE="org.aspectj/modules/aj-build/jars/testing-drivers-test-all.jar"
  NAME="testInternalPointcutDeclaration" />
  <test FILENAME="org.aspectj/modules/org.aspectj.ajdt.core/testsrc/org/aspectj/tools/ajc/AjASTTest.java"
  JARFILE="org.aspectj/modules/aj-build/jars/testing-drivers-test-all.jar"
  NAME="testNewAspectDeclaration" />
  <test FILENAME="org.aspectj/modules/org.aspectj.ajdt.core/testsrc/org/aspectj/tools/ajc/AjASTTest.java"
  JARFILE="org.aspectj/modules/aj-build/jars/testing-drivers-test-all.jar"
  NAME="testPropertyDescriptorsForAspectDeclaration" />
  <test FILENAME="org.aspectj/modules/org.aspectj.ajdt.core/testsrc/org/aspectj/tools/ajc/AjASTTest.java"
  JARFILE="org.aspectj/modules/aj-build/jars/testing-drivers-test-all.jar"
  NAME="testCloneAspectDeclaration" />
  <test FILENAME="org.aspectj/modules/org.aspectj.ajdt.core/testsrc/org/aspectj/tools/ajc/AjASTTest.java"
  JARFILE="org.aspectj/modules/aj-build/jars/testing-drivers-test-all.jar"
  NAME="testSetPerClauseInAspectDeclaration" />
  <test FILENAME="org.aspectj/modules/org.aspectj.ajdt.core/testsrc/org/aspectj/tools/ajc/AjASTTest.java"
  JARFILE="org.aspectj/modules/aj-build/jars/testing-drivers-test-all.jar"
  NAME="testSetPrivilegedInAspectDeclaration" />
  <test FILENAME="org.aspectj/modules/org.aspectj.ajdt.core/testsrc/org/aspectj/tools/ajc/AjASTTest.java"
  JARFILE="org.aspectj/modules/aj-build/jars/testing-drivers-test-all.jar"
  NAME="testNewAfterAdviceDeclaration" />
  <test FILENAME="org.aspectj/modules/org.aspectj.ajdt.core/testsrc/org/aspectj/tools/ajc/AjASTTest.java"
  JARFILE="org.aspectj/modules/aj-build/jars/testing-drivers-test-all.jar"
  NAME="testNewBeforeAdviceDeclaration" />
  <test FILENAME="org.aspectj/modules/org.aspectj.ajdt.core/testsrc/org/aspectj/tools/ajc/AjASTTest.java"
  JARFILE="org.aspectj/modules/aj-build/jars/testing-drivers-test-all.jar"
  NAME="testGetAndSetPointcutInAdviceDeclaration" />
  <test FILENAME="org.aspectj/modules/org.aspectj.ajdt.core/testsrc/org/aspectj/tools/ajc/AjASTTest.java"
  JARFILE="org.aspectj/modules/aj-build/jars/testing-drivers-test-all.jar"
  NAME="testGetAndSetBodyInAdviceDeclaration" />
  <test FILENAME="org.aspectj/modules/org.aspectj.ajdt.core/testsrc/org/aspectj/tools/ajc/AjASTTest.java"
  JARFILE="org.aspectj/modules/aj-build/jars/testing-drivers-test-all.jar"
  NAME="testNewAfterReturningAdviceDeclaration" />
  <test FILENAME="org.aspectj/modules/org.aspectj.ajdt.core/testsrc/org/aspectj/tools/ajc/AjASTTest.java"
  JARFILE="org.aspectj/modules/aj-build/jars/testing-drivers-test-all.jar"
  NAME="testGetAndSetReturning" />
  <test FILENAME="org.aspectj/modules/org.aspectj.ajdt.core/testsrc/org/aspectj/tools/ajc/AjASTTest.java"
  JARFILE="org.aspectj/modules/aj-build/jars/testing-drivers-test-all.jar"
  NAME="testNewAfterThrowingAdviceDeclaration" />
  <test FILENAME="org.aspectj/modules/org.aspectj.ajdt.core/testsrc/org/aspectj/tools/ajc/AjASTTest.java"
  JARFILE="org.aspectj/modules/aj-build/jars/testing-drivers-test-all.jar"
  NAME="testGetAndSetThrowing" />
  <test FILENAME="org.aspectj/modules/org.aspectj.ajdt.core/testsrc/org/aspectj/tools/ajc/AjASTTest.java"
  JARFILE="org.aspectj/modules/aj-build/jars/testing-drivers-test-all.jar"
  NAME="testNewAroundAdviceDeclaration" />
  <test FILENAME="org.aspectj/modules/org.aspectj.ajdt.core/testsrc/org/aspectj/tools/ajc/AjASTTest.java"
  JARFILE="org.aspectj/modules/aj-build/jars/testing-drivers-test-all.jar"
  NAME="testGetAndSetReturnTypeJLS2" />
  <test FILENAME="org.aspectj/modules/org.aspectj.ajdt.core/testsrc/org/aspectj/tools/ajc/AjASTTest.java"
  JARFILE="org.aspectj/modules/aj-build/jars/testing-drivers-test-all.jar"
  NAME="testGetAndSetReturnTypeJLS3" />
  <test FILENAME="org.aspectj/modules/org.aspectj.ajdt.core/testsrc/org/aspectj/tools/ajc/AjASTTest.java"
  JARFILE="org.aspectj/modules/aj-build/jars/testing-drivers-test-all.jar"
  NAME="testNewITDFieldDeclaration" />
  <test FILENAME="org.aspectj/modules/org.aspectj.ajdt.core/testsrc/org/aspectj/tools/ajc/AjASTTest.java"
  JARFILE="org.aspectj/modules/aj-build/jars/testing-drivers-test-all.jar"
  NAME="testNewITDMethodDeclaration" />
  <test FILENAME="org.aspectj/modules/org.aspectj.ajdt.core/testsrc/org/aspectj/tools/ajc/AjASTTest.java"
  JARFILE="org.aspectj/modules/aj-build/jars/testing-drivers-test-all.jar"
  NAME="testNewAjTypeDeclaration" />
  <test FILENAME="org.aspectj/modules/org.aspectj.ajdt.core/testsrc/org/aspectj/tools/ajc/AjASTTest.java"
  JARFILE="org.aspectj/modules/aj-build/jars/testing-drivers-test-all.jar"
  NAME="testGetAndSetIsAspect" />
  <test FILENAME="org.aspectj/modules/org.aspectj.ajdt.core/testsrc/org/aspectj/tools/ajc/AjASTTest.java"
  JARFILE="org.aspectj/modules/aj-build/jars/testing-drivers-test-all.jar"
  NAME="testPropertyDescriptorsForAjTypeDeclaration" />
  <test FILENAME="org.aspectj/modules/org.aspectj.ajdt.core/testsrc/org/aspectj/tools/ajc/AjASTTest.java"
  JARFILE="org.aspectj/modules/aj-build/jars/testing-drivers-test-all.jar"
  NAME="testCloneAjTypeDeclaration" />
  <test FILENAME="org.aspectj/modules/org.aspectj.ajdt.core/testsrc/org/aspectj/tools/ajc/AjASTTest.java"
  JARFILE="org.aspectj/modules/aj-build/jars/testing-drivers-test-all.jar"
  NAME="testPropertyDescriptorsForAjTypeDeclaration2" />
  <test FILENAME="org.aspectj/modules/org.aspectj.ajdt.core/testsrc/org/aspectj/tools/ajc/AjASTTest.java"
  JARFILE="org.aspectj/modules/aj-build/jars/testing-drivers-test-all.jar"
  NAME="testPropertyDescriptorsForAjTypeDeclaration3" />
  <test FILENAME="org.aspectj/modules/org.aspectj.ajdt.core/testsrc/org/aspectj/tools/ajc/AjASTTest.java"
  JARFILE="org.aspectj/modules/aj-build/jars/testing-drivers-test-all.jar"
  NAME="testNewDeclareAtFieldDeclaration" />
  <test FILENAME="org.aspectj/modules/org.aspectj.ajdt.core/testsrc/org/aspectj/tools/ajc/AjASTTest.java"
  JARFILE="org.aspectj/modules/aj-build/jars/testing-drivers-test-all.jar"
  NAME="testPropertyDescriptorsForDeclareAtField" />
  <test FILENAME="org.aspectj/modules/org.aspectj.ajdt.core/testsrc/org/aspectj/tools/ajc/AjASTTest.java"
  JARFILE="org.aspectj/modules/aj-build/jars/testing-drivers-test-all.jar"
  NAME="testGetAndSetPatternNodeInDeclareAtField" />
  <test FILENAME="org.aspectj/modules/org.aspectj.ajdt.core/testsrc/org/aspectj/tools/ajc/AjASTTest.java"
  JARFILE="org.aspectj/modules/aj-build/jars/testing-drivers-test-all.jar"
  NAME="testGetAndSetAnnNameInDeclareAtField" />
  <test FILENAME="org.aspectj/modules/org.aspectj.ajdt.core/testsrc/org/aspectj/tools/ajc/AjASTTest.java"
  JARFILE="org.aspectj/modules/aj-build/jars/testing-drivers-test-all.jar"
  NAME="testCloneDeclareAtField" />
  <test FILENAME="org.aspectj/modules/org.aspectj.ajdt.core/testsrc/org/aspectj/tools/ajc/AjASTTest.java"
  JARFILE="org.aspectj/modules/aj-build/jars/testing-drivers-test-all.jar"
  NAME="testInternalDeclareAtField" />
  <test FILENAME="org.aspectj/modules/org.aspectj.ajdt.core/testsrc/org/aspectj/tools/ajc/AjASTTest.java"
  JARFILE="org.aspectj/modules/aj-build/jars/testing-drivers-test-all.jar"
  NAME="testNewDeclareAtMethodDeclaration" />
  <test FILENAME="org.aspectj/modules/org.aspectj.ajdt.core/testsrc/org/aspectj/tools/ajc/AjASTTest.java"
  JARFILE="org.aspectj/modules/aj-build/jars/testing-drivers-test-all.jar"
  NAME="testPropertyDescriptorsForDeclareAtMethod" />
  <test FILENAME="org.aspectj/modules/org.aspectj.ajdt.core/testsrc/org/aspectj/tools/ajc/AjASTTest.java"
  JARFILE="org.aspectj/modules/aj-build/jars/testing-drivers-test-all.jar"
  NAME="testGetAndSetPatternNodeInDeclareAtMethod" />
  <test FILENAME="org.aspectj/modules/org.aspectj.ajdt.core/testsrc/org/aspectj/tools/ajc/AjASTTest.java"
  JARFILE="org.aspectj/modules/aj-build/jars/testing-drivers-test-all.jar"
  NAME="testGetAndSetAnnNameInDeclareAtMethod" />
  <test FILENAME="org.aspectj/modules/org.aspectj.ajdt.core/testsrc/org/aspectj/tools/ajc/AjASTTest.java"
  JARFILE="org.aspectj/modules/aj-build/jars/testing-drivers-test-all.jar"
  NAME="testCloneDeclareAtMethod" />
  <test FILENAME="org.aspectj/modules/org.aspectj.ajdt.core/testsrc/org/aspectj/tools/ajc/AjASTTest.java"
  JARFILE="org.aspectj/modules/aj-build/jars/testing-drivers-test-all.jar"
  NAME="testInternalDeclareAtMethod" />
  <test FILENAME="org.aspectj/modules/org.aspectj.ajdt.core/testsrc/org/aspectj/tools/ajc/AjASTTest.java"
  JARFILE="org.aspectj/modules/aj-build/jars/testing-drivers-test-all.jar"
  NAME="testNewDeclareAtConstructorDeclaration" />
  <test FILENAME="org.aspectj/modules/org.aspectj.ajdt.core/testsrc/org/aspectj/tools/ajc/AjASTTest.java"
  JARFILE="org.aspectj/modules/aj-build/jars/testing-drivers-test-all.jar"
  NAME="testPropertyDescriptorsForDeclareAtConstructor" />
  <test FILENAME="org.aspectj/modules/org.aspectj.ajdt.core/testsrc/org/aspectj/tools/ajc/AjASTTest.java"
  JARFILE="org.aspectj/modules/aj-build/jars/testing-drivers-test-all.jar"
  NAME="testGetAndSetPatternNodeInDeclareAtConstructor" />
  <test FILENAME="org.aspectj/modules/org.aspectj.ajdt.core/testsrc/org/aspectj/tools/ajc/AjASTTest.java"
  JARFILE="org.aspectj/modules/aj-build/jars/testing-drivers-test-all.jar"
  NAME="testGetAndSetAnnNameInDeclareAtConstructor" />
  <test FILENAME="org.aspectj/modules/org.aspectj.ajdt.core/testsrc/org/aspectj/tools/ajc/AjASTTest.java"
  JARFILE="org.aspectj/modules/aj-build/jars/testing-drivers-test-all.jar"
  NAME="testCloneDeclareAtConstructor" />
  <test FILENAME="org.aspectj/modules/org.aspectj.ajdt.core/testsrc/org/aspectj/tools/ajc/AjASTTest.java"
  JARFILE="org.aspectj/modules/aj-build/jars/testing-drivers-test-all.jar"
  NAME="testInternalDeclareAtConstructor" />
  <test FILENAME="org.aspectj/modules/org.aspectj.ajdt.core/testsrc/org/aspectj/tools/ajc/AjASTTest.java"
  JARFILE="org.aspectj/modules/aj-build/jars/testing-drivers-test-all.jar"
  NAME="testNewDeclareAtTypeDeclaration" />
  <test FILENAME="org.aspectj/modules/org.aspectj.ajdt.core/testsrc/org/aspectj/tools/ajc/AjASTTest.java"
  JARFILE="org.aspectj/modules/aj-build/jars/testing-drivers-test-all.jar"
  NAME="testPropertyDescriptorsForDeclareAtType" />
  <test FILENAME="org.aspectj/modules/org.aspectj.ajdt.core/testsrc/org/aspectj/tools/ajc/AjASTTest.java"
  JARFILE="org.aspectj/modules/aj-build/jars/testing-drivers-test-all.jar"
  NAME="testGetAndSetPatternNodeInDeclareAtType" />
  <test FILENAME="org.aspectj/modules/org.aspectj.ajdt.core/testsrc/org/aspectj/tools/ajc/AjASTTest.java"
  JARFILE="org.aspectj/modules/aj-build/jars/testing-drivers-test-all.jar"
  NAME="testGetAndSetAnnNameInDeclareAtType" />
  <test FILENAME="org.aspectj/modules/org.aspectj.ajdt.core/testsrc/org/aspectj/tools/ajc/AjASTTest.java"
  JARFILE="org.aspectj/modules/aj-build/jars/testing-drivers-test-all.jar"
  NAME="testCloneDeclareAtType" />
  <test FILENAME="org.aspectj/modules/org.aspectj.ajdt.core/testsrc/org/aspectj/tools/ajc/AjASTTest.java"
  JARFILE="org.aspectj/modules/aj-build/jars/testing-drivers-test-all.jar"
  NAME="testInternalDeclareAtType" />
  <test FILENAME="org.aspectj/modules/org.aspectj.ajdt.core/testsrc/org/aspectj/tools/ajc/AjASTTest.java"
  JARFILE="org.aspectj/modules/aj-build/jars/testing-drivers-test-all.jar"
  NAME="testNewDeclareErrorDeclaration" />
  <test FILENAME="org.aspectj/modules/org.aspectj.ajdt.core/testsrc/org/aspectj/tools/ajc/AjASTTest.java"
  JARFILE="org.aspectj/modules/aj-build/jars/testing-drivers-test-all.jar"
  NAME="testPropertyDescriptorsForDeclareErrorDeclaration" />
  <test FILENAME="org.aspectj/modules/org.aspectj.ajdt.core/testsrc/org/aspectj/tools/ajc/AjASTTest.java"
  JARFILE="org.aspectj/modules/aj-build/jars/testing-drivers-test-all.jar"
  NAME="testGetAndSetPointcutInErrorDeclaration" />
  <test FILENAME="org.aspectj/modules/org.aspectj.ajdt.core/testsrc/org/aspectj/tools/ajc/AjASTTest.java"
  JARFILE="org.aspectj/modules/aj-build/jars/testing-drivers-test-all.jar"
  NAME="testGetAndSetMessageInErrorDeclaration" />
  <test FILENAME="org.aspectj/modules/org.aspectj.ajdt.core/testsrc/org/aspectj/tools/ajc/AjASTTest.java"
  JARFILE="org.aspectj/modules/aj-build/jars/testing-drivers-test-all.jar"
  NAME="testCloneDeclareErrorDeclaration" />
  <test FILENAME="org.aspectj/modules/org.aspectj.ajdt.core/testsrc/org/aspectj/tools/ajc/AjASTTest.java"
  JARFILE="org.aspectj/modules/aj-build/jars/testing-drivers-test-all.jar"
  NAME="testInternalDeclareErrorDeclaration" />
  <test FILENAME="org.aspectj/modules/org.aspectj.ajdt.core/testsrc/org/aspectj/tools/ajc/AjASTTest.java"
  JARFILE="org.aspectj/modules/aj-build/jars/testing-drivers-test-all.jar"
  NAME="testNewDeclareParentsDeclaration" />
  <test FILENAME="org.aspectj/modules/org.aspectj.ajdt.core/testsrc/org/aspectj/tools/ajc/AjASTTest.java"
  JARFILE="org.aspectj/modules/aj-build/jars/testing-drivers-test-all.jar"
  NAME="testPropertyDescriptorsForDeclareParentsDeclaration" />
  <test FILENAME="org.aspectj/modules/org.aspectj.ajdt.core/testsrc/org/aspectj/tools/ajc/AjASTTest.java"
  JARFILE="org.aspectj/modules/aj-build/jars/testing-drivers-test-all.jar"
  NAME="testGetAndSetTypePatternInDeclareParentsDeclaration" />
  <test FILENAME="org.aspectj/modules/org.aspectj.ajdt.core/testsrc/org/aspectj/tools/ajc/AjASTTest.java"
  JARFILE="org.aspectj/modules/aj-build/jars/testing-drivers-test-all.jar"
  NAME="testGetAndSetIsExtendsInDeclareParentsDeclaration" />
  <test FILENAME="org.aspectj/modules/org.aspectj.ajdt.core/testsrc/org/aspectj/tools/ajc/AjASTTest.java"
  JARFILE="org.aspectj/modules/aj-build/jars/testing-drivers-test-all.jar"
  NAME="testTypePatternsInDeclareParents" />
  <test FILENAME="org.aspectj/modules/org.aspectj.ajdt.core/testsrc/org/aspectj/tools/ajc/AjASTTest.java"
  JARFILE="org.aspectj/modules/aj-build/jars/testing-drivers-test-all.jar"
  NAME="testCloneDeclareParentsDeclaration" />
  <test FILENAME="org.aspectj/modules/org.aspectj.ajdt.core/testsrc/org/aspectj/tools/ajc/AjASTTest.java"
  JARFILE="org.aspectj/modules/aj-build/jars/testing-drivers-test-all.jar"
  NAME="testNewDeclarePrecedenceDeclaration" />
  <test FILENAME="org.aspectj/modules/org.aspectj.ajdt.core/testsrc/org/aspectj/tools/ajc/AjASTTest.java"
  JARFILE="org.aspectj/modules/aj-build/jars/testing-drivers-test-all.jar"
  NAME="testPropertyDescriptorsForDeclarePrecedence" />
  <test FILENAME="org.aspectj/modules/org.aspectj.ajdt.core/testsrc/org/aspectj/tools/ajc/AjASTTest.java"
  JARFILE="org.aspectj/modules/aj-build/jars/testing-drivers-test-all.jar"
  NAME="testTypePatternsInDeclarePrecedence" />
  <test FILENAME="org.aspectj/modules/org.aspectj.ajdt.core/testsrc/org/aspectj/tools/ajc/AjASTTest.java"
  JARFILE="org.aspectj/modules/aj-build/jars/testing-drivers-test-all.jar"
  NAME="testCloneDeclarePrecedenceDeclaration" />
  <test FILENAME="org.aspectj/modules/org.aspectj.ajdt.core/testsrc/org/aspectj/tools/ajc/AjASTTest.java"
  JARFILE="org.aspectj/modules/aj-build/jars/testing-drivers-test-all.jar"
  NAME="testInternalDeclarePrecedenceDeclaration" />
  <test FILENAME="org.aspectj/modules/org.aspectj.ajdt.core/testsrc/org/aspectj/tools/ajc/AjASTTest.java"
  JARFILE="org.aspectj/modules/aj-build/jars/testing-drivers-test-all.jar"
  NAME="testNewDeclareSoftDeclaration" />
  <test FILENAME="org.aspectj/modules/org.aspectj.ajdt.core/testsrc/org/aspectj/tools/ajc/AjASTTest.java"
  JARFILE="org.aspectj/modules/aj-build/jars/testing-drivers-test-all.jar"
  NAME="testPropertyDescriptorsForDeclareSoftDeclaration" />
  <test FILENAME="org.aspectj/modules/org.aspectj.ajdt.core/testsrc/org/aspectj/tools/ajc/AjASTTest.java"
  JARFILE="org.aspectj/modules/aj-build/jars/testing-drivers-test-all.jar"
  NAME="testGetAndSetPointcutInSoftDeclaration" />
  <test FILENAME="org.aspectj/modules/org.aspectj.ajdt.core/testsrc/org/aspectj/tools/ajc/AjASTTest.java"
  JARFILE="org.aspectj/modules/aj-build/jars/testing-drivers-test-all.jar"
  NAME="testGetAndSetTypePatternInSoftDeclaration" />
  <test FILENAME="org.aspectj/modules/org.aspectj.ajdt.core/testsrc/org/aspectj/tools/ajc/AjASTTest.java"
  JARFILE="org.aspectj/modules/aj-build/jars/testing-drivers-test-all.jar"
  NAME="testCloneDeclareSoftDeclaration" />
  <test FILENAME="org.aspectj/modules/org.aspectj.ajdt.core/testsrc/org/aspectj/tools/ajc/AjASTTest.java"
  JARFILE="org.aspectj/modules/aj-build/jars/testing-drivers-test-all.jar"
  NAME="testInternalDeclareSoftDeclaration" />
  <test FILENAME="org.aspectj/modules/org.aspectj.ajdt.core/testsrc/org/aspectj/tools/ajc/AjASTTest.java"
  JARFILE="org.aspectj/modules/aj-build/jars/testing-drivers-test-all.jar"
  NAME="testNewDeclareWarningDeclaration" />
  <test FILENAME="org.aspectj/modules/org.aspectj.ajdt.core/testsrc/org/aspectj/tools/ajc/AjASTTest.java"
  JARFILE="org.aspectj/modules/aj-build/jars/testing-drivers-test-all.jar"
  NAME="testPropertyDescriptorsForDeclareWarningDeclaration" />
  <test FILENAME="org.aspectj/modules/org.aspectj.ajdt.core/testsrc/org/aspectj/tools/ajc/AjASTTest.java"
  JARFILE="org.aspectj/modules/aj-build/jars/testing-drivers-test-all.jar"
  NAME="testGetAndSetPointcutInWarningDeclaration" />
  <test FILENAME="org.aspectj/modules/org.aspectj.ajdt.core/testsrc/org/aspectj/tools/ajc/AjASTTest.java"
  JARFILE="org.aspectj/modules/aj-build/jars/testing-drivers-test-all.jar"
  NAME="testGetAndSetMessageInWarningDeclaration" />
  <test FILENAME="org.aspectj/modules/org.aspectj.ajdt.core/testsrc/org/aspectj/tools/ajc/AjASTTest.java"
  JARFILE="org.aspectj/modules/aj-build/jars/testing-drivers-test-all.jar"
  NAME="testCloneDeclareWarningDeclaration" />
  <test FILENAME="org.aspectj/modules/org.aspectj.ajdt.core/testsrc/org/aspectj/tools/ajc/AjASTTest.java"
  JARFILE="org.aspectj/modules/aj-build/jars/testing-drivers-test-all.jar"
  NAME="testInternalDeclareWarningDeclaration" />
  <test FILENAME="org.aspectj/modules/org.aspectj.ajdt.core/testsrc/org/aspectj/tools/ajc/AjASTTest.java"
  JARFILE="org.aspectj/modules/aj-build/jars/testing-drivers-test-all.jar"
  NAME="testJavadocCommentForDeclareExists_pr150467" />
  <test FILENAME="org.aspectj/modules/org.aspectj.ajdt.core/testsrc/org/aspectj/tools/ajc/AjNaiveASTFlattenerTest.java"
  JARFILE="org.aspectj/modules/aj-build/jars/testing-drivers-test-all.jar"
  NAME="testNoPointcutArgs" />
  <test FILENAME="org.aspectj/modules/org.aspectj.ajdt.core/testsrc/org/aspectj/tools/ajc/AjNaiveASTFlattenerTest.java"
  JARFILE="org.aspectj/modules/aj-build/jars/testing-drivers-test-all.jar"
  NAME="testOneIntPointcutArg" />
  <test FILENAME="org.aspectj/modules/org.aspectj.ajdt.core/testsrc/org/aspectj/tools/ajc/AjNaiveASTFlattenerTest.java"
  JARFILE="org.aspectj/modules/aj-build/jars/testing-drivers-test-all.jar"
  NAME="testOneIntOneDoublePointcutArg" />
  <test FILENAME="org.aspectj/modules/org.aspectj.ajdt.core/testsrc/org/aspectj/tools/ajc/AjNaiveASTFlattenerTest.java"
  JARFILE="org.aspectj/modules/aj-build/jars/testing-drivers-test-all.jar"
  NAME="testOneTypedPointcutArg" />
  <test FILENAME="org.aspectj/modules/org.aspectj.ajdt.core/testsrc/org/aspectj/tools/ajc/AjNaiveASTFlattenerTest.java"
  JARFILE="org.aspectj/modules/aj-build/jars/testing-drivers-test-all.jar"
  NAME="testTwoTypedPointcutArgs" />
  <test FILENAME="org.aspectj/modules/org.aspectj.ajdt.core/testsrc/org/aspectj/tools/ajc/AjNaiveASTFlattenerTest.java"
  JARFILE="org.aspectj/modules/aj-build/jars/testing-drivers-test-all.jar"
  NAME="testOneTypedAndOneIntPointcutArg" />
  <test FILENAME="org.aspectj/modules/org.aspectj.ajdt.core/testsrc/org/aspectj/tools/ajc/AjNaiveASTFlattenerTest.java"
  JARFILE="org.aspectj/modules/aj-build/jars/testing-drivers-test-all.jar"
  NAME="testOneIntAndOneTypedPointcutArg" />
  <test FILENAME="org.aspectj/modules/org.aspectj.ajdt.core/testsrc/org/aspectj/tools/ajc/AjNaiveASTFlattenerTest.java"
  JARFILE="org.aspectj/modules/aj-build/jars/testing-drivers-test-all.jar"
  NAME="testOneIntOneDoubleAndOneTypedPointcutArg" />
  <test FILENAME="org.aspectj/modules/runtime/testsrc/org/aspectj/runtime/RuntimeModuleTests.java"
  JARFILE="org.aspectj/modules/aj-build/jars/testing-drivers-test-all.jar"
  NAME="testNoAspectBoundException" />
  <test FILENAME="org.aspectj/modules/runtime/testsrc/org/aspectj/runtime/RuntimeModuleTests.java"
  JARFILE="org.aspectj/modules/aj-build/jars/testing-drivers-test-all.jar"
  NAME="testSoftExceptionPrintStackTrace" />
  <test FILENAME="org.aspectj/modules/runtime/testsrc/org/aspectj/runtime/reflect/SignatureTest.java"
  JARFILE="org.aspectj/modules/aj-build/jars/testing-drivers-test-all.jar"
  NAME="testGetDeclaringTypeName" />
  <test FILENAME="org.aspectj/modules/runtime/testsrc/org/aspectj/runtime/reflect/SignatureTest.java"
  JARFILE="org.aspectj/modules/aj-build/jars/testing-drivers-test-all.jar"
  NAME="testToShortMiddleLongString" />
  <test FILENAME="org.aspectj/modules/runtime/testsrc/org/aspectj/runtime/reflect/SignatureTest.java"
  JARFILE="org.aspectj/modules/aj-build/jars/testing-drivers-test-all.jar"
  NAME="testClearCache" />
  <test FILENAME="org.aspectj/modules/runtime/testsrc/org/aspectj/runtime/reflect/JoinPointImplTest.java"
  JARFILE="org.aspectj/modules/aj-build/jars/testing-drivers-test-all.jar"
  NAME="testGetArgs" />
  <test FILENAME="org.aspectj/modules/runtime/testsrc/org/aspectj/runtime/reflect/RuntimePerformanceTest.java"
  JARFILE="org.aspectj/modules/aj-build/jars/testing-drivers-test-all.jar"
  NAME="testToString" />
  <test FILENAME="org.aspectj/modules/taskdefs/testsrc/org/aspectj/tools/ant/taskdefs/Ajc11CompilerAdapterTest.java"
  JARFILE="org.aspectj/modules/aj-build/jars/testing-drivers-test-all.jar"
  NAME="testCompilerAdapterWithAjc" />
  <test FILENAME="org.aspectj/modules/taskdefs/testsrc/org/aspectj/tools/ant/taskdefs/Ajc11CompilerAdapterTest.java"
  JARFILE="org.aspectj/modules/aj-build/jars/testing-drivers-test-all.jar"
  NAME="testCompilerAdapterWithAjcRecursively" />
  <test FILENAME="org.aspectj/modules/taskdefs/testsrc/org/aspectj/tools/ant/taskdefs/AjdocTest.java"
  JARFILE="org.aspectj/modules/aj-build/jars/testing-drivers-test-all.jar"
  NAME="testSource14" />
  <test FILENAME="org.aspectj/modules/taskdefs/testsrc/org/aspectj/tools/ant/taskdefs/AjcTaskTest.java"
  JARFILE="org.aspectj/modules/aj-build/jars/testing-drivers-test-all.jar"
  NAME="testOutxml" />
  <test FILENAME="org.aspectj/modules/taskdefs/testsrc/org/aspectj/tools/ant/taskdefs/AjcTaskTest.java"
  JARFILE="org.aspectj/modules/aj-build/jars/testing-drivers-test-all.jar"
  NAME="testNullDestDir" />
  <test FILENAME="org.aspectj/modules/taskdefs/testsrc/org/aspectj/tools/ant/taskdefs/AjcTaskTest.java"
  JARFILE="org.aspectj/modules/aj-build/jars/testing-drivers-test-all.jar"
  NAME="testOutputRequirement" />
  <test FILENAME="org.aspectj/modules/taskdefs/testsrc/org/aspectj/tools/ant/taskdefs/AjcTaskTest.java"
  JARFILE="org.aspectj/modules/aj-build/jars/testing-drivers-test-all.jar"
  NAME="testSourceRootCopyFilter" />
  <test FILENAME="org.aspectj/modules/taskdefs/testsrc/org/aspectj/tools/ant/taskdefs/AjcTaskTest.java"
  JARFILE="org.aspectj/modules/aj-build/jars/testing-drivers-test-all.jar"
  NAME="testInpathDirCopyFilter" />
  <test FILENAME="org.aspectj/modules/taskdefs/testsrc/org/aspectj/tools/ant/taskdefs/AjcTaskTest.java"
  JARFILE="org.aspectj/modules/aj-build/jars/testing-drivers-test-all.jar"
  NAME="testInpathDirCopyFilterWithJar" />
  <test FILENAME="org.aspectj/modules/taskdefs/testsrc/org/aspectj/tools/ant/taskdefs/AjcTaskTest.java"
  JARFILE="org.aspectj/modules/aj-build/jars/testing-drivers-test-all.jar"
  NAME="testInpathDirCopyFilterWithOddjar" />
  <test FILENAME="org.aspectj/modules/taskdefs/testsrc/org/aspectj/tools/ant/taskdefs/AjcTaskTest.java"
  JARFILE="org.aspectj/modules/aj-build/jars/testing-drivers-test-all.jar"
  NAME="testInpathDirCopyFilterError" />
  <test FILENAME="org.aspectj/modules/taskdefs/testsrc/org/aspectj/tools/ant/taskdefs/AjcTaskTest.java"
  JARFILE="org.aspectj/modules/aj-build/jars/testing-drivers-test-all.jar"
  NAME="testLoggingMode" />
  <test FILENAME="org.aspectj/modules/taskdefs/testsrc/org/aspectj/tools/ant/taskdefs/AjcTaskTest.java"
  JARFILE="org.aspectj/modules/aj-build/jars/testing-drivers-test-all.jar"
  NAME="testCommandEditor" />
  <test FILENAME="org.aspectj/modules/taskdefs/testsrc/org/aspectj/tools/ant/taskdefs/AjcTaskTest.java"
  JARFILE="org.aspectj/modules/aj-build/jars/testing-drivers-test-all.jar"
  NAME="testLimitTo" />
  <test FILENAME="org.aspectj/modules/taskdefs/testsrc/org/aspectj/tools/ant/taskdefs/AjcTaskTest.java"
  JARFILE="org.aspectj/modules/aj-build/jars/testing-drivers-test-all.jar"
  NAME="testFindAspectjtoolsJar" />
  <test FILENAME="org.aspectj/modules/taskdefs/testsrc/org/aspectj/tools/ant/taskdefs/AjcTaskTest.java"
  JARFILE="org.aspectj/modules/aj-build/jars/testing-drivers-test-all.jar"
  NAME="testMessageHolderClassName" />
  <test FILENAME="org.aspectj/modules/taskdefs/testsrc/org/aspectj/tools/ant/taskdefs/AjcTaskTest.java"
  JARFILE="org.aspectj/modules/aj-build/jars/testing-drivers-test-all.jar"
  NAME="testDefaultListForkedNoTools" />
  <test FILENAME="org.aspectj/modules/taskdefs/testsrc/org/aspectj/tools/ant/taskdefs/AjcTaskTest.java"
  JARFILE="org.aspectj/modules/aj-build/jars/testing-drivers-test-all.jar"
  NAME="testDefaultListForkedIncremental" />
  <test FILENAME="org.aspectj/modules/taskdefs/testsrc/org/aspectj/tools/ant/taskdefs/AjcTaskTest.java"
  JARFILE="org.aspectj/modules/aj-build/jars/testing-drivers-test-all.jar"
  NAME="testCompileErrorFailOnErrorDefault" />
  <test FILENAME="org.aspectj/modules/taskdefs/testsrc/org/aspectj/tools/ant/taskdefs/AjcTaskTest.java"
  JARFILE="org.aspectj/modules/aj-build/jars/testing-drivers-test-all.jar"
  NAME="testCompileErrorListDefaultHolder" />
  <test FILENAME="org.aspectj/modules/taskdefs/testsrc/org/aspectj/tools/ant/taskdefs/AjcTaskTest.java"
  JARFILE="org.aspectj/modules/aj-build/jars/testing-drivers-test-all.jar"
  NAME="testDefaultList" />
  <test FILENAME="org.aspectj/modules/taskdefs/testsrc/org/aspectj/tools/ant/taskdefs/AjcTaskTest.java"
  JARFILE="org.aspectj/modules/aj-build/jars/testing-drivers-test-all.jar"
  NAME="testCompileErrorList" />
  <test FILENAME="org.aspectj/modules/taskdefs/testsrc/org/aspectj/tools/ant/taskdefs/AjcTaskTest.java"
  JARFILE="org.aspectj/modules/aj-build/jars/testing-drivers-test-all.jar"
  NAME="testShowWeaveInfo" />
  <test FILENAME="org.aspectj/modules/taskdefs/testsrc/org/aspectj/tools/ant/taskdefs/AjcTaskTest.java"
  JARFILE="org.aspectj/modules/aj-build/jars/testing-drivers-test-all.jar"
  NAME="testCompileWarningList" />
  <test FILENAME="org.aspectj/modules/taskdefs/testsrc/org/aspectj/tools/ant/taskdefs/AjcTaskTest.java"
  JARFILE="org.aspectj/modules/aj-build/jars/testing-drivers-test-all.jar"
  NAME="testNoSuchFileList" />
  <test FILENAME="org.aspectj/modules/taskdefs/testsrc/org/aspectj/tools/ant/taskdefs/AjcTaskTest.java"
  JARFILE="org.aspectj/modules/aj-build/jars/testing-drivers-test-all.jar"
  NAME="testVersions" />
  <test FILENAME="org.aspectj/modules/taskdefs/testsrc/org/aspectj/tools/ant/taskdefs/AjcTaskTest.java"
  JARFILE="org.aspectj/modules/aj-build/jars/testing-drivers-test-all.jar"
  NAME="testClasspath" />
  <test FILENAME="org.aspectj/modules/taskdefs/testsrc/org/aspectj/tools/ant/taskdefs/AjcTaskTest.java"
  JARFILE="org.aspectj/modules/aj-build/jars/testing-drivers-test-all.jar"
  NAME="testNoFile" />
  <test FILENAME="org.aspectj/modules/taskdefs/testsrc/org/aspectj/tools/ant/taskdefs/AjcTaskTest.java"
  JARFILE="org.aspectj/modules/aj-build/jars/testing-drivers-test-all.jar"
  NAME="testCompileErrorFile" />
  <test FILENAME="org.aspectj/modules/taskdefs/testsrc/org/aspectj/tools/ant/taskdefs/AjcTaskTest.java"
  JARFILE="org.aspectj/modules/aj-build/jars/testing-drivers-test-all.jar"
  NAME="testCompileWarningFile" />
  <test FILENAME="org.aspectj/modules/taskdefs/testsrc/org/aspectj/tools/ant/taskdefs/AjcTaskTest.java"
  JARFILE="org.aspectj/modules/aj-build/jars/testing-drivers-test-all.jar"
  NAME="testNoSuchFile" />
  <test FILENAME="org.aspectj/modules/taskdefs/testsrc/org/aspectj/tools/ant/taskdefs/AjcTaskTest.java"
  JARFILE="org.aspectj/modules/aj-build/jars/testing-drivers-test-all.jar"
  NAME="testDefaultFileComplete" />
  <test FILENAME="org.aspectj/modules/taskdefs/testsrc/org/aspectj/tools/ant/taskdefs/AjcTaskTest.java"
  JARFILE="org.aspectj/modules/aj-build/jars/testing-drivers-test-all.jar"
  NAME="testLogCommand" />
  <test FILENAME="org.aspectj/modules/taskdefs/testsrc/org/aspectj/tools/ant/taskdefs/AjcTaskTest.java"
  JARFILE="org.aspectj/modules/aj-build/jars/testing-drivers-test-all.jar"
  NAME="testXOptions" />
  <test FILENAME="org.aspectj/modules/taskdefs/testsrc/org/aspectj/tools/ant/taskdefs/AjcTaskTest.java"
  JARFILE="org.aspectj/modules/aj-build/jars/testing-drivers-test-all.jar"
  NAME="testOutxmlFile" />
  <test FILENAME="org.aspectj/modules/build/testsrc/org/aspectj/build/BuildModuleTests.java"
  JARFILE="org.aspectj/modules/aj-build/jars/testing-drivers-test-all.jar"
  NAME="testSuffixList" />
  <test FILENAME="org.aspectj/modules/build/testsrc/org/aspectj/build/BuildModuleTests.java"
  JARFILE="org.aspectj/modules/aj-build/jars/testing-drivers-test-all.jar"
  NAME="testLicense_ajbrowser" />
  <test FILENAME="org.aspectj/modules/build/testsrc/org/aspectj/build/BuildModuleTests.java"
  JARFILE="org.aspectj/modules/aj-build/jars/testing-drivers-test-all.jar"
  NAME="testLicense_ajde" />
  <test FILENAME="org.aspectj/modules/build/testsrc/org/aspectj/build/BuildModuleTests.java"
  JARFILE="org.aspectj/modules/aj-build/jars/testing-drivers-test-all.jar"
  NAME="testLicense_aspectj5rt" />
  <test FILENAME="org.aspectj/modules/build/testsrc/org/aspectj/build/BuildModuleTests.java"
  JARFILE="org.aspectj/modules/aj-build/jars/testing-drivers-test-all.jar"
  NAME="testLicense_asm" />
  <test FILENAME="org.aspectj/modules/build/testsrc/org/aspectj/build/BuildModuleTests.java"
  JARFILE="org.aspectj/modules/aj-build/jars/testing-drivers-test-all.jar"
  NAME="testLicense_bridge" />
  <test FILENAME="org.aspectj/modules/build/testsrc/org/aspectj/build/BuildModuleTests.java"
  JARFILE="org.aspectj/modules/aj-build/jars/testing-drivers-test-all.jar"
  NAME="testLicense_build" />
  <test FILENAME="org.aspectj/modules/build/testsrc/org/aspectj/build/BuildModuleTests.java"
  JARFILE="org.aspectj/modules/aj-build/jars/testing-drivers-test-all.jar"
  NAME="testLicense_org_aspectj_ajdt_core" />
  <test FILENAME="org.aspectj/modules/build/testsrc/org/aspectj/build/BuildModuleTests.java"
  JARFILE="org.aspectj/modules/aj-build/jars/testing-drivers-test-all.jar"
  NAME="testLicense_org_aspectj_lib" />
  <test FILENAME="org.aspectj/modules/build/testsrc/org/aspectj/build/BuildModuleTests.java"
  JARFILE="org.aspectj/modules/aj-build/jars/testing-drivers-test-all.jar"
  NAME="testLicense_org_eclipse_jdt_core" />
  <test FILENAME="org.aspectj/modules/build/testsrc/org/aspectj/build/BuildModuleTests.java"
  JARFILE="org.aspectj/modules/aj-build/jars/testing-drivers-test-all.jar"
  NAME="testLicense_runtime" />
  <test FILENAME="org.aspectj/modules/build/testsrc/org/aspectj/build/BuildModuleTests.java"
  JARFILE="org.aspectj/modules/aj-build/jars/testing-drivers-test-all.jar"
  NAME="testLicense_taskdefs" />
  <test FILENAME="org.aspectj/modules/build/testsrc/org/aspectj/build/BuildModuleTests.java"
  JARFILE="org.aspectj/modules/aj-build/jars/testing-drivers-test-all.jar"
  NAME="testLicense_testing" />
  <test FILENAME="org.aspectj/modules/build/testsrc/org/aspectj/build/BuildModuleTests.java"
  JARFILE="org.aspectj/modules/aj-build/jars/testing-drivers-test-all.jar"
  NAME="testLicense_testing_client" />
  <test FILENAME="org.aspectj/modules/build/testsrc/org/aspectj/build/BuildModuleTests.java"
  JARFILE="org.aspectj/modules/aj-build/jars/testing-drivers-test-all.jar"
  NAME="testLicense_testing_drivers" />
  <test FILENAME="org.aspectj/modules/build/testsrc/org/aspectj/build/BuildModuleTests.java"
  JARFILE="org.aspectj/modules/aj-build/jars/testing-drivers-test-all.jar"
  NAME="testLicense_testing_util" />
  <test FILENAME="org.aspectj/modules/build/testsrc/org/aspectj/build/BuildModuleTests.java"
  JARFILE="org.aspectj/modules/aj-build/jars/testing-drivers-test-all.jar"
  NAME="testLicense_util" />
  <test FILENAME="org.aspectj/modules/build/testsrc/org/aspectj/build/BuildModuleTests.java"
  JARFILE="org.aspectj/modules/aj-build/jars/testing-drivers-test-all.jar"
  NAME="testLicense_weaver" />
  <test FILENAME="org.aspectj/modules/build/testsrc/org/aspectj/build/BuildModuleTests.java"
  JARFILE="org.aspectj/modules/aj-build/jars/testing-drivers-test-all.jar"
  NAME="testLicense_ajdoc" />
  <test FILENAME="org.aspectj/modules/build/testsrc/org/aspectj/build/BuildModuleTests.java"
  JARFILE="org.aspectj/modules/aj-build/jars/testing-drivers-test-all.jar"
  NAME="testLicense_loadtime" />
  <test FILENAME="org.aspectj/modules/build/testsrc/org/aspectj/build/BuildModuleTests.java"
  JARFILE="org.aspectj/modules/aj-build/jars/testing-drivers-test-all.jar"
  NAME="testLicense_loadtime5" />
  <test FILENAME="org.aspectj/modules/build/testsrc/org/aspectj/build/BuildModuleTests.java"
  JARFILE="org.aspectj/modules/aj-build/jars/testing-drivers-test-all.jar"
  NAME="testLicense_weaver5" />
  <test FILENAME="org.aspectj/modules/build/testsrc/org/aspectj/internal/build/BuildModuleTest.java"
  JARFILE="org.aspectj/modules/aj-build/jars/testing-drivers-test-all.jar"
  NAME="testBuild" />
  <test FILENAME="org.aspectj/modules/build/testsrc/org/aspectj/internal/build/BuildModuleTest.java"
  JARFILE="org.aspectj/modules/aj-build/jars/testing-drivers-test-all.jar"
  NAME="testAllJunitTests" />
  <test FILENAME="org.aspectj/modules/build/testsrc/org/aspectj/internal/build/BuildModuleTest.java"
  JARFILE="org.aspectj/modules/aj-build/jars/testing-drivers-test-all.jar"
  NAME="testUtil" />
  <test FILENAME="org.aspectj/modules/build/testsrc/org/aspectj/internal/build/BuildModuleTest.java"
  JARFILE="org.aspectj/modules/aj-build/jars/testing-drivers-test-all.jar"
  NAME="testAsm" />
  <test FILENAME="org.aspectj/modules/build/testsrc/org/aspectj/internal/build/BuildModuleTest.java"
  JARFILE="org.aspectj/modules/aj-build/jars/testing-drivers-test-all.jar"
  NAME="testRuntime" />
  <test FILENAME="org.aspectj/modules/build/testsrc/org/aspectj/internal/build/BuildModuleTest.java"
  JARFILE="org.aspectj/modules/aj-build/jars/testing-drivers-test-all.jar"
  NAME="testAspectj5rt" />
  <test FILENAME="org.aspectj/modules/build/testsrc/org/aspectj/internal/build/BuildModuleTest.java"
  JARFILE="org.aspectj/modules/aj-build/jars/testing-drivers-test-all.jar"
  NAME="testNoDuplicates" />
  <test FILENAME="org.aspectj/modules/build/testsrc/org/aspectj/internal/build/BuildModuleTest.java"
  JARFILE="org.aspectj/modules/aj-build/jars/testing-drivers-test-all.jar"
  NAME="testAjbrowser" />
  <test FILENAME="org.aspectj/modules/build/testsrc/org/aspectj/internal/build/BuildModuleTest.java"
  JARFILE="org.aspectj/modules/aj-build/jars/testing-drivers-test-all.jar"
  NAME="testTestingUtils" />
  <test FILENAME="org.aspectj/modules/build/testsrc/org/aspectj/internal/build/BuildModuleTest.java"
  JARFILE="org.aspectj/modules/aj-build/jars/testing-drivers-test-all.jar"
  NAME="testAjdt" />
  <test FILENAME="org.aspectj/modules/build/testsrc/org/aspectj/internal/build/BuildModuleTest.java"
  JARFILE="org.aspectj/modules/aj-build/jars/testing-drivers-test-all.jar"
  NAME="testTesting" />
  <test FILENAME="org.aspectj/modules/build/testsrc/org/aspectj/internal/build/BuildModuleTest.java"
  JARFILE="org.aspectj/modules/aj-build/jars/testing-drivers-test-all.jar"
  NAME="testTestingDrivers" />
  <test FILENAME="org.aspectj/modules/build/testsrc/org/aspectj/internal/build/BuildModuleTest.java"
  JARFILE="org.aspectj/modules/aj-build/jars/testing-drivers-test-all.jar"
  NAME="testWeaver" />
  <test FILENAME="org.aspectj/modules/build/testsrc/org/aspectj/internal/build/BuildModuleTest.java"
  JARFILE="org.aspectj/modules/aj-build/jars/testing-drivers-test-all.jar"
  NAME="testAspectjtools" />
  <test FILENAME="org.aspectj/modules/build/testsrc/org/aspectj/internal/build/ModulesTest.java"
  JARFILE="org.aspectj/modules/aj-build/jars/testing-drivers-test-all.jar"
  NAME="testAllModulesCreation" />
  <test FILENAME="org.aspectj/modules/build/testsrc/org/aspectj/internal/build/ModulesTest.java"
  JARFILE="org.aspectj/modules/aj-build/jars/testing-drivers-test-all.jar"
  NAME="testClasspathCreation" />
  <test FILENAME="org.aspectj/modules/build/testsrc/org/aspectj/internal/tools/build/UtilsTest.java"
  JARFILE="org.aspectj/modules/aj-build/jars/testing-drivers-test-all.jar"
  NAME="testReportMemberDiffs" />
  <test FILENAME="org.aspectj/modules/testing/testsrc/org/aspectj/testing/harness/bridge/AbstractRunSpecTest.java"
  JARFILE="org.aspectj/modules/aj-build/jars/testing-drivers-test-all.jar"
  NAME="testXmlWrite" />
  <test FILENAME="org.aspectj/modules/testing/testsrc/org/aspectj/testing/harness/bridge/AbstractRunSpecTest.java"
  JARFILE="org.aspectj/modules/aj-build/jars/testing-drivers-test-all.jar"
  NAME="testSetOptions" />
  <test FILENAME="org.aspectj/modules/testing/testsrc/org/aspectj/testing/harness/bridge/AjcSpecTest.java"
  JARFILE="org.aspectj/modules/aj-build/jars/testing-drivers-test-all.jar"
  NAME="testMinimal" />
  <test FILENAME="org.aspectj/modules/testing/testsrc/org/aspectj/testing/harness/bridge/CompilerRunTest.java"
  JARFILE="org.aspectj/modules/aj-build/jars/testing-drivers-test-all.jar"
  NAME="testExtDirs" />
  <test FILENAME="org.aspectj/modules/testing/testsrc/org/aspectj/testing/harness/bridge/CompilerRunSpecTest.java"
  JARFILE="org.aspectj/modules/aj-build/jars/testing-drivers-test-all.jar"
  NAME="testSetupArgs" />
  <test FILENAME="org.aspectj/modules/testing/testsrc/org/aspectj/testing/harness/bridge/CompilerRunSpecTest.java"
  JARFILE="org.aspectj/modules/aj-build/jars/testing-drivers-test-all.jar"
  NAME="testCompliance" />
  <test FILENAME="org.aspectj/modules/testing/testsrc/org/aspectj/testing/harness/bridge/CompilerRunSpecTest.java"
  JARFILE="org.aspectj/modules/aj-build/jars/testing-drivers-test-all.jar"
  NAME="testTarget" />
  <test FILENAME="org.aspectj/modules/testing/testsrc/org/aspectj/testing/harness/bridge/CompilerRunSpecTest.java"
  JARFILE="org.aspectj/modules/aj-build/jars/testing-drivers-test-all.jar"
  NAME="testSource" />
  <test FILENAME="org.aspectj/modules/testing/testsrc/org/aspectj/testing/harness/bridge/CompilerRunSpecTest.java"
  JARFILE="org.aspectj/modules/aj-build/jars/testing-drivers-test-all.jar"
  NAME="testSourceOverride" />
  <test FILENAME="org.aspectj/modules/testing/testsrc/org/aspectj/testing/harness/bridge/CompilerRunSpecTest.java"
  JARFILE="org.aspectj/modules/aj-build/jars/testing-drivers-test-all.jar"
  NAME="testTargetOverride" />
  <test FILENAME="org.aspectj/modules/testing/testsrc/org/aspectj/testing/harness/bridge/CompilerRunSpecTest.java"
  JARFILE="org.aspectj/modules/aj-build/jars/testing-drivers-test-all.jar"
  NAME="testCompilerOptions" />
  <test FILENAME="org.aspectj/modules/testing/testsrc/org/aspectj/testing/harness/bridge/CompilerRunSpecTest.java"
  JARFILE="org.aspectj/modules/aj-build/jars/testing-drivers-test-all.jar"
  NAME="testSpecOptions" />
  <test FILENAME="org.aspectj/modules/testing/testsrc/org/aspectj/testing/harness/bridge/ParseTestCase.java"
  JARFILE="org.aspectj/modules/aj-build/jars/testing-drivers-test-all.jar"
  NAME="testNothingBecauseOthersSkipped" />
  <test FILENAME="org.aspectj/modules/testing/testsrc/org/aspectj/testing/taskdefs/AjcTaskCompileCommandTest.java"
  JARFILE="org.aspectj/modules/aj-build/jars/testing-drivers-test-all.jar"
  NAME="testDefaultList" />
  <test FILENAME="org.aspectj/modules/testing/testsrc/org/aspectj/testing/taskdefs/AjcTaskCompileCommandTest.java"
  JARFILE="org.aspectj/modules/aj-build/jars/testing-drivers-test-all.jar"
  NAME="testCompileErrorList" />
  <test FILENAME="org.aspectj/modules/testing/testsrc/org/aspectj/testing/taskdefs/AjcTaskCompileCommandTest.java"
  JARFILE="org.aspectj/modules/aj-build/jars/testing-drivers-test-all.jar"
  NAME="testWaitUntilMessagesQuiet_InputErrors" />
  <test FILENAME="org.aspectj/modules/testing/testsrc/org/aspectj/testing/taskdefs/AjcTaskCompileCommandTest.java"
  JARFILE="org.aspectj/modules/aj-build/jars/testing-drivers-test-all.jar"
  NAME="testDefault" />
  <test FILENAME="org.aspectj/modules/testing/testsrc/org/aspectj/testing/taskdefs/AjcTaskCompileCommandTest.java"
  JARFILE="org.aspectj/modules/aj-build/jars/testing-drivers-test-all.jar"
  NAME="testWaitUntilMessagesQuiet_1_2" />
  <test FILENAME="org.aspectj/modules/testing/testsrc/org/aspectj/testing/taskdefs/AjcTaskCompileCommandTest.java"
  JARFILE="org.aspectj/modules/aj-build/jars/testing-drivers-test-all.jar"
  NAME="testWaitUntilMessagesQuiet_1_10" />
  <test FILENAME="org.aspectj/modules/testing/testsrc/org/aspectj/testing/taskdefs/AjcTaskCompileCommandTest.java"
  JARFILE="org.aspectj/modules/aj-build/jars/testing-drivers-test-all.jar"
  NAME="testWaitUntilMessagesQuiet_8_10" />
  <test FILENAME="org.aspectj/modules/testing/testsrc/org/aspectj/testing/taskdefs/AjcTaskCompileCommandTest.java"
  JARFILE="org.aspectj/modules/aj-build/jars/testing-drivers-test-all.jar"
  NAME="testWaitUntilMessagesQuiet_1_10_4_1" />
  <test FILENAME="org.aspectj/modules/testing/testsrc/org/aspectj/testing/taskdefs/AjcTaskCompileCommandTest.java"
  JARFILE="org.aspectj/modules/aj-build/jars/testing-drivers-test-all.jar"
  NAME="testWaitUntilMessagesQuiet_8_10_2_1" />
  <test FILENAME="org.aspectj/modules/testing/testsrc/org/aspectj/testing/util/BridgeUtilTest.java"
  JARFILE="org.aspectj/modules/aj-build/jars/testing-drivers-test-all.jar"
  NAME="testChildString" />
  <test FILENAME="org.aspectj/modules/testing/testsrc/org/aspectj/testing/util/FileUtilTest.java"
  JARFILE="org.aspectj/modules/aj-build/jars/testing-drivers-test-all.jar"
  NAME="testFileEquals" />
  <test FILENAME="org.aspectj/modules/testing/testsrc/org/aspectj/testing/util/IteratorWrapperTest.java"
  JARFILE="org.aspectj/modules/aj-build/jars/testing-drivers-test-all.jar"
  NAME="testIteratorWrapper" />
  <test FILENAME="org.aspectj/modules/testing/testsrc/org/aspectj/testing/util/LangUtilTest.java"
  JARFILE="org.aspectj/modules/aj-build/jars/testing-drivers-test-all.jar"
  NAME="testArrayList" />
  <test FILENAME="org.aspectj/modules/testing/testsrc/org/aspectj/testing/util/LangUtilTest.java"
  JARFILE="org.aspectj/modules/aj-build/jars/testing-drivers-test-all.jar"
  NAME="testCombineStrings" />
  <test FILENAME="org.aspectj/modules/testing/testsrc/org/aspectj/testing/util/LangUtilTest.java"
  JARFILE="org.aspectj/modules/aj-build/jars/testing-drivers-test-all.jar"
  NAME="testDiffsEmptyIdentities" />
  <test FILENAME="org.aspectj/modules/testing/testsrc/org/aspectj/testing/util/LangUtilTest.java"
  JARFILE="org.aspectj/modules/aj-build/jars/testing-drivers-test-all.jar"
  NAME="testDiffsEmpties" />
  <test FILENAME="org.aspectj/modules/testing/testsrc/org/aspectj/testing/util/LangUtilTest.java"
  JARFILE="org.aspectj/modules/aj-build/jars/testing-drivers-test-all.jar"
  NAME="testDiffsIdentities" />
  <test FILENAME="org.aspectj/modules/testing/testsrc/org/aspectj/testing/util/LangUtilTest.java"
  JARFILE="org.aspectj/modules/aj-build/jars/testing-drivers-test-all.jar"
  NAME="testDiffsEvens" />
  <test FILENAME="org.aspectj/modules/testing/testsrc/org/aspectj/testing/util/LangUtilTest.java"
  JARFILE="org.aspectj/modules/aj-build/jars/testing-drivers-test-all.jar"
  NAME="testDiffsOdds" />
  <test FILENAME="org.aspectj/modules/testing/testsrc/org/aspectj/testing/util/LangUtilTest.java"
  JARFILE="org.aspectj/modules/aj-build/jars/testing-drivers-test-all.jar"
  NAME="testSoftDiffs" />
  <test FILENAME="org.aspectj/modules/testing/testsrc/org/aspectj/testing/util/MessageUtilTest.java"
  JARFILE="org.aspectj/modules/aj-build/jars/testing-drivers-test-all.jar"
  NAME="testMessageRendering" />
  <test FILENAME="org.aspectj/modules/testing/testsrc/org/aspectj/testing/util/StreamGrabberTest.java"
  JARFILE="org.aspectj/modules/aj-build/jars/testing-drivers-test-all.jar"
  NAME="testHide" />
  <test FILENAME="org.aspectj/modules/testing/testsrc/org/aspectj/testing/util/StreamGrabberTest.java"
  JARFILE="org.aspectj/modules/aj-build/jars/testing-drivers-test-all.jar"
  NAME="testGrab" />
  <test FILENAME="org.aspectj/modules/testing/testsrc/org/aspectj/testing/util/options/OptionsTest.java"
  JARFILE="org.aspectj/modules/aj-build/jars/testing-drivers-test-all.jar"
  NAME="testDebugCase" />
  <test FILENAME="org.aspectj/modules/testing/testsrc/org/aspectj/testing/util/options/OptionsTest.java"
  JARFILE="org.aspectj/modules/aj-build/jars/testing-drivers-test-all.jar"
  NAME="testNegDebugCase" />
  <test FILENAME="org.aspectj/modules/testing/testsrc/org/aspectj/testing/util/options/OptionsTest.java"
  JARFILE="org.aspectj/modules/aj-build/jars/testing-drivers-test-all.jar"
  NAME="testOptionsPositive" />
  <test FILENAME="org.aspectj/modules/testing/testsrc/org/aspectj/testing/util/options/OptionsTest.java"
  JARFILE="org.aspectj/modules/aj-build/jars/testing-drivers-test-all.jar"
  NAME="testOptionsNegative" />
  <test FILENAME="org.aspectj/modules/testing/testsrc/org/aspectj/testing/util/options/OptionsTest.java"
  JARFILE="org.aspectj/modules/aj-build/jars/testing-drivers-test-all.jar"
  NAME="testMissedMatches" />
  <test FILENAME="org.aspectj/modules/testing/testsrc/org/aspectj/testing/util/options/OptionsTest.java"
  JARFILE="org.aspectj/modules/aj-build/jars/testing-drivers-test-all.jar"
  NAME="testComplexOptionsPositive" />
  <test FILENAME="org.aspectj/modules/testing/testsrc/org/aspectj/testing/util/options/OptionsTest.java"
  JARFILE="org.aspectj/modules/aj-build/jars/testing-drivers-test-all.jar"
  NAME="testMultiArgOptionsPositive" />
  <test FILENAME="org.aspectj/modules/testing/testsrc/org/aspectj/testing/util/options/OptionsTest.java"
  JARFILE="org.aspectj/modules/aj-build/jars/testing-drivers-test-all.jar"
  NAME="testMultiArgOptionsNegative" />
  <test FILENAME="org.aspectj/modules/testing/testsrc/org/aspectj/testing/util/options/OptionsTest.java"
  JARFILE="org.aspectj/modules/aj-build/jars/testing-drivers-test-all.jar"
  NAME="testMultipleInput" />
  <test FILENAME="org.aspectj/modules/testing/testsrc/org/aspectj/testing/xml/AjcSpecXmlReaderTest.java"
  JARFILE="org.aspectj/modules/aj-build/jars/testing-drivers-test-all.jar"
  NAME="testBeanInfo" />
  <test FILENAME="org.aspectj/modules/testing/testsrc/org/aspectj/testing/xml/AjcSpecXmlReaderTest.java"
  JARFILE="org.aspectj/modules/aj-build/jars/testing-drivers-test-all.jar"
  NAME="testAjcTests" />
  <test FILENAME="org.aspectj/modules/testing/testsrc/org/aspectj/testing/xml/AjcSpecXmlReaderTest.java"
  JARFILE="org.aspectj/modules/aj-build/jars/testing-drivers-test-all.jar"
  NAME="testAjcTests10" />
  <test FILENAME="org.aspectj/modules/testing/testsrc/org/aspectj/testing/xml/AjcSpecXmlReaderTest.java"
  JARFILE="org.aspectj/modules/aj-build/jars/testing-drivers-test-all.jar"
  NAME="testAjcTestsBroken" />
  <test FILENAME="org.aspectj/modules/testing/testsrc/org/aspectj/testing/xml/AjcSpecXmlReaderTest.java"
  JARFILE="org.aspectj/modules/aj-build/jars/testing-drivers-test-all.jar"
  NAME="testAjcTestsAttic" />
  <test FILENAME="org.aspectj/modules/testing/testsrc/org/aspectj/testing/xml/AjcSpecXmlReaderTest.java"
  JARFILE="org.aspectj/modules/aj-build/jars/testing-drivers-test-all.jar"
  NAME="testAjcHarnessTests" />
  <test FILENAME="org.aspectj/modules/testing/testsrc/org/aspectj/testing/xml/MessageListXmlReaderTest.java"
  JARFILE="org.aspectj/modules/aj-build/jars/testing-drivers-test-all.jar"
  NAME="testNothingOthersSkipped" />
  <test FILENAME="org.aspectj/modules/testing/testsrc/org/aspectj/testing/xml/XMLWriterTest.java"
  JARFILE="org.aspectj/modules/aj-build/jars/testing-drivers-test-all.jar"
  NAME="testUnflattenList" />
  <test FILENAME="org.aspectj/modules/testing-client/testsrc/org/aspectj/testing/TesterTest.java"
  JARFILE="org.aspectj/modules/aj-build/jars/testing-drivers-test-all.jar"
  NAME="testEventArrayPattern" />
  <test FILENAME="org.aspectj/modules/testing-client/testsrc/org/aspectj/testing/TesterTest.java"
  JARFILE="org.aspectj/modules/aj-build/jars/testing-drivers-test-all.jar"
  NAME="testEventStringPattern" />
  <test FILENAME="org.aspectj/modules/testing-client/testsrc/org/aspectj/testing/TesterTest.java"
  JARFILE="org.aspectj/modules/aj-build/jars/testing-drivers-test-all.jar"
  NAME="testNotePattern" />
  <test FILENAME="org.aspectj/modules/testing-client/testsrc/org/aspectj/testing/server/TestServerTest.java"
  JARFILE="org.aspectj/modules/aj-build/jars/testing-drivers-test-all.jar"
  NAME="testInitialize" />
  <test FILENAME="org.aspectj/modules/testing-client/testsrc/org/aspectj/testing/server/TestServerTest.java"
  JARFILE="org.aspectj/modules/aj-build/jars/testing-drivers-test-all.jar"
  NAME="testSetWorkingDirectory" />
  <test FILENAME="org.aspectj/modules/testing-drivers/testsrc/org/aspectj/testing/drivers/HarnessSelectionTest.java"
  JARFILE="org.aspectj/modules/aj-build/jars/testing-drivers-test-all.jar"
  NAME="testFilesAvailable" />
  <test FILENAME="org.aspectj/modules/testing-drivers/testsrc/org/aspectj/testing/drivers/HarnessSelectionTest.java"
  JARFILE="org.aspectj/modules/aj-build/jars/testing-drivers-test-all.jar"
  NAME="testIncrementalSuite" />
  <test FILENAME="org.aspectj/modules/testing-drivers/testsrc/org/aspectj/testing/drivers/HarnessSelectionTest.java"
  JARFILE="org.aspectj/modules/aj-build/jars/testing-drivers-test-all.jar"
  NAME="testKeywordSelectionBoth" />
  <test FILENAME="org.aspectj/modules/testing-drivers/testsrc/org/aspectj/testing/drivers/HarnessSelectionTest.java"
  JARFILE="org.aspectj/modules/aj-build/jars/testing-drivers-test-all.jar"
  NAME="testKeywordSelectionRequire" />
  <test FILENAME="org.aspectj/modules/testing-drivers/testsrc/org/aspectj/testing/drivers/HarnessSelectionTest.java"
  JARFILE="org.aspectj/modules/aj-build/jars/testing-drivers-test-all.jar"
  NAME="testKeywordSelectionSkip" />
  <test FILENAME="org.aspectj/modules/testing-drivers/testsrc/org/aspectj/testing/drivers/HarnessSelectionTest.java"
  JARFILE="org.aspectj/modules/aj-build/jars/testing-drivers-test-all.jar"
  NAME="testNoOptions" />
  <test FILENAME="org.aspectj/modules/testing-drivers/testsrc/org/aspectj/testing/drivers/HarnessSelectionTest.java"
  JARFILE="org.aspectj/modules/aj-build/jars/testing-drivers-test-all.jar"
  NAME="testEclipseOptionsSkip" />
  <test FILENAME="org.aspectj/modules/testing-drivers/testsrc/org/aspectj/testing/drivers/HarnessSelectionTest.java"
  JARFILE="org.aspectj/modules/aj-build/jars/testing-drivers-test-all.jar"
  NAME="testAjcEclipseConflict" />
  <test FILENAME="org.aspectj/modules/testing-drivers/testsrc/org/aspectj/testing/drivers/HarnessSelectionTest.java"
  JARFILE="org.aspectj/modules/aj-build/jars/testing-drivers-test-all.jar"
  NAME="testEclipseConflict" />
  <test FILENAME="org.aspectj/modules/testing-drivers/testsrc/org/aspectj/testing/drivers/HarnessSelectionTest.java"
  JARFILE="org.aspectj/modules/aj-build/jars/testing-drivers-test-all.jar"
  NAME="testSinglePR" />
  <test FILENAME="org.aspectj/modules/testing-drivers/testsrc/org/aspectj/testing/drivers/HarnessSelectionTest.java"
  JARFILE="org.aspectj/modules/aj-build/jars/testing-drivers-test-all.jar"
  NAME="testTwoPR" />
  <test FILENAME="org.aspectj/modules/testing-drivers/testsrc/org/aspectj/testing/drivers/HarnessSelectionTest.java"
  JARFILE="org.aspectj/modules/aj-build/jars/testing-drivers-test-all.jar"
  NAME="testTitleContainsSubstringSelection" />
  <test FILENAME="org.aspectj/modules/testing-drivers/testsrc/org/aspectj/testing/drivers/HarnessSelectionTest.java"
  JARFILE="org.aspectj/modules/aj-build/jars/testing-drivers-test-all.jar"
  NAME="testTitleContainsSubstringSelectionPlural" />
  <test FILENAME="org.aspectj/modules/testing-drivers/testsrc/org/aspectj/testing/drivers/HarnessSelectionTest.java"
  JARFILE="org.aspectj/modules/aj-build/jars/testing-drivers-test-all.jar"
  NAME="testTitleContainsExactSelection" />
  <test FILENAME="org.aspectj/modules/testing-drivers/testsrc/org/aspectj/testing/drivers/HarnessSelectionTest.java"
  JARFILE="org.aspectj/modules/aj-build/jars/testing-drivers-test-all.jar"
  NAME="testTitleContainsExactSelectionPlural" />
  <test FILENAME="org.aspectj/modules/testing-drivers/testsrc/org/aspectj/testing/drivers/HarnessSelectionTest.java"
  JARFILE="org.aspectj/modules/aj-build/jars/testing-drivers-test-all.jar"
  NAME="testTitleListSelection" />
  <test FILENAME="org.aspectj/modules/testing-drivers/testsrc/org/aspectj/testing/drivers/HarnessSelectionTest.java"
  JARFILE="org.aspectj/modules/aj-build/jars/testing-drivers-test-all.jar"
  NAME="testTitleListSelectionPlural" />
  <test FILENAME="org.aspectj/modules/testing-drivers/testsrc/org/aspectj/testing/drivers/HarnessSelectionTest.java"
  JARFILE="org.aspectj/modules/aj-build/jars/testing-drivers-test-all.jar"
  NAME="testTitleListFileSelection" />
  <test FILENAME="org.aspectj/modules/testing-drivers/testsrc/org/aspectj/testing/drivers/HarnessSelectionTest.java"
  JARFILE="org.aspectj/modules/aj-build/jars/testing-drivers-test-all.jar"
  NAME="testTitleListFileSelectionPlural" />
  <test FILENAME="org.aspectj/modules/tests/ajcHarnessTests.xml"
  JARFILE="org.aspectj/modules/aj-build/jars/testing-drivers-test-all.jar"
  NAME="pass 2 error" />
  <test FILENAME="org.aspectj/modules/tests/ajcHarnessTests.xml"
  JARFILE="org.aspectj/modules/aj-build/jars/testing-drivers-test-all.jar"
  NAME="pass 1 warning" />
  <test FILENAME="org.aspectj/modules/tests/ajcHarnessTests.xml"
  JARFILE="org.aspectj/modules/aj-build/jars/testing-drivers-test-all.jar"
  NAME="fail 1 warning with kind wrong" />
  <test FILENAME="org.aspectj/modules/tests/ajcHarnessTests.xml"
  JARFILE="org.aspectj/modules/aj-build/jars/testing-drivers-test-all.jar"
  NAME="fail 1 warning with line wrong" />
  <test FILENAME="org.aspectj/modules/tests/ajcHarnessTests.xml"
  JARFILE="org.aspectj/modules/aj-build/jars/testing-drivers-test-all.jar"
  NAME="fail one missing note" />
  <test FILENAME="org.aspectj/modules/tests/ajcHarnessTests.xml"
  JARFILE="org.aspectj/modules/aj-build/jars/testing-drivers-test-all.jar"
  NAME="pass event files" />
  <test FILENAME="org.aspectj/modules/tests/ajcHarnessTests.xml"
  JARFILE="org.aspectj/modules/aj-build/jars/testing-drivers-test-all.jar"
  NAME="pass specify jars and directories on classpath" />
  <test FILENAME="org.aspectj/modules/tests/ajcHarnessTests.xml"
  JARFILE="org.aspectj/modules/aj-build/jars/testing-drivers-test-all.jar"
  NAME="pass specify aspectpath and classpath jars and directories" />
  <test FILENAME="org.aspectj/modules/tests/ajcHarnessTests.xml"
  JARFILE="org.aspectj/modules/aj-build/jars/testing-drivers-test-all.jar"
  NAME="pass minimal purejava sourceroots test" />
  <test FILENAME="org.aspectj/modules/tests/ajcHarnessTests.xml"
  JARFILE="org.aspectj/modules/aj-build/jars/testing-drivers-test-all.jar"
  NAME="pass test of dual sourceroots with aspects" />
  <test FILENAME="org.aspectj/modules/tests/ajcHarnessTests.xml"
  JARFILE="org.aspectj/modules/aj-build/jars/testing-drivers-test-all.jar"
  NAME="pass minimal incremental purejava sourceroots test" />
  <test FILENAME="org.aspectj/modules/tests/ajcHarnessTests.xml"
  JARFILE="org.aspectj/modules/aj-build/jars/testing-drivers-test-all.jar"
  NAME="pass rebuild minimal incremental purejava sourceroots test" />
  <test FILENAME="org.aspectj/modules/tests/ajcHarnessTests.xml"
  JARFILE="org.aspectj/modules/aj-build/jars/testing-drivers-test-all.jar"
  NAME="pass incrementally change only string literal size" />
  <test FILENAME="org.aspectj/modules/tests/ajcHarnessTests.xml"
  JARFILE="org.aspectj/modules/aj-build/jars/testing-drivers-test-all.jar"
  NAME="pass test using prior classes" />
  <test FILENAME="org.aspectj/modules/tests/ajcHarnessTests.xml"
  JARFILE="org.aspectj/modules/aj-build/jars/testing-drivers-test-all.jar"
  NAME="pass System exit 0" />
  <test FILENAME="org.aspectj/modules/tests/ajcHarnessTests.xml"
  JARFILE="org.aspectj/modules/aj-build/jars/testing-drivers-test-all.jar"
  NAME="fail System exit 1" />
  <test FILENAME="org.aspectj/modules/tests/ajcHarnessTests.xml"
  JARFILE="org.aspectj/modules/aj-build/jars/testing-drivers-test-all.jar"
  NAME="pass default xlintfile" />
  <test FILENAME="org.aspectj/modules/tests/ajcHarnessTests.xml"
  JARFILE="org.aspectj/modules/aj-build/jars/testing-drivers-test-all.jar"
  NAME="pass xlintfile promotes to error" />
  <test FILENAME="org.aspectj/modules/tests/ajcHarnessTests.xml"
  JARFILE="org.aspectj/modules/aj-build/jars/testing-drivers-test-all.jar"
  NAME="pass xlintfile demotes to ignore" />
  <test FILENAME="org.aspectj/modules/tests/ajcHarnessTests.xml"
  JARFILE="org.aspectj/modules/aj-build/jars/testing-drivers-test-all.jar"
  NAME="fail not forking or setting property" />
  <test FILENAME="org.aspectj/modules/tests/ajcHarnessTests.xml"
  JARFILE="org.aspectj/modules/aj-build/jars/testing-drivers-test-all.jar"
  NAME="fail fork without setting property" />
  <test FILENAME="org.aspectj/modules/tests/ajcHarnessTests.xml"
  JARFILE="org.aspectj/modules/aj-build/jars/testing-drivers-test-all.jar"
  NAME="pass fork and set property" />
  <test FILENAME="org.aspectj/modules/tests/ajcHarnessTests.xml"
  JARFILE="org.aspectj/modules/aj-build/jars/testing-drivers-test-all.jar"
  NAME="pass fork verify Main runs" />
  <test FILENAME="org.aspectj/modules/tests/ajcHarnessTests.xml"
  JARFILE="org.aspectj/modules/aj-build/jars/testing-drivers-test-all.jar"
  NAME="pass spoon verify Main runs" />
  <test FILENAME="org.aspectj/modules/testing-util/testsrc/org/aspectj/testingutil/TestUtilTest.java"
  JARFILE="org.aspectj/modules/aj-build/jars/testing-drivers-test-all.jar"
  NAME="testFileCompareNonClass" />
  <test FILENAME="org.aspectj/modules/testing-util/testsrc/org/aspectj/testingutil/TestUtilTest.java"
  JARFILE="org.aspectj/modules/aj-build/jars/testing-drivers-test-all.jar"
  NAME="testFileCompareNonClassStaticPositive" />
  <test FILENAME="org.aspectj/modules/testing-util/testsrc/org/aspectj/testingutil/TestUtilTest.java"
  JARFILE="org.aspectj/modules/aj-build/jars/testing-drivers-test-all.jar"
  NAME="testFileCompareNonClassStaticNegative" />
  <test FILENAME="org.aspectj/modules/testing-util/testsrc/org/aspectj/testingutil/TestUtilTest.java"
  JARFILE="org.aspectj/modules/aj-build/jars/testing-drivers-test-all.jar"
  NAME="testParseBoolean" />
  <test FILENAME="org.aspectj/modules/testing-util/testsrc/org/aspectj/testingutil/TestUtilTest.java"
  JARFILE="org.aspectj/modules/aj-build/jars/testing-drivers-test-all.jar"
  NAME="testFileCompareClass" />
  <test FILENAME="org.aspectj/modules/util/testsrc/org/aspectj/util/FileUtilTest.java"
  JARFILE="org.aspectj/modules/aj-build/jars/testing-drivers-test-all.jar"
  NAME="testNotIsFileIsDirectory" />
  <test FILENAME="org.aspectj/modules/util/testsrc/org/aspectj/util/FileUtilTest.java"
  JARFILE="org.aspectj/modules/aj-build/jars/testing-drivers-test-all.jar"
  NAME="testGetBestFile" />
  <test FILENAME="org.aspectj/modules/util/testsrc/org/aspectj/util/FileUtilTest.java"
  JARFILE="org.aspectj/modules/aj-build/jars/testing-drivers-test-all.jar"
  NAME="testCopyFiles" />
  <test FILENAME="org.aspectj/modules/util/testsrc/org/aspectj/util/FileUtilTest.java"
  JARFILE="org.aspectj/modules/aj-build/jars/testing-drivers-test-all.jar"
  NAME="testDirCopySubdirs" />
  <test FILENAME="org.aspectj/modules/util/testsrc/org/aspectj/util/FileUtilTest.java"
  JARFILE="org.aspectj/modules/aj-build/jars/testing-drivers-test-all.jar"
  NAME="testDirCopySubdirsSuffix" />
  <test FILENAME="org.aspectj/modules/util/testsrc/org/aspectj/util/FileUtilTest.java"
  JARFILE="org.aspectj/modules/aj-build/jars/testing-drivers-test-all.jar"
  NAME="testGetURL" />
  <test FILENAME="org.aspectj/modules/util/testsrc/org/aspectj/util/FileUtilTest.java"
  JARFILE="org.aspectj/modules/aj-build/jars/testing-drivers-test-all.jar"
  NAME="testGetTempDir" />
  <test FILENAME="org.aspectj/modules/util/testsrc/org/aspectj/util/FileUtilTest.java"
  JARFILE="org.aspectj/modules/aj-build/jars/testing-drivers-test-all.jar"
  NAME="testRandomFileString" />
  <test FILENAME="org.aspectj/modules/util/testsrc/org/aspectj/util/FileUtilTest.java"
  JARFILE="org.aspectj/modules/aj-build/jars/testing-drivers-test-all.jar"
  NAME="testNormalizedPath" />
  <test FILENAME="org.aspectj/modules/util/testsrc/org/aspectj/util/FileUtilTest.java"
  JARFILE="org.aspectj/modules/aj-build/jars/testing-drivers-test-all.jar"
  NAME="testFileToClassName" />
  <test FILENAME="org.aspectj/modules/util/testsrc/org/aspectj/util/FileUtilTest.java"
  JARFILE="org.aspectj/modules/aj-build/jars/testing-drivers-test-all.jar"
  NAME="testDeleteContents" />
  <test FILENAME="org.aspectj/modules/util/testsrc/org/aspectj/util/FileUtilTest.java"
  JARFILE="org.aspectj/modules/aj-build/jars/testing-drivers-test-all.jar"
  NAME="testLineSeek" />
  <test FILENAME="org.aspectj/modules/util/testsrc/org/aspectj/util/FileUtilTest.java"
  JARFILE="org.aspectj/modules/aj-build/jars/testing-drivers-test-all.jar"
  NAME="testLineSeekMore" />
  <test FILENAME="org.aspectj/modules/util/testsrc/org/aspectj/util/FileUtilTest.java"
  JARFILE="org.aspectj/modules/aj-build/jars/testing-drivers-test-all.jar"
  NAME="testDirCopyNoSubdirs" />
  <test FILENAME="org.aspectj/modules/util/testsrc/org/aspectj/util/FileUtilTest.java"
  JARFILE="org.aspectj/modules/aj-build/jars/testing-drivers-test-all.jar"
  NAME="testDirCopyNoSubdirsWithSuffixes" />
  <test FILENAME="org.aspectj/modules/util/testsrc/org/aspectj/util/FileUtilTest.java"
  JARFILE="org.aspectj/modules/aj-build/jars/testing-drivers-test-all.jar"
  NAME="testDirCopySubdirsSuffixRoundTrip" />
  <test FILENAME="org.aspectj/modules/util/testsrc/org/aspectj/util/FileUtilTest.java"
  JARFILE="org.aspectj/modules/aj-build/jars/testing-drivers-test-all.jar"
  NAME="testPipeEmpty" />
  <test FILENAME="org.aspectj/modules/util/testsrc/org/aspectj/util/FileUtilTest.java"
  JARFILE="org.aspectj/modules/aj-build/jars/testing-drivers-test-all.jar"
  NAME="testPipeMin" />
  <test FILENAME="org.aspectj/modules/util/testsrc/org/aspectj/util/FileUtilTest.java"
  JARFILE="org.aspectj/modules/aj-build/jars/testing-drivers-test-all.jar"
  NAME="testPipe" />
  <test FILENAME="org.aspectj/modules/util/testsrc/org/aspectj/util/FileUtilTest.java"
  JARFILE="org.aspectj/modules/aj-build/jars/testing-drivers-test-all.jar"
  NAME="testPipeThrown" />
  <test FILENAME="org.aspectj/modules/util/testsrc/org/aspectj/util/LangUtilTest.java"
  JARFILE="org.aspectj/modules/aj-build/jars/testing-drivers-test-all.jar"
  NAME="testVersion" />
  <test FILENAME="org.aspectj/modules/util/testsrc/org/aspectj/util/LangUtilTest.java"
  JARFILE="org.aspectj/modules/aj-build/jars/testing-drivers-test-all.jar"
  NAME="testExtractOptions" />
  <test FILENAME="org.aspectj/modules/util/testsrc/org/aspectj/util/LangUtilTest.java"
  JARFILE="org.aspectj/modules/aj-build/jars/testing-drivers-test-all.jar"
  NAME="testExtractOptionsArrayCollector" />
  <test FILENAME="org.aspectj/modules/util/testsrc/org/aspectj/util/LangUtilTest.java"
  JARFILE="org.aspectj/modules/aj-build/jars/testing-drivers-test-all.jar"
  NAME="testOptionVariants" />
  <test FILENAME="org.aspectj/modules/util/testsrc/org/aspectj/util/LangUtilTest.java"
  JARFILE="org.aspectj/modules/aj-build/jars/testing-drivers-test-all.jar"
  NAME="testCommaSplit" />
  <test FILENAME="org.aspectj/modules/util/testsrc/org/aspectj/util/LangUtilTest.java"
  JARFILE="org.aspectj/modules/aj-build/jars/testing-drivers-test-all.jar"
  NAME="testElideEndingLines" />
  <test FILENAME="org.aspectj/modules/util/testsrc/org/aspectj/util/NameConvertorTest.java"
  JARFILE="org.aspectj/modules/aj-build/jars/testing-drivers-test-all.jar"
  NAME="testType" />
  <test FILENAME="org.aspectj/modules/util/testsrc/org/aspectj/util/NameConvertorTest.java"
  JARFILE="org.aspectj/modules/aj-build/jars/testing-drivers-test-all.jar"
  NAME="testBoolean" />
  <test FILENAME="org.aspectj/modules/util/testsrc/org/aspectj/util/NameConvertorTest.java"
  JARFILE="org.aspectj/modules/aj-build/jars/testing-drivers-test-all.jar"
  NAME="testByte" />
  <test FILENAME="org.aspectj/modules/util/testsrc/org/aspectj/util/NameConvertorTest.java"
  JARFILE="org.aspectj/modules/aj-build/jars/testing-drivers-test-all.jar"
  NAME="testChar" />
  <test FILENAME="org.aspectj/modules/util/testsrc/org/aspectj/util/NameConvertorTest.java"
  JARFILE="org.aspectj/modules/aj-build/jars/testing-drivers-test-all.jar"
  NAME="testDouble" />
  <test FILENAME="org.aspectj/modules/util/testsrc/org/aspectj/util/NameConvertorTest.java"
  JARFILE="org.aspectj/modules/aj-build/jars/testing-drivers-test-all.jar"
  NAME="testFloat" />
  <test FILENAME="org.aspectj/modules/util/testsrc/org/aspectj/util/NameConvertorTest.java"
  JARFILE="org.aspectj/modules/aj-build/jars/testing-drivers-test-all.jar"
  NAME="testInt" />
  <test FILENAME="org.aspectj/modules/util/testsrc/org/aspectj/util/NameConvertorTest.java"
  JARFILE="org.aspectj/modules/aj-build/jars/testing-drivers-test-all.jar"
  NAME="testLong" />
  <test FILENAME="org.aspectj/modules/util/testsrc/org/aspectj/util/NameConvertorTest.java"
  JARFILE="org.aspectj/modules/aj-build/jars/testing-drivers-test-all.jar"
  NAME="testShort" />
  <test FILENAME="org.aspectj/modules/util/testsrc/org/aspectj/util/NameConvertorTest.java"
  JARFILE="org.aspectj/modules/aj-build/jars/testing-drivers-test-all.jar"
  NAME="testString" />
  <test FILENAME="org.aspectj/modules/util/testsrc/org/aspectj/util/NameConvertorTest.java"
  JARFILE="org.aspectj/modules/aj-build/jars/testing-drivers-test-all.jar"
  NAME="testListPameterizedWithString" />
  <test FILENAME="org.aspectj/modules/util/testsrc/org/aspectj/util/NameConvertorTest.java"
  JARFILE="org.aspectj/modules/aj-build/jars/testing-drivers-test-all.jar"
  NAME="testClassParameterizedWithStringAndType" />
  <test FILENAME="org.aspectj/modules/util/testsrc/org/aspectj/util/NameConvertorTest.java"
  JARFILE="org.aspectj/modules/aj-build/jars/testing-drivers-test-all.jar"
  NAME="testStringArray" />
  <test FILENAME="org.aspectj/modules/util/testsrc/org/aspectj/util/NameConvertorTest.java"
  JARFILE="org.aspectj/modules/aj-build/jars/testing-drivers-test-all.jar"
  NAME="testTwoDimensionalStringArray" />
  <test FILENAME="org.aspectj/modules/util/testsrc/org/aspectj/util/NameConvertorTest.java"
  JARFILE="org.aspectj/modules/aj-build/jars/testing-drivers-test-all.jar"
  NAME="testIntArray" />
  <test FILENAME="org.aspectj/modules/weaver/testsrc/org/aspectj/weaver/bcel/AfterReturningWeaveTestCase.java"
  JARFILE="org.aspectj/modules/aj-build/jars/testing-drivers-test-all.jar"
  NAME="testAfterReturning" />
  <test FILENAME="org.aspectj/modules/weaver/testsrc/org/aspectj/weaver/bcel/AfterReturningWeaveTestCase.java"
  JARFILE="org.aspectj/modules/aj-build/jars/testing-drivers-test-all.jar"
  NAME="testAfterReturningParam" />
  <test FILENAME="org.aspectj/modules/weaver/testsrc/org/aspectj/weaver/bcel/AfterReturningWeaveTestCase.java"
  JARFILE="org.aspectj/modules/aj-build/jars/testing-drivers-test-all.jar"
  NAME="testAfterReturningCheckcastParam" />
  <test FILENAME="org.aspectj/modules/weaver/testsrc/org/aspectj/weaver/bcel/AfterReturningWeaveTestCase.java"
  JARFILE="org.aspectj/modules/aj-build/jars/testing-drivers-test-all.jar"
  NAME="testAfterReturningConversionParam" />
  <test FILENAME="org.aspectj/modules/weaver/testsrc/org/aspectj/weaver/bcel/AfterThrowingWeaveTestCase.java"
  JARFILE="org.aspectj/modules/aj-build/jars/testing-drivers-test-all.jar"
  NAME="testAfterThrowing" />
  <test FILENAME="org.aspectj/modules/weaver/testsrc/org/aspectj/weaver/bcel/AfterThrowingWeaveTestCase.java"
  JARFILE="org.aspectj/modules/aj-build/jars/testing-drivers-test-all.jar"
  NAME="testAfterThrowingParam" />
  <test FILENAME="org.aspectj/modules/weaver/testsrc/org/aspectj/weaver/bcel/AfterWeaveTestCase.java"
  JARFILE="org.aspectj/modules/aj-build/jars/testing-drivers-test-all.jar"
  NAME="testAfter" />
  <test FILENAME="org.aspectj/modules/weaver/testsrc/org/aspectj/weaver/bcel/ArgsWeaveTestCase.java"
  JARFILE="org.aspectj/modules/aj-build/jars/testing-drivers-test-all.jar"
  NAME="testAfterReturningArgs" />
  <test FILENAME="org.aspectj/modules/weaver/testsrc/org/aspectj/weaver/bcel/ArgsWeaveTestCase.java"
  JARFILE="org.aspectj/modules/aj-build/jars/testing-drivers-test-all.jar"
  NAME="testFancyAfterReturningArgs" />
  <test FILENAME="org.aspectj/modules/weaver/testsrc/org/aspectj/weaver/bcel/ArgsWeaveTestCase.java"
  JARFILE="org.aspectj/modules/aj-build/jars/testing-drivers-test-all.jar"
  NAME="testThrowing" />
  <test FILENAME="org.aspectj/modules/weaver/testsrc/org/aspectj/weaver/bcel/ArgsWeaveTestCase.java"
  JARFILE="org.aspectj/modules/aj-build/jars/testing-drivers-test-all.jar"
  NAME="testLots" />
  <test FILENAME="org.aspectj/modules/weaver/testsrc/org/aspectj/weaver/bcel/AroundArgsWeaveTestCase.java"
  JARFILE="org.aspectj/modules/aj-build/jars/testing-drivers-test-all.jar"
  NAME="testWeave" />
  <test FILENAME="org.aspectj/modules/weaver/testsrc/org/aspectj/weaver/bcel/AroundWeaveTestCase.java"
  JARFILE="org.aspectj/modules/aj-build/jars/testing-drivers-test-all.jar"
  NAME="testAround" />
  <test FILENAME="org.aspectj/modules/weaver/testsrc/org/aspectj/weaver/bcel/AroundWeaveTestCase.java"
  JARFILE="org.aspectj/modules/aj-build/jars/testing-drivers-test-all.jar"
  NAME="testAroundAll" />
  <test FILENAME="org.aspectj/modules/weaver/testsrc/org/aspectj/weaver/bcel/AroundWeaveTestCase.java"
  JARFILE="org.aspectj/modules/aj-build/jars/testing-drivers-test-all.jar"
  NAME="testAroundAndOthers" />
  <test FILENAME="org.aspectj/modules/weaver/testsrc/org/aspectj/weaver/bcel/AroundWeaveTestCase.java"
  JARFILE="org.aspectj/modules/aj-build/jars/testing-drivers-test-all.jar"
  NAME="testAroundAllAndOthers" />
  <test FILENAME="org.aspectj/modules/weaver/testsrc/org/aspectj/weaver/bcel/BeforeWeaveTestCase.java"
  JARFILE="org.aspectj/modules/aj-build/jars/testing-drivers-test-all.jar"
  NAME="testBefore" />
  <test FILENAME="org.aspectj/modules/weaver/testsrc/org/aspectj/weaver/bcel/CheckerTestCase.java"
  JARFILE="org.aspectj/modules/aj-build/jars/testing-drivers-test-all.jar"
  NAME="testStaticTjp" />
  <test FILENAME="org.aspectj/modules/weaver/testsrc/org/aspectj/weaver/bcel/FieldSetTestCase.java"
  JARFILE="org.aspectj/modules/aj-build/jars/testing-drivers-test-all.jar"
  NAME="testBefore" />
  <test FILENAME="org.aspectj/modules/weaver/testsrc/org/aspectj/weaver/bcel/HierarchyDependsTestCase.java"
  JARFILE="org.aspectj/modules/aj-build/jars/testing-drivers-test-all.jar"
  NAME="testToDo" />
  <test FILENAME="org.aspectj/modules/weaver/testsrc/org/aspectj/weaver/bcel/IdWeaveTestCase.java"
  JARFILE="org.aspectj/modules/aj-build/jars/testing-drivers-test-all.jar"
  NAME="testFancyId" />
  <test FILENAME="org.aspectj/modules/weaver/testsrc/org/aspectj/weaver/bcel/IdWeaveTestCase.java"
  JARFILE="org.aspectj/modules/aj-build/jars/testing-drivers-test-all.jar"
  NAME="testId" />
  <test FILENAME="org.aspectj/modules/weaver/testsrc/org/aspectj/weaver/bcel/MoveInstructionsWeaveTestCase.java"
  JARFILE="org.aspectj/modules/aj-build/jars/testing-drivers-test-all.jar"
  NAME="testHello" />
  <test FILENAME="org.aspectj/modules/weaver/testsrc/org/aspectj/weaver/bcel/MoveInstructionsWeaveTestCase.java"
  JARFILE="org.aspectj/modules/aj-build/jars/testing-drivers-test-all.jar"
  NAME="testFancyHello" />
  <test FILENAME="org.aspectj/modules/weaver/testsrc/org/aspectj/weaver/bcel/NonstaticWeaveTestCase.java"
  JARFILE="org.aspectj/modules/aj-build/jars/testing-drivers-test-all.jar"
  NAME="testBefore" />
  <test FILENAME="org.aspectj/modules/weaver/testsrc/org/aspectj/weaver/bcel/NonstaticWeaveTestCase.java"
  JARFILE="org.aspectj/modules/aj-build/jars/testing-drivers-test-all.jar"
  NAME="testBeforeCflow" />
  <test FILENAME="org.aspectj/modules/weaver/testsrc/org/aspectj/weaver/bcel/NonstaticWeaveTestCase.java"
  JARFILE="org.aspectj/modules/aj-build/jars/testing-drivers-test-all.jar"
  NAME="testBeforePerThis" />
  <test FILENAME="org.aspectj/modules/weaver/testsrc/org/aspectj/weaver/bcel/PatternWeaveTestCase.java"
  JARFILE="org.aspectj/modules/aj-build/jars/testing-drivers-test-all.jar"
  NAME="testPublic" />
  <test FILENAME="org.aspectj/modules/weaver/testsrc/org/aspectj/weaver/bcel/PointcutResidueTestCase.java"
  JARFILE="org.aspectj/modules/aj-build/jars/testing-drivers-test-all.jar"
  NAME="testArgResidue1" />
  <test FILENAME="org.aspectj/modules/weaver/testsrc/org/aspectj/weaver/bcel/PointcutResidueTestCase.java"
  JARFILE="org.aspectj/modules/aj-build/jars/testing-drivers-test-all.jar"
  NAME="testArgResidue2" />
  <test FILENAME="org.aspectj/modules/weaver/testsrc/org/aspectj/weaver/bcel/PointcutResidueTestCase.java"
  JARFILE="org.aspectj/modules/aj-build/jars/testing-drivers-test-all.jar"
  NAME="testArgResidue3" />
  <test FILENAME="org.aspectj/modules/weaver/testsrc/org/aspectj/weaver/bcel/PointcutResidueTestCase.java"
  JARFILE="org.aspectj/modules/aj-build/jars/testing-drivers-test-all.jar"
  NAME="testMultiArgState" />
  <test FILENAME="org.aspectj/modules/weaver/testsrc/org/aspectj/weaver/bcel/PointcutResidueTestCase.java"
  JARFILE="org.aspectj/modules/aj-build/jars/testing-drivers-test-all.jar"
  NAME="testAdd" />
  <test FILENAME="org.aspectj/modules/weaver/testsrc/org/aspectj/weaver/bcel/PointcutResidueTestCase.java"
  JARFILE="org.aspectj/modules/aj-build/jars/testing-drivers-test-all.jar"
  NAME="testNot" />
  <test FILENAME="org.aspectj/modules/weaver/testsrc/org/aspectj/weaver/bcel/PointcutResidueTestCase.java"
  JARFILE="org.aspectj/modules/aj-build/jars/testing-drivers-test-all.jar"
  NAME="testState" />
  <test FILENAME="org.aspectj/modules/weaver/testsrc/org/aspectj/weaver/bcel/PointcutResidueTestCase.java"
  JARFILE="org.aspectj/modules/aj-build/jars/testing-drivers-test-all.jar"
  NAME="testNoResidueArgs" />
  <test FILENAME="org.aspectj/modules/weaver/testsrc/org/aspectj/weaver/bcel/PointcutResidueTestCase.java"
  JARFILE="org.aspectj/modules/aj-build/jars/testing-drivers-test-all.jar"
  NAME="testCflowState" />
  <test FILENAME="org.aspectj/modules/weaver/testsrc/org/aspectj/weaver/bcel/TraceJarWeaveTestCase.java"
  JARFILE="org.aspectj/modules/aj-build/jars/testing-drivers-test-all.jar"
  NAME="testTraceJar" />
  <test FILENAME="org.aspectj/modules/weaver/testsrc/org/aspectj/weaver/bcel/TjpWeaveTestCase.java"
  JARFILE="org.aspectj/modules/aj-build/jars/testing-drivers-test-all.jar"
  NAME="testStaticTjp" />
  <test FILENAME="org.aspectj/modules/weaver/testsrc/org/aspectj/weaver/bcel/TjpWeaveTestCase.java"
  JARFILE="org.aspectj/modules/aj-build/jars/testing-drivers-test-all.jar"
  NAME="testEnclosingStaticTjp" />
  <test FILENAME="org.aspectj/modules/weaver/testsrc/org/aspectj/weaver/bcel/TjpWeaveTestCase.java"
  JARFILE="org.aspectj/modules/aj-build/jars/testing-drivers-test-all.jar"
  NAME="testTjp" />
  <test FILENAME="org.aspectj/modules/weaver/testsrc/org/aspectj/weaver/bcel/TjpWeaveTestCase.java"
  JARFILE="org.aspectj/modules/aj-build/jars/testing-drivers-test-all.jar"
  NAME="testAroundTjp" />
  <test FILENAME="org.aspectj/modules/weaver/testsrc/org/aspectj/weaver/bcel/TjpWeaveTestCase.java"
  JARFILE="org.aspectj/modules/aj-build/jars/testing-drivers-test-all.jar"
  NAME="testAround2Tjp" />
  <test FILENAME="org.aspectj/modules/weaver/testsrc/org/aspectj/weaver/bcel/UtilityTestCase.java"
  JARFILE="org.aspectj/modules/aj-build/jars/testing-drivers-test-all.jar"
  NAME="testHelloWorld" />
  <test FILENAME="org.aspectj/modules/weaver/testsrc/org/aspectj/weaver/bcel/UtilityTestCase.java"
  JARFILE="org.aspectj/modules/aj-build/jars/testing-drivers-test-all.jar"
  NAME="testFancyHelloWorld" />
  <test FILENAME="org.aspectj/modules/weaver/testsrc/org/aspectj/weaver/bcel/WeaveOrderTestCase.java"
  JARFILE="org.aspectj/modules/aj-build/jars/testing-drivers-test-all.jar"
  NAME="testLexicalOrder" />
  <test FILENAME="org.aspectj/modules/weaver/testsrc/org/aspectj/weaver/bcel/WeaveOrderTestCase.java"
  JARFILE="org.aspectj/modules/aj-build/jars/testing-drivers-test-all.jar"
  NAME="testLexicalOrderWithAfter" />
  <test FILENAME="org.aspectj/modules/weaver/testsrc/org/aspectj/weaver/bcel/WeaveOrderTestCase.java"
  JARFILE="org.aspectj/modules/aj-build/jars/testing-drivers-test-all.jar"
  NAME="testSubtypes" />
  <test FILENAME="org.aspectj/modules/weaver/testsrc/org/aspectj/weaver/bcel/WeaveOrderTestCase.java"
  JARFILE="org.aspectj/modules/aj-build/jars/testing-drivers-test-all.jar"
  NAME="testDominates" />
  <test FILENAME="org.aspectj/modules/weaver/testsrc/org/aspectj/weaver/bcel/WeaveOrderTestCase.java"
  JARFILE="org.aspectj/modules/aj-build/jars/testing-drivers-test-all.jar"
  NAME="testDominatesHarder" />
  <test FILENAME="org.aspectj/modules/weaver/testsrc/org/aspectj/weaver/bcel/WorldTestCase.java"
  JARFILE="org.aspectj/modules/aj-build/jars/testing-drivers-test-all.jar"
  NAME="testIterator" />
  <test FILENAME="org.aspectj/modules/weaver/testsrc/org/aspectj/weaver/bcel/WorldTestCase.java"
  JARFILE="org.aspectj/modules/aj-build/jars/testing-drivers-test-all.jar"
  NAME="testObjectCoersion" />
  <test FILENAME="org.aspectj/modules/weaver/testsrc/org/aspectj/weaver/AbstractWorldTestCase.java"
  JARFILE="org.aspectj/modules/aj-build/jars/testing-drivers-test-all.jar"
  NAME="testPrimitiveArrays" />
  <test FILENAME="org.aspectj/modules/weaver/testsrc/org/aspectj/weaver/bcel/AsmDelegateTests.java"
  JARFILE="org.aspectj/modules/aj-build/jars/testing-drivers-test-all.jar"
  NAME="testWeDontGoBang" />
  <test FILENAME="org.aspectj/modules/weaver/testsrc/org/aspectj/weaver/bcel/AsmDelegateTests.java"
  JARFILE="org.aspectj/modules/aj-build/jars/testing-drivers-test-all.jar"
  NAME="testDifferentiatingBetweenAspectAndClass" />
  <test FILENAME="org.aspectj/modules/weaver/testsrc/org/aspectj/weaver/bcel/AsmDelegateTests.java"
  JARFILE="org.aspectj/modules/aj-build/jars/testing-drivers-test-all.jar"
  NAME="testRecognizingDifferentTypes" />
  <test FILENAME="org.aspectj/modules/weaver/testsrc/org/aspectj/weaver/bcel/AsmDelegateTests.java"
  JARFILE="org.aspectj/modules/aj-build/jars/testing-drivers-test-all.jar"
  NAME="testAnnotationsBehaving" />
  <test FILENAME="org.aspectj/modules/weaver/testsrc/org/aspectj/weaver/bcel/AsmDelegateTests.java"
  JARFILE="org.aspectj/modules/aj-build/jars/testing-drivers-test-all.jar"
  NAME="testInterfaceflag" />
  <test FILENAME="org.aspectj/modules/weaver/testsrc/org/aspectj/weaver/bcel/AsmDelegateTests.java"
  JARFILE="org.aspectj/modules/aj-build/jars/testing-drivers-test-all.jar"
  NAME="testCompareDelegates" />
  <test FILENAME="org.aspectj/modules/weaver/testsrc/org/aspectj/weaver/bcel/AsmDelegateTests.java"
  JARFILE="org.aspectj/modules/aj-build/jars/testing-drivers-test-all.jar"
  NAME="testCompareDelegatesComplex" />
  <test FILENAME="org.aspectj/modules/weaver/testsrc/org/aspectj/weaver/bcel/AsmDelegateTests.java"
  JARFILE="org.aspectj/modules/aj-build/jars/testing-drivers-test-all.jar"
  NAME="testCompareDelegatesMonster" />
  <test FILENAME="org.aspectj/modules/weaver/testsrc/org/aspectj/weaver/bcel/AsmDelegateTests.java"
  JARFILE="org.aspectj/modules/aj-build/jars/testing-drivers-test-all.jar"
  NAME="testCompareDelegatesLoadingPerformance" />
  <test FILENAME="org.aspectj/modules/weaver/testsrc/org/aspectj/weaver/bcel/AsmDelegateTests.java"
  JARFILE="org.aspectj/modules/aj-build/jars/testing-drivers-test-all.jar"
  NAME="testDifferentAnnotationKinds" />
  <test FILENAME="org.aspectj/modules/weaver/testsrc/org/aspectj/weaver/bcel/AsmDelegateTests.java"
  JARFILE="org.aspectj/modules/aj-build/jars/testing-drivers-test-all.jar"
  NAME="testLoadingAttributesForTypes" />
  <test FILENAME="org.aspectj/modules/weaver/testsrc/org/aspectj/weaver/bcel/AsmDelegateTests.java"
  JARFILE="org.aspectj/modules/aj-build/jars/testing-drivers-test-all.jar"
  NAME="testLoadingAttributesForMethods" />
  <test FILENAME="org.aspectj/modules/weaver/testsrc/org/aspectj/weaver/bcel/AsmDelegateTests.java"
  JARFILE="org.aspectj/modules/aj-build/jars/testing-drivers-test-all.jar"
  NAME="testLoadingAnnotationsForFields" />
  <test FILENAME="org.aspectj/modules/weaver/testsrc/org/aspectj/weaver/bcel/AsmDelegateTests.java"
  JARFILE="org.aspectj/modules/aj-build/jars/testing-drivers-test-all.jar"
  NAME="testLoadingAnnotationsForMethods" />
  <test FILENAME="org.aspectj/modules/weaver/testsrc/org/aspectj/weaver/AbstractWorldTestCase.java"
  JARFILE="org.aspectj/modules/aj-build/jars/testing-drivers-test-all.jar"
  NAME="testPrimitiveArrays" />
  <test FILENAME="org.aspectj/modules/weaver/testsrc/org/aspectj/weaver/bcel/ZipTestCase.java"
  JARFILE="org.aspectj/modules/aj-build/jars/testing-drivers-test-all.jar"
  NAME="testSmall" />
  <test FILENAME="org.aspectj/modules/weaver/testsrc/org/aspectj/weaver/bcel/ZipTestCase.java"
  JARFILE="org.aspectj/modules/aj-build/jars/testing-drivers-test-all.jar"
  NAME="testSmallWithAspects" />
  <test FILENAME="org.aspectj/modules/weaver/testsrc/org/aspectj/weaver/bcel/ZipTestCase.java"
  JARFILE="org.aspectj/modules/aj-build/jars/testing-drivers-test-all.jar"
  NAME="testSmallWithAspectsNoWeave" />
  <test FILENAME="org.aspectj/modules/weaver/testsrc/org/aspectj/weaver/bcel/ZipTestCase.java"
  JARFILE="org.aspectj/modules/aj-build/jars/testing-drivers-test-all.jar"
  NAME="testBig" />
  <test FILENAME="org.aspectj/modules/weaver/testsrc/org/aspectj/weaver/bcel/ZipTestCase.java"
  JARFILE="org.aspectj/modules/aj-build/jars/testing-drivers-test-all.jar"
  NAME="testBigWithEasyNoTrace" />
  <test FILENAME="org.aspectj/modules/weaver/testsrc/org/aspectj/weaver/MemberTestCase.java"
  JARFILE="org.aspectj/modules/aj-build/jars/testing-drivers-test-all.jar"
  NAME="testMethodConstruction" />
  <test FILENAME="org.aspectj/modules/weaver/testsrc/org/aspectj/weaver/MemberTestCase.java"
  JARFILE="org.aspectj/modules/aj-build/jars/testing-drivers-test-all.jar"
  NAME="testMethodContents" />
  <test FILENAME="org.aspectj/modules/weaver/testsrc/org/aspectj/weaver/MemberTestCase.java"
  JARFILE="org.aspectj/modules/aj-build/jars/testing-drivers-test-all.jar"
  NAME="testFieldContents" />
  <test FILENAME="org.aspectj/modules/weaver/testsrc/org/aspectj/weaver/TypeXTestCase.java"
  JARFILE="org.aspectj/modules/aj-build/jars/testing-drivers-test-all.jar"
  NAME="testUnresolvedTypes" />
  <test FILENAME="org.aspectj/modules/weaver/testsrc/org/aspectj/weaver/TypeXTestCase.java"
  JARFILE="org.aspectj/modules/aj-build/jars/testing-drivers-test-all.jar"
  NAME="testNameAndSigWithInners" />
  <test FILENAME="org.aspectj/modules/weaver/testsrc/org/aspectj/weaver/TypeXTestCase.java"
  JARFILE="org.aspectj/modules/aj-build/jars/testing-drivers-test-all.jar"
  NAME="testNameAndSigWithParameters" />
  <test FILENAME="org.aspectj/modules/weaver/testsrc/org/aspectj/weaver/TypeXTestCase.java"
  JARFILE="org.aspectj/modules/aj-build/jars/testing-drivers-test-all.jar"
  NAME="testTypexGenericSignatureProcessing" />
  <test FILENAME="org.aspectj/modules/weaver/testsrc/org/aspectj/weaver/TypeXTestCase.java"
  JARFILE="org.aspectj/modules/aj-build/jars/testing-drivers-test-all.jar"
  NAME="testTypeXForParameterizedTypes" />
  <test FILENAME="org.aspectj/modules/weaver/testsrc/org/aspectj/weaver/WeaverMessagesTestCase.java"
  JARFILE="org.aspectj/modules/aj-build/jars/testing-drivers-test-all.jar"
  NAME="testAllMessagesDefined" />
  <test FILENAME="org.aspectj/modules/weaver/testsrc/org/aspectj/weaver/DumpTestCase.java"
  JARFILE="org.aspectj/modules/aj-build/jars/testing-drivers-test-all.jar"
  NAME="testDump" />
  <test FILENAME="org.aspectj/modules/weaver/testsrc/org/aspectj/weaver/DumpTestCase.java"
  JARFILE="org.aspectj/modules/aj-build/jars/testing-drivers-test-all.jar"
  NAME="testSetDumpOnException" />
  <test FILENAME="org.aspectj/modules/weaver/testsrc/org/aspectj/weaver/DumpTestCase.java"
  JARFILE="org.aspectj/modules/aj-build/jars/testing-drivers-test-all.jar"
  NAME="testSetDumpOnExit" />
  <test FILENAME="org.aspectj/modules/weaver/testsrc/org/aspectj/weaver/DumpTestCase.java"
  JARFILE="org.aspectj/modules/aj-build/jars/testing-drivers-test-all.jar"
  NAME="testDumpWithException" />
  <test FILENAME="org.aspectj/modules/weaver/testsrc/org/aspectj/weaver/DumpTestCase.java"
  JARFILE="org.aspectj/modules/aj-build/jars/testing-drivers-test-all.jar"
  NAME="testDumpOnExit" />
  <test FILENAME="org.aspectj/modules/weaver/testsrc/org/aspectj/weaver/DumpTestCase.java"
  JARFILE="org.aspectj/modules/aj-build/jars/testing-drivers-test-all.jar"
  NAME="testDumpOnExitExcluded" />
  <test FILENAME="org.aspectj/modules/weaver/testsrc/org/aspectj/weaver/DumpTestCase.java"
  JARFILE="org.aspectj/modules/aj-build/jars/testing-drivers-test-all.jar"
  NAME="testDumpOnExitIncluded" />
  <test FILENAME="org.aspectj/modules/weaver/testsrc/org/aspectj/weaver/TraceFactoryTest.java"
  JARFILE="org.aspectj/modules/aj-build/jars/testing-drivers-test-all.jar"
  NAME="testGetTraceFactory" />
  <test FILENAME="org.aspectj/modules/weaver/testsrc/org/aspectj/weaver/TraceFactoryTest.java"
  JARFILE="org.aspectj/modules/aj-build/jars/testing-drivers-test-all.jar"
  NAME="testGetTrace" />
  <test FILENAME="org.aspectj/modules/weaver/testsrc/org/aspectj/weaver/DefaultTraceFactoryTest.java"
  JARFILE="org.aspectj/modules/aj-build/jars/testing-drivers-test-all.jar"
  NAME="testGetTrace" />
  <test FILENAME="org.aspectj/modules/weaver/testsrc/org/aspectj/weaver/DefaultTraceTest.java"
  JARFILE="org.aspectj/modules/aj-build/jars/testing-drivers-test-all.jar"
  NAME="testDefaultTrace" />
  <test FILENAME="org.aspectj/modules/weaver/testsrc/org/aspectj/weaver/DefaultTraceTest.java"
  JARFILE="org.aspectj/modules/aj-build/jars/testing-drivers-test-all.jar"
  NAME="testSetTraceEnabled" />
  <test FILENAME="org.aspectj/modules/weaver/testsrc/org/aspectj/weaver/AbstractTraceTest.java"
  JARFILE="org.aspectj/modules/aj-build/jars/testing-drivers-test-all.jar"
  NAME="testIsTraceEnabled" />
  <test FILENAME="org.aspectj/modules/weaver/testsrc/org/aspectj/weaver/AbstractTraceTest.java"
  JARFILE="org.aspectj/modules/aj-build/jars/testing-drivers-test-all.jar"
  NAME="testEnterWithThisAndArgs" />
  <test FILENAME="org.aspectj/modules/weaver/testsrc/org/aspectj/weaver/AbstractTraceTest.java"
  JARFILE="org.aspectj/modules/aj-build/jars/testing-drivers-test-all.jar"
  NAME="testEnterWithThisAndArray" />
  <test FILENAME="org.aspectj/modules/weaver/testsrc/org/aspectj/weaver/AbstractTraceTest.java"
  JARFILE="org.aspectj/modules/aj-build/jars/testing-drivers-test-all.jar"
  NAME="testEnterWithThisAndCollection" />
  <test FILENAME="org.aspectj/modules/weaver/testsrc/org/aspectj/weaver/AbstractTraceTest.java"
  JARFILE="org.aspectj/modules/aj-build/jars/testing-drivers-test-all.jar"
  NAME="testEnterWithThisAndTraceable" />
  <test FILENAME="org.aspectj/modules/weaver/testsrc/org/aspectj/weaver/AbstractTraceTest.java"
  JARFILE="org.aspectj/modules/aj-build/jars/testing-drivers-test-all.jar"
  NAME="testEnterWithThisAndToStringException" />
  <test FILENAME="org.aspectj/modules/weaver/testsrc/org/aspectj/weaver/AbstractTraceTest.java"
  JARFILE="org.aspectj/modules/aj-build/jars/testing-drivers-test-all.jar"
  NAME="testEnterWithThisAndHashCodeException" />
  <test FILENAME="org.aspectj/modules/weaver/testsrc/org/aspectj/weaver/AbstractTraceTest.java"
  JARFILE="org.aspectj/modules/aj-build/jars/testing-drivers-test-all.jar"
  NAME="testEnterWithThisAndClassLoader" />
  <test FILENAME="org.aspectj/modules/weaver/testsrc/org/aspectj/weaver/AbstractTraceTest.java"
  JARFILE="org.aspectj/modules/aj-build/jars/testing-drivers-test-all.jar"
  NAME="testEnterWithThis" />
  <test FILENAME="org.aspectj/modules/weaver/testsrc/org/aspectj/weaver/AbstractTraceTest.java"
  JARFILE="org.aspectj/modules/aj-build/jars/testing-drivers-test-all.jar"
  NAME="testEnter" />
  <test FILENAME="org.aspectj/modules/weaver/testsrc/org/aspectj/weaver/AbstractTraceTest.java"
  JARFILE="org.aspectj/modules/aj-build/jars/testing-drivers-test-all.jar"
  NAME="testExitWithReturn" />
  <test FILENAME="org.aspectj/modules/weaver/testsrc/org/aspectj/weaver/AbstractTraceTest.java"
  JARFILE="org.aspectj/modules/aj-build/jars/testing-drivers-test-all.jar"
  NAME="testExitWithThrowable" />
  <test FILENAME="org.aspectj/modules/weaver/testsrc/org/aspectj/weaver/AbstractTraceTest.java"
  JARFILE="org.aspectj/modules/aj-build/jars/testing-drivers-test-all.jar"
  NAME="testExit" />
  <test FILENAME="org.aspectj/modules/weaver/testsrc/org/aspectj/weaver/AbstractTraceTest.java"
  JARFILE="org.aspectj/modules/aj-build/jars/testing-drivers-test-all.jar"
  NAME="testEvent" />
  <test FILENAME="org.aspectj/modules/weaver/testsrc/org/aspectj/weaver/AbstractTraceTest.java"
  JARFILE="org.aspectj/modules/aj-build/jars/testing-drivers-test-all.jar"
  NAME="testEventWithThisAndArgs" />
  <test FILENAME="org.aspectj/modules/weaver/testsrc/org/aspectj/weaver/AbstractTraceTest.java"
  JARFILE="org.aspectj/modules/aj-build/jars/testing-drivers-test-all.jar"
  NAME="testEventWithThisAndArg" />
  <test FILENAME="org.aspectj/modules/weaver/testsrc/org/aspectj/weaver/AbstractTraceTest.java"
  JARFILE="org.aspectj/modules/aj-build/jars/testing-drivers-test-all.jar"
  NAME="testDebug" />
  <test FILENAME="org.aspectj/modules/weaver/testsrc/org/aspectj/weaver/AbstractTraceTest.java"
  JARFILE="org.aspectj/modules/aj-build/jars/testing-drivers-test-all.jar"
  NAME="testInfo" />
  <test FILENAME="org.aspectj/modules/weaver/testsrc/org/aspectj/weaver/AbstractTraceTest.java"
  JARFILE="org.aspectj/modules/aj-build/jars/testing-drivers-test-all.jar"
  NAME="testWarn" />
  <test FILENAME="org.aspectj/modules/weaver/testsrc/org/aspectj/weaver/AbstractTraceTest.java"
  JARFILE="org.aspectj/modules/aj-build/jars/testing-drivers-test-all.jar"
  NAME="testWarnWithException" />
  <test FILENAME="org.aspectj/modules/weaver/testsrc/org/aspectj/weaver/AbstractTraceTest.java"
  JARFILE="org.aspectj/modules/aj-build/jars/testing-drivers-test-all.jar"
  NAME="testError" />
  <test FILENAME="org.aspectj/modules/weaver/testsrc/org/aspectj/weaver/AbstractTraceTest.java"
  JARFILE="org.aspectj/modules/aj-build/jars/testing-drivers-test-all.jar"
  NAME="testErrorWithException" />
  <test FILENAME="org.aspectj/modules/weaver/testsrc/org/aspectj/weaver/AbstractTraceTest.java"
  JARFILE="org.aspectj/modules/aj-build/jars/testing-drivers-test-all.jar"
  NAME="testFatal" />
  <test FILENAME="org.aspectj/modules/weaver/testsrc/org/aspectj/weaver/AbstractTraceTest.java"
  JARFILE="org.aspectj/modules/aj-build/jars/testing-drivers-test-all.jar"
  NAME="testFatalWithException" />
  <test FILENAME="org.aspectj/modules/weaver/testsrc/org/aspectj/weaver/CommonsTraceFactoryTest.java"
  JARFILE="org.aspectj/modules/aj-build/jars/testing-drivers-test-all.jar"
  NAME="testGetTraceFactory" />
  <test FILENAME="org.aspectj/modules/weaver/testsrc/org/aspectj/weaver/CommonsTraceTest.java"
  JARFILE="org.aspectj/modules/aj-build/jars/testing-drivers-test-all.jar"
  NAME="testSetTraceEnabled" />
  <test FILENAME="org.aspectj/modules/weaver/testsrc/org/aspectj/weaver/CommonsTraceTest.java"
  JARFILE="org.aspectj/modules/aj-build/jars/testing-drivers-test-all.jar"
  NAME="testCommonsTrace" />
  <test FILENAME="org.aspectj/modules/weaver/testsrc/org/aspectj/weaver/AbstractTraceTest.java"
  JARFILE="org.aspectj/modules/aj-build/jars/testing-drivers-test-all.jar"
  NAME="testIsTraceEnabled" />
  <test FILENAME="org.aspectj/modules/weaver/testsrc/org/aspectj/weaver/AbstractTraceTest.java"
  JARFILE="org.aspectj/modules/aj-build/jars/testing-drivers-test-all.jar"
  NAME="testEnterWithThisAndArgs" />
  <test FILENAME="org.aspectj/modules/weaver/testsrc/org/aspectj/weaver/AbstractTraceTest.java"
  JARFILE="org.aspectj/modules/aj-build/jars/testing-drivers-test-all.jar"
  NAME="testEnterWithThisAndArray" />
  <test FILENAME="org.aspectj/modules/weaver/testsrc/org/aspectj/weaver/AbstractTraceTest.java"
  JARFILE="org.aspectj/modules/aj-build/jars/testing-drivers-test-all.jar"
  NAME="testEnterWithThisAndCollection" />
  <test FILENAME="org.aspectj/modules/weaver/testsrc/org/aspectj/weaver/AbstractTraceTest.java"
  JARFILE="org.aspectj/modules/aj-build/jars/testing-drivers-test-all.jar"
  NAME="testEnterWithThisAndTraceable" />
  <test FILENAME="org.aspectj/modules/weaver/testsrc/org/aspectj/weaver/AbstractTraceTest.java"
  JARFILE="org.aspectj/modules/aj-build/jars/testing-drivers-test-all.jar"
  NAME="testEnterWithThisAndToStringException" />
  <test FILENAME="org.aspectj/modules/weaver/testsrc/org/aspectj/weaver/AbstractTraceTest.java"
  JARFILE="org.aspectj/modules/aj-build/jars/testing-drivers-test-all.jar"
  NAME="testEnterWithThisAndHashCodeException" />
  <test FILENAME="org.aspectj/modules/weaver/testsrc/org/aspectj/weaver/AbstractTraceTest.java"
  JARFILE="org.aspectj/modules/aj-build/jars/testing-drivers-test-all.jar"
  NAME="testEnterWithThisAndClassLoader" />
  <test FILENAME="org.aspectj/modules/weaver/testsrc/org/aspectj/weaver/AbstractTraceTest.java"
  JARFILE="org.aspectj/modules/aj-build/jars/testing-drivers-test-all.jar"
  NAME="testEnterWithThis" />
  <test FILENAME="org.aspectj/modules/weaver/testsrc/org/aspectj/weaver/AbstractTraceTest.java"
  JARFILE="org.aspectj/modules/aj-build/jars/testing-drivers-test-all.jar"
  NAME="testEnter" />
  <test FILENAME="org.aspectj/modules/weaver/testsrc/org/aspectj/weaver/AbstractTraceTest.java"
  JARFILE="org.aspectj/modules/aj-build/jars/testing-drivers-test-all.jar"
  NAME="testExitWithReturn" />
  <test FILENAME="org.aspectj/modules/weaver/testsrc/org/aspectj/weaver/AbstractTraceTest.java"
  JARFILE="org.aspectj/modules/aj-build/jars/testing-drivers-test-all.jar"
  NAME="testExitWithThrowable" />
  <test FILENAME="org.aspectj/modules/weaver/testsrc/org/aspectj/weaver/AbstractTraceTest.java"
  JARFILE="org.aspectj/modules/aj-build/jars/testing-drivers-test-all.jar"
  NAME="testExit" />
  <test FILENAME="org.aspectj/modules/weaver/testsrc/org/aspectj/weaver/AbstractTraceTest.java"
  JARFILE="org.aspectj/modules/aj-build/jars/testing-drivers-test-all.jar"
  NAME="testEvent" />
  <test FILENAME="org.aspectj/modules/weaver/testsrc/org/aspectj/weaver/AbstractTraceTest.java"
  JARFILE="org.aspectj/modules/aj-build/jars/testing-drivers-test-all.jar"
  NAME="testEventWithThisAndArgs" />
  <test FILENAME="org.aspectj/modules/weaver/testsrc/org/aspectj/weaver/AbstractTraceTest.java"
  JARFILE="org.aspectj/modules/aj-build/jars/testing-drivers-test-all.jar"
  NAME="testEventWithThisAndArg" />
  <test FILENAME="org.aspectj/modules/weaver/testsrc/org/aspectj/weaver/AbstractTraceTest.java"
  JARFILE="org.aspectj/modules/aj-build/jars/testing-drivers-test-all.jar"
  NAME="testDebug" />
  <test FILENAME="org.aspectj/modules/weaver/testsrc/org/aspectj/weaver/AbstractTraceTest.java"
  JARFILE="org.aspectj/modules/aj-build/jars/testing-drivers-test-all.jar"
  NAME="testInfo" />
  <test FILENAME="org.aspectj/modules/weaver/testsrc/org/aspectj/weaver/AbstractTraceTest.java"
  JARFILE="org.aspectj/modules/aj-build/jars/testing-drivers-test-all.jar"
  NAME="testWarn" />
  <test FILENAME="org.aspectj/modules/weaver/testsrc/org/aspectj/weaver/AbstractTraceTest.java"
  JARFILE="org.aspectj/modules/aj-build/jars/testing-drivers-test-all.jar"
  NAME="testWarnWithException" />
  <test FILENAME="org.aspectj/modules/weaver/testsrc/org/aspectj/weaver/AbstractTraceTest.java"
  JARFILE="org.aspectj/modules/aj-build/jars/testing-drivers-test-all.jar"
  NAME="testError" />
  <test FILENAME="org.aspectj/modules/weaver/testsrc/org/aspectj/weaver/AbstractTraceTest.java"
  JARFILE="org.aspectj/modules/aj-build/jars/testing-drivers-test-all.jar"
  NAME="testErrorWithException" />
  <test FILENAME="org.aspectj/modules/weaver/testsrc/org/aspectj/weaver/AbstractTraceTest.java"
  JARFILE="org.aspectj/modules/aj-build/jars/testing-drivers-test-all.jar"
  NAME="testFatal" />
  <test FILENAME="org.aspectj/modules/weaver/testsrc/org/aspectj/weaver/AbstractTraceTest.java"
  JARFILE="org.aspectj/modules/aj-build/jars/testing-drivers-test-all.jar"
  NAME="testFatalWithException" />
  <test FILENAME="org.aspectj/modules/weaver/testsrc/org/aspectj/weaver/patterns/AndOrNotTestCase.java"
  JARFILE="org.aspectj/modules/aj-build/jars/testing-drivers-test-all.jar"
  NAME="testMatch" />
  <test FILENAME="org.aspectj/modules/weaver/testsrc/org/aspectj/weaver/patterns/BindingTestCase.java"
  JARFILE="org.aspectj/modules/aj-build/jars/testing-drivers-test-all.jar"
  NAME="testResolveBindings" />
  <test FILENAME="org.aspectj/modules/weaver/testsrc/org/aspectj/weaver/patterns/DeclareErrorOrWarningTestCase.java"
  JARFILE="org.aspectj/modules/aj-build/jars/testing-drivers-test-all.jar"
  NAME="testParse" />
  <test FILENAME="org.aspectj/modules/weaver/testsrc/org/aspectj/weaver/patterns/DeclareErrorOrWarningTestCase.java"
  JARFILE="org.aspectj/modules/aj-build/jars/testing-drivers-test-all.jar"
  NAME="testStartAndEndPositionSet" />
  <test FILENAME="org.aspectj/modules/weaver/testsrc/org/aspectj/weaver/patterns/ModifiersPatternTestCase.java"
  JARFILE="org.aspectj/modules/aj-build/jars/testing-drivers-test-all.jar"
  NAME="testMatch" />
  <test FILENAME="org.aspectj/modules/weaver/testsrc/org/aspectj/weaver/patterns/ModifiersPatternTestCase.java"
  JARFILE="org.aspectj/modules/aj-build/jars/testing-drivers-test-all.jar"
  NAME="testSerialization" />
  <test FILENAME="org.aspectj/modules/weaver/testsrc/org/aspectj/weaver/patterns/NamePatternParserTestCase.java"
  JARFILE="org.aspectj/modules/aj-build/jars/testing-drivers-test-all.jar"
  NAME="testMatch" />
  <test FILENAME="org.aspectj/modules/weaver/testsrc/org/aspectj/weaver/patterns/NamePatternTestCase.java"
  JARFILE="org.aspectj/modules/aj-build/jars/testing-drivers-test-all.jar"
  NAME="testMatch" />
  <test FILENAME="org.aspectj/modules/weaver/testsrc/org/aspectj/weaver/patterns/NamePatternTestCase.java"
  JARFILE="org.aspectj/modules/aj-build/jars/testing-drivers-test-all.jar"
  NAME="testSerialization" />
  <test FILENAME="org.aspectj/modules/weaver/testsrc/org/aspectj/weaver/patterns/ParserTestCase.java"
  JARFILE="org.aspectj/modules/aj-build/jars/testing-drivers-test-all.jar"
  NAME="testParse" />
  <test FILENAME="org.aspectj/modules/weaver/testsrc/org/aspectj/weaver/patterns/ParserTestCase.java"
  JARFILE="org.aspectj/modules/aj-build/jars/testing-drivers-test-all.jar"
  NAME="testNamePatterns" />
  <test FILENAME="org.aspectj/modules/weaver/testsrc/org/aspectj/weaver/patterns/ParserTestCase.java"
  JARFILE="org.aspectj/modules/aj-build/jars/testing-drivers-test-all.jar"
  NAME="testParseExecutionWithAnnotation" />
  <test FILENAME="org.aspectj/modules/weaver/testsrc/org/aspectj/weaver/patterns/ParserTestCase.java"
  JARFILE="org.aspectj/modules/aj-build/jars/testing-drivers-test-all.jar"
  NAME="testParseExecutionWithMultipleAnnotations" />
  <test FILENAME="org.aspectj/modules/weaver/testsrc/org/aspectj/weaver/patterns/ParserTestCase.java"
  JARFILE="org.aspectj/modules/aj-build/jars/testing-drivers-test-all.jar"
  NAME="testParseCallWithMultipleAnnotations" />
  <test FILENAME="org.aspectj/modules/weaver/testsrc/org/aspectj/weaver/patterns/ParserTestCase.java"
  JARFILE="org.aspectj/modules/aj-build/jars/testing-drivers-test-all.jar"
  NAME="testParseGetWithAnnotations" />
  <test FILENAME="org.aspectj/modules/weaver/testsrc/org/aspectj/weaver/patterns/ParserTestCase.java"
  JARFILE="org.aspectj/modules/aj-build/jars/testing-drivers-test-all.jar"
  NAME="testParseBadGetWithAnnotations" />
  <test FILENAME="org.aspectj/modules/weaver/testsrc/org/aspectj/weaver/patterns/ParserTestCase.java"
  JARFILE="org.aspectj/modules/aj-build/jars/testing-drivers-test-all.jar"
  NAME="testParseGetWithAndAggregationAnnotations" />
  <test FILENAME="org.aspectj/modules/weaver/testsrc/org/aspectj/weaver/patterns/ParserTestCase.java"
  JARFILE="org.aspectj/modules/aj-build/jars/testing-drivers-test-all.jar"
  NAME="testParseSetWithAnnotations" />
  <test FILENAME="org.aspectj/modules/weaver/testsrc/org/aspectj/weaver/patterns/ParserTestCase.java"
  JARFILE="org.aspectj/modules/aj-build/jars/testing-drivers-test-all.jar"
  NAME="testParseHandlerWithAnnotations" />
  <test FILENAME="org.aspectj/modules/weaver/testsrc/org/aspectj/weaver/patterns/ParserTestCase.java"
  JARFILE="org.aspectj/modules/aj-build/jars/testing-drivers-test-all.jar"
  NAME="testParseInitializationWithAnnotations" />
  <test FILENAME="org.aspectj/modules/weaver/testsrc/org/aspectj/weaver/patterns/ParserTestCase.java"
  JARFILE="org.aspectj/modules/aj-build/jars/testing-drivers-test-all.jar"
  NAME="testParsePreInitializationWithAnnotations" />
  <test FILENAME="org.aspectj/modules/weaver/testsrc/org/aspectj/weaver/patterns/ParserTestCase.java"
  JARFILE="org.aspectj/modules/aj-build/jars/testing-drivers-test-all.jar"
  NAME="testStaticInitializationWithAnnotations" />
  <test FILENAME="org.aspectj/modules/weaver/testsrc/org/aspectj/weaver/patterns/ParserTestCase.java"
  JARFILE="org.aspectj/modules/aj-build/jars/testing-drivers-test-all.jar"
  NAME="testWithinWithAnnotations" />
  <test FILENAME="org.aspectj/modules/weaver/testsrc/org/aspectj/weaver/patterns/ParserTestCase.java"
  JARFILE="org.aspectj/modules/aj-build/jars/testing-drivers-test-all.jar"
  NAME="testWithinCodeWithAnnotations" />
  <test FILENAME="org.aspectj/modules/weaver/testsrc/org/aspectj/weaver/patterns/ParserTestCase.java"
  JARFILE="org.aspectj/modules/aj-build/jars/testing-drivers-test-all.jar"
  NAME="testAtAnnotation" />
  <test FILENAME="org.aspectj/modules/weaver/testsrc/org/aspectj/weaver/patterns/ParserTestCase.java"
  JARFILE="org.aspectj/modules/aj-build/jars/testing-drivers-test-all.jar"
  NAME="testBadAtAnnotation" />
  <test FILENAME="org.aspectj/modules/weaver/testsrc/org/aspectj/weaver/patterns/ParserTestCase.java"
  JARFILE="org.aspectj/modules/aj-build/jars/testing-drivers-test-all.jar"
  NAME="testAtAnnotationWithBinding" />
  <test FILENAME="org.aspectj/modules/weaver/testsrc/org/aspectj/weaver/patterns/ParserTestCase.java"
  JARFILE="org.aspectj/modules/aj-build/jars/testing-drivers-test-all.jar"
  NAME="testDoubleAtAnnotation" />
  <test FILENAME="org.aspectj/modules/weaver/testsrc/org/aspectj/weaver/patterns/ParserTestCase.java"
  JARFILE="org.aspectj/modules/aj-build/jars/testing-drivers-test-all.jar"
  NAME="testAtWithin" />
  <test FILENAME="org.aspectj/modules/weaver/testsrc/org/aspectj/weaver/patterns/ParserTestCase.java"
  JARFILE="org.aspectj/modules/aj-build/jars/testing-drivers-test-all.jar"
  NAME="testAtWithinCode" />
  <test FILENAME="org.aspectj/modules/weaver/testsrc/org/aspectj/weaver/patterns/ParserTestCase.java"
  JARFILE="org.aspectj/modules/aj-build/jars/testing-drivers-test-all.jar"
  NAME="testAtThis" />
  <test FILENAME="org.aspectj/modules/weaver/testsrc/org/aspectj/weaver/patterns/ParserTestCase.java"
  JARFILE="org.aspectj/modules/aj-build/jars/testing-drivers-test-all.jar"
  NAME="testAtTarget" />
  <test FILENAME="org.aspectj/modules/weaver/testsrc/org/aspectj/weaver/patterns/ParserTestCase.java"
  JARFILE="org.aspectj/modules/aj-build/jars/testing-drivers-test-all.jar"
  NAME="testAtArgs" />
  <test FILENAME="org.aspectj/modules/weaver/testsrc/org/aspectj/weaver/patterns/ParserTestCase.java"
  JARFILE="org.aspectj/modules/aj-build/jars/testing-drivers-test-all.jar"
  NAME="testParseSimpleTypeVariable" />
  <test FILENAME="org.aspectj/modules/weaver/testsrc/org/aspectj/weaver/patterns/ParserTestCase.java"
  JARFILE="org.aspectj/modules/aj-build/jars/testing-drivers-test-all.jar"
  NAME="testParseExtendingTypeVariable" />
  <test FILENAME="org.aspectj/modules/weaver/testsrc/org/aspectj/weaver/patterns/ParserTestCase.java"
  JARFILE="org.aspectj/modules/aj-build/jars/testing-drivers-test-all.jar"
  NAME="testParseExtendingTypeVariableWithPattern" />
  <test FILENAME="org.aspectj/modules/weaver/testsrc/org/aspectj/weaver/patterns/ParserTestCase.java"
  JARFILE="org.aspectj/modules/aj-build/jars/testing-drivers-test-all.jar"
  NAME="testParseExtendingTypeVariableWithInterface" />
  <test FILENAME="org.aspectj/modules/weaver/testsrc/org/aspectj/weaver/patterns/ParserTestCase.java"
  JARFILE="org.aspectj/modules/aj-build/jars/testing-drivers-test-all.jar"
  NAME="testParseExtendingTypeVariableWithInterfaceList" />
  <test FILENAME="org.aspectj/modules/weaver/testsrc/org/aspectj/weaver/patterns/ParserTestCase.java"
  JARFILE="org.aspectj/modules/aj-build/jars/testing-drivers-test-all.jar"
  NAME="testParseTypeParameterList" />
  <test FILENAME="org.aspectj/modules/weaver/testsrc/org/aspectj/weaver/patterns/ParserTestCase.java"
  JARFILE="org.aspectj/modules/aj-build/jars/testing-drivers-test-all.jar"
  NAME="testParseTypeParameterListWithSeveralTypeParameters" />
  <test FILENAME="org.aspectj/modules/weaver/testsrc/org/aspectj/weaver/patterns/ParserTestCase.java"
  JARFILE="org.aspectj/modules/aj-build/jars/testing-drivers-test-all.jar"
  NAME="testParseAllowedSuperInTypeVariable" />
  <test FILENAME="org.aspectj/modules/weaver/testsrc/org/aspectj/weaver/patterns/ParserTestCase.java"
  JARFILE="org.aspectj/modules/aj-build/jars/testing-drivers-test-all.jar"
  NAME="testParseAnythingTypeVariable" />
  <test FILENAME="org.aspectj/modules/weaver/testsrc/org/aspectj/weaver/patterns/ParserTestCase.java"
  JARFILE="org.aspectj/modules/aj-build/jars/testing-drivers-test-all.jar"
  NAME="testParseAnythingExtendsTypeVariable" />
  <test FILENAME="org.aspectj/modules/weaver/testsrc/org/aspectj/weaver/patterns/ParserTestCase.java"
  JARFILE="org.aspectj/modules/aj-build/jars/testing-drivers-test-all.jar"
  NAME="testParseAnythingSuperTypeVariable" />
  <test FILENAME="org.aspectj/modules/weaver/testsrc/org/aspectj/weaver/patterns/ParserTestCase.java"
  JARFILE="org.aspectj/modules/aj-build/jars/testing-drivers-test-all.jar"
  NAME="testParseDeclareParentsWithTypeParameterList" />
  <test FILENAME="org.aspectj/modules/weaver/testsrc/org/aspectj/weaver/patterns/ParserTestCase.java"
  JARFILE="org.aspectj/modules/aj-build/jars/testing-drivers-test-all.jar"
  NAME="testParameterizedTypePatternsAny" />
  <test FILENAME="org.aspectj/modules/weaver/testsrc/org/aspectj/weaver/patterns/ParserTestCase.java"
  JARFILE="org.aspectj/modules/aj-build/jars/testing-drivers-test-all.jar"
  NAME="testParameterizedTypePatternsSimple" />
  <test FILENAME="org.aspectj/modules/weaver/testsrc/org/aspectj/weaver/patterns/ParserTestCase.java"
  JARFILE="org.aspectj/modules/aj-build/jars/testing-drivers-test-all.jar"
  NAME="testNestedParameterizedTypePatterns" />
  <test FILENAME="org.aspectj/modules/weaver/testsrc/org/aspectj/weaver/patterns/ParserTestCase.java"
  JARFILE="org.aspectj/modules/aj-build/jars/testing-drivers-test-all.jar"
  NAME="testSimpleTypeVariableList" />
  <test FILENAME="org.aspectj/modules/weaver/testsrc/org/aspectj/weaver/patterns/ParserTestCase.java"
  JARFILE="org.aspectj/modules/aj-build/jars/testing-drivers-test-all.jar"
  NAME="testSimpleTypeVariableListError" />
  <test FILENAME="org.aspectj/modules/weaver/testsrc/org/aspectj/weaver/patterns/ParserTestCase.java"
  JARFILE="org.aspectj/modules/aj-build/jars/testing-drivers-test-all.jar"
  NAME="testParseCallPCDWithTypeVariables" />
  <test FILENAME="org.aspectj/modules/weaver/testsrc/org/aspectj/weaver/patterns/ParserTestCase.java"
  JARFILE="org.aspectj/modules/aj-build/jars/testing-drivers-test-all.jar"
  NAME="testParseCallPCDWithIllegalBounds" />
  <test FILENAME="org.aspectj/modules/weaver/testsrc/org/aspectj/weaver/patterns/ParserTestCase.java"
  JARFILE="org.aspectj/modules/aj-build/jars/testing-drivers-test-all.jar"
  NAME="testNoTypeVarsForHandler" />
  <test FILENAME="org.aspectj/modules/weaver/testsrc/org/aspectj/weaver/patterns/ParserTestCase.java"
  JARFILE="org.aspectj/modules/aj-build/jars/testing-drivers-test-all.jar"
  NAME="testNoTypeVarsForThis" />
  <test FILENAME="org.aspectj/modules/weaver/testsrc/org/aspectj/weaver/patterns/ParserTestCase.java"
  JARFILE="org.aspectj/modules/aj-build/jars/testing-drivers-test-all.jar"
  NAME="testNoTypeVarsForTarget" />
  <test FILENAME="org.aspectj/modules/weaver/testsrc/org/aspectj/weaver/patterns/ParserTestCase.java"
  JARFILE="org.aspectj/modules/aj-build/jars/testing-drivers-test-all.jar"
  NAME="testNoTypeVarsForArgs" />
  <test FILENAME="org.aspectj/modules/weaver/testsrc/org/aspectj/weaver/patterns/ParserTestCase.java"
  JARFILE="org.aspectj/modules/aj-build/jars/testing-drivers-test-all.jar"
  NAME="testNoTypeVarsForIf" />
  <test FILENAME="org.aspectj/modules/weaver/testsrc/org/aspectj/weaver/patterns/ParserTestCase.java"
  JARFILE="org.aspectj/modules/aj-build/jars/testing-drivers-test-all.jar"
  NAME="testNoTypeVarsForCflow" />
  <test FILENAME="org.aspectj/modules/weaver/testsrc/org/aspectj/weaver/patterns/ParserTestCase.java"
  JARFILE="org.aspectj/modules/aj-build/jars/testing-drivers-test-all.jar"
  NAME="testNoTypeVarsForCflowbelow" />
  <test FILENAME="org.aspectj/modules/weaver/testsrc/org/aspectj/weaver/patterns/ParserTestCase.java"
  JARFILE="org.aspectj/modules/aj-build/jars/testing-drivers-test-all.jar"
  NAME="testNoTypeVarsForAtWithin" />
  <test FILENAME="org.aspectj/modules/weaver/testsrc/org/aspectj/weaver/patterns/ParserTestCase.java"
  JARFILE="org.aspectj/modules/aj-build/jars/testing-drivers-test-all.jar"
  NAME="testNoTypeVarsForAtAnnotation" />
  <test FILENAME="org.aspectj/modules/weaver/testsrc/org/aspectj/weaver/patterns/ParserTestCase.java"
  JARFILE="org.aspectj/modules/aj-build/jars/testing-drivers-test-all.jar"
  NAME="testNoTypeVarsForAtWithinCode" />
  <test FILENAME="org.aspectj/modules/weaver/testsrc/org/aspectj/weaver/patterns/ParserTestCase.java"
  JARFILE="org.aspectj/modules/aj-build/jars/testing-drivers-test-all.jar"
  NAME="testNoTypeVarsForAtThis" />
  <test FILENAME="org.aspectj/modules/weaver/testsrc/org/aspectj/weaver/patterns/ParserTestCase.java"
  JARFILE="org.aspectj/modules/aj-build/jars/testing-drivers-test-all.jar"
  NAME="testNoTypeVarsForAtTarget" />
  <test FILENAME="org.aspectj/modules/weaver/testsrc/org/aspectj/weaver/patterns/ParserTestCase.java"
  JARFILE="org.aspectj/modules/aj-build/jars/testing-drivers-test-all.jar"
  NAME="testNoTypeVarsForAtArgs" />
  <test FILENAME="org.aspectj/modules/weaver/testsrc/org/aspectj/weaver/patterns/ParserTestCase.java"
  JARFILE="org.aspectj/modules/aj-build/jars/testing-drivers-test-all.jar"
  NAME="testExecutionWithTypeVariables" />
  <test FILENAME="org.aspectj/modules/weaver/testsrc/org/aspectj/weaver/patterns/ParserTestCase.java"
  JARFILE="org.aspectj/modules/aj-build/jars/testing-drivers-test-all.jar"
  NAME="testInitializationWithTypeVariables" />
  <test FILENAME="org.aspectj/modules/weaver/testsrc/org/aspectj/weaver/patterns/ParserTestCase.java"
  JARFILE="org.aspectj/modules/aj-build/jars/testing-drivers-test-all.jar"
  NAME="testPreInitializationWithTypeVariables" />
  <test FILENAME="org.aspectj/modules/weaver/testsrc/org/aspectj/weaver/patterns/ParserTestCase.java"
  JARFILE="org.aspectj/modules/aj-build/jars/testing-drivers-test-all.jar"
  NAME="testStaticInitializationWithTypeVariables" />
  <test FILENAME="org.aspectj/modules/weaver/testsrc/org/aspectj/weaver/patterns/ParserTestCase.java"
  JARFILE="org.aspectj/modules/aj-build/jars/testing-drivers-test-all.jar"
  NAME="testWithinWithTypeVariables" />
  <test FILENAME="org.aspectj/modules/weaver/testsrc/org/aspectj/weaver/patterns/ParserTestCase.java"
  JARFILE="org.aspectj/modules/aj-build/jars/testing-drivers-test-all.jar"
  NAME="testTypeParamList" />
  <test FILENAME="org.aspectj/modules/weaver/testsrc/org/aspectj/weaver/patterns/ParserTestCase.java"
  JARFILE="org.aspectj/modules/aj-build/jars/testing-drivers-test-all.jar"
  NAME="testWithinCodeWithTypeVariables" />
  <test FILENAME="org.aspectj/modules/weaver/testsrc/org/aspectj/weaver/patterns/ParserTestCase.java"
  JARFILE="org.aspectj/modules/aj-build/jars/testing-drivers-test-all.jar"
  NAME="testCallWithTypeVariables" />
  <test FILENAME="org.aspectj/modules/weaver/testsrc/org/aspectj/weaver/patterns/ParserTestCase.java"
  JARFILE="org.aspectj/modules/aj-build/jars/testing-drivers-test-all.jar"
  NAME="testGetWithTypeVariables" />
  <test FILENAME="org.aspectj/modules/weaver/testsrc/org/aspectj/weaver/patterns/ParserTestCase.java"
  JARFILE="org.aspectj/modules/aj-build/jars/testing-drivers-test-all.jar"
  NAME="testSetWithTypeVariables" />
  <test FILENAME="org.aspectj/modules/weaver/testsrc/org/aspectj/weaver/patterns/SignaturePatternTestCase.java"
  JARFILE="org.aspectj/modules/aj-build/jars/testing-drivers-test-all.jar"
  NAME="testThrowsMatch" />
  <test FILENAME="org.aspectj/modules/weaver/testsrc/org/aspectj/weaver/patterns/SignaturePatternTestCase.java"
  JARFILE="org.aspectj/modules/aj-build/jars/testing-drivers-test-all.jar"
  NAME="testInstanceMethodMatch" />
  <test FILENAME="org.aspectj/modules/weaver/testsrc/org/aspectj/weaver/patterns/SignaturePatternTestCase.java"
  JARFILE="org.aspectj/modules/aj-build/jars/testing-drivers-test-all.jar"
  NAME="testStaticMethodMatch" />
  <test FILENAME="org.aspectj/modules/weaver/testsrc/org/aspectj/weaver/patterns/SignaturePatternTestCase.java"
  JARFILE="org.aspectj/modules/aj-build/jars/testing-drivers-test-all.jar"
  NAME="testFieldMatch" />
  <test FILENAME="org.aspectj/modules/weaver/testsrc/org/aspectj/weaver/patterns/SignaturePatternTestCase.java"
  JARFILE="org.aspectj/modules/aj-build/jars/testing-drivers-test-all.jar"
  NAME="testConstructorMatch" />
  <test FILENAME="org.aspectj/modules/weaver/testsrc/org/aspectj/weaver/patterns/ThisOrTargetTestCase.java"
  JARFILE="org.aspectj/modules/aj-build/jars/testing-drivers-test-all.jar"
  NAME="testMatch" />
  <test FILENAME="org.aspectj/modules/weaver/testsrc/org/aspectj/weaver/patterns/ThisOrTargetTestCase.java"
  JARFILE="org.aspectj/modules/aj-build/jars/testing-drivers-test-all.jar"
  NAME="testMatchJP" />
  <test FILENAME="org.aspectj/modules/weaver/testsrc/org/aspectj/weaver/patterns/ThisOrTargetTestCase.java"
  JARFILE="org.aspectj/modules/aj-build/jars/testing-drivers-test-all.jar"
  NAME="testBinding" />
  <test FILENAME="org.aspectj/modules/weaver/testsrc/org/aspectj/weaver/patterns/TypePatternListTestCase.java"
  JARFILE="org.aspectj/modules/aj-build/jars/testing-drivers-test-all.jar"
  NAME="testMatch" />
  <test FILENAME="org.aspectj/modules/weaver/testsrc/org/aspectj/weaver/patterns/TypePatternListTestCase.java"
  JARFILE="org.aspectj/modules/aj-build/jars/testing-drivers-test-all.jar"
  NAME="testSerialization" />
  <test FILENAME="org.aspectj/modules/weaver/testsrc/org/aspectj/weaver/patterns/TypePatternTestCase.java"
  JARFILE="org.aspectj/modules/aj-build/jars/testing-drivers-test-all.jar"
  NAME="testSerialization" />
  <test FILENAME="org.aspectj/modules/weaver/testsrc/org/aspectj/weaver/patterns/TypePatternTestCase.java"
  JARFILE="org.aspectj/modules/aj-build/jars/testing-drivers-test-all.jar"
  NAME="testStaticMatch" />
  <test FILENAME="org.aspectj/modules/weaver/testsrc/org/aspectj/weaver/patterns/TypePatternTestCase.java"
  JARFILE="org.aspectj/modules/aj-build/jars/testing-drivers-test-all.jar"
  NAME="testImportResolve" />
  <test FILENAME="org.aspectj/modules/weaver/testsrc/org/aspectj/weaver/patterns/TypePatternTestCase.java"
  JARFILE="org.aspectj/modules/aj-build/jars/testing-drivers-test-all.jar"
  NAME="testImportMatch" />
  <test FILENAME="org.aspectj/modules/weaver/testsrc/org/aspectj/weaver/patterns/TypePatternTestCase.java"
  JARFILE="org.aspectj/modules/aj-build/jars/testing-drivers-test-all.jar"
  NAME="testImportMatchWithInners" />
  <test FILENAME="org.aspectj/modules/weaver/testsrc/org/aspectj/weaver/patterns/TypePatternTestCase.java"
  JARFILE="org.aspectj/modules/aj-build/jars/testing-drivers-test-all.jar"
  NAME="testInstanceofMatch" />
  <test FILENAME="org.aspectj/modules/weaver/testsrc/org/aspectj/weaver/patterns/TypePatternTestCase.java"
  JARFILE="org.aspectj/modules/aj-build/jars/testing-drivers-test-all.jar"
  NAME="testArrayMatch" />
  <test FILENAME="org.aspectj/modules/weaver/testsrc/org/aspectj/weaver/patterns/WithinTestCase.java"
  JARFILE="org.aspectj/modules/aj-build/jars/testing-drivers-test-all.jar"
  NAME="testMatch" />
  <test FILENAME="org.aspectj/modules/weaver/testsrc/org/aspectj/weaver/patterns/ArgsTestCase.java"
  JARFILE="org.aspectj/modules/aj-build/jars/testing-drivers-test-all.jar"
  NAME="testMatchJP" />
  <test FILENAME="org.aspectj/modules/weaver/testsrc/org/aspectj/weaver/patterns/ArgsTestCase.java"
  JARFILE="org.aspectj/modules/aj-build/jars/testing-drivers-test-all.jar"
  NAME="testBinding" />
  <test FILENAME="org.aspectj/modules/weaver/testsrc/org/aspectj/weaver/patterns/ArgsTestCase.java"
  JARFILE="org.aspectj/modules/aj-build/jars/testing-drivers-test-all.jar"
  NAME="testMatchJPWithPrimitiveTypes" />
  <test FILENAME="org.aspectj/modules/weaver/testsrc/org/aspectj/weaver/patterns/AnnotationPatternTestCase.java"
  JARFILE="org.aspectj/modules/aj-build/jars/testing-drivers-test-all.jar"
  NAME="testParseSimpleAnnotationPattern" />
  <test FILENAME="org.aspectj/modules/weaver/testsrc/org/aspectj/weaver/patterns/AnnotationPatternTestCase.java"
  JARFILE="org.aspectj/modules/aj-build/jars/testing-drivers-test-all.jar"
  NAME="testParseAndAnnotationPattern" />
  <test FILENAME="org.aspectj/modules/weaver/testsrc/org/aspectj/weaver/patterns/AnnotationPatternTestCase.java"
  JARFILE="org.aspectj/modules/aj-build/jars/testing-drivers-test-all.jar"
  NAME="testParseNotAnnotationPattern" />
  <test FILENAME="org.aspectj/modules/weaver/testsrc/org/aspectj/weaver/patterns/AnnotationPatternTestCase.java"
  JARFILE="org.aspectj/modules/aj-build/jars/testing-drivers-test-all.jar"
  NAME="testParseBracketedAnnotationPattern" />
  <test FILENAME="org.aspectj/modules/weaver/testsrc/org/aspectj/weaver/patterns/AnnotationPatternTestCase.java"
  JARFILE="org.aspectj/modules/aj-build/jars/testing-drivers-test-all.jar"
  NAME="testParseFQAnnPattern" />
  <test FILENAME="org.aspectj/modules/weaver/testsrc/org/aspectj/weaver/patterns/AnnotationPatternTestCase.java"
  JARFILE="org.aspectj/modules/aj-build/jars/testing-drivers-test-all.jar"
  NAME="testParseComboPattern" />
  <test FILENAME="org.aspectj/modules/weaver/testsrc/org/aspectj/weaver/patterns/AnnotationPatternTestCase.java"
  JARFILE="org.aspectj/modules/aj-build/jars/testing-drivers-test-all.jar"
  NAME="testParseBadPattern" />
  <test FILENAME="org.aspectj/modules/weaver/testsrc/org/aspectj/weaver/patterns/AnnotationPatternTestCase.java"
  JARFILE="org.aspectj/modules/aj-build/jars/testing-drivers-test-all.jar"
  NAME="testParseBadPattern2" />
  <test FILENAME="org.aspectj/modules/weaver/testsrc/org/aspectj/weaver/patterns/AnnotationPatternTestCase.java"
  JARFILE="org.aspectj/modules/aj-build/jars/testing-drivers-test-all.jar"
  NAME="testParseNameOrVarAnnotationPattern" />
  <test FILENAME="org.aspectj/modules/weaver/testsrc/org/aspectj/weaver/patterns/AnnotationPatternTestCase.java"
  JARFILE="org.aspectj/modules/aj-build/jars/testing-drivers-test-all.jar"
  NAME="testParseNameOrVarAnnotationPatternWithNot" />
  <test FILENAME="org.aspectj/modules/weaver/testsrc/org/aspectj/weaver/patterns/AnnotationPatternTestCase.java"
  JARFILE="org.aspectj/modules/aj-build/jars/testing-drivers-test-all.jar"
  NAME="testParseNameOrVarAnnotationPatternWithOr" />
  <test FILENAME="org.aspectj/modules/weaver/testsrc/org/aspectj/weaver/patterns/AnnotationPatternTestCase.java"
  JARFILE="org.aspectj/modules/aj-build/jars/testing-drivers-test-all.jar"
  NAME="testParseNameOrVarAnnotationWithBinding" />
  <test FILENAME="org.aspectj/modules/weaver/testsrc/org/aspectj/weaver/patterns/AnnotationPatternTestCase.java"
  JARFILE="org.aspectj/modules/aj-build/jars/testing-drivers-test-all.jar"
  NAME="testParseNameOrVarAnnotationPatternWithAnd" />
  <test FILENAME="org.aspectj/modules/weaver/testsrc/org/aspectj/weaver/patterns/AnnotationPatternTestCase.java"
  JARFILE="org.aspectj/modules/aj-build/jars/testing-drivers-test-all.jar"
  NAME="testMaybeParseAnnotationPattern" />
  <test FILENAME="org.aspectj/modules/weaver/testsrc/org/aspectj/weaver/patterns/AnnotationPatternTestCase.java"
  JARFILE="org.aspectj/modules/aj-build/jars/testing-drivers-test-all.jar"
  NAME="testParseTypePatternsWithAnnotations" />
  <test FILENAME="org.aspectj/modules/weaver/testsrc/org/aspectj/weaver/patterns/AnnotationPatternTestCase.java"
  JARFILE="org.aspectj/modules/aj-build/jars/testing-drivers-test-all.jar"
  NAME="testParseTypePatternsWithAnnotationsComplex" />
  <test FILENAME="org.aspectj/modules/weaver/testsrc/org/aspectj/weaver/patterns/AnnotationPatternTestCase.java"
  JARFILE="org.aspectj/modules/aj-build/jars/testing-drivers-test-all.jar"
  NAME="testNotSyntax" />
  <test FILENAME="org.aspectj/modules/weaver/testsrc/org/aspectj/weaver/patterns/AnnotationPatternTestCase.java"
  JARFILE="org.aspectj/modules/aj-build/jars/testing-drivers-test-all.jar"
  NAME="testParseMethodOrConstructorSigNoAP" />
  <test FILENAME="org.aspectj/modules/weaver/testsrc/org/aspectj/weaver/patterns/AnnotationPatternTestCase.java"
  JARFILE="org.aspectj/modules/aj-build/jars/testing-drivers-test-all.jar"
  NAME="testParseMethodOrConstructorSigSimpleAP" />
  <test FILENAME="org.aspectj/modules/weaver/testsrc/org/aspectj/weaver/patterns/AnnotationPatternTestCase.java"
  JARFILE="org.aspectj/modules/aj-build/jars/testing-drivers-test-all.jar"
  NAME="testParseMethodOrConstructorSigComplexAP" />
  <test FILENAME="org.aspectj/modules/weaver/testsrc/org/aspectj/weaver/patterns/AnnotationPatternTestCase.java"
  JARFILE="org.aspectj/modules/aj-build/jars/testing-drivers-test-all.jar"
  NAME="testParseMethodFieldSigNoAP" />
  <test FILENAME="org.aspectj/modules/weaver/testsrc/org/aspectj/weaver/patterns/AnnotationPatternTestCase.java"
  JARFILE="org.aspectj/modules/aj-build/jars/testing-drivers-test-all.jar"
  NAME="testParseFieldSigSimpleAP" />
  <test FILENAME="org.aspectj/modules/weaver/testsrc/org/aspectj/weaver/patterns/AnnotationPatternTestCase.java"
  JARFILE="org.aspectj/modules/aj-build/jars/testing-drivers-test-all.jar"
  NAME="testParseFieldSigComplexAP" />
  <test FILENAME="org.aspectj/modules/weaver/testsrc/org/aspectj/weaver/patterns/AnnotationPatternTestCase.java"
  JARFILE="org.aspectj/modules/aj-build/jars/testing-drivers-test-all.jar"
  NAME="testExactAnnotationPatternMatching" />
  <test FILENAME="org.aspectj/modules/weaver/testsrc/org/aspectj/weaver/patterns/AnnotationPatternTestCase.java"
  JARFILE="org.aspectj/modules/aj-build/jars/testing-drivers-test-all.jar"
  NAME="testBindingAnnotationPatternMatching" />
  <test FILENAME="org.aspectj/modules/weaver/testsrc/org/aspectj/weaver/patterns/AnnotationPatternTestCase.java"
  JARFILE="org.aspectj/modules/aj-build/jars/testing-drivers-test-all.jar"
  NAME="testAndAnnotationPatternMatching" />
  <test FILENAME="org.aspectj/modules/weaver/testsrc/org/aspectj/weaver/patterns/AnnotationPatternTestCase.java"
  JARFILE="org.aspectj/modules/aj-build/jars/testing-drivers-test-all.jar"
  NAME="testNotAnnotationPatternMatching" />
  <test FILENAME="org.aspectj/modules/weaver/testsrc/org/aspectj/weaver/patterns/AnnotationPatternTestCase.java"
  JARFILE="org.aspectj/modules/aj-build/jars/testing-drivers-test-all.jar"
  NAME="testAnyAnnotationPatternMatching" />
  <test FILENAME="org.aspectj/modules/weaver/testsrc/org/aspectj/weaver/patterns/AnnotationPatternMatchingTestCase.java"
  JARFILE="org.aspectj/modules/aj-build/jars/testing-drivers-test-all.jar"
  NAME="testAnnotationPatternMatchingOnTypes" />
  <test FILENAME="org.aspectj/modules/weaver/testsrc/org/aspectj/weaver/patterns/AnnotationPatternMatchingTestCase.java"
  JARFILE="org.aspectj/modules/aj-build/jars/testing-drivers-test-all.jar"
  NAME="testReferenceToNonAnnotationType" />
  <test FILENAME="org.aspectj/modules/weaver/testsrc/org/aspectj/weaver/patterns/AnnotationPatternMatchingTestCase.java"
  JARFILE="org.aspectj/modules/aj-build/jars/testing-drivers-test-all.jar"
  NAME="testReferenceViaFormalToNonAnnotationType" />
  <test FILENAME="org.aspectj/modules/weaver/testsrc/org/aspectj/weaver/patterns/AnnotationPatternMatchingTestCase.java"
  JARFILE="org.aspectj/modules/aj-build/jars/testing-drivers-test-all.jar"
  NAME="testUnresolvedAnnotationTypes" />
  <test FILENAME="org.aspectj/modules/weaver/testsrc/org/aspectj/weaver/patterns/AnnotationPatternMatchingTestCase.java"
  JARFILE="org.aspectj/modules/aj-build/jars/testing-drivers-test-all.jar"
  NAME="testAnnotationPatternMatchingOnMethods" />
  <test FILENAME="org.aspectj/modules/weaver/testsrc/org/aspectj/weaver/patterns/AnnotationPatternMatchingTestCase.java"
  JARFILE="org.aspectj/modules/aj-build/jars/testing-drivers-test-all.jar"
  NAME="testAnnotationPatternMatchingOnFields" />
  <test FILENAME="org.aspectj/modules/weaver/testsrc/org/aspectj/weaver/patterns/AnnotationPatternMatchingTestCase.java"
  JARFILE="org.aspectj/modules/aj-build/jars/testing-drivers-test-all.jar"
  NAME="testAnnotationTypeResolutionOnTypes" />
  <test FILENAME="org.aspectj/modules/weaver/testsrc/org/aspectj/weaver/patterns/AnnotationPatternMatchingTestCase.java"
  JARFILE="org.aspectj/modules/aj-build/jars/testing-drivers-test-all.jar"
  NAME="testAnnotationTypeResolutionOnMethods" />
  <test FILENAME="org.aspectj/modules/weaver/testsrc/org/aspectj/weaver/patterns/AnnotationPatternMatchingTestCase.java"
  JARFILE="org.aspectj/modules/aj-build/jars/testing-drivers-test-all.jar"
  NAME="testAnnotationTypeResolutionOnFields" />
  <test FILENAME="org.aspectj/modules/weaver/testsrc/org/aspectj/weaver/patterns/AnnotationPatternMatchingTestCase.java"
  JARFILE="org.aspectj/modules/aj-build/jars/testing-drivers-test-all.jar"
  NAME="testWildPatternMatchingOnTypes" />
  <test FILENAME="org.aspectj/modules/weaver/testsrc/org/aspectj/weaver/patterns/PointcutRewriterTest.java"
  JARFILE="org.aspectj/modules/aj-build/jars/testing-drivers-test-all.jar"
  NAME="testDistributeNot" />
  <test FILENAME="org.aspectj/modules/weaver/testsrc/org/aspectj/weaver/patterns/PointcutRewriterTest.java"
  JARFILE="org.aspectj/modules/aj-build/jars/testing-drivers-test-all.jar"
  NAME="testPullUpDisjunctions" />
  <test FILENAME="org.aspectj/modules/weaver/testsrc/org/aspectj/weaver/patterns/PointcutRewriterTest.java"
  JARFILE="org.aspectj/modules/aj-build/jars/testing-drivers-test-all.jar"
  NAME="testRemoveDuplicatesInAnd" />
  <test FILENAME="org.aspectj/modules/weaver/testsrc/org/aspectj/weaver/patterns/PointcutRewriterTest.java"
  JARFILE="org.aspectj/modules/aj-build/jars/testing-drivers-test-all.jar"
  NAME="testNotRemoveNearlyDuplicatesInAnd" />
  <test FILENAME="org.aspectj/modules/weaver/testsrc/org/aspectj/weaver/patterns/PointcutRewriterTest.java"
  JARFILE="org.aspectj/modules/aj-build/jars/testing-drivers-test-all.jar"
  NAME="testAAndNotAinAnd" />
  <test FILENAME="org.aspectj/modules/weaver/testsrc/org/aspectj/weaver/patterns/PointcutRewriterTest.java"
  JARFILE="org.aspectj/modules/aj-build/jars/testing-drivers-test-all.jar"
  NAME="testIfFalseInAnd" />
  <test FILENAME="org.aspectj/modules/weaver/testsrc/org/aspectj/weaver/patterns/PointcutRewriterTest.java"
  JARFILE="org.aspectj/modules/aj-build/jars/testing-drivers-test-all.jar"
  NAME="testMatchesNothinginAnd" />
  <test FILENAME="org.aspectj/modules/weaver/testsrc/org/aspectj/weaver/patterns/PointcutRewriterTest.java"
  JARFILE="org.aspectj/modules/aj-build/jars/testing-drivers-test-all.jar"
  NAME="testMixedKindsInAnd" />
  <test FILENAME="org.aspectj/modules/weaver/testsrc/org/aspectj/weaver/patterns/PointcutRewriterTest.java"
  JARFILE="org.aspectj/modules/aj-build/jars/testing-drivers-test-all.jar"
  NAME="testDetermineKindSetOfAnd" />
  <test FILENAME="org.aspectj/modules/weaver/testsrc/org/aspectj/weaver/patterns/PointcutRewriterTest.java"
  JARFILE="org.aspectj/modules/aj-build/jars/testing-drivers-test-all.jar"
  NAME="testKindSetOfExecution" />
  <test FILENAME="org.aspectj/modules/weaver/testsrc/org/aspectj/weaver/patterns/PointcutRewriterTest.java"
  JARFILE="org.aspectj/modules/aj-build/jars/testing-drivers-test-all.jar"
  NAME="testKindSetOfCall" />
  <test FILENAME="org.aspectj/modules/weaver/testsrc/org/aspectj/weaver/patterns/PointcutRewriterTest.java"
  JARFILE="org.aspectj/modules/aj-build/jars/testing-drivers-test-all.jar"
  NAME="testKindSetOfAdviceExecution" />
  <test FILENAME="org.aspectj/modules/weaver/testsrc/org/aspectj/weaver/patterns/PointcutRewriterTest.java"
  JARFILE="org.aspectj/modules/aj-build/jars/testing-drivers-test-all.jar"
  NAME="testKindSetOfGet" />
  <test FILENAME="org.aspectj/modules/weaver/testsrc/org/aspectj/weaver/patterns/PointcutRewriterTest.java"
  JARFILE="org.aspectj/modules/aj-build/jars/testing-drivers-test-all.jar"
  NAME="testKindSetOfSet" />
  <test FILENAME="org.aspectj/modules/weaver/testsrc/org/aspectj/weaver/patterns/PointcutRewriterTest.java"
  JARFILE="org.aspectj/modules/aj-build/jars/testing-drivers-test-all.jar"
  NAME="testKindSetOfHandler" />
  <test FILENAME="org.aspectj/modules/weaver/testsrc/org/aspectj/weaver/patterns/PointcutRewriterTest.java"
  JARFILE="org.aspectj/modules/aj-build/jars/testing-drivers-test-all.jar"
  NAME="testKindSetOfInitialization" />
  <test FILENAME="org.aspectj/modules/weaver/testsrc/org/aspectj/weaver/patterns/PointcutRewriterTest.java"
  JARFILE="org.aspectj/modules/aj-build/jars/testing-drivers-test-all.jar"
  NAME="testKindSetOfPreInitialization" />
  <test FILENAME="org.aspectj/modules/weaver/testsrc/org/aspectj/weaver/patterns/PointcutRewriterTest.java"
  JARFILE="org.aspectj/modules/aj-build/jars/testing-drivers-test-all.jar"
  NAME="testKindSetOfStaticInitialization" />
  <test FILENAME="org.aspectj/modules/weaver/testsrc/org/aspectj/weaver/patterns/PointcutRewriterTest.java"
  JARFILE="org.aspectj/modules/aj-build/jars/testing-drivers-test-all.jar"
  NAME="testKindSetOfThis" />
  <test FILENAME="org.aspectj/modules/weaver/testsrc/org/aspectj/weaver/patterns/PointcutRewriterTest.java"
  JARFILE="org.aspectj/modules/aj-build/jars/testing-drivers-test-all.jar"
  NAME="testKindSetOfTarget" />
  <test FILENAME="org.aspectj/modules/weaver/testsrc/org/aspectj/weaver/patterns/PointcutRewriterTest.java"
  JARFILE="org.aspectj/modules/aj-build/jars/testing-drivers-test-all.jar"
  NAME="testKindSetOfArgs" />
  <test FILENAME="org.aspectj/modules/weaver/testsrc/org/aspectj/weaver/patterns/PointcutRewriterTest.java"
  JARFILE="org.aspectj/modules/aj-build/jars/testing-drivers-test-all.jar"
  NAME="testKindSetOfAnnotation" />
  <test FILENAME="org.aspectj/modules/weaver/testsrc/org/aspectj/weaver/patterns/PointcutRewriterTest.java"
  JARFILE="org.aspectj/modules/aj-build/jars/testing-drivers-test-all.jar"
  NAME="testKindSetOfWithin" />
  <test FILENAME="org.aspectj/modules/weaver/testsrc/org/aspectj/weaver/patterns/PointcutRewriterTest.java"
  JARFILE="org.aspectj/modules/aj-build/jars/testing-drivers-test-all.jar"
  NAME="testKindSetOfWithinCode" />
  <test FILENAME="org.aspectj/modules/weaver/testsrc/org/aspectj/weaver/patterns/PointcutRewriterTest.java"
  JARFILE="org.aspectj/modules/aj-build/jars/testing-drivers-test-all.jar"
  NAME="testKindSetOfIf" />
  <test FILENAME="org.aspectj/modules/weaver/testsrc/org/aspectj/weaver/patterns/PointcutRewriterTest.java"
  JARFILE="org.aspectj/modules/aj-build/jars/testing-drivers-test-all.jar"
  NAME="testKindSetOfCflow" />
  <test FILENAME="org.aspectj/modules/weaver/testsrc/org/aspectj/weaver/patterns/PointcutRewriterTest.java"
  JARFILE="org.aspectj/modules/aj-build/jars/testing-drivers-test-all.jar"
  NAME="testKindSetInNegation" />
  <test FILENAME="org.aspectj/modules/weaver/testsrc/org/aspectj/weaver/patterns/PointcutRewriterTest.java"
  JARFILE="org.aspectj/modules/aj-build/jars/testing-drivers-test-all.jar"
  NAME="testKindSetOfOr" />
  <test FILENAME="org.aspectj/modules/weaver/testsrc/org/aspectj/weaver/patterns/PointcutRewriterTest.java"
  JARFILE="org.aspectj/modules/aj-build/jars/testing-drivers-test-all.jar"
  NAME="testOrderingInAnd" />
  <test FILENAME="org.aspectj/modules/weaver/testsrc/org/aspectj/weaver/patterns/PointcutRewriterTest.java"
  JARFILE="org.aspectj/modules/aj-build/jars/testing-drivers-test-all.jar"
  NAME="testOrderingInSimpleOr" />
  <test FILENAME="org.aspectj/modules/weaver/testsrc/org/aspectj/weaver/patterns/PointcutRewriterTest.java"
  JARFILE="org.aspectj/modules/aj-build/jars/testing-drivers-test-all.jar"
  NAME="testOrderingInNestedOrs" />
  <test FILENAME="org.aspectj/modules/weaver/testsrc/org/aspectj/weaver/patterns/PointcutRewriterTest.java"
  JARFILE="org.aspectj/modules/aj-build/jars/testing-drivers-test-all.jar"
  NAME="testOrderingInOrsWithNestedAnds" />
  <test FILENAME="org.aspectj/modules/weaver/testsrc/org/aspectj/weaver/patterns/VisitorTestCase.java"
  JARFILE="org.aspectj/modules/aj-build/jars/testing-drivers-test-all.jar"
  NAME="testPointcuts" />
  <test FILENAME="org.aspectj/modules/weaver/testsrc/org/aspectj/weaver/patterns/VisitorTestCase.java"
  JARFILE="org.aspectj/modules/aj-build/jars/testing-drivers-test-all.jar"
  NAME="testTypePatterns" />
  <test FILENAME="org.aspectj/modules/weaver/testsrc/org/aspectj/weaver/LocaleTest.java"
  JARFILE="org.aspectj/modules/aj-build/jars/testing-drivers-test-all.jar"
  NAME="testNormalLocale" />
  <test FILENAME="org.aspectj/modules/weaver/testsrc/org/aspectj/weaver/LocaleTest.java"
  JARFILE="org.aspectj/modules/aj-build/jars/testing-drivers-test-all.jar"
  NAME="testTurkishLocale" />
  <test FILENAME="org.aspectj/modules/weaver/testsrc/org/aspectj/weaver/tools/PointcutExpressionTest.java"
  JARFILE="org.aspectj/modules/aj-build/jars/testing-drivers-test-all.jar"
  NAME="testMatchesMethodCall" />
  <test FILENAME="org.aspectj/modules/weaver/testsrc/org/aspectj/weaver/tools/PointcutExpressionTest.java"
  JARFILE="org.aspectj/modules/aj-build/jars/testing-drivers-test-all.jar"
  NAME="testMatchesMethodExecution" />
  <test FILENAME="org.aspectj/modules/weaver/testsrc/org/aspectj/weaver/tools/PointcutExpressionTest.java"
  JARFILE="org.aspectj/modules/aj-build/jars/testing-drivers-test-all.jar"
  NAME="testMatchesConstructorCall" />
  <test FILENAME="org.aspectj/modules/weaver/testsrc/org/aspectj/weaver/tools/PointcutExpressionTest.java"
  JARFILE="org.aspectj/modules/aj-build/jars/testing-drivers-test-all.jar"
  NAME="testMatchesConstructorExecution" />
  <test FILENAME="org.aspectj/modules/weaver/testsrc/org/aspectj/weaver/tools/PointcutExpressionTest.java"
  JARFILE="org.aspectj/modules/aj-build/jars/testing-drivers-test-all.jar"
  NAME="testMatchesAdviceExecution" />
  <test FILENAME="org.aspectj/modules/weaver/testsrc/org/aspectj/weaver/tools/PointcutExpressionTest.java"
  JARFILE="org.aspectj/modules/aj-build/jars/testing-drivers-test-all.jar"
  NAME="testMatchesHandler" />
  <test FILENAME="org.aspectj/modules/weaver/testsrc/org/aspectj/weaver/tools/PointcutExpressionTest.java"
  JARFILE="org.aspectj/modules/aj-build/jars/testing-drivers-test-all.jar"
  NAME="testMatchesInitialization" />
  <test FILENAME="org.aspectj/modules/weaver/testsrc/org/aspectj/weaver/tools/PointcutExpressionTest.java"
  JARFILE="org.aspectj/modules/aj-build/jars/testing-drivers-test-all.jar"
  NAME="testMatchesPreInitialization" />
  <test FILENAME="org.aspectj/modules/weaver/testsrc/org/aspectj/weaver/tools/PointcutExpressionTest.java"
  JARFILE="org.aspectj/modules/aj-build/jars/testing-drivers-test-all.jar"
  NAME="testMatchesStaticInitialization" />
  <test FILENAME="org.aspectj/modules/weaver/testsrc/org/aspectj/weaver/tools/PointcutExpressionTest.java"
  JARFILE="org.aspectj/modules/aj-build/jars/testing-drivers-test-all.jar"
  NAME="testMatchesFieldSet" />
  <test FILENAME="org.aspectj/modules/weaver/testsrc/org/aspectj/weaver/tools/PointcutExpressionTest.java"
  JARFILE="org.aspectj/modules/aj-build/jars/testing-drivers-test-all.jar"
  NAME="testMatchesFieldGet" />
  <test FILENAME="org.aspectj/modules/weaver/testsrc/org/aspectj/weaver/tools/PointcutExpressionTest.java"
  JARFILE="org.aspectj/modules/aj-build/jars/testing-drivers-test-all.jar"
  NAME="testArgsMatching" />
  <test FILENAME="org.aspectj/modules/weaver/testsrc/org/aspectj/weaver/tools/PointcutExpressionTest.java"
  JARFILE="org.aspectj/modules/aj-build/jars/testing-drivers-test-all.jar"
  NAME="testGetPointcutExpression" />
  <test FILENAME="org.aspectj/modules/weaver/testsrc/org/aspectj/weaver/tools/PointcutExpressionTest.java"
  JARFILE="org.aspectj/modules/aj-build/jars/testing-drivers-test-all.jar"
  NAME="testCouldMatchJoinPointsInType" />
  <test FILENAME="org.aspectj/modules/weaver/testsrc/org/aspectj/weaver/tools/PointcutExpressionTest.java"
  JARFILE="org.aspectj/modules/aj-build/jars/testing-drivers-test-all.jar"
  NAME="testMayNeedDynamicTest" />
  <test FILENAME="org.aspectj/modules/weaver/testsrc/org/aspectj/weaver/tools/PointcutParserTest.java"
  JARFILE="org.aspectj/modules/aj-build/jars/testing-drivers-test-all.jar"
  NAME="testGetAllSupportedPointcutPrimitives" />
  <test FILENAME="org.aspectj/modules/weaver/testsrc/org/aspectj/weaver/tools/PointcutParserTest.java"
  JARFILE="org.aspectj/modules/aj-build/jars/testing-drivers-test-all.jar"
  NAME="testEmptyConstructor" />
  <test FILENAME="org.aspectj/modules/weaver/testsrc/org/aspectj/weaver/tools/PointcutParserTest.java"
  JARFILE="org.aspectj/modules/aj-build/jars/testing-drivers-test-all.jar"
  NAME="testSetConstructor" />
  <test FILENAME="org.aspectj/modules/weaver/testsrc/org/aspectj/weaver/tools/PointcutParserTest.java"
  JARFILE="org.aspectj/modules/aj-build/jars/testing-drivers-test-all.jar"
  NAME="testParsePointcutExpression" />
  <test FILENAME="org.aspectj/modules/weaver/testsrc/org/aspectj/weaver/tools/PointcutParserTest.java"
  JARFILE="org.aspectj/modules/aj-build/jars/testing-drivers-test-all.jar"
  NAME="testParseExceptionErrorMessages" />
  <test FILENAME="org.aspectj/modules/weaver/testsrc/org/aspectj/weaver/tools/PointcutParserTest.java"
  JARFILE="org.aspectj/modules/aj-build/jars/testing-drivers-test-all.jar"
  NAME="testParseIfPCD" />
  <test FILENAME="org.aspectj/modules/weaver/testsrc/org/aspectj/weaver/tools/PointcutParserTest.java"
  JARFILE="org.aspectj/modules/aj-build/jars/testing-drivers-test-all.jar"
  NAME="testParseCflowPCDs" />
  <test FILENAME="org.aspectj/modules/weaver/testsrc/org/aspectj/weaver/tools/PointcutParserTest.java"
  JARFILE="org.aspectj/modules/aj-build/jars/testing-drivers-test-all.jar"
  NAME="testParseReferencePCDs" />
  <test FILENAME="org.aspectj/modules/weaver/testsrc/org/aspectj/weaver/tools/PointcutParserTest.java"
  JARFILE="org.aspectj/modules/aj-build/jars/testing-drivers-test-all.jar"
  NAME="testParseUnsupportedPCDs" />
  <test FILENAME="org.aspectj/modules/weaver/testsrc/org/aspectj/weaver/tools/PointcutParserTest.java"
  JARFILE="org.aspectj/modules/aj-build/jars/testing-drivers-test-all.jar"
  NAME="testFormals" />
  <test FILENAME="org.aspectj/modules/weaver/testsrc/org/aspectj/weaver/tools/PointcutParserTest.java"
  JARFILE="org.aspectj/modules/aj-build/jars/testing-drivers-test-all.jar"
  NAME="testXLintConfiguration" />
  <test FILENAME="org.aspectj/modules/weaver/testsrc/org/aspectj/weaver/tools/TypePatternMatcherTest.java"
  JARFILE="org.aspectj/modules/aj-build/jars/testing-drivers-test-all.jar"
  NAME="testMatching" />
  <test FILENAME="org.aspectj/modules/weaver/testsrc/org/aspectj/weaver/tools/PointcutDesignatorHandlerTests.java"
  JARFILE="org.aspectj/modules/aj-build/jars/testing-drivers-test-all.jar"
  NAME="testStaticMatch" />
  <test FILENAME="org.aspectj/modules/weaver/testsrc/org/aspectj/weaver/tools/PointcutDesignatorHandlerTests.java"
  JARFILE="org.aspectj/modules/aj-build/jars/testing-drivers-test-all.jar"
  NAME="testParseWithoutHandler" />
  <test FILENAME="org.aspectj/modules/weaver/testsrc/org/aspectj/weaver/tools/PointcutDesignatorHandlerTests.java"
  JARFILE="org.aspectj/modules/aj-build/jars/testing-drivers-test-all.jar"
  NAME="testParseWithHandler" />
  <test FILENAME="org.aspectj/modules/weaver/testsrc/org/aspectj/weaver/tools/PointcutDesignatorHandlerTests.java"
  JARFILE="org.aspectj/modules/aj-build/jars/testing-drivers-test-all.jar"
  NAME="testParseWithHandlerAndMultipleSegments" />
  <test FILENAME="org.aspectj/modules/weaver/testsrc/org/aspectj/weaver/tools/PointcutDesignatorHandlerTests.java"
  JARFILE="org.aspectj/modules/aj-build/jars/testing-drivers-test-all.jar"
  NAME="testDynamicMatch" />
  <test FILENAME="org.aspectj/modules/weaver/testsrc/org/aspectj/weaver/tools/PointcutDesignatorHandlerTests.java"
  JARFILE="org.aspectj/modules/aj-build/jars/testing-drivers-test-all.jar"
  NAME="testFastMatch" />
  <test FILENAME="org.aspectj/modules/tests/ajcTests.xml"
  JARFILE="org.aspectj/modules/aj-build/jars/testing-drivers-test-all.jar"
  NAME="static and non-static before methods -- one file" />
  <test FILENAME="org.aspectj/modules/tests/ajcTests.xml"
  JARFILE="org.aspectj/modules/aj-build/jars/testing-drivers-test-all.jar"
  NAME="static and non-static before methods -- many files" />
  <test FILENAME="org.aspectj/modules/tests/ajcTests.xml"
  JARFILE="org.aspectj/modules/aj-build/jars/testing-drivers-test-all.jar"
  NAME="this redirection in non-static before methods" />
  <test FILENAME="org.aspectj/modules/tests/ajcTests.xml"
  JARFILE="org.aspectj/modules/aj-build/jars/testing-drivers-test-all.jar"
  NAME="DEPRECATED: introductions" />
  <test FILENAME="org.aspectj/modules/tests/ajcTests.xml"
  JARFILE="org.aspectj/modules/aj-build/jars/testing-drivers-test-all.jar"
  NAME="before constructors -- one file" />
  <test FILENAME="org.aspectj/modules/tests/ajcTests.xml"
  JARFILE="org.aspectj/modules/aj-build/jars/testing-drivers-test-all.jar"
  NAME="advise weaves find methods typed to builtins or non-woven classes" />
  <test FILENAME="org.aspectj/modules/tests/ajcTests.xml"
  JARFILE="org.aspectj/modules/aj-build/jars/testing-drivers-test-all.jar"
  NAME="make sure new weaves work inside of packages" />
  <test FILENAME="org.aspectj/modules/tests/ajcTests.xml"
  JARFILE="org.aspectj/modules/aj-build/jars/testing-drivers-test-all.jar"
  NAME="make sure new weaves work inside of packages (again)" />
  <test FILENAME="org.aspectj/modules/tests/ajcTests.xml"
  JARFILE="org.aspectj/modules/aj-build/jars/testing-drivers-test-all.jar"
  NAME="Inheritance of class and aspect vars in weaves" />
  <test FILENAME="org.aspectj/modules/tests/ajcTests.xml"
  JARFILE="org.aspectj/modules/aj-build/jars/testing-drivers-test-all.jar"
  NAME="Accessibility of class and aspect members from inside weaves" />
  <test FILENAME="org.aspectj/modules/tests/ajcTests.xml"
  JARFILE="org.aspectj/modules/aj-build/jars/testing-drivers-test-all.jar"
  NAME="Packaged aspects referring to packaged classes" />
  <test FILENAME="org.aspectj/modules/tests/ajcTests.xml"
  JARFILE="org.aspectj/modules/aj-build/jars/testing-drivers-test-all.jar"
  NAME="Inheritance of methods advised by aspects" />
  <test FILENAME="org.aspectj/modules/tests/ajcTests.xml"
  JARFILE="org.aspectj/modules/aj-build/jars/testing-drivers-test-all.jar"
  NAME="Inherited weaves on constructor" />
  <test FILENAME="org.aspectj/modules/tests/ajcTests.xml"
  JARFILE="org.aspectj/modules/aj-build/jars/testing-drivers-test-all.jar"
  NAME="Initializers in Aspect and Class Bodies" />
  <test FILENAME="org.aspectj/modules/tests/ajcTests.xml"
  JARFILE="org.aspectj/modules/aj-build/jars/testing-drivers-test-all.jar"
  NAME="Weaver Resolution of method names in method calls passed as args" />
  <test FILENAME="org.aspectj/modules/tests/ajcTests.xml"
  JARFILE="org.aspectj/modules/aj-build/jars/testing-drivers-test-all.jar"
  NAME="DEPRECATED: Introduce constructor with class inheritance" />
  <test FILENAME="org.aspectj/modules/tests/ajcTests.xml"
  JARFILE="org.aspectj/modules/aj-build/jars/testing-drivers-test-all.jar"
  NAME="empty and singular patterns on modifiers and throws" />
  <test FILENAME="org.aspectj/modules/tests/ajcTests.xml"
  JARFILE="org.aspectj/modules/aj-build/jars/testing-drivers-test-all.jar"
  NAME="DEPRECATED: Introduce of constructors" />
  <test FILENAME="org.aspectj/modules/tests/ajcTests.xml"
  JARFILE="org.aspectj/modules/aj-build/jars/testing-drivers-test-all.jar"
  NAME="Local declarations in advise bodies" />
  <test FILENAME="org.aspectj/modules/tests/ajcTests.xml"
  JARFILE="org.aspectj/modules/aj-build/jars/testing-drivers-test-all.jar"
  NAME="advises on introduced methods and constructors">
    <error />
  </test>
  <test FILENAME="org.aspectj/modules/tests/ajcTests.xml"
  JARFILE="org.aspectj/modules/aj-build/jars/testing-drivers-test-all.jar"
  NAME="deprecated: method introduction into interface implemented by abstract class" />
  <test FILENAME="org.aspectj/modules/tests/ajcTests.xml"
  JARFILE="org.aspectj/modules/aj-build/jars/testing-drivers-test-all.jar"
  NAME="Crossing super calls in constructors" />
  <test FILENAME="org.aspectj/modules/tests/ajcTests.xml"
  JARFILE="org.aspectj/modules/aj-build/jars/testing-drivers-test-all.jar"
  NAME="empty modifier pattern" />
  <test FILENAME="org.aspectj/modules/tests/ajcTests.xml"
  JARFILE="org.aspectj/modules/aj-build/jars/testing-drivers-test-all.jar"
  NAME="Alpha conversion of argument names in designators" />
  <test FILENAME="org.aspectj/modules/tests/ajcTests.xml"
  JARFILE="org.aspectj/modules/aj-build/jars/testing-drivers-test-all.jar"
  NAME="advice uses its own formals to get actuals" />
  <test FILENAME="org.aspectj/modules/tests/ajcTests.xml"
  JARFILE="org.aspectj/modules/aj-build/jars/testing-drivers-test-all.jar"
  NAME="DEPRECATED: introduce weaves can use this" />
  <test FILENAME="org.aspectj/modules/tests/ajcTests.xml"
  JARFILE="org.aspectj/modules/aj-build/jars/testing-drivers-test-all.jar"
  NAME="DEPRECATED: introduce of abstract methods works" />
  <test FILENAME="org.aspectj/modules/tests/ajcTests.xml"
  JARFILE="org.aspectj/modules/aj-build/jars/testing-drivers-test-all.jar"
  NAME="multiple arounds successfully intercept and return own values" />
  <test FILENAME="org.aspectj/modules/tests/ajcTests.xml"
  JARFILE="org.aspectj/modules/aj-build/jars/testing-drivers-test-all.jar"
  NAME="proper matching of overloaded constructors" />
  <test FILENAME="org.aspectj/modules/tests/ajcTests.xml"
  JARFILE="org.aspectj/modules/aj-build/jars/testing-drivers-test-all.jar"
  NAME="proper handling of formals in catch advice" />
  <test FILENAME="org.aspectj/modules/tests/ajcTests.xml"
  JARFILE="org.aspectj/modules/aj-build/jars/testing-drivers-test-all.jar"
  NAME="proper values for thisJoinPoint attributes" />
  <test FILENAME="org.aspectj/modules/tests/ajcTests.xml"
  JARFILE="org.aspectj/modules/aj-build/jars/testing-drivers-test-all.jar"
  NAME="supers, supers, supers" />
  <test FILENAME="org.aspectj/modules/tests/ajcTests.xml"
  JARFILE="org.aspectj/modules/aj-build/jars/testing-drivers-test-all.jar"
  NAME="operations on private and protected aspect members (++, -- in partciular)" />
  <test FILENAME="org.aspectj/modules/tests/ajcTests.xml"
  JARFILE="org.aspectj/modules/aj-build/jars/testing-drivers-test-all.jar"
  NAME="only register things once" />
  <test FILENAME="org.aspectj/modules/tests/ajcTests.xml"
  JARFILE="org.aspectj/modules/aj-build/jars/testing-drivers-test-all.jar"
  NAME="inner aspects and around" />
  <test FILENAME="org.aspectj/modules/tests/ajcTests.xml"
  JARFILE="org.aspectj/modules/aj-build/jars/testing-drivers-test-all.jar"
  NAME="aspect inheritance and advice, introduction" />
  <test FILENAME="org.aspectj/modules/tests/ajcTests.xml"
  JARFILE="org.aspectj/modules/aj-build/jars/testing-drivers-test-all.jar"
  NAME="thisResultObject for primitives" />
  <test FILENAME="org.aspectj/modules/tests/ajcTests.xml"
  JARFILE="org.aspectj/modules/aj-build/jars/testing-drivers-test-all.jar"
  NAME="introductions calling super." />
  <test FILENAME="org.aspectj/modules/tests/ajcTests.xml"
  JARFILE="org.aspectj/modules/aj-build/jars/testing-drivers-test-all.jar"
  NAME="allow one argument calls even when there's a comma in the arglist" />
  <test FILENAME="org.aspectj/modules/tests/ajcTests.xml"
  JARFILE="org.aspectj/modules/aj-build/jars/testing-drivers-test-all.jar"
  NAME="advice on calls to static methods even works when called on super" />
  <test FILENAME="org.aspectj/modules/tests/ajcTests.xml"
  JARFILE="org.aspectj/modules/aj-build/jars/testing-drivers-test-all.jar"
  NAME="initial tests for new introduction style" />
  <test FILENAME="org.aspectj/modules/tests/ajcTests.xml"
  JARFILE="org.aspectj/modules/aj-build/jars/testing-drivers-test-all.jar"
  NAME="overriding of introduced methods and accessibility" />
  <test FILENAME="org.aspectj/modules/tests/ajcTests.xml"
  JARFILE="org.aspectj/modules/aj-build/jars/testing-drivers-test-all.jar"
  NAME="within and introductions behaves correctly" />
  <test FILENAME="org.aspectj/modules/tests/ajcTests.xml"
  JARFILE="org.aspectj/modules/aj-build/jars/testing-drivers-test-all.jar"
  NAME="correct inheritance of multiple concrete methods" />
  <test FILENAME="org.aspectj/modules/tests/ajcTests.xml"
  JARFILE="org.aspectj/modules/aj-build/jars/testing-drivers-test-all.jar"
  NAME="errors in inheritance of multiple concrete methods" />
  <test FILENAME="org.aspectj/modules/tests/ajcTests.xml"
  JARFILE="org.aspectj/modules/aj-build/jars/testing-drivers-test-all.jar"
  NAME="declared exceptions are checked correctly on intros (errors)" />
  <test FILENAME="org.aspectj/modules/tests/ajcTests.xml"
  JARFILE="org.aspectj/modules/aj-build/jars/testing-drivers-test-all.jar"
  NAME="declared exceptions are checked correctly on intros" />
  <test FILENAME="org.aspectj/modules/tests/ajcTests.xml"
  JARFILE="org.aspectj/modules/aj-build/jars/testing-drivers-test-all.jar"
  NAME="Joinpoint is not created for foo(String) when before() advice is present." />
  <test FILENAME="org.aspectj/modules/tests/ajcTests.xml"
  JARFILE="org.aspectj/modules/aj-build/jars/testing-drivers-test-all.jar"
  NAME="more tests of eachobject with some difficult typing issues" />
  <test FILENAME="org.aspectj/modules/tests/ajcTests.xml"
  JARFILE="org.aspectj/modules/aj-build/jars/testing-drivers-test-all.jar"
  NAME="eachobject: eachobject(receptions(...)) [eachobject]" />
  <test FILENAME="org.aspectj/modules/tests/ajcTests.xml"
  JARFILE="org.aspectj/modules/aj-build/jars/testing-drivers-test-all.jar"
  NAME="Checking new joinpoints" />
  <test FILENAME="org.aspectj/modules/tests/ajcTests.xml"
  JARFILE="org.aspectj/modules/aj-build/jars/testing-drivers-test-all.jar"
  NAME="eachobject: simple test [eachobject] (still)" />
  <test FILENAME="org.aspectj/modules/tests/ajcTests.xml"
  JARFILE="org.aspectj/modules/aj-build/jars/testing-drivers-test-all.jar"
  NAME="scope issues with introduction (needs more work)" />
  <test FILENAME="org.aspectj/modules/tests/ajcTests.xml"
  JARFILE="org.aspectj/modules/aj-build/jars/testing-drivers-test-all.jar"
  NAME="Using 'aspect' as identifier is legal TODO" />
  <test FILENAME="org.aspectj/modules/tests/ajcTests.xml"
  JARFILE="org.aspectj/modules/aj-build/jars/testing-drivers-test-all.jar"
  NAME="Using 'pointcut' as identifier is legal TODO" />
  <test FILENAME="org.aspectj/modules/tests/ajcTests.xml"
  JARFILE="org.aspectj/modules/aj-build/jars/testing-drivers-test-all.jar"
  NAME="cf expected when enclosing class superclass used as this qualifier in inner class" />
  <test FILENAME="org.aspectj/modules/tests/ajcTests.xml"
  JARFILE="org.aspectj/modules/aj-build/jars/testing-drivers-test-all.jar"
  NAME="enclosing class may be used as this qualifier in inner class" />
  <test FILENAME="org.aspectj/modules/tests/ajcTests.xml"
  JARFILE="org.aspectj/modules/aj-build/jars/testing-drivers-test-all.jar"
  NAME="reasonable error for crosscut reference with no formals specified" />
  <test FILENAME="org.aspectj/modules/tests/ajcTests.xml"
  JARFILE="org.aspectj/modules/aj-build/jars/testing-drivers-test-all.jar"
  NAME="reasonable error for introduction on type whose source isn't found" />
  <test FILENAME="org.aspectj/modules/tests/ajcTests.xml"
  JARFILE="org.aspectj/modules/aj-build/jars/testing-drivers-test-all.jar"
  NAME="handle errors in crosscut designators, insist that they end with a semicolon" />
  <test FILENAME="org.aspectj/modules/tests/ajcTests.xml"
  JARFILE="org.aspectj/modules/aj-build/jars/testing-drivers-test-all.jar"
  NAME="try to return from a before, after, after throwing and after returning" />
  <test FILENAME="org.aspectj/modules/tests/ajcTests.xml"
  JARFILE="org.aspectj/modules/aj-build/jars/testing-drivers-test-all.jar"
  NAME="the designator has a wildcard for method name but no return type specified" />
  <test FILENAME="org.aspectj/modules/tests/ajcTests.xml"
  JARFILE="org.aspectj/modules/aj-build/jars/testing-drivers-test-all.jar"
  NAME="the designator for the introduction has no type after the | charcter" />
  <test FILENAME="org.aspectj/modules/tests/ajcTests.xml"
  JARFILE="org.aspectj/modules/aj-build/jars/testing-drivers-test-all.jar"
  NAME="crosscut signature does not match" />
  <test FILENAME="org.aspectj/modules/tests/ajcTests.xml"
  JARFILE="org.aspectj/modules/aj-build/jars/testing-drivers-test-all.jar"
  NAME="proper exit conditions when errors fall through to javac" />
  <test FILENAME="org.aspectj/modules/tests/ajcTests.xml"
  JARFILE="org.aspectj/modules/aj-build/jars/testing-drivers-test-all.jar"
  NAME="mismatched parens on advice (wasn't binding Tester)" />
  <test FILENAME="org.aspectj/modules/tests/ajcTests.xml"
  JARFILE="org.aspectj/modules/aj-build/jars/testing-drivers-test-all.jar"
  NAME="Non-static advice silently ignored" />
  <test FILENAME="org.aspectj/modules/tests/ajcTests.xml"
  JARFILE="org.aspectj/modules/aj-build/jars/testing-drivers-test-all.jar"
  NAME="extra closing brace" />
  <test FILENAME="org.aspectj/modules/tests/ajcTests.xml"
  JARFILE="org.aspectj/modules/aj-build/jars/testing-drivers-test-all.jar"
  NAME="decent errors for around return type not matching target point" />
  <test FILENAME="org.aspectj/modules/tests/ajcTests.xml"
  JARFILE="org.aspectj/modules/aj-build/jars/testing-drivers-test-all.jar"
  NAME="eachobject: can't call new on an aspect of" />
  <test FILENAME="org.aspectj/modules/tests/ajcTests.xml"
  JARFILE="org.aspectj/modules/aj-build/jars/testing-drivers-test-all.jar"
  NAME="eachobject: only zero-argument constructors allowed in an aspect" />
  <test FILENAME="org.aspectj/modules/tests/ajcTests.xml"
  JARFILE="org.aspectj/modules/aj-build/jars/testing-drivers-test-all.jar"
  NAME="eachobject: can't extend a concrete aspect" />
  <test FILENAME="org.aspectj/modules/tests/ajcTests.xml"
  JARFILE="org.aspectj/modules/aj-build/jars/testing-drivers-test-all.jar"
  NAME="instanceof used without a class" />
  <test FILENAME="org.aspectj/modules/tests/ajcTests.xml"
  JARFILE="org.aspectj/modules/aj-build/jars/testing-drivers-test-all.jar"
  NAME="wildcard used for returns clause" />
  <test FILENAME="org.aspectj/modules/tests/ajcTests.xml"
  JARFILE="org.aspectj/modules/aj-build/jars/testing-drivers-test-all.jar"
  NAME="no return statement in around advice" />
  <test FILENAME="org.aspectj/modules/tests/ajcTests.xml"
  JARFILE="org.aspectj/modules/aj-build/jars/testing-drivers-test-all.jar"
  NAME="inner aspects must be static (no longer matches PR#286)" />
  <test FILENAME="org.aspectj/modules/tests/ajcTests.xml"
  JARFILE="org.aspectj/modules/aj-build/jars/testing-drivers-test-all.jar"
  NAME="Casting class declarations as interfaces" />
  <test FILENAME="org.aspectj/modules/tests/ajcTests.xml"
  JARFILE="org.aspectj/modules/aj-build/jars/testing-drivers-test-all.jar"
  NAME="omits a variable name and crashes with a null pointer" />
  <test FILENAME="org.aspectj/modules/tests/ajcTests.xml"
  JARFILE="org.aspectj/modules/aj-build/jars/testing-drivers-test-all.jar"
  NAME="Not generating an error for using new as a method name" />
  <test FILENAME="org.aspectj/modules/tests/ajcTests.xml"
  JARFILE="org.aspectj/modules/aj-build/jars/testing-drivers-test-all.jar"
  NAME="ClassCastException on the int literal" />
  <test FILENAME="org.aspectj/modules/tests/ajcTests.xml"
  JARFILE="org.aspectj/modules/aj-build/jars/testing-drivers-test-all.jar"
  NAME="wrong strictfp keyword usage in interface function prototype [todo: move to errors]" />
  <test FILENAME="org.aspectj/modules/tests/ajcTests.xml"
  JARFILE="org.aspectj/modules/aj-build/jars/testing-drivers-test-all.jar"
  NAME="Wrong strictfp keyword usage in field declaration [TODO: move to errors]" />
  <test FILENAME="org.aspectj/modules/tests/ajcTests.xml"
  JARFILE="org.aspectj/modules/aj-build/jars/testing-drivers-test-all.jar"
  NAME="wrong strictfp keyword usage in constructor declaration [todo: move to errors]" />
  <test FILENAME="org.aspectj/modules/tests/ajcTests.xml"
  JARFILE="org.aspectj/modules/aj-build/jars/testing-drivers-test-all.jar"
  NAME="incorrect static casts to primitively foldable arguments should not crash the compiler." />
  <test FILENAME="org.aspectj/modules/tests/ajcTests.xml"
  JARFILE="org.aspectj/modules/aj-build/jars/testing-drivers-test-all.jar"
  NAME="Dominates with commas should signal an error." />
  <test FILENAME="org.aspectj/modules/tests/ajcTests.xml"
  JARFILE="org.aspectj/modules/aj-build/jars/testing-drivers-test-all.jar"
  NAME="stack overflow with recursive crosscut specifier" />
  <test FILENAME="org.aspectj/modules/tests/ajcTests.xml"
  JARFILE="org.aspectj/modules/aj-build/jars/testing-drivers-test-all.jar"
  NAME="throwing a nullpointerexception when formals can't be bound in named pointcut" />
  <test FILENAME="org.aspectj/modules/tests/ajcTests.xml"
  JARFILE="org.aspectj/modules/aj-build/jars/testing-drivers-test-all.jar"
  NAME="disallow defining more than one pointcut with the same name" />
  <test FILENAME="org.aspectj/modules/tests/ajcTests.xml"
  JARFILE="org.aspectj/modules/aj-build/jars/testing-drivers-test-all.jar"
  NAME="pre 0.7 introduction form outside aspect body causes an emptystackexception" />
  <test FILENAME="org.aspectj/modules/tests/ajcTests.xml"
  JARFILE="org.aspectj/modules/aj-build/jars/testing-drivers-test-all.jar"
  NAME="a class can't extend an aspect" />
  <test FILENAME="org.aspectj/modules/tests/ajcTests.xml"
  JARFILE="org.aspectj/modules/aj-build/jars/testing-drivers-test-all.jar"
  NAME="a before() clause at the class-level causes an EmptyStackException" />
  <test FILENAME="org.aspectj/modules/tests/ajcTests.xml"
  JARFILE="org.aspectj/modules/aj-build/jars/testing-drivers-test-all.jar"
  NAME="an after() clause at the class-level causes an EmptyStackException" />
  <test FILENAME="org.aspectj/modules/tests/ajcTests.xml"
  JARFILE="org.aspectj/modules/aj-build/jars/testing-drivers-test-all.jar"
  NAME="an around() clause at the class-level causes an EmptyStackException" />
  <test FILENAME="org.aspectj/modules/tests/ajcTests.xml"
  JARFILE="org.aspectj/modules/aj-build/jars/testing-drivers-test-all.jar"
  NAME="Doesn't detect cyclic inheritance of aspects." />
  <test FILENAME="org.aspectj/modules/tests/ajcTests.xml"
  JARFILE="org.aspectj/modules/aj-build/jars/testing-drivers-test-all.jar"
  NAME="binds the pointcut formals to member variables instead of pointcut formals." />
  <test FILENAME="org.aspectj/modules/tests/ajcTests.xml"
  JARFILE="org.aspectj/modules/aj-build/jars/testing-drivers-test-all.jar"
  NAME="ambiguous formal in formals pattern" />
  <test FILENAME="org.aspectj/modules/tests/ajcTests.xml"
  JARFILE="org.aspectj/modules/aj-build/jars/testing-drivers-test-all.jar"
  NAME="good error for field name instead of type name" />
  <test FILENAME="org.aspectj/modules/tests/ajcTests.xml"
  JARFILE="org.aspectj/modules/aj-build/jars/testing-drivers-test-all.jar"
  NAME="errors in aspect inheritance - 1" />
  <test FILENAME="org.aspectj/modules/tests/ajcTests.xml"
  JARFILE="org.aspectj/modules/aj-build/jars/testing-drivers-test-all.jar"
  NAME="errors in aspect inheritance - 2" />
  <test FILENAME="org.aspectj/modules/tests/ajcTests.xml"
  JARFILE="org.aspectj/modules/aj-build/jars/testing-drivers-test-all.jar"
  NAME="errors in aspect inheritance - 3" />
  <test FILENAME="org.aspectj/modules/tests/ajcTests.xml"
  JARFILE="org.aspectj/modules/aj-build/jars/testing-drivers-test-all.jar"
  NAME="errors in aspect inheritance - 4" />
  <test FILENAME="org.aspectj/modules/tests/ajcTests.xml"
  JARFILE="org.aspectj/modules/aj-build/jars/testing-drivers-test-all.jar"
  NAME="circular dominates leading to irresolvable advice precedence" />
  <test FILENAME="org.aspectj/modules/tests/ajcTests.xml"
  JARFILE="org.aspectj/modules/aj-build/jars/testing-drivers-test-all.jar"
  NAME="Should issue an error for using 'class' instead of 'aspect'" />
  <test FILENAME="org.aspectj/modules/tests/ajcTests.xml"
  JARFILE="org.aspectj/modules/aj-build/jars/testing-drivers-test-all.jar"
  NAME="Should signal an error when we need an exposed value but don't provide it" />
  <test FILENAME="org.aspectj/modules/tests/ajcTests.xml"
  JARFILE="org.aspectj/modules/aj-build/jars/testing-drivers-test-all.jar"
  NAME="StackOverFlowException with circular +implements's." />
  <test FILENAME="org.aspectj/modules/tests/ajcTests.xml"
  JARFILE="org.aspectj/modules/aj-build/jars/testing-drivers-test-all.jar"
  NAME="Introducing protected methods is causing a crash" />
  <test FILENAME="org.aspectj/modules/tests/ajcTests.xml"
  JARFILE="org.aspectj/modules/aj-build/jars/testing-drivers-test-all.jar"
  NAME="Introducing protected fields is causing a crash" />
  <test FILENAME="org.aspectj/modules/tests/ajcTests.xml"
  JARFILE="org.aspectj/modules/aj-build/jars/testing-drivers-test-all.jar"
  NAME="two classes with the same fully-qualified names [eachjvm]" />
  <test FILENAME="org.aspectj/modules/tests/ajcTests.xml"
  JARFILE="org.aspectj/modules/aj-build/jars/testing-drivers-test-all.jar"
  NAME="Undefined pointcuts were throwing exceptions in 07b11 [callsto]" />
  <test FILENAME="org.aspectj/modules/tests/ajcTests.xml"
  JARFILE="org.aspectj/modules/aj-build/jars/testing-drivers-test-all.jar"
  NAME="advice on abstract pointcuts" />
  <test FILENAME="org.aspectj/modules/tests/ajcTests.xml"
  JARFILE="org.aspectj/modules/aj-build/jars/testing-drivers-test-all.jar"
  NAME="Whoops, I forgot to put a class in the field access PCD." />
  <test FILENAME="org.aspectj/modules/tests/ajcTests.xml"
  JARFILE="org.aspectj/modules/aj-build/jars/testing-drivers-test-all.jar"
  NAME="the arounds return something but there is no returns statement" />
  <test FILENAME="org.aspectj/modules/tests/ajcTests.xml"
  JARFILE="org.aspectj/modules/aj-build/jars/testing-drivers-test-all.jar"
  NAME="multiple conflicting introductions" />
  <test FILENAME="org.aspectj/modules/tests/ajcTests.xml"
  JARFILE="org.aspectj/modules/aj-build/jars/testing-drivers-test-all.jar"
  NAME="referencing non-static pointcuts in outer aspects" />
  <test FILENAME="org.aspectj/modules/tests/ajcTests.xml"
  JARFILE="org.aspectj/modules/aj-build/jars/testing-drivers-test-all.jar"
  NAME="javac correct compiler error if there is no return in around returning result" />
  <test FILENAME="org.aspectj/modules/tests/ajcTests.xml"
  JARFILE="org.aspectj/modules/aj-build/jars/testing-drivers-test-all.jar"
  NAME="should give an error for introducing two members with the same name" />
  <test FILENAME="org.aspectj/modules/tests/ajcTests.xml"
  JARFILE="org.aspectj/modules/aj-build/jars/testing-drivers-test-all.jar"
  NAME="wimpy test for undeclared and uncaught exceptions" />
  <test FILENAME="org.aspectj/modules/tests/ajcTests.xml"
  JARFILE="org.aspectj/modules/aj-build/jars/testing-drivers-test-all.jar"
  NAME="given non-matching typepattern, ce flags use of non-introduced method rather than failure to introduce" />
  <test FILENAME="org.aspectj/modules/tests/ajcTests.xml"
  JARFILE="org.aspectj/modules/aj-build/jars/testing-drivers-test-all.jar"
  NAME="compiler should suggest using aspect when advice, pointcuts, or introduction is in a class" />
  <test FILENAME="org.aspectj/modules/tests/ajcTests.xml"
  JARFILE="org.aspectj/modules/aj-build/jars/testing-drivers-test-all.jar"
  NAME="declare error working with pointcut and-not (amp,amp,bang)" />
  <test FILENAME="org.aspectj/modules/tests/ajcTests.xml"
  JARFILE="org.aspectj/modules/aj-build/jars/testing-drivers-test-all.jar"
  NAME="aspect as member of interface (private and protected)" />
  <test FILENAME="org.aspectj/modules/tests/ajcTests.xml"
  JARFILE="org.aspectj/modules/aj-build/jars/testing-drivers-test-all.jar"
  NAME="introduced inner interfaces - compile should fail to bind interface name outside of aspect or if implementing method is not public" />
  <test FILENAME="org.aspectj/modules/tests/ajcTests.xml"
  JARFILE="org.aspectj/modules/aj-build/jars/testing-drivers-test-all.jar"
  NAME="aspects may not implement Serializable or Cloneable" />
  <test FILENAME="org.aspectj/modules/tests/ajcTests.xml"
  JARFILE="org.aspectj/modules/aj-build/jars/testing-drivers-test-all.jar"
  NAME="explicit constructor calls can throw exceptions" />
  <test FILENAME="org.aspectj/modules/tests/ajcTests.xml"
  JARFILE="org.aspectj/modules/aj-build/jars/testing-drivers-test-all.jar"
  NAME="bad proceed args good error messages" />
  <test FILENAME="org.aspectj/modules/tests/ajcTests.xml"
  JARFILE="org.aspectj/modules/aj-build/jars/testing-drivers-test-all.jar"
  NAME="properly make choice between cast and parenthesis in parser" />
  <test FILENAME="org.aspectj/modules/tests/ajcTests.xml"
  JARFILE="org.aspectj/modules/aj-build/jars/testing-drivers-test-all.jar"
  NAME="field from implemented interface not found in advice" />
  <test FILENAME="org.aspectj/modules/tests/ajcTests.xml"
  JARFILE="org.aspectj/modules/aj-build/jars/testing-drivers-test-all.jar"
  NAME="make sure advice affects introduced methods and constructors" />
  <test FILENAME="org.aspectj/modules/tests/ajcTests.xml"
  JARFILE="org.aspectj/modules/aj-build/jars/testing-drivers-test-all.jar"
  NAME="new around construct" />
  <test FILENAME="org.aspectj/modules/tests/ajcTests.xml"
  JARFILE="org.aspectj/modules/aj-build/jars/testing-drivers-test-all.jar"
  NAME="aspect redefines a parameter" />
  <test FILENAME="org.aspectj/modules/tests/ajcTests.xml"
  JARFILE="org.aspectj/modules/aj-build/jars/testing-drivers-test-all.jar"
  NAME="introducing extends and implements" />
  <test FILENAME="org.aspectj/modules/tests/ajcTests.xml"
  JARFILE="org.aspectj/modules/aj-build/jars/testing-drivers-test-all.jar"
  NAME="(related) aspect on interface" />
  <test FILENAME="org.aspectj/modules/tests/ajcTests.xml"
  JARFILE="org.aspectj/modules/aj-build/jars/testing-drivers-test-all.jar"
  NAME="advice on implied empty constructor" />
  <test FILENAME="org.aspectj/modules/tests/ajcTests.xml"
  JARFILE="org.aspectj/modules/aj-build/jars/testing-drivers-test-all.jar"
  NAME="advice on * *(..) not mapping to initializers" />
  <test FILENAME="org.aspectj/modules/tests/ajcTests.xml"
  JARFILE="org.aspectj/modules/aj-build/jars/testing-drivers-test-all.jar"
  NAME="three type declarations in the scope of an advice" />
  <test FILENAME="org.aspectj/modules/tests/ajcTests.xml"
  JARFILE="org.aspectj/modules/aj-build/jars/testing-drivers-test-all.jar"
  NAME="introduction fails on class with an inner class that extends or implements something" />
  <test FILENAME="org.aspectj/modules/tests/ajcTests.xml"
  JARFILE="org.aspectj/modules/aj-build/jars/testing-drivers-test-all.jar"
  NAME="checks that methods are introduced on the topmost class implemented" />
  <test FILENAME="org.aspectj/modules/tests/ajcTests.xml"
  JARFILE="org.aspectj/modules/aj-build/jars/testing-drivers-test-all.jar"
  NAME="a couple different returns from around advice" />
  <test FILENAME="org.aspectj/modules/tests/ajcTests.xml"
  JARFILE="org.aspectj/modules/aj-build/jars/testing-drivers-test-all.jar"
  NAME="member finally advice paired with signature advice" />
  <test FILENAME="org.aspectj/modules/tests/ajcTests.xml"
  JARFILE="org.aspectj/modules/aj-build/jars/testing-drivers-test-all.jar"
  NAME="aspect of eachobject(instanceof(Interface))" />
  <test FILENAME="org.aspectj/modules/tests/ajcTests.xml"
  JARFILE="org.aspectj/modules/aj-build/jars/testing-drivers-test-all.jar"
  NAME="final member initialization broken with JDK before 1.1.8" />
  <test FILENAME="org.aspectj/modules/tests/ajcTests.xml"
  JARFILE="org.aspectj/modules/aj-build/jars/testing-drivers-test-all.jar"
  NAME="same package and var name clash in preprocessed code when aspectof is used" />
  <test FILENAME="org.aspectj/modules/tests/ajcTests.xml"
  JARFILE="org.aspectj/modules/aj-build/jars/testing-drivers-test-all.jar"
  NAME="and PR#201 advice on static methods fails javac compile with this" />
  <test FILENAME="org.aspectj/modules/tests/ajcTests.xml"
  JARFILE="org.aspectj/modules/aj-build/jars/testing-drivers-test-all.jar"
  NAME="non-static advice on inner class defined inside of method body" />
  <test FILENAME="org.aspectj/modules/tests/ajcTests.xml"
  JARFILE="org.aspectj/modules/aj-build/jars/testing-drivers-test-all.jar"
  NAME="simple single-threaded eachcflow test (includes aspectOf)" />
  <test FILENAME="org.aspectj/modules/tests/ajcTests.xml"
  JARFILE="org.aspectj/modules/aj-build/jars/testing-drivers-test-all.jar"
  NAME="bad type resolution when var reassigned in same scope" />
  <test FILENAME="org.aspectj/modules/tests/ajcTests.xml"
  JARFILE="org.aspectj/modules/aj-build/jars/testing-drivers-test-all.jar"
  NAME="generating the right throws clause for call-site advice (and around)" />
  <test FILENAME="org.aspectj/modules/tests/ajcTests.xml"
  JARFILE="org.aspectj/modules/aj-build/jars/testing-drivers-test-all.jar"
  NAME="advice on calls to static methods using several syntax" />
  <test FILENAME="org.aspectj/modules/tests/ajcTests.xml"
  JARFILE="org.aspectj/modules/aj-build/jars/testing-drivers-test-all.jar"
  NAME=", PR#249, PR#250 advice on constructor sites" />
  <test FILENAME="org.aspectj/modules/tests/ajcTests.xml"
  JARFILE="org.aspectj/modules/aj-build/jars/testing-drivers-test-all.jar"
  NAME="test after throwing advice in several ways" />
  <test FILENAME="org.aspectj/modules/tests/ajcTests.xml"
  JARFILE="org.aspectj/modules/aj-build/jars/testing-drivers-test-all.jar"
  NAME="fancy name patterns for method names" />
  <test FILENAME="org.aspectj/modules/tests/ajcTests.xml"
  JARFILE="org.aspectj/modules/aj-build/jars/testing-drivers-test-all.jar"
  NAME="calls: calls(...)" />
  <test FILENAME="org.aspectj/modules/tests/ajcTests.xml"
  JARFILE="org.aspectj/modules/aj-build/jars/testing-drivers-test-all.jar"
  NAME="throws Exception clause is unnecessarily added to Driver.main method" />
  <test FILENAME="org.aspectj/modules/tests/ajcTests.xml"
  JARFILE="org.aspectj/modules/aj-build/jars/testing-drivers-test-all.jar"
  NAME="javac fails when this is referenced in the static main method" />
  <test FILENAME="org.aspectj/modules/tests/ajcTests.xml"
  JARFILE="org.aspectj/modules/aj-build/jars/testing-drivers-test-all.jar"
  NAME="and 276 cast error generated by ajc when type not in signature" />
  <test FILENAME="org.aspectj/modules/tests/ajcTests.xml"
  JARFILE="org.aspectj/modules/aj-build/jars/testing-drivers-test-all.jar"
  NAME="calls to methods to which we don't have source" />
  <test FILENAME="org.aspectj/modules/tests/ajcTests.xml"
  JARFILE="org.aspectj/modules/aj-build/jars/testing-drivers-test-all.jar"
  NAME="more aspect inheritance" />
  <test FILENAME="org.aspectj/modules/tests/ajcTests.xml"
  JARFILE="org.aspectj/modules/aj-build/jars/testing-drivers-test-all.jar"
  NAME="around and calls with both calling and called this params" />
  <test FILENAME="org.aspectj/modules/tests/ajcTests.xml"
  JARFILE="org.aspectj/modules/aj-build/jars/testing-drivers-test-all.jar"
  NAME="compiler crashes with eachobject and named pointcuts with parameters" />
  <test FILENAME="org.aspectj/modules/tests/ajcTests.xml"
  JARFILE="org.aspectj/modules/aj-build/jars/testing-drivers-test-all.jar"
  NAME="lookup rules for unqualified pointcut names" />
  <test FILENAME="org.aspectj/modules/tests/ajcTests.xml"
  JARFILE="org.aspectj/modules/aj-build/jars/testing-drivers-test-all.jar"
  NAME="eachcflow only instantiated if the aspect has some advice in it" />
  <test FILENAME="org.aspectj/modules/tests/ajcTests.xml"
  JARFILE="org.aspectj/modules/aj-build/jars/testing-drivers-test-all.jar"
  NAME="(DESIGN QUESTION) aspect of eachJVM advising its own initializer" />
  <test FILENAME="org.aspectj/modules/tests/ajcTests.xml"
  JARFILE="org.aspectj/modules/aj-build/jars/testing-drivers-test-all.jar"
  NAME="after returning advice on calls to constructors" />
  <test FILENAME="org.aspectj/modules/tests/ajcTests.xml"
  JARFILE="org.aspectj/modules/aj-build/jars/testing-drivers-test-all.jar"
  NAME="Does annotating 'new' with a type work as desired?" />
  <test FILENAME="org.aspectj/modules/tests/ajcTests.xml"
  JARFILE="org.aspectj/modules/aj-build/jars/testing-drivers-test-all.jar"
  NAME="Referring to inner classes as {super}.{inner} confused ajc." />
  <test FILENAME="org.aspectj/modules/tests/ajcTests.xml"
  JARFILE="org.aspectj/modules/aj-build/jars/testing-drivers-test-all.jar"
  NAME="Advice on advice" />
  <test FILENAME="org.aspectj/modules/tests/ajcTests.xml"
  JARFILE="org.aspectj/modules/aj-build/jars/testing-drivers-test-all.jar"
  NAME="Introductions on other introductions" />
  <test FILENAME="org.aspectj/modules/tests/ajcTests.xml"
  JARFILE="org.aspectj/modules/aj-build/jars/testing-drivers-test-all.jar"
  NAME="Putting advice on array constructors." />
  <test FILENAME="org.aspectj/modules/tests/ajcTests.xml"
  JARFILE="org.aspectj/modules/aj-build/jars/testing-drivers-test-all.jar"
  NAME="call points within block inner classes are doubled" />
  <test FILENAME="org.aspectj/modules/tests/ajcTests.xml"
  JARFILE="org.aspectj/modules/aj-build/jars/testing-drivers-test-all.jar"
  NAME="Gets and sets with other advice" />
  <test FILENAME="org.aspectj/modules/tests/ajcTests.xml"
  JARFILE="org.aspectj/modules/aj-build/jars/testing-drivers-test-all.jar"
  NAME="Compiler can compile correct strictfp modifiers" />
  <test FILENAME="org.aspectj/modules/tests/ajcTests.xml"
  JARFILE="org.aspectj/modules/aj-build/jars/testing-drivers-test-all.jar"
  NAME="basic test of callsto pointcuts" />
  <test FILENAME="org.aspectj/modules/tests/ajcTests.xml"
  JARFILE="org.aspectj/modules/aj-build/jars/testing-drivers-test-all.jar"
  NAME="package wildcards in packages" />
  <test FILENAME="org.aspectj/modules/tests/ajcTests.xml"
  JARFILE="org.aspectj/modules/aj-build/jars/testing-drivers-test-all.jar"
  NAME="around advice on calls and receptions with lots of context" />
  <test FILENAME="org.aspectj/modules/tests/ajcTests.xml"
  JARFILE="org.aspectj/modules/aj-build/jars/testing-drivers-test-all.jar"
  NAME="! modifier and char in pointcut (no longer an error)" />
  <test FILENAME="org.aspectj/modules/tests/ajcTests.xml"
  JARFILE="org.aspectj/modules/aj-build/jars/testing-drivers-test-all.jar"
  NAME="right number of aspect instances per cflow" />
  <test FILENAME="org.aspectj/modules/tests/ajcTests.xml"
  JARFILE="org.aspectj/modules/aj-build/jars/testing-drivers-test-all.jar"
  NAME="many this's into around advice on calls" />
  <test FILENAME="org.aspectj/modules/tests/ajcTests.xml"
  JARFILE="org.aspectj/modules/aj-build/jars/testing-drivers-test-all.jar"
  NAME="Ensures introduction methods can have advice placed on them" />
  <test FILENAME="org.aspectj/modules/tests/ajcTests.xml"
  JARFILE="org.aspectj/modules/aj-build/jars/testing-drivers-test-all.jar"
  NAME="No boolean appearing in the 'if' clause for around advice with eachJVM()" />
  <test FILENAME="org.aspectj/modules/tests/ajcTests.xml"
  JARFILE="org.aspectj/modules/aj-build/jars/testing-drivers-test-all.jar"
  NAME="Order of super introductions." />
  <test FILENAME="org.aspectj/modules/tests/ajcTests.xml"
  JARFILE="org.aspectj/modules/aj-build/jars/testing-drivers-test-all.jar"
  NAME="Ensuring backdoor methods are produced." />
  <test FILENAME="org.aspectj/modules/tests/ajcTests.xml"
  JARFILE="org.aspectj/modules/aj-build/jars/testing-drivers-test-all.jar"
  NAME="no duplicate advice methods in abstract aspects" />
  <test FILENAME="org.aspectj/modules/tests/ajcTests.xml"
  JARFILE="org.aspectj/modules/aj-build/jars/testing-drivers-test-all.jar"
  NAME="no duplicate advice methods in abstract aspects extended" />
  <test FILENAME="org.aspectj/modules/tests/ajcTests.xml"
  JARFILE="org.aspectj/modules/aj-build/jars/testing-drivers-test-all.jar"
  NAME="putting after-constructor advice on the wrong types implementing the same interface." />
  <test FILENAME="org.aspectj/modules/tests/ajcTests.xml"
  JARFILE="org.aspectj/modules/aj-build/jars/testing-drivers-test-all.jar"
  NAME="Instantiating non-static inner classes in advice." />
  <test FILENAME="org.aspectj/modules/tests/ajcTests.xml"
  JARFILE="org.aspectj/modules/aj-build/jars/testing-drivers-test-all.jar"
  NAME="Referring to pointcut in of clauses" />
  <test FILENAME="org.aspectj/modules/tests/ajcTests.xml"
  JARFILE="org.aspectj/modules/aj-build/jars/testing-drivers-test-all.jar"
  NAME="Confused referring to instance variables and locals" />
  <test FILENAME="org.aspectj/modules/tests/ajcTests.xml"
  JARFILE="org.aspectj/modules/aj-build/jars/testing-drivers-test-all.jar"
  NAME="Parsing C+ expressions without parens in super introductions." />
  <test FILENAME="org.aspectj/modules/tests/ajcTests.xml"
  JARFILE="org.aspectj/modules/aj-build/jars/testing-drivers-test-all.jar"
  NAME="introducing methods on classes that implements inner-interfaces with +implements." />
  <test FILENAME="org.aspectj/modules/tests/ajcTests.xml"
  JARFILE="org.aspectj/modules/aj-build/jars/testing-drivers-test-all.jar"
  NAME="methods with the same name are generated when abstract aspects extend another abstract aspect." />
  <test FILENAME="org.aspectj/modules/tests/ajcTests.xml"
  JARFILE="org.aspectj/modules/aj-build/jars/testing-drivers-test-all.jar"
  NAME="Making sure final variables stay final." />
  <test FILENAME="org.aspectj/modules/tests/ajcTests.xml"
  JARFILE="org.aspectj/modules/aj-build/jars/testing-drivers-test-all.jar"
  NAME="problem resolving meta-joinpoint names with around advice on methods called from around advice." />
  <test FILENAME="org.aspectj/modules/tests/ajcTests.xml"
  JARFILE="org.aspectj/modules/aj-build/jars/testing-drivers-test-all.jar"
  NAME="make sure that names of lifted local classes are right when referenced in call-site advice" />
  <test FILENAME="org.aspectj/modules/tests/ajcTests.xml"
  JARFILE="org.aspectj/modules/aj-build/jars/testing-drivers-test-all.jar"
  NAME="matching for throws clause" />
  <test FILENAME="org.aspectj/modules/tests/ajcTests.xml"
  JARFILE="org.aspectj/modules/aj-build/jars/testing-drivers-test-all.jar"
  NAME="basic test of declare soft" />
  <test FILENAME="org.aspectj/modules/tests/ajcTests.xml"
  JARFILE="org.aspectj/modules/aj-build/jars/testing-drivers-test-all.jar"
  NAME="advice on calls to constructors of anonymous inners and access to context" />
  <test FILENAME="org.aspectj/modules/tests/ajcTests.xml"
  JARFILE="org.aspectj/modules/aj-build/jars/testing-drivers-test-all.jar"
  NAME="inner aspects can't access outer pointcuts" />
  <test FILENAME="org.aspectj/modules/tests/ajcTests.xml"
  JARFILE="org.aspectj/modules/aj-build/jars/testing-drivers-test-all.jar"
  NAME="implements and extends are introduced before methods and fields" />
  <test FILENAME="org.aspectj/modules/tests/ajcTests.xml"
  JARFILE="org.aspectj/modules/aj-build/jars/testing-drivers-test-all.jar"
  NAME="a static/inner aspect of a inner class of an aspect is pulled to the top level as static" />
  <test FILENAME="org.aspectj/modules/tests/ajcTests.xml"
  JARFILE="org.aspectj/modules/aj-build/jars/testing-drivers-test-all.jar"
  NAME="Crashes with privileged aspect." />
  <test FILENAME="org.aspectj/modules/tests/ajcTests.xml"
  JARFILE="org.aspectj/modules/aj-build/jars/testing-drivers-test-all.jar"
  NAME="join points exist in the execution of field initializers" />
  <test FILENAME="org.aspectj/modules/tests/ajcTests.xml"
  JARFILE="org.aspectj/modules/aj-build/jars/testing-drivers-test-all.jar"
  NAME="privileged aspects" />
  <test FILENAME="org.aspectj/modules/tests/ajcTests.xml"
  JARFILE="org.aspectj/modules/aj-build/jars/testing-drivers-test-all.jar"
  NAME="advice on field gets in privileged aspects" />
  <test FILENAME="org.aspectj/modules/tests/ajcTests.xml"
  JARFILE="org.aspectj/modules/aj-build/jars/testing-drivers-test-all.jar"
  NAME="Two anonymous classes in the same scope" />
  <test FILENAME="org.aspectj/modules/tests/ajcTests.xml"
  JARFILE="org.aspectj/modules/aj-build/jars/testing-drivers-test-all.jar"
  NAME="basic tests for initializer and staticinitializer PCDs" />
  <test FILENAME="org.aspectj/modules/tests/ajcTests.xml"
  JARFILE="org.aspectj/modules/aj-build/jars/testing-drivers-test-all.jar"
  NAME="introduction of an initializer into a class" />
  <test FILENAME="org.aspectj/modules/tests/ajcTests.xml"
  JARFILE="org.aspectj/modules/aj-build/jars/testing-drivers-test-all.jar"
  NAME="some method accessibility tests, particularly package-protected and inheritance" />
  <test FILENAME="org.aspectj/modules/tests/ajcTests.xml"
  JARFILE="org.aspectj/modules/aj-build/jars/testing-drivers-test-all.jar"
  NAME="fairly monotonous (and non-covering) tests for expanded dot patterns" />
  <test FILENAME="org.aspectj/modules/tests/ajcTests.xml"
  JARFILE="org.aspectj/modules/aj-build/jars/testing-drivers-test-all.jar"
  NAME="field patterns and subtyping" />
  <test FILENAME="org.aspectj/modules/tests/ajcTests.xml"
  JARFILE="org.aspectj/modules/aj-build/jars/testing-drivers-test-all.jar"
  NAME="Checking formal matching as in Roeder's bug in 0.7b10" />
  <test FILENAME="org.aspectj/modules/tests/ajcTests.xml"
  JARFILE="org.aspectj/modules/aj-build/jars/testing-drivers-test-all.jar"
  NAME="Introducing synchronized methods on interfaces." />
  <test FILENAME="org.aspectj/modules/tests/ajcTests.xml"
  JARFILE="org.aspectj/modules/aj-build/jars/testing-drivers-test-all.jar"
  NAME="The pointcut params (..,int..) is not recognizing (Object,int,Object)." />
  <test FILENAME="org.aspectj/modules/tests/ajcTests.xml"
  JARFILE="org.aspectj/modules/aj-build/jars/testing-drivers-test-all.jar"
  NAME="calls advice on array objects causes error in code generation" />
  <test FILENAME="org.aspectj/modules/tests/ajcTests.xml"
  JARFILE="org.aspectj/modules/aj-build/jars/testing-drivers-test-all.jar"
  NAME="join points in field initializers aren't showing up." />
  <test FILENAME="org.aspectj/modules/tests/ajcTests.xml"
  JARFILE="org.aspectj/modules/aj-build/jars/testing-drivers-test-all.jar"
  NAME="Handlers problem" />
  <test FILENAME="org.aspectj/modules/tests/ajcTests.xml"
  JARFILE="org.aspectj/modules/aj-build/jars/testing-drivers-test-all.jar"
  NAME="work nicely with inner class method look-up rules and call-site advice" />
  <test FILENAME="org.aspectj/modules/tests/ajcTests.xml"
  JARFILE="org.aspectj/modules/aj-build/jars/testing-drivers-test-all.jar"
  NAME="strictfp modifier allowed on advice" />
  <test FILENAME="org.aspectj/modules/tests/ajcTests.xml"
  JARFILE="org.aspectj/modules/aj-build/jars/testing-drivers-test-all.jar"
  NAME="No argthis was being created for calls advice." />
  <test FILENAME="org.aspectj/modules/tests/ajcTests.xml"
  JARFILE="org.aspectj/modules/aj-build/jars/testing-drivers-test-all.jar"
  NAME="Ensuring no advice with instanceof(..) is run on static methods." />
  <test FILENAME="org.aspectj/modules/tests/ajcTests.xml"
  JARFILE="org.aspectj/modules/aj-build/jars/testing-drivers-test-all.jar"
  NAME="Null pointer on gets advice showing the case causing the error" />
  <test FILENAME="org.aspectj/modules/tests/ajcTests.xml"
  JARFILE="org.aspectj/modules/aj-build/jars/testing-drivers-test-all.jar"
  NAME="try to make sure that dynamic joinpoint objects aren't generated when used inside of if (false) { ... }" />
  <test FILENAME="org.aspectj/modules/tests/ajcTests.xml"
  JARFILE="org.aspectj/modules/aj-build/jars/testing-drivers-test-all.jar"
  NAME="within and withincode (doesn't all work due to local class name issues)" />
  <test FILENAME="org.aspectj/modules/tests/ajcTests.xml"
  JARFILE="org.aspectj/modules/aj-build/jars/testing-drivers-test-all.jar"
  NAME="Arguments to runNext should be final when needed" />
  <test FILENAME="org.aspectj/modules/tests/ajcTests.xml"
  JARFILE="org.aspectj/modules/aj-build/jars/testing-drivers-test-all.jar"
  NAME="Method introductions" />
  <test FILENAME="org.aspectj/modules/tests/ajcTests.xml"
  JARFILE="org.aspectj/modules/aj-build/jars/testing-drivers-test-all.jar"
  NAME="Putting an introduced method on each interface" />
  <test FILENAME="org.aspectj/modules/tests/ajcTests.xml"
  JARFILE="org.aspectj/modules/aj-build/jars/testing-drivers-test-all.jar"
  NAME="Extending interfaces" />
  <test FILENAME="org.aspectj/modules/tests/ajcTests.xml"
  JARFILE="org.aspectj/modules/aj-build/jars/testing-drivers-test-all.jar"
  NAME="Introducing private methods on interfaces" />
  <test FILENAME="org.aspectj/modules/tests/ajcTests.xml"
  JARFILE="org.aspectj/modules/aj-build/jars/testing-drivers-test-all.jar"
  NAME="issuing errors for assigning variables thisjoinpoint -- not assigning thisjoinpoint." />
  <test FILENAME="org.aspectj/modules/tests/ajcTests.xml"
  JARFILE="org.aspectj/modules/aj-build/jars/testing-drivers-test-all.jar"
  NAME="Static references inside of introduced bodies get bound correctly." />
  <test FILENAME="org.aspectj/modules/tests/ajcTests.xml"
  JARFILE="org.aspectj/modules/aj-build/jars/testing-drivers-test-all.jar"
  NAME="cflow and object creations [of eachcflow]" />
  <test FILENAME="org.aspectj/modules/tests/ajcTests.xml"
  JARFILE="org.aspectj/modules/aj-build/jars/testing-drivers-test-all.jar"
  NAME="doesn't import mighthaveaspect when compiling with more than 1 file. [eachobject]" />
  <test FILENAME="org.aspectj/modules/tests/ajcTests.xml"
  JARFILE="org.aspectj/modules/aj-build/jars/testing-drivers-test-all.jar"
  NAME="test binding to formals in calls to constructors (binding to null) (eachobject !!! now misnamed)" />
  <test FILENAME="org.aspectj/modules/tests/ajcTests.xml"
  JARFILE="org.aspectj/modules/aj-build/jars/testing-drivers-test-all.jar"
  NAME="After advice isn't being woven into after throwing advice" />
  <test FILENAME="org.aspectj/modules/tests/ajcTests.xml"
  JARFILE="org.aspectj/modules/aj-build/jars/testing-drivers-test-all.jar"
  NAME="Throwing an EmptyStackException." />
  <test FILENAME="org.aspectj/modules/tests/ajcTests.xml"
  JARFILE="org.aspectj/modules/aj-build/jars/testing-drivers-test-all.jar"
  NAME="check that mighthaveaspect interface is created correctly for an aspect in deep package" />
  <test FILENAME="org.aspectj/modules/tests/ajcTests.xml"
  JARFILE="org.aspectj/modules/aj-build/jars/testing-drivers-test-all.jar"
  NAME="Defines clfow$ajc0 more once. [eachcflow]" />
  <test FILENAME="org.aspectj/modules/tests/ajcTests.xml"
  JARFILE="org.aspectj/modules/aj-build/jars/testing-drivers-test-all.jar"
  NAME="Various calls, receptions, and callsto tests [callsto]" />
  <test FILENAME="org.aspectj/modules/tests/ajcTests.xml"
  JARFILE="org.aspectj/modules/aj-build/jars/testing-drivers-test-all.jar"
  NAME="Was throwing exception, now just an error. [eachobject]" />
  <test FILENAME="org.aspectj/modules/tests/ajcTests.xml"
  JARFILE="org.aspectj/modules/aj-build/jars/testing-drivers-test-all.jar"
  NAME="different version of aspect inheritance, particularly empty pointcuts and abstract cflows [eachcflow]" />
  <test FILENAME="org.aspectj/modules/tests/ajcTests.xml"
  JARFILE="org.aspectj/modules/aj-build/jars/testing-drivers-test-all.jar"
  NAME="set advice on member initing throwing exception [eachobject]" />
  <test FILENAME="org.aspectj/modules/tests/ajcTests.xml"
  JARFILE="org.aspectj/modules/aj-build/jars/testing-drivers-test-all.jar"
  NAME="testing class names with same name's with difference case as package. [eachobject]" />
  <test FILENAME="org.aspectj/modules/tests/ajcTests.xml"
  JARFILE="org.aspectj/modules/aj-build/jars/testing-drivers-test-all.jar"
  NAME="Null pointer on gets advice with coverage [painful]" />
  <test FILENAME="org.aspectj/modules/tests/ajcTests.xml"
  JARFILE="org.aspectj/modules/aj-build/jars/testing-drivers-test-all.jar"
  NAME="Basic test for cflow pointcuts [eachcflow]" />
  <test FILENAME="org.aspectj/modules/tests/ajcTests.xml"
  JARFILE="org.aspectj/modules/aj-build/jars/testing-drivers-test-all.jar"
  NAME="Crashing when looking up the type of array members." />
  <test FILENAME="org.aspectj/modules/tests/ajcTests.xml"
  JARFILE="org.aspectj/modules/aj-build/jars/testing-drivers-test-all.jar"
  NAME="PostfixExprs to various synthetic things are fixed correctly [eachobject]" />
  <test FILENAME="org.aspectj/modules/tests/ajcTests.xml"
  JARFILE="org.aspectj/modules/aj-build/jars/testing-drivers-test-all.jar"
  NAME="Dave Binkley's problem with eachcflowroot. [eachcflow]" />
  <test FILENAME="org.aspectj/modules/tests/ajcTests.xml"
  JARFILE="org.aspectj/modules/aj-build/jars/testing-drivers-test-all.jar"
  NAME="advice on an inherited method" />
  <test FILENAME="org.aspectj/modules/tests/ajcTests.xml"
  JARFILE="org.aspectj/modules/aj-build/jars/testing-drivers-test-all.jar"
  NAME=", PR#115 checks the ordering of catch clauses" />
  <test FILENAME="org.aspectj/modules/tests/ajcTests.xml"
  JARFILE="org.aspectj/modules/aj-build/jars/testing-drivers-test-all.jar"
  NAME="various declared exception permutations" />
  <test FILENAME="org.aspectj/modules/tests/ajcTests.xml"
  JARFILE="org.aspectj/modules/aj-build/jars/testing-drivers-test-all.jar"
  NAME="ordering of advice kinds as well as cflow and dominates" />
  <test FILENAME="org.aspectj/modules/tests/ajcTests.xml"
  JARFILE="org.aspectj/modules/aj-build/jars/testing-drivers-test-all.jar"
  NAME="advice on default constructor for a class only referenced via reflection" />
  <test FILENAME="org.aspectj/modules/tests/ajcTests.xml"
  JARFILE="org.aspectj/modules/aj-build/jars/testing-drivers-test-all.jar"
  NAME="calling and called this params in calls points" />
  <test FILENAME="org.aspectj/modules/tests/ajcTests.xml"
  JARFILE="org.aspectj/modules/aj-build/jars/testing-drivers-test-all.jar"
  NAME="primitive parameters coercable to Object just like return values are" />
  <test FILENAME="org.aspectj/modules/tests/ajcTests.xml"
  JARFILE="org.aspectj/modules/aj-build/jars/testing-drivers-test-all.jar"
  NAME="join points in static/dynamic initializers aren't showing up." />
  <test FILENAME="org.aspectj/modules/tests/ajcTests.xml"
  JARFILE="org.aspectj/modules/aj-build/jars/testing-drivers-test-all.jar"
  NAME="Gets and sets on a number of variables (field access ???)" />
  <test FILENAME="org.aspectj/modules/tests/ajcTests.xml"
  JARFILE="org.aspectj/modules/aj-build/jars/testing-drivers-test-all.jar"
  NAME="Joinpoints are showing up on intermediate call sites" />
  <test FILENAME="org.aspectj/modules/tests/ajcTests.xml"
  JARFILE="org.aspectj/modules/aj-build/jars/testing-drivers-test-all.jar"
  NAME="Reception based on strictfp modifier" />
  <test FILENAME="org.aspectj/modules/tests/ajcTests.xml"
  JARFILE="org.aspectj/modules/aj-build/jars/testing-drivers-test-all.jar"
  NAME="Subclasses that do not redefine a method are not being handled correctly" />
  <test FILENAME="org.aspectj/modules/tests/ajcTests.xml"
  JARFILE="org.aspectj/modules/aj-build/jars/testing-drivers-test-all.jar"
  NAME="making sure that super calls are bound to the right methods" />
  <test FILENAME="org.aspectj/modules/tests/ajcTests.xml"
  JARFILE="org.aspectj/modules/aj-build/jars/testing-drivers-test-all.jar"
  NAME="inheritance, around advice and abstract pointcuts [eachobject] (still)" />
  <test FILENAME="org.aspectj/modules/tests/ajcTests.xml"
  JARFILE="org.aspectj/modules/aj-build/jars/testing-drivers-test-all.jar"
  NAME="Priviledged aspect methods are missing for privates. [eachobject]" />
  <test FILENAME="org.aspectj/modules/tests/ajcTests.xml"
  JARFILE="org.aspectj/modules/aj-build/jars/testing-drivers-test-all.jar"
  NAME="exceptions thrown and caught in advice, particularly try+proceed" />
  <test FILENAME="org.aspectj/modules/tests/ajcTests.xml"
  JARFILE="org.aspectj/modules/aj-build/jars/testing-drivers-test-all.jar"
  NAME="Not and And operators in pointcuts not working" />
  <test FILENAME="org.aspectj/modules/tests/ajcTests.xml"
  JARFILE="org.aspectj/modules/aj-build/jars/testing-drivers-test-all.jar"
  NAME="Member initializers should run before the current class constructor" />
  <test FILENAME="org.aspectj/modules/tests/ajcTests.xml"
  JARFILE="org.aspectj/modules/aj-build/jars/testing-drivers-test-all.jar"
  NAME="coverage tests for member initializers should run before the current class constructor and after super" />
  <test FILENAME="org.aspectj/modules/tests/ajcTests.xml"
  JARFILE="org.aspectj/modules/aj-build/jars/testing-drivers-test-all.jar"
  NAME="thisJoinPoint{Static} not visible in if() pcd of named pointcut">

    <error />
  </test>
  <test FILENAME="org.aspectj/modules/tests/ajcTests.xml"
  JARFILE="org.aspectj/modules/aj-build/jars/testing-drivers-test-all.jar"
  NAME="pcd if() expression visibility at compile-time (minimal operation)">

    <error />
  </test>
  <test FILENAME="org.aspectj/modules/tests/ajcTests.xml"
  JARFILE="org.aspectj/modules/aj-build/jars/testing-drivers-test-all.jar"
  NAME="pcd if() NPE in compiler when unwinding assignment in pcd if(expr)" />
  <test FILENAME="org.aspectj/modules/tests/ajcTests.xml"
  JARFILE="org.aspectj/modules/aj-build/jars/testing-drivers-test-all.jar"
  NAME="pcd if() dup methods produced when pointcut after advice etc (javac)" />
  <test FILENAME="org.aspectj/modules/tests/ajcTests.xml"
  JARFILE="org.aspectj/modules/aj-build/jars/testing-drivers-test-all.jar"
  NAME="pcd if() variants: [anonymous, named] x [execution, call, calltyped, get, set, initializations] x [before, after, around]" />
  <test FILENAME="org.aspectj/modules/tests/ajcTests.xml"
  JARFILE="org.aspectj/modules/aj-build/jars/testing-drivers-test-all.jar"
  NAME="initialization order with this" />
  <test FILENAME="org.aspectj/modules/tests/ajcTests.xml"
  JARFILE="org.aspectj/modules/aj-build/jars/testing-drivers-test-all.jar"
  NAME="!within and !this handling for callee-side call points" />
  <test FILENAME="org.aspectj/modules/tests/ajcTests.xml"
  JARFILE="org.aspectj/modules/aj-build/jars/testing-drivers-test-all.jar"
  NAME="private inner interfaces and bytecode visibility" />
  <test FILENAME="org.aspectj/modules/tests/ajcTests.xml"
  JARFILE="org.aspectj/modules/aj-build/jars/testing-drivers-test-all.jar"
  NAME="elaborated into testing of around on all join points" />
  <test FILENAME="org.aspectj/modules/tests/ajcTests.xml"
  JARFILE="org.aspectj/modules/aj-build/jars/testing-drivers-test-all.jar"
  NAME="type name hygiene when code comes from aspects in different packages" />
  <test FILENAME="org.aspectj/modules/tests/ajcTests.xml"
  JARFILE="org.aspectj/modules/aj-build/jars/testing-drivers-test-all.jar"
  NAME="cflowbelow dependencies (from Chris Dutchyn)" />
  <test FILENAME="org.aspectj/modules/tests/ajcTests.xml"
  JARFILE="org.aspectj/modules/aj-build/jars/testing-drivers-test-all.jar"
  NAME="compiler incorrectly flagging *1 (non-alphabetic start to signature pattern)" />
  <test FILENAME="org.aspectj/modules/tests/ajcTests.xml"
  JARFILE="org.aspectj/modules/aj-build/jars/testing-drivers-test-all.jar"
  NAME="unable to bind privately-introduced field name from introduced method in the same aspect" />
  <test FILENAME="org.aspectj/modules/tests/ajcTests.xml"
  JARFILE="org.aspectj/modules/aj-build/jars/testing-drivers-test-all.jar"
  NAME="anonymous inner class with aspect" />
  <test FILENAME="org.aspectj/modules/tests/ajcTests.xml"
  JARFILE="org.aspectj/modules/aj-build/jars/testing-drivers-test-all.jar"
  NAME="Arguments are not being passed in to calls advice" />
  <test FILENAME="org.aspectj/modules/tests/ajcTests.xml"
  JARFILE="org.aspectj/modules/aj-build/jars/testing-drivers-test-all.jar"
  NAME="interfaces as mixins with introduction" />
  <test FILENAME="org.aspectj/modules/tests/ajcTests.xml"
  JARFILE="org.aspectj/modules/aj-build/jars/testing-drivers-test-all.jar"
  NAME="functional modifiers work correctly with introduced members" />
  <test FILENAME="org.aspectj/modules/tests/ajcTests.xml"
  JARFILE="org.aspectj/modules/aj-build/jars/testing-drivers-test-all.jar"
  NAME="exceptionininitializererror accessing cflow in aspect initialization - before variants" />
  <test FILENAME="org.aspectj/modules/tests/ajcTests.xml"
  JARFILE="org.aspectj/modules/aj-build/jars/testing-drivers-test-all.jar"
  NAME="noclassdeffounderror accessing cflow in aspect initialization - after variants" />
  <test FILENAME="org.aspectj/modules/tests/ajcTests.xml"
  JARFILE="org.aspectj/modules/aj-build/jars/testing-drivers-test-all.jar"
  NAME="InternalCompilerError in JpPlan when args alone" />
  <test FILENAME="org.aspectj/modules/tests/ajcTests.xml"
  JARFILE="org.aspectj/modules/aj-build/jars/testing-drivers-test-all.jar"
  NAME="compile error using pcd if() with advice on introduced methods." />
  <test FILENAME="org.aspectj/modules/tests/ajcTests.xml"
  JARFILE="org.aspectj/modules/aj-build/jars/testing-drivers-test-all.jar"
  NAME="compile errors boolean using cflow and unimplemented method using around advice on methods introduced by interface" />
  <test FILENAME="org.aspectj/modules/tests/ajcTests.xml"
  JARFILE="org.aspectj/modules/aj-build/jars/testing-drivers-test-all.jar"
  NAME="aspect as member of interface" />
  <test FILENAME="org.aspectj/modules/tests/ajcTests.xml"
  JARFILE="org.aspectj/modules/aj-build/jars/testing-drivers-test-all.jar"
  NAME="missing method name to synthetic invocation" />
  <test FILENAME="org.aspectj/modules/tests/ajcTests.xml"
  JARFILE="org.aspectj/modules/aj-build/jars/testing-drivers-test-all.jar"
  NAME="protected subclass impl of superclass method with default access and variants" />
  <test FILENAME="org.aspectj/modules/tests/ajcTests.xml"
  JARFILE="org.aspectj/modules/aj-build/jars/testing-drivers-test-all.jar"
  NAME="Exception planning advice" />
  <test FILENAME="org.aspectj/modules/tests/ajcTests.xml"
  JARFILE="org.aspectj/modules/aj-build/jars/testing-drivers-test-all.jar"
  NAME="unreproduced bug with advice - probably UTR">
    <error />
  </test>
  <test FILENAME="org.aspectj/modules/tests/ajcTests.xml"
  JARFILE="org.aspectj/modules/aj-build/jars/testing-drivers-test-all.jar"
  NAME="introduced inner interfaces accessible inside aspect" />
  <test FILENAME="org.aspectj/modules/tests/ajcTests.xml"
  JARFILE="org.aspectj/modules/aj-build/jars/testing-drivers-test-all.jar"
  NAME="validate (enclosing) join point and source locations" />
  <test FILENAME="org.aspectj/modules/tests/ajcTests.xml"
  JARFILE="org.aspectj/modules/aj-build/jars/testing-drivers-test-all.jar"
  NAME="advice formals are just like method formals" />
  <test FILENAME="org.aspectj/modules/tests/ajcTests.xml"
  JARFILE="org.aspectj/modules/aj-build/jars/testing-drivers-test-all.jar"
  NAME="advice formals produce errors just like method formals" />
  <test FILENAME="org.aspectj/modules/tests/ajcTests.xml"
  JARFILE="org.aspectj/modules/aj-build/jars/testing-drivers-test-all.jar"
  NAME="advice throws clauses must be compatible with joinpoints they apply to" />
  <test FILENAME="org.aspectj/modules/tests/ajcTests.xml"
  JARFILE="org.aspectj/modules/aj-build/jars/testing-drivers-test-all.jar"
  NAME="potential method conflicts with introductions and interfaces and PR#561" />
  <test FILENAME="org.aspectj/modules/tests/ajcTests.xml"
  JARFILE="org.aspectj/modules/aj-build/jars/testing-drivers-test-all.jar"
  NAME="illegal method conflicts with introductions and interfaces and PR#561" />
  <test FILENAME="org.aspectj/modules/tests/ajcTests.xml"
  JARFILE="org.aspectj/modules/aj-build/jars/testing-drivers-test-all.jar"
  NAME="AspectOf available for different aspect types" />
  <test FILENAME="org.aspectj/modules/tests/ajcTests.xml"
  JARFILE="org.aspectj/modules/aj-build/jars/testing-drivers-test-all.jar"
  NAME="access to all members of class and inner class from privileged aspect" />
  <test FILENAME="org.aspectj/modules/tests/ajcTests.xml"
  JARFILE="org.aspectj/modules/aj-build/jars/testing-drivers-test-all.jar"
  NAME="cflow alone with around produces compiler bcg StackOverflowError" />
  <test FILENAME="org.aspectj/modules/tests/ajcTests.xml"
  JARFILE="org.aspectj/modules/aj-build/jars/testing-drivers-test-all.jar"
  NAME="get/set join points run for complex assignment operators (+=, etc.) (working)" />
  <test FILENAME="org.aspectj/modules/tests/ajcTests.xml"
  JARFILE="org.aspectj/modules/aj-build/jars/testing-drivers-test-all.jar"
  NAME="this available in introduced field initializers" />
  <test FILENAME="org.aspectj/modules/tests/ajcTests.xml"
  JARFILE="org.aspectj/modules/aj-build/jars/testing-drivers-test-all.jar"
  NAME="Introduced type unavailable to cast expressions in introduced methods" />
  <test FILENAME="org.aspectj/modules/tests/ajcTests.xml"
  JARFILE="org.aspectj/modules/aj-build/jars/testing-drivers-test-all.jar"
  NAME="introduced type unavailable to qualified new expressions in introduced methods" />
  <test FILENAME="org.aspectj/modules/tests/ajcTests.xml"
  JARFILE="org.aspectj/modules/aj-build/jars/testing-drivers-test-all.jar"
  NAME="introduced type unavailable to cast expressions in introduced field initializers" />
  <test FILENAME="org.aspectj/modules/tests/ajcTests.xml"
  JARFILE="org.aspectj/modules/aj-build/jars/testing-drivers-test-all.jar"
  NAME="aspect type unavailable to qualified new expressions in body of introduced methods" />
  <test FILENAME="org.aspectj/modules/tests/ajcTests.xml"
  JARFILE="org.aspectj/modules/aj-build/jars/testing-drivers-test-all.jar"
  NAME="introduced type unavailable to qualified new expressions in introduced field initializers" />
  <test FILENAME="org.aspectj/modules/tests/ajcTests.xml"
  JARFILE="org.aspectj/modules/aj-build/jars/testing-drivers-test-all.jar"
  NAME="variable slots and finally/catch causing verify errors" />
  <test FILENAME="org.aspectj/modules/tests/ajcTests.xml"
  JARFILE="org.aspectj/modules/aj-build/jars/testing-drivers-test-all.jar"
  NAME="after advice on static method with pcd if() using result" />
  <test FILENAME="org.aspectj/modules/tests/ajcTests.xml"
  JARFILE="org.aspectj/modules/aj-build/jars/testing-drivers-test-all.jar"
  NAME="after advice on static method with pcd if() using result through pointcut" />
  <test FILENAME="org.aspectj/modules/tests/ajcTests.xml"
  JARFILE="org.aspectj/modules/aj-build/jars/testing-drivers-test-all.jar"
  NAME="AbstractMethodError for introduced methods (order 1)" />
  <test FILENAME="org.aspectj/modules/tests/ajcTests.xml"
  JARFILE="org.aspectj/modules/aj-build/jars/testing-drivers-test-all.jar"
  NAME="AbstractMethodError for introduced methods (order 2)" />
  <test FILENAME="org.aspectj/modules/tests/ajcTests.xml"
  JARFILE="org.aspectj/modules/aj-build/jars/testing-drivers-test-all.jar"
  NAME="AbstractMethodError for introduced methods (order 3)" />
  <test FILENAME="org.aspectj/modules/tests/ajcTests.xml"
  JARFILE="org.aspectj/modules/aj-build/jars/testing-drivers-test-all.jar"
  NAME="AbstractMethodError for introduced methods (order 4)" />
  <test FILENAME="org.aspectj/modules/tests/ajcTests.xml"
  JARFILE="org.aspectj/modules/aj-build/jars/testing-drivers-test-all.jar"
  NAME="AbstractMethodError for introduced methods (order 5)" />
  <test FILENAME="org.aspectj/modules/tests/ajcTests.xml"
  JARFILE="org.aspectj/modules/aj-build/jars/testing-drivers-test-all.jar"
  NAME="declare error and abstract pointcuts" />
  <test FILENAME="org.aspectj/modules/tests/ajcTests.xml"
  JARFILE="org.aspectj/modules/aj-build/jars/testing-drivers-test-all.jar"
  NAME="Exercise runtime classes (optionally in 1.1 VM)" />
  <test FILENAME="org.aspectj/modules/tests/ajcTests.xml"
  JARFILE="org.aspectj/modules/aj-build/jars/testing-drivers-test-all.jar"
  NAME="VerifyError after around advice falls off end of tryCatch" />
  <test FILENAME="org.aspectj/modules/tests/ajcTests.xml"
  JARFILE="org.aspectj/modules/aj-build/jars/testing-drivers-test-all.jar"
  NAME="Named within pointcuts failing" />
  <test FILENAME="org.aspectj/modules/tests/ajcTests.xml"
  JARFILE="org.aspectj/modules/aj-build/jars/testing-drivers-test-all.jar"
  NAME="aspect with private abstract pointcut" />
  <test FILENAME="org.aspectj/modules/tests/ajcTests.xml"
  JARFILE="org.aspectj/modules/aj-build/jars/testing-drivers-test-all.jar"
  NAME="concrete aspect unable to access abstract package-private pointcut in parent for overriding" />
  <test FILENAME="org.aspectj/modules/tests/ajcTests.xml"
  JARFILE="org.aspectj/modules/aj-build/jars/testing-drivers-test-all.jar"
  NAME="inner, outer, and outside-package subaspects of an aspect with abstract protected-, public-, and default-access pointcuts" />
  <test FILENAME="org.aspectj/modules/tests/ajcTests.xml"
  JARFILE="org.aspectj/modules/aj-build/jars/testing-drivers-test-all.jar"
  NAME="inner subaspects of an aspect with private pointcut" />
  <test FILENAME="org.aspectj/modules/tests/ajcTests.xml"
  JARFILE="org.aspectj/modules/aj-build/jars/testing-drivers-test-all.jar"
  NAME="outer subaspects of an aspect with private pointcut" />
  <test FILENAME="org.aspectj/modules/tests/ajcTests.xml"
  JARFILE="org.aspectj/modules/aj-build/jars/testing-drivers-test-all.jar"
  NAME="abstract aspect used statically should not cause instantiation of advice or pointcut" />
  <test FILENAME="org.aspectj/modules/tests/ajcTests.xml"
  JARFILE="org.aspectj/modules/aj-build/jars/testing-drivers-test-all.jar"
  NAME="private inner interface accessible in scope when declared on outer class" />
  <test FILENAME="org.aspectj/modules/tests/ajcTests.xml"
  JARFILE="org.aspectj/modules/aj-build/jars/testing-drivers-test-all.jar"
  NAME="accessing protected superclass members in and outside ccc from body of method introduction" />
  <test FILENAME="org.aspectj/modules/tests/ajcTests.xml"
  JARFILE="org.aspectj/modules/aj-build/jars/testing-drivers-test-all.jar"
  NAME="accessing private superclass members from body of method introduction" />
  <test FILENAME="org.aspectj/modules/tests/ajcTests.xml"
  JARFILE="org.aspectj/modules/aj-build/jars/testing-drivers-test-all.jar"
  NAME="simple test for around and casting" />
  <test FILENAME="org.aspectj/modules/tests/ajcTests.xml"
  JARFILE="org.aspectj/modules/aj-build/jars/testing-drivers-test-all.jar"
  NAME="aroundinner 1 - around advice inner thread subclass running proceed but not writing field" />
  <test FILENAME="org.aspectj/modules/tests/ajcTests.xml"
  JARFILE="org.aspectj/modules/aj-build/jars/testing-drivers-test-all.jar"
  NAME="aroundinner 2 - around advice inner runnable running proceed and writing method-final proxy" />
  <test FILENAME="org.aspectj/modules/tests/ajcTests.xml"
  JARFILE="org.aspectj/modules/aj-build/jars/testing-drivers-test-all.jar"
  NAME="aroundinner 3 - around advice inner class running proceed and writing field" />
  <test FILENAME="org.aspectj/modules/tests/ajcTests.xml"
  JARFILE="org.aspectj/modules/aj-build/jars/testing-drivers-test-all.jar"
  NAME="aroundinner 4 - around advice inner thread subclass running proceed and writing field" />
  <test FILENAME="org.aspectj/modules/tests/ajcTests.xml"
  JARFILE="org.aspectj/modules/aj-build/jars/testing-drivers-test-all.jar"
  NAME="aroundinner 5 - around advice inner runnable (subinterface) running proceed and writing field introduced on subinterface" />
  <test FILENAME="org.aspectj/modules/tests/ajcTests.xml"
  JARFILE="org.aspectj/modules/aj-build/jars/testing-drivers-test-all.jar"
  NAME="Named local class closing over proceed invocation" />
  <test FILENAME="org.aspectj/modules/tests/ajcTests.xml"
  JARFILE="org.aspectj/modules/aj-build/jars/testing-drivers-test-all.jar"
  NAME="beautiful recursive computation of factorial with around is now supported" />
  <test FILENAME="org.aspectj/modules/tests/ajcTests.xml"
  JARFILE="org.aspectj/modules/aj-build/jars/testing-drivers-test-all.jar"
  NAME="multi-dispatch not used for named pcd references" />
  <test FILENAME="org.aspectj/modules/tests/ajcTests.xml"
  JARFILE="org.aspectj/modules/aj-build/jars/testing-drivers-test-all.jar"
  NAME="multi-dispatch implemented through around + args" />
  <test FILENAME="org.aspectj/modules/tests/ajcTests.xml"
  JARFILE="org.aspectj/modules/aj-build/jars/testing-drivers-test-all.jar"
  NAME="unrecognized aspect should not net Cloneable and Serializable warnings" />
  <test FILENAME="org.aspectj/modules/tests/ajcTests.xml"
  JARFILE="org.aspectj/modules/aj-build/jars/testing-drivers-test-all.jar"
  NAME="unreachable code generated by around advice on the execution of void methods" />
  <test FILENAME="org.aspectj/modules/tests/ajcTests.xml"
  JARFILE="org.aspectj/modules/aj-build/jars/testing-drivers-test-all.jar"
  NAME="Overriding method implementations using introduction on interfaces" />
  <test FILENAME="org.aspectj/modules/tests/ajcTests.xml"
  JARFILE="org.aspectj/modules/aj-build/jars/testing-drivers-test-all.jar"
  NAME="more coverage for around and concrete methods on interfaces" />
  <test FILENAME="org.aspectj/modules/tests/ajcTests.xml"
  JARFILE="org.aspectj/modules/aj-build/jars/testing-drivers-test-all.jar"
  NAME="invalid number and type of proceed arguments" />
  <test FILENAME="org.aspectj/modules/tests/ajcTests.xml"
  JARFILE="org.aspectj/modules/aj-build/jars/testing-drivers-test-all.jar"
  NAME="after returning advice order" />
  <test FILENAME="org.aspectj/modules/tests/ajcTests.xml"
  JARFILE="org.aspectj/modules/aj-build/jars/testing-drivers-test-all.jar"
  NAME="after returning advice param" />
  <test FILENAME="org.aspectj/modules/tests/ajcTests.xml"
  JARFILE="org.aspectj/modules/aj-build/jars/testing-drivers-test-all.jar"
  NAME="! and declaring types with callee-side call join points" />
  <test FILENAME="org.aspectj/modules/tests/ajcTests.xml"
  JARFILE="org.aspectj/modules/aj-build/jars/testing-drivers-test-all.jar"
  NAME=". Binding the wrong arguments in withincode(..)." />
  <test FILENAME="org.aspectj/modules/tests/ajcTests.xml"
  JARFILE="org.aspectj/modules/aj-build/jars/testing-drivers-test-all.jar"
  NAME=". Matching arguments in cflow correctly." />
  <test FILENAME="org.aspectj/modules/tests/ajcTests.xml"
  JARFILE="org.aspectj/modules/aj-build/jars/testing-drivers-test-all.jar"
  NAME=". Binding variables with numbers in their name with pertarget(..)'s." />
  <test FILENAME="org.aspectj/modules/tests/ajcTests.xml"
  JARFILE="org.aspectj/modules/aj-build/jars/testing-drivers-test-all.jar"
  NAME="second arg in formal on shared joinpoint with pcd if() causes verify error ??" />
  <test FILENAME="org.aspectj/modules/tests/ajcTests.xml"
  JARFILE="org.aspectj/modules/aj-build/jars/testing-drivers-test-all.jar"
  NAME="access to private members from privileged aspect" />
  <test FILENAME="org.aspectj/modules/tests/ajcTests.xml"
  JARFILE="org.aspectj/modules/aj-build/jars/testing-drivers-test-all.jar"
  NAME="inner classes of privileged aspects cannot see target class private members" />
  <test FILENAME="org.aspectj/modules/tests/ajcTests.xml"
  JARFILE="org.aspectj/modules/aj-build/jars/testing-drivers-test-all.jar"
  NAME="aspects should get package access outside the file" />
  <test FILENAME="org.aspectj/modules/tests/ajcTests.xml"
  JARFILE="org.aspectj/modules/aj-build/jars/testing-drivers-test-all.jar"
  NAME="subclass advice not run for join points selected by superclass cflow-based pointcuts" />
  <test FILENAME="org.aspectj/modules/tests/ajcTests.xml"
  JARFILE="org.aspectj/modules/aj-build/jars/testing-drivers-test-all.jar"
  NAME="more issues with abstract aspects and cflow pointcuts" />
  <test FILENAME="org.aspectj/modules/tests/ajcTests.xml"
  JARFILE="org.aspectj/modules/aj-build/jars/testing-drivers-test-all.jar"
  NAME="compile fails for aspect derived from percflow base aspect unless pointcut excludes base aspect and subaspects" />
  <test FILENAME="org.aspectj/modules/tests/ajcTests.xml"
  JARFILE="org.aspectj/modules/aj-build/jars/testing-drivers-test-all.jar"
  NAME="pertarget stack overflow getting name of anonymous (Interface) class" />
  <test FILENAME="org.aspectj/modules/tests/ajcTests.xml"
  JARFILE="org.aspectj/modules/aj-build/jars/testing-drivers-test-all.jar"
  NAME="pertarget stack overflow getting name of anonymous (Object) class" />
  <test FILENAME="org.aspectj/modules/tests/ajcTests.xml"
  JARFILE="org.aspectj/modules/aj-build/jars/testing-drivers-test-all.jar"
  NAME="pertarget runtime stack overflow (getting name of anonymous (object) class?)" />
  <test FILENAME="org.aspectj/modules/tests/ajcTests.xml"
  JARFILE="org.aspectj/modules/aj-build/jars/testing-drivers-test-all.jar"
  NAME="subaspect method declaration on superaspect inner interface (names)" />
  <test FILENAME="org.aspectj/modules/tests/ajcTests.xml"
  JARFILE="org.aspectj/modules/aj-build/jars/testing-drivers-test-all.jar"
  NAME="subaspect method declaration on superaspect inner interface (access)" />
  <test FILENAME="org.aspectj/modules/tests/ajcTests.xml"
  JARFILE="org.aspectj/modules/aj-build/jars/testing-drivers-test-all.jar"
  NAME="subaspect method declaration on superaspect inner interface (types)" />
  <test FILENAME="org.aspectj/modules/tests/ajcTests.xml"
  JARFILE="org.aspectj/modules/aj-build/jars/testing-drivers-test-all.jar"
  NAME="around AST type XXX" />
  <test FILENAME="org.aspectj/modules/tests/ajcTests.xml"
  JARFILE="org.aspectj/modules/aj-build/jars/testing-drivers-test-all.jar"
  NAME="around all execution with double assignment in initializer (simple)" />
  <test FILENAME="org.aspectj/modules/tests/ajcTests.xml"
  JARFILE="org.aspectj/modules/aj-build/jars/testing-drivers-test-all.jar"
  NAME="around all execution with double assignment in initializer (coverage)" />
  <test FILENAME="org.aspectj/modules/tests/ajcTests.xml"
  JARFILE="org.aspectj/modules/aj-build/jars/testing-drivers-test-all.jar"
  NAME="default package for aspect introductions is not the current package" />
  <test FILENAME="org.aspectj/modules/tests/ajcTests.xml"
  JARFILE="org.aspectj/modules/aj-build/jars/testing-drivers-test-all.jar"
  NAME="anon class written to wrong directory" />
  <test FILENAME="org.aspectj/modules/tests/ajcTests.xml"
  JARFILE="org.aspectj/modules/aj-build/jars/testing-drivers-test-all.jar"
  NAME="unqualified transitive pointcut references not resolved" />
  <test FILENAME="org.aspectj/modules/tests/ajcTests.xml"
  JARFILE="org.aspectj/modules/aj-build/jars/testing-drivers-test-all.jar"
  NAME="unqualified transitive pointcut references not resolved - 2" />
  <test FILENAME="org.aspectj/modules/tests/ajcTests.xml"
  JARFILE="org.aspectj/modules/aj-build/jars/testing-drivers-test-all.jar"
  NAME="direct use outside aspect of defined abstract pointcut" />
  <test FILENAME="org.aspectj/modules/tests/ajcTests.xml"
  JARFILE="org.aspectj/modules/aj-build/jars/testing-drivers-test-all.jar"
  NAME="direct use outside aspect of undefined abstract pointcut" />
  <test FILENAME="org.aspectj/modules/tests/ajcTests.xml"
  JARFILE="org.aspectj/modules/aj-build/jars/testing-drivers-test-all.jar"
  NAME="indirect use outside aspect of undefined abstract pointcut" />
  <test FILENAME="org.aspectj/modules/tests/ajcTests.xml"
  JARFILE="org.aspectj/modules/aj-build/jars/testing-drivers-test-all.jar"
  NAME="simple call join point tests for JoinPoint SourceLocation context" />
  <test FILENAME="org.aspectj/modules/tests/ajcTests.xml"
  JARFILE="org.aspectj/modules/aj-build/jars/testing-drivers-test-all.jar"
  NAME="!target with second advice on casted call" />
  <test FILENAME="org.aspectj/modules/tests/ajcTests.xml"
  JARFILE="org.aspectj/modules/aj-build/jars/testing-drivers-test-all.jar"
  NAME="name binding in around cflow" />
  <test FILENAME="org.aspectj/modules/tests/ajcTests.xml"
  JARFILE="org.aspectj/modules/aj-build/jars/testing-drivers-test-all.jar"
  NAME="name binding in around cflow - 2" />
  <test FILENAME="org.aspectj/modules/tests/ajcTests.xml"
  JARFILE="org.aspectj/modules/aj-build/jars/testing-drivers-test-all.jar"
  NAME="around name-binding in cflows using factorial">
    <error />
  </test>
  <test FILENAME="org.aspectj/modules/tests/ajcTests.xml"
  JARFILE="org.aspectj/modules/aj-build/jars/testing-drivers-test-all.jar"
  NAME="replacing this or target in around advice" />
  <test FILENAME="org.aspectj/modules/tests/ajcTests.xml"
  JARFILE="org.aspectj/modules/aj-build/jars/testing-drivers-test-all.jar"
  NAME="after returning from initialization and after executing constructor" />
  <test FILENAME="org.aspectj/modules/tests/ajcTests.xml"
  JARFILE="org.aspectj/modules/aj-build/jars/testing-drivers-test-all.jar"
  NAME="after returning from initialization causes exceptionininitializer in aspect" />
  <test FILENAME="org.aspectj/modules/tests/ajcTests.xml"
  JARFILE="org.aspectj/modules/aj-build/jars/testing-drivers-test-all.jar"
  NAME="name binding in before cflow containing cflowbelow" />
  <test FILENAME="org.aspectj/modules/tests/ajcTests.xml"
  JARFILE="org.aspectj/modules/aj-build/jars/testing-drivers-test-all.jar"
  NAME="file order in type searching" />
  <test FILENAME="org.aspectj/modules/tests/ajcTests.xml"
  JARFILE="org.aspectj/modules/aj-build/jars/testing-drivers-test-all.jar"
  NAME="simple declare warning (NPE)" />
  <test FILENAME="org.aspectj/modules/tests/ajcTests.xml"
  JARFILE="org.aspectj/modules/aj-build/jars/testing-drivers-test-all.jar"
  NAME="ajc dies on cflow into field init anon class see knownbugs.txt" />
  <test FILENAME="org.aspectj/modules/tests/ajcTests.xml"
  JARFILE="org.aspectj/modules/aj-build/jars/testing-drivers-test-all.jar"
  NAME="Incrementing interface-introduced field" />
  <test FILENAME="org.aspectj/modules/tests/ajcTests.xml"
  JARFILE="org.aspectj/modules/aj-build/jars/testing-drivers-test-all.jar"
  NAME="The dynamic type, not the static one, should be used in if pcds" />
  <test FILENAME="org.aspectj/modules/tests/ajcTests.xml"
  JARFILE="org.aspectj/modules/aj-build/jars/testing-drivers-test-all.jar"
  NAME="bad interaction with after returning, around and void methods (from rich price)">

    <error />
  </test>
  <test FILENAME="org.aspectj/modules/tests/ajcTests.xml"
  JARFILE="org.aspectj/modules/aj-build/jars/testing-drivers-test-all.jar"
  NAME="type pattern matching for inner classes (from Ken Horn)" />
  <test FILENAME="org.aspectj/modules/tests/ajcTests.xml"
  JARFILE="org.aspectj/modules/aj-build/jars/testing-drivers-test-all.jar"
  NAME="static initializer member name" />
  <test FILENAME="org.aspectj/modules/tests/ajcTests.xml"
  JARFILE="org.aspectj/modules/aj-build/jars/testing-drivers-test-all.jar"
  NAME="cflow pcd syntax error" />
  <test FILENAME="org.aspectj/modules/tests/ajcTests.xml"
  JARFILE="org.aspectj/modules/aj-build/jars/testing-drivers-test-all.jar"
  NAME="binding args with indeterminate prefix and suffix" />
  <test FILENAME="org.aspectj/modules/tests/ajcTests.xml"
  JARFILE="org.aspectj/modules/aj-build/jars/testing-drivers-test-all.jar"
  NAME="check arg types with indeterminate prefix and suffix" />
  <test FILENAME="org.aspectj/modules/tests/ajcTests.xml"
  JARFILE="org.aspectj/modules/aj-build/jars/testing-drivers-test-all.jar"
  NAME="testing and binding args with single indeterminate prefix and suffix" />
  <test FILENAME="org.aspectj/modules/tests/ajcTests.xml"
  JARFILE="org.aspectj/modules/aj-build/jars/testing-drivers-test-all.jar"
  NAME="binding handler args with indeterminate prefix and suffix" />
  <test FILENAME="org.aspectj/modules/tests/ajcTests.xml"
  JARFILE="org.aspectj/modules/aj-build/jars/testing-drivers-test-all.jar"
  NAME="Compiling java.lang.Object with ajc yields non-verifying bytecode" />
  <test FILENAME="org.aspectj/modules/tests/ajcTests.xml"
  JARFILE="org.aspectj/modules/aj-build/jars/testing-drivers-test-all.jar"
  NAME="method-local class defined in around return statement" />
  <test FILENAME="org.aspectj/modules/tests/ajcTests.xml"
  JARFILE="org.aspectj/modules/aj-build/jars/testing-drivers-test-all.jar"
  NAME="CE expected for assignment to arg in if pcd" />
  <test FILENAME="org.aspectj/modules/tests/ajcTests.xml"
  JARFILE="org.aspectj/modules/aj-build/jars/testing-drivers-test-all.jar"
  NAME="advising field get/sets when accessing via super" />
  <test FILENAME="org.aspectj/modules/tests/ajcTests.xml"
  JARFILE="org.aspectj/modules/aj-build/jars/testing-drivers-test-all.jar"
  NAME="accessing private members in outer types" />
  <test FILENAME="org.aspectj/modules/tests/ajcTests.xml"
  JARFILE="org.aspectj/modules/aj-build/jars/testing-drivers-test-all.jar"
  NAME="can't apply around advice to the execution of around advice" />
  <test FILENAME="org.aspectj/modules/tests/ajcTests.xml"
  JARFILE="org.aspectj/modules/aj-build/jars/testing-drivers-test-all.jar"
  NAME="incompatible advice throws clause are a compile-time error" />
  <test FILENAME="org.aspectj/modules/tests/ajcTests.xml"
  JARFILE="org.aspectj/modules/aj-build/jars/testing-drivers-test-all.jar"
  NAME="declare interface extends class" />
  <test FILENAME="org.aspectj/modules/tests/ajcTests.xml"
  JARFILE="org.aspectj/modules/aj-build/jars/testing-drivers-test-all.jar"
  NAME="declare interface implements class" />
  <test FILENAME="org.aspectj/modules/tests/ajcTests.xml"
  JARFILE="org.aspectj/modules/aj-build/jars/testing-drivers-test-all.jar"
  NAME="declaring a private method on an inner interface" />
  <test FILENAME="org.aspectj/modules/tests/ajcTests.xml"
  JARFILE="org.aspectj/modules/aj-build/jars/testing-drivers-test-all.jar"
  NAME="CE expected when declaring fields on arrays" />
  <test FILENAME="org.aspectj/modules/tests/ajcTests.xml"
  JARFILE="org.aspectj/modules/aj-build/jars/testing-drivers-test-all.jar"
  NAME="signature of handler join point">
    <error />
  </test>
  <test FILENAME="org.aspectj/modules/tests/ajcTests.xml"
  JARFILE="org.aspectj/modules/aj-build/jars/testing-drivers-test-all.jar"
  NAME="source locations within expressions" />
  <test FILENAME="org.aspectj/modules/tests/ajcTests.xml"
  JARFILE="org.aspectj/modules/aj-build/jars/testing-drivers-test-all.jar"
  NAME="crashes given method in declared method" />
  <test FILENAME="org.aspectj/modules/tests/ajcTests.xml"
  JARFILE="org.aspectj/modules/aj-build/jars/testing-drivers-test-all.jar"
  NAME="after returning advice on interface constructor" />
  <test FILENAME="org.aspectj/modules/tests/ajcTests.xml"
  JARFILE="org.aspectj/modules/aj-build/jars/testing-drivers-test-all.jar"
  NAME="after returning advice on interface constructor - error" />
  <test FILENAME="org.aspectj/modules/tests/ajcTests.xml"
  JARFILE="org.aspectj/modules/aj-build/jars/testing-drivers-test-all.jar"
  NAME="after advice on static call join point" />
  <test FILENAME="org.aspectj/modules/tests/ajcTests.xml"
  JARFILE="org.aspectj/modules/aj-build/jars/testing-drivers-test-all.jar"
  NAME="incompatible class change error" />
  <test FILENAME="org.aspectj/modules/tests/ajcTests.xml"
  JARFILE="org.aspectj/modules/aj-build/jars/testing-drivers-test-all.jar"
  NAME="simple cflow of method execution" />
  <test FILENAME="org.aspectj/modules/tests/ajcTests.xml"
  JARFILE="org.aspectj/modules/aj-build/jars/testing-drivers-test-all.jar"
  NAME="using instance as class reference to constant field" />
  <test FILENAME="org.aspectj/modules/tests/ajcTests.xml"
  JARFILE="org.aspectj/modules/aj-build/jars/testing-drivers-test-all.jar"
  NAME="expect CE for unterminated declare error" />
  <test FILENAME="org.aspectj/modules/tests/ajcTests.xml"
  JARFILE="org.aspectj/modules/aj-build/jars/testing-drivers-test-all.jar"
  NAME="expect ce for declaration collision between subaspects instead of domination order" />
  <test FILENAME="org.aspectj/modules/tests/ajcTests.xml"
  JARFILE="org.aspectj/modules/aj-build/jars/testing-drivers-test-all.jar"
  NAME="subtype pattern in dominates should pick out aspect subtypes" />
  <test FILENAME="org.aspectj/modules/tests/ajcTests.xml"
  JARFILE="org.aspectj/modules/aj-build/jars/testing-drivers-test-all.jar"
  NAME="subtype pattern in dominates will conflict with type pattern" />
  <test FILENAME="org.aspectj/modules/tests/ajcTests.xml"
  JARFILE="org.aspectj/modules/aj-build/jars/testing-drivers-test-all.jar"
  NAME="after returning advice on interface and implementation constructor" />
  <test FILENAME="org.aspectj/modules/tests/ajcTests.xml"
  JARFILE="org.aspectj/modules/aj-build/jars/testing-drivers-test-all.jar"
  NAME="after throwing advice with non-throwable formal" />
  <test FILENAME="org.aspectj/modules/tests/ajcTests.xml"
  JARFILE="org.aspectj/modules/aj-build/jars/testing-drivers-test-all.jar"
  NAME="declare array field using postfix" />
  <test FILENAME="org.aspectj/modules/tests/ajcTests.xml"
  JARFILE="org.aspectj/modules/aj-build/jars/testing-drivers-test-all.jar"
  NAME="prohibit declaring new aspect constructor with arguments" />
  <test FILENAME="org.aspectj/modules/tests/ajcTests.xml"
  JARFILE="org.aspectj/modules/aj-build/jars/testing-drivers-test-all.jar"
  NAME="prohibit declaring only aspect constructor with arguments" />
  <test FILENAME="org.aspectj/modules/tests/ajcTests.xml"
  JARFILE="org.aspectj/modules/aj-build/jars/testing-drivers-test-all.jar"
  NAME="declare class extends interface" />
  <test FILENAME="org.aspectj/modules/tests/ajcTests.xml"
  JARFILE="org.aspectj/modules/aj-build/jars/testing-drivers-test-all.jar"
  NAME="declare class implements class" />
  <test FILENAME="org.aspectj/modules/tests/ajcTests.xml"
  JARFILE="org.aspectj/modules/aj-build/jars/testing-drivers-test-all.jar"
  NAME="declare interface implements interface" />
  <test FILENAME="org.aspectj/modules/tests/ajcTests.xml"
  JARFILE="org.aspectj/modules/aj-build/jars/testing-drivers-test-all.jar"
  NAME="if and cflow arg binding" />
  <test FILENAME="org.aspectj/modules/tests/ajcTests.xml"
  JARFILE="org.aspectj/modules/aj-build/jars/testing-drivers-test-all.jar"
  NAME="circularity in declare dominates" />
  <test FILENAME="org.aspectj/modules/tests/ajcTests.xml"
  JARFILE="org.aspectj/modules/aj-build/jars/testing-drivers-test-all.jar"
  NAME="percflow code hangs compiler" />
  <test FILENAME="org.aspectj/modules/tests/ajcTests.xml"
  JARFILE="org.aspectj/modules/aj-build/jars/testing-drivers-test-all.jar"
  NAME="Verification error tracing constructor that takes arguments" />
  <test FILENAME="org.aspectj/modules/tests/ajcTests.xml"
  JARFILE="org.aspectj/modules/aj-build/jars/testing-drivers-test-all.jar"
  NAME="declared exceptions in inter-type decls">
    <error />
  </test>
  <test FILENAME="org.aspectj/modules/tests/ajcTests.xml"
  JARFILE="org.aspectj/modules/aj-build/jars/testing-drivers-test-all.jar"
  NAME="Verify error on non-Throwable in declare soft" />
  <test FILENAME="org.aspectj/modules/tests/ajcTests.xml"
  JARFILE="org.aspectj/modules/aj-build/jars/testing-drivers-test-all.jar"
  NAME="inter-type fields with array types" />
  <test FILENAME="org.aspectj/modules/tests/ajcTests.xml"
  JARFILE="org.aspectj/modules/aj-build/jars/testing-drivers-test-all.jar"
  NAME="checking around join point for advice return type - numeric" />
  <test FILENAME="org.aspectj/modules/tests/ajcTests.xml"
  JARFILE="org.aspectj/modules/aj-build/jars/testing-drivers-test-all.jar"
  NAME="void around advice without proceed" />
  <test FILENAME="org.aspectj/modules/tests/ajcTests.xml"
  JARFILE="org.aspectj/modules/aj-build/jars/testing-drivers-test-all.jar"
  NAME="introducing final fields (simple)" />
  <test FILENAME="org.aspectj/modules/tests/ajcTests.xml"
  JARFILE="org.aspectj/modules/aj-build/jars/testing-drivers-test-all.jar"
  NAME="introducing final fields and using as constants" />
  <test FILENAME="org.aspectj/modules/tests/ajcTests.xml"
  JARFILE="org.aspectj/modules/aj-build/jars/testing-drivers-test-all.jar"
  NAME="introducing final fields and checking errors" />
  <test FILENAME="org.aspectj/modules/tests/ajcTests.xml"
  JARFILE="org.aspectj/modules/aj-build/jars/testing-drivers-test-all.jar"
  NAME="Declare precedence should not allow multiple * patterns" />
  <test FILENAME="org.aspectj/modules/tests/ajcTests.xml"
  JARFILE="org.aspectj/modules/aj-build/jars/testing-drivers-test-all.jar"
  NAME="VerifyError on accessing objects not accessible to the weaver" />
  <test FILENAME="org.aspectj/modules/tests/ajcTests.xml"
  JARFILE="org.aspectj/modules/aj-build/jars/testing-drivers-test-all.jar"
  NAME="aspect static initializers should run before instance constructed" />
  <test FILENAME="org.aspectj/modules/tests/ajcTests.xml"
  JARFILE="org.aspectj/modules/aj-build/jars/testing-drivers-test-all.jar"
  NAME="super call in intertype method declaration body causes VerifyError" />
  <test FILENAME="org.aspectj/modules/tests/ajcTests.xml"
  JARFILE="org.aspectj/modules/aj-build/jars/testing-drivers-test-all.jar"
  NAME="Error with certain combination of advice" />
  <test FILENAME="org.aspectj/modules/tests/ajcTests.xml"
  JARFILE="org.aspectj/modules/aj-build/jars/testing-drivers-test-all.jar"
  NAME="Pointcut adviceexecution() does not work" />
  <test FILENAME="org.aspectj/modules/tests/ajcTests.xml"
  JARFILE="org.aspectj/modules/aj-build/jars/testing-drivers-test-all.jar"
  NAME="problems with finalize call" />
  <test FILENAME="org.aspectj/modules/tests/ajcTests.xml"
  JARFILE="org.aspectj/modules/aj-build/jars/testing-drivers-test-all.jar"
  NAME="Negation of if pointcut does not work" />
  <test FILENAME="org.aspectj/modules/tests/ajcTests.xml"
  JARFILE="org.aspectj/modules/aj-build/jars/testing-drivers-test-all.jar"
  NAME="ajc reports error when encountering static declaration of nested classes" />
  <test FILENAME="org.aspectj/modules/tests/ajcTests.xml"
  JARFILE="org.aspectj/modules/aj-build/jars/testing-drivers-test-all.jar"
  NAME="can't use pointcuts defined in inner aspects" />
  <test FILENAME="org.aspectj/modules/tests/ajcTests.xml"
  JARFILE="org.aspectj/modules/aj-build/jars/testing-drivers-test-all.jar"
  NAME="can't resolve nested public interfaces (also PR#32399)" />
  <test FILENAME="org.aspectj/modules/tests/ajcTests.xml"
  JARFILE="org.aspectj/modules/aj-build/jars/testing-drivers-test-all.jar"
  NAME="thisJoinPoint.getArgs() causes IncompatibleClassChangeError" />
  <test FILENAME="org.aspectj/modules/tests/ajcTests.xml"
  JARFILE="org.aspectj/modules/aj-build/jars/testing-drivers-test-all.jar"
  NAME="inter-type declaration of void field" />
  <test FILENAME="org.aspectj/modules/tests/ajcTests.xml"
  JARFILE="org.aspectj/modules/aj-build/jars/testing-drivers-test-all.jar"
  NAME="no such constructor for proceed argument (error)" />
  <test FILENAME="org.aspectj/modules/tests/ajcTests.xml"
  JARFILE="org.aspectj/modules/aj-build/jars/testing-drivers-test-all.jar"
  NAME="omnibus declare warning context with no initializer/constructor" />
  <test FILENAME="org.aspectj/modules/tests/ajcTests.xml"
  JARFILE="org.aspectj/modules/aj-build/jars/testing-drivers-test-all.jar"
  NAME="omnibus declare warning context" />
  <test FILENAME="org.aspectj/modules/tests/ajcTests.xml"
  JARFILE="org.aspectj/modules/aj-build/jars/testing-drivers-test-all.jar"
  NAME="cflow binding issues with ignoring state" />
  <test FILENAME="org.aspectj/modules/tests/ajcTests.xml"
  JARFILE="org.aspectj/modules/aj-build/jars/testing-drivers-test-all.jar"
  NAME="cflow binding -- original weaver crash" />
  <test FILENAME="org.aspectj/modules/tests/ajcTests.xml"
  JARFILE="org.aspectj/modules/aj-build/jars/testing-drivers-test-all.jar"
  NAME="type not imported in around advice" />
  <test FILENAME="org.aspectj/modules/tests/ajcTests.xml"
  JARFILE="org.aspectj/modules/aj-build/jars/testing-drivers-test-all.jar"
  NAME="type not imported in aspect" />
  <test FILENAME="org.aspectj/modules/tests/ajcTests.xml"
  JARFILE="org.aspectj/modules/aj-build/jars/testing-drivers-test-all.jar"
  NAME="class extending abstract aspect" />
  <test FILENAME="org.aspectj/modules/tests/ajcTests.xml"
  JARFILE="org.aspectj/modules/aj-build/jars/testing-drivers-test-all.jar"
  NAME="declare soft and throw statements" />
  <test FILENAME="org.aspectj/modules/tests/ajcTests.xml"
  JARFILE="org.aspectj/modules/aj-build/jars/testing-drivers-test-all.jar"
  NAME="inter-type declaration bug with abstract classes" />
  <test FILENAME="org.aspectj/modules/tests/ajcTests.xml"
  JARFILE="org.aspectj/modules/aj-build/jars/testing-drivers-test-all.jar"
  NAME="Inter type declaration to base class not seen by derived class" />
  <test FILENAME="org.aspectj/modules/tests/ajcTests.xml"
  JARFILE="org.aspectj/modules/aj-build/jars/testing-drivers-test-all.jar"
  NAME="Declare parents with intermediate ancestor" />
  <test FILENAME="org.aspectj/modules/tests/ajcTests.xml"
  JARFILE="org.aspectj/modules/aj-build/jars/testing-drivers-test-all.jar"
  NAME="Declare parents removing ancestor" />
  <test FILENAME="org.aspectj/modules/tests/ajcTests.xml"
  JARFILE="org.aspectj/modules/aj-build/jars/testing-drivers-test-all.jar"
  NAME="IllegalAccessError while accessing introduced variable / 1.1rc1" />
  <test FILENAME="org.aspectj/modules/tests/ajcTests.xml"
  JARFILE="org.aspectj/modules/aj-build/jars/testing-drivers-test-all.jar"
  NAME="implemented abstract pointcut" />
  <test FILENAME="org.aspectj/modules/tests/ajcTests.xml"
  JARFILE="org.aspectj/modules/aj-build/jars/testing-drivers-test-all.jar"
  NAME="privileged aspect main verify error" />
  <test FILENAME="org.aspectj/modules/tests/ajcTests.xml"
  JARFILE="org.aspectj/modules/aj-build/jars/testing-drivers-test-all.jar"
  NAME="Internal compiler error with thisJoinPoint.getStaticPart()">

    <error />
  </test>
  <test FILENAME="org.aspectj/modules/tests/ajcTests.xml"
  JARFILE="org.aspectj/modules/aj-build/jars/testing-drivers-test-all.jar"
  NAME="Inconsistant stack height with around" />
  <test FILENAME="org.aspectj/modules/tests/ajcTests.xml"
  JARFILE="org.aspectj/modules/aj-build/jars/testing-drivers-test-all.jar"
  NAME="Ajc 1.1 rc1 java.lang.VerifyError with messy arounds" />
  <test FILENAME="org.aspectj/modules/tests/ajcTests.xml"
  JARFILE="org.aspectj/modules/aj-build/jars/testing-drivers-test-all.jar"
  NAME="try/finally in around advice (same as ...messy arounds?)" />
  <test FILENAME="org.aspectj/modules/tests/ajcTests.xml"
  JARFILE="org.aspectj/modules/aj-build/jars/testing-drivers-test-all.jar"
  NAME="advise join points in subclass of empty interface" />
  <test FILENAME="org.aspectj/modules/tests/ajcTests.xml"
  JARFILE="org.aspectj/modules/aj-build/jars/testing-drivers-test-all.jar"
  NAME="can't put around advice on interface static initializer" />
  <test FILENAME="org.aspectj/modules/tests/ajcTests.xml"
  JARFILE="org.aspectj/modules/aj-build/jars/testing-drivers-test-all.jar"
  NAME="cflow concretization causing assertion failure" />
  <test FILENAME="org.aspectj/modules/tests/ajcTests.xml"
  JARFILE="org.aspectj/modules/aj-build/jars/testing-drivers-test-all.jar"
  NAME="lame error message: negation doesn't allow binding" />
  <test FILENAME="org.aspectj/modules/tests/ajcTests.xml"
  JARFILE="org.aspectj/modules/aj-build/jars/testing-drivers-test-all.jar"
  NAME="Error when introducing members of type Class" />
  <test FILENAME="org.aspectj/modules/tests/ajcTests.xml"
  JARFILE="org.aspectj/modules/aj-build/jars/testing-drivers-test-all.jar"
  NAME="arrays via Class.forName()" />
  <test FILENAME="org.aspectj/modules/tests/ajcTests.xml"
  JARFILE="org.aspectj/modules/aj-build/jars/testing-drivers-test-all.jar"
  NAME="perthis and inline arounds">
    <error />
  </test>
  <test FILENAME="org.aspectj/modules/tests/ajcTests.xml"
  JARFILE="org.aspectj/modules/aj-build/jars/testing-drivers-test-all.jar"
  NAME="Weaver fails with NPE for very large source files">
    <error />
  </test>
  <test FILENAME="org.aspectj/modules/tests/ajcTests.xml"
  JARFILE="org.aspectj/modules/aj-build/jars/testing-drivers-test-all.jar"
  NAME="CLE: no sources" />
  <test FILENAME="org.aspectj/modules/tests/ajcTests.xml"
  JARFILE="org.aspectj/modules/aj-build/jars/testing-drivers-test-all.jar"
  NAME="CLE: bad filename" />
  <test FILENAME="org.aspectj/modules/tests/ajcTests.xml"
  JARFILE="org.aspectj/modules/aj-build/jars/testing-drivers-test-all.jar"
  NAME="CLE: no sourceroot specified for incremental" />
  <test FILENAME="org.aspectj/modules/tests/ajcTests.xml"
  JARFILE="org.aspectj/modules/aj-build/jars/testing-drivers-test-all.jar"
  NAME="CLE: file specified with incremental" />
  <test FILENAME="org.aspectj/modules/tests/ajcTests.xml"
  JARFILE="org.aspectj/modules/aj-build/jars/testing-drivers-test-all.jar"
  NAME="public static fields being ignored" />
  <test FILENAME="org.aspectj/modules/tests/ajcTests.xml"
  JARFILE="org.aspectj/modules/aj-build/jars/testing-drivers-test-all.jar"
  NAME="can not resolve this member warning" />
  <test FILENAME="org.aspectj/modules/tests/ajcTests.xml"
  JARFILE="org.aspectj/modules/aj-build/jars/testing-drivers-test-all.jar"
  NAME="try switch VerifyError, InconsistentStackHeight">
    <error />
  </test>
  <test FILENAME="org.aspectj/modules/tests/ajcTests.xml"
  JARFILE="org.aspectj/modules/aj-build/jars/testing-drivers-test-all.jar"
  NAME="Compiler crash in ajc 1.1 - terrible error for inaccessible constructor" />
  <test FILENAME="org.aspectj/modules/tests/ajcTests.xml"
  JARFILE="org.aspectj/modules/aj-build/jars/testing-drivers-test-all.jar"
  NAME="Missing import crashes compiler" />
  <test FILENAME="org.aspectj/modules/tests/ajcTests.xml"
  JARFILE="org.aspectj/modules/aj-build/jars/testing-drivers-test-all.jar"
  NAME="npe in bcel.lazymethodgen when delegating from one ctor to a second that includes a switch" />
  <test FILENAME="org.aspectj/modules/tests/ajcTests.xml"
  JARFILE="org.aspectj/modules/aj-build/jars/testing-drivers-test-all.jar"
  NAME="switch statement in aspects crashes weaving" />
  <test FILENAME="org.aspectj/modules/tests/ajcTests.xml"
  JARFILE="org.aspectj/modules/aj-build/jars/testing-drivers-test-all.jar"
  NAME="ajc stack trace on declaring hashcode() method in aspect" />
  <test FILENAME="org.aspectj/modules/tests/ajcTests.xml"
  JARFILE="org.aspectj/modules/aj-build/jars/testing-drivers-test-all.jar"
  NAME="using super in method introduced on interface with multiple supertypes" />
  <test FILENAME="org.aspectj/modules/tests/ajcTests.xml"
  JARFILE="org.aspectj/modules/aj-build/jars/testing-drivers-test-all.jar"
  NAME="Compiler crashes in jar and cflow (with no .jar)" />
  <test FILENAME="org.aspectj/modules/tests/ajcTests.xml"
  JARFILE="org.aspectj/modules/aj-build/jars/testing-drivers-test-all.jar"
  NAME="Compiler crashes in jar and cflow (with .jar)" />
  <test FILENAME="org.aspectj/modules/tests/ajcTests.xml"
  JARFILE="org.aspectj/modules/aj-build/jars/testing-drivers-test-all.jar"
  NAME="Default method impl for interface causes internal exception." />
  <test FILENAME="org.aspectj/modules/tests/ajcTests.xml"
  JARFILE="org.aspectj/modules/aj-build/jars/testing-drivers-test-all.jar"
  NAME="compile error expected for abstract pointcut outside abstract aspect" />
  <test FILENAME="org.aspectj/modules/tests/ajcTests.xml"
  JARFILE="org.aspectj/modules/aj-build/jars/testing-drivers-test-all.jar"
  NAME="subtype-qualified pointcut reference" />
  <test FILENAME="org.aspectj/modules/tests/ajcTests.xml"
  JARFILE="org.aspectj/modules/aj-build/jars/testing-drivers-test-all.jar"
  NAME="weaver trace on mis-qualified pointcut reference" />
  <test FILENAME="org.aspectj/modules/tests/ajcTests.xml"
  JARFILE="org.aspectj/modules/aj-build/jars/testing-drivers-test-all.jar"
  NAME="compile error expected for interface pointcuts" />
  <test FILENAME="org.aspectj/modules/tests/ajcTests.xml"
  JARFILE="org.aspectj/modules/aj-build/jars/testing-drivers-test-all.jar"
  NAME="interface call signatures when declaring method in aspect" />
  <test FILENAME="org.aspectj/modules/tests/ajcTests.xml"
  JARFILE="org.aspectj/modules/aj-build/jars/testing-drivers-test-all.jar"
  NAME="reflective check of declared exceptions from aspect-declared methods" />
  <test FILENAME="org.aspectj/modules/tests/ajcTests.xml"
  JARFILE="org.aspectj/modules/aj-build/jars/testing-drivers-test-all.jar"
  NAME="throw derivative pointcuts not advised" />
  <test FILENAME="org.aspectj/modules/tests/ajcTests.xml"
  JARFILE="org.aspectj/modules/aj-build/jars/testing-drivers-test-all.jar"
  NAME="perthis and signature bad interaction" />
  <test FILENAME="org.aspectj/modules/tests/ajcTests.xml"
  JARFILE="org.aspectj/modules/aj-build/jars/testing-drivers-test-all.jar"
  NAME="Interaction between pointcut binding and declare parents" />
  <test FILENAME="org.aspectj/modules/tests/ajcTests.xml"
  JARFILE="org.aspectj/modules/aj-build/jars/testing-drivers-test-all.jar"
  NAME="Non-functional concretezation of ReferencePointcut" />
  <test FILENAME="org.aspectj/modules/tests/ajcTests.xml"
  JARFILE="org.aspectj/modules/aj-build/jars/testing-drivers-test-all.jar"
  NAME="zip and jar suffixes for extdirs entries" />
  <test FILENAME="org.aspectj/modules/tests/ajcTests.xml"
  JARFILE="org.aspectj/modules/aj-build/jars/testing-drivers-test-all.jar"
  NAME="NPE in concretization error path" />
  <test FILENAME="org.aspectj/modules/tests/ajcTests.xml"
  JARFILE="org.aspectj/modules/aj-build/jars/testing-drivers-test-all.jar"
  NAME="priviledged aspects calling methods from advice" />
  <test FILENAME="org.aspectj/modules/tests/ajcTests.xml"
  JARFILE="org.aspectj/modules/aj-build/jars/testing-drivers-test-all.jar"
  NAME="No error on overloaded pointcuts in class" />
  <test FILENAME="org.aspectj/modules/tests/ajcTests.xml"
  JARFILE="org.aspectj/modules/aj-build/jars/testing-drivers-test-all.jar"
  NAME="No error on overloaded pointcuts unless binding variables" />
  <test FILENAME="org.aspectj/modules/tests/ajcTests.xml"
  JARFILE="org.aspectj/modules/aj-build/jars/testing-drivers-test-all.jar"
  NAME="Declare soft softening other exception types" />
  <test FILENAME="org.aspectj/modules/tests/ajcTests.xml"
  JARFILE="org.aspectj/modules/aj-build/jars/testing-drivers-test-all.jar"
  NAME="static method introduction on interfaces, should not be allowed" />
  <test FILENAME="org.aspectj/modules/tests/ajcTests.xml"
  JARFILE="org.aspectj/modules/aj-build/jars/testing-drivers-test-all.jar"
  NAME="External pointcut refs not resolved if named pointcut used by declare" />
  <test FILENAME="org.aspectj/modules/tests/ajcTests.xml"
  JARFILE="org.aspectj/modules/aj-build/jars/testing-drivers-test-all.jar"
  NAME="Appropriate message for 'after() thowing(Throwable th)' syntax error" />
  <test FILENAME="org.aspectj/modules/tests/ajcTests.xml"
  JARFILE="org.aspectj/modules/aj-build/jars/testing-drivers-test-all.jar"
  NAME="Ensure we don't look for source on the classpath when binary not found" />
  <test FILENAME="org.aspectj/modules/tests/ajcTests.xml"
  JARFILE="org.aspectj/modules/aj-build/jars/testing-drivers-test-all.jar"
  NAME="inner aspect containing declare soft" />
  <test FILENAME="org.aspectj/modules/tests/ajcTests.xml"
  JARFILE="org.aspectj/modules/aj-build/jars/testing-drivers-test-all.jar"
  NAME="Bad parser error recovery in advice" />
  <test FILENAME="org.aspectj/modules/tests/ajcTests.xml"
  JARFILE="org.aspectj/modules/aj-build/jars/testing-drivers-test-all.jar"
  NAME="Bad parser error recovery in java source" />
  <test FILENAME="org.aspectj/modules/tests/ajcTests.xml"
  JARFILE="org.aspectj/modules/aj-build/jars/testing-drivers-test-all.jar"
  NAME="compiler issues error on inner aspects when privilieged" />
  <test FILENAME="org.aspectj/modules/tests/ajcTests.xml"
  JARFILE="org.aspectj/modules/aj-build/jars/testing-drivers-test-all.jar"
  NAME="after throwing advice on ctors doesn't execute for inter-type decl field inits" />
  <test FILENAME="org.aspectj/modules/tests/ajcTests.xml"
  JARFILE="org.aspectj/modules/aj-build/jars/testing-drivers-test-all.jar"
  NAME="introduced abstract method on abstract class with introduced concrete method (single source file)" />
  <test FILENAME="org.aspectj/modules/tests/ajcTests.xml"
  JARFILE="org.aspectj/modules/aj-build/jars/testing-drivers-test-all.jar"
  NAME="introduced abstract method on abstract class with existing concrete method (single source file)" />
  <test FILENAME="org.aspectj/modules/tests/ajcTests.xml"
  JARFILE="org.aspectj/modules/aj-build/jars/testing-drivers-test-all.jar"
  NAME="aspect declares interface method (no modifiers)" />
  <test FILENAME="org.aspectj/modules/tests/ajcTests.xml"
  JARFILE="org.aspectj/modules/aj-build/jars/testing-drivers-test-all.jar"
  NAME="aspect declares interface method (abstract)" />
  <test FILENAME="org.aspectj/modules/tests/ajcTests.xml"
  JARFILE="org.aspectj/modules/aj-build/jars/testing-drivers-test-all.jar"
  NAME="aspect declares interface method (public abstract)" />
  <test FILENAME="org.aspectj/modules/tests/ajcTests.xml"
  JARFILE="org.aspectj/modules/aj-build/jars/testing-drivers-test-all.jar"
  NAME="Use class implementing interface via aspect (not woven together)" />
  <test FILENAME="org.aspectj/modules/tests/ajcTests.xml"
  JARFILE="org.aspectj/modules/aj-build/jars/testing-drivers-test-all.jar"
  NAME="Use class implementing interface via aspect (weave all together)" />
  <test FILENAME="org.aspectj/modules/tests/ajcTests.xml"
  JARFILE="org.aspectj/modules/aj-build/jars/testing-drivers-test-all.jar"
  NAME="Use class implementing interface via aspect (only one implementer)" />
  <test FILENAME="org.aspectj/modules/tests/ajcTests.xml"
  JARFILE="org.aspectj/modules/aj-build/jars/testing-drivers-test-all.jar"
  NAME="Erroneous exception conversion">
    <error />
  </test>
  <test FILENAME="org.aspectj/modules/tests/ajcTests.xml"
  JARFILE="org.aspectj/modules/aj-build/jars/testing-drivers-test-all.jar"
  NAME="anomalous handling of inter-type declarations to abstract base classes in aspectj 1.1" />
  <test FILENAME="org.aspectj/modules/tests/ajcTests.xml"
  JARFILE="org.aspectj/modules/aj-build/jars/testing-drivers-test-all.jar"
  NAME="NPE When compiling intertype declaration" />
  <test FILENAME="org.aspectj/modules/tests/ajcTests.xml"
  JARFILE="org.aspectj/modules/aj-build/jars/testing-drivers-test-all.jar"
  NAME="declare warning on subtype constructor" />
  <test FILENAME="org.aspectj/modules/tests/ajcTests.xml"
  JARFILE="org.aspectj/modules/aj-build/jars/testing-drivers-test-all.jar"
  NAME="CatchClauseSignature has broken operation" />
  <test FILENAME="org.aspectj/modules/tests/ajcTests.xml"
  JARFILE="org.aspectj/modules/aj-build/jars/testing-drivers-test-all.jar"
  NAME="binary compatibility of advice method names - expect error" />
  <test FILENAME="org.aspectj/modules/tests/ajcTests.xml"
  JARFILE="org.aspectj/modules/aj-build/jars/testing-drivers-test-all.jar"
  NAME="mail list VerifyError with protected access" />
  <test FILENAME="org.aspectj/modules/tests/ajcTests.xml"
  JARFILE="org.aspectj/modules/aj-build/jars/testing-drivers-test-all.jar"
  NAME="Polymorphic ITD fails in CVS HEAD (From ajdt 1.1.6)" />
  <test FILENAME="org.aspectj/modules/tests/ajcTests.xml"
  JARFILE="org.aspectj/modules/aj-build/jars/testing-drivers-test-all.jar"
  NAME="introduced abstract method on interface not implemented by subtype (weave altogether)" />
  <test FILENAME="org.aspectj/modules/tests/ajcTests.xml"
  JARFILE="org.aspectj/modules/aj-build/jars/testing-drivers-test-all.jar"
  NAME="declare String field on interface" />
  <test FILENAME="org.aspectj/modules/tests/ajcTests.xml"
  JARFILE="org.aspectj/modules/aj-build/jars/testing-drivers-test-all.jar"
  NAME="declare int field on interface" />
  <test FILENAME="org.aspectj/modules/tests/ajcTests.xml"
  JARFILE="org.aspectj/modules/aj-build/jars/testing-drivers-test-all.jar"
  NAME="declare Object field on interface" />
  <test FILENAME="org.aspectj/modules/tests/ajcTests.xml"
  JARFILE="org.aspectj/modules/aj-build/jars/testing-drivers-test-all.jar"
  NAME="fail in compiling aspect with overriding method introduction with different throws clause" />
  <test FILENAME="org.aspectj/modules/tests/ajcTests.xml"
  JARFILE="org.aspectj/modules/aj-build/jars/testing-drivers-test-all.jar"
  NAME="super call in anonymous class created in around advice" />
  <test FILENAME="org.aspectj/modules/tests/ajcTests.xml"
  JARFILE="org.aspectj/modules/aj-build/jars/testing-drivers-test-all.jar"
  NAME="retitle warning to circular {advice} dependency at ..." />
  <test FILENAME="org.aspectj/modules/tests/ajcTests.xml"
  JARFILE="org.aspectj/modules/aj-build/jars/testing-drivers-test-all.jar"
  NAME="Introduce Unknown Type to class causes Null pointer exception" />
  <test FILENAME="org.aspectj/modules/tests/ajcTests.xml"
  JARFILE="org.aspectj/modules/aj-build/jars/testing-drivers-test-all.jar"
  NAME="Private members introduced via an interface are visible to the class" />
  <test FILENAME="org.aspectj/modules/tests/ajcTests.xml"
  JARFILE="org.aspectj/modules/aj-build/jars/testing-drivers-test-all.jar"
  NAME="NPE when binary weaving a ctor ITD" />
  <test FILENAME="org.aspectj/modules/tests/ajcTests.xml"
  JARFILE="org.aspectj/modules/aj-build/jars/testing-drivers-test-all.jar"
  NAME="npe in compiler when using (an unusual) declare warning against a ctor itd" />
  <test FILENAME="org.aspectj/modules/tests/ajcTests.xml"
  JARFILE="org.aspectj/modules/aj-build/jars/testing-drivers-test-all.jar"
  NAME="InterTypeMethodDeclaration.java:104" />
  <test FILENAME="org.aspectj/modules/tests/ajcTests.xml"
  JARFILE="org.aspectj/modules/aj-build/jars/testing-drivers-test-all.jar"
  NAME="nested uses of this() inside constructors not handled properly for initialization and preinitialization pointcuts" />
  <test FILENAME="org.aspectj/modules/tests/ajcTests.xml"
  JARFILE="org.aspectj/modules/aj-build/jars/testing-drivers-test-all.jar"
  NAME="wrong variable binding in || pointcuts" />
  <test FILENAME="org.aspectj/modules/tests/ajcTests.xml"
  JARFILE="org.aspectj/modules/aj-build/jars/testing-drivers-test-all.jar"
  NAME="error message for constructor-execution pcd" />
  <test FILENAME="org.aspectj/modules/tests/ajcTests.xml"
  JARFILE="org.aspectj/modules/aj-build/jars/testing-drivers-test-all.jar"
  NAME="weaving using an empty jar in -injars">
    <error />
  </test>
  <test FILENAME="org.aspectj/modules/tests/ajcTests.xml"
  JARFILE="org.aspectj/modules/aj-build/jars/testing-drivers-test-all.jar"
  NAME="weaving using an empty jar in -aspectpath" />
  <test FILENAME="org.aspectj/modules/tests/ajcTests.xml"
  JARFILE="org.aspectj/modules/aj-build/jars/testing-drivers-test-all.jar"
  NAME="false ambiguous binding error (introduced in 1.2rc2)" />
  <test FILENAME="org.aspectj/modules/tests/ajcTests.xml"
  JARFILE="org.aspectj/modules/aj-build/jars/testing-drivers-test-all.jar"
  NAME="compiler aborts with 'conflicting dominates orders' with circular declare precedences" />
  <test FILENAME="org.aspectj/modules/tests/ajcTests.xml"
  JARFILE="org.aspectj/modules/aj-build/jars/testing-drivers-test-all.jar"
  NAME="'can't bind type' message has $ for . in type name for declare soft" />
  <test FILENAME="org.aspectj/modules/tests/ajcTests.xml"
  JARFILE="org.aspectj/modules/aj-build/jars/testing-drivers-test-all.jar"
  NAME="Hiding of Instance Methods by static methods" />
  <test FILENAME="org.aspectj/modules/tests/ajcTests.xml"
  JARFILE="org.aspectj/modules/aj-build/jars/testing-drivers-test-all.jar"
  NAME="if(false) optimisation" />
  <test FILENAME="org.aspectj/modules/tests/ajcTests.xml"
  JARFILE="org.aspectj/modules/aj-build/jars/testing-drivers-test-all.jar"
  NAME="if(true) optimisation" />
  <test FILENAME="org.aspectj/modules/tests/ajcTests.xml"
  JARFILE="org.aspectj/modules/aj-build/jars/testing-drivers-test-all.jar"
  NAME="java.lang.NullPointerException in WeaverMessageHandler class" />
  <test FILENAME="org.aspectj/modules/tests/ajcTests.xml"
  JARFILE="org.aspectj/modules/aj-build/jars/testing-drivers-test-all.jar"
  NAME="ClassCastException at BcelRenderer.java:169" />
  <test FILENAME="org.aspectj/modules/tests/ajcTests.xml"
  JARFILE="org.aspectj/modules/aj-build/jars/testing-drivers-test-all.jar"
  NAME="front-end bug, shouldn't allow patterns of the form foo.., should be foo..*" />
  <test FILENAME="org.aspectj/modules/tests/ajcTests.xml"
  JARFILE="org.aspectj/modules/aj-build/jars/testing-drivers-test-all.jar"
  NAME="Nullpointer-Exception when defining a withincode() pointcut" />
  <test FILENAME="org.aspectj/modules/tests/ajcTests.xml"
  JARFILE="org.aspectj/modules/aj-build/jars/testing-drivers-test-all.jar"
  NAME="NPE, Incorrect XLint:unmatchedSuperTypeInCall warning" />
  <test FILENAME="org.aspectj/modules/tests/ajcTests.xml"
  JARFILE="org.aspectj/modules/aj-build/jars/testing-drivers-test-all.jar"
  NAME="invalid warning indicating no match when a match really occurs" />
  <test FILENAME="org.aspectj/modules/tests/ajcTests.xml"
  JARFILE="org.aspectj/modules/aj-build/jars/testing-drivers-test-all.jar"
  NAME="runtimeexception thrown: could not find instruction: org.apache.bcel.generic.b2i">

    <error />
  </test>
  <test FILENAME="org.aspectj/modules/tests/ajcTests.xml"
  JARFILE="org.aspectj/modules/aj-build/jars/testing-drivers-test-all.jar"
  NAME="Cannot advise private method call in around advice" />
  <test FILENAME="org.aspectj/modules/tests/ajcTests.xml"
  JARFILE="org.aspectj/modules/aj-build/jars/testing-drivers-test-all.jar"
  NAME="Cannot advise private field sets in around advice" />
  <test FILENAME="org.aspectj/modules/tests/ajcTests.xml"
  JARFILE="org.aspectj/modules/aj-build/jars/testing-drivers-test-all.jar"
  NAME="Cannot advise private field gets in around advice" />
  <test FILENAME="org.aspectj/modules/tests/ajcTests.xml"
  JARFILE="org.aspectj/modules/aj-build/jars/testing-drivers-test-all.jar"
  NAME="proceed used as method name in around advice (1)" />
  <test FILENAME="org.aspectj/modules/tests/ajcTests.xml"
  JARFILE="org.aspectj/modules/aj-build/jars/testing-drivers-test-all.jar"
  NAME="proceed used as method name in around advice (2)" />
  <test FILENAME="org.aspectj/modules/tests/ajcTests.xml"
  JARFILE="org.aspectj/modules/aj-build/jars/testing-drivers-test-all.jar"
  NAME="proceed used as method name in around advice (3)" />
  <test FILENAME="org.aspectj/modules/tests/ajcTests.xml"
  JARFILE="org.aspectj/modules/aj-build/jars/testing-drivers-test-all.jar"
  NAME="ITDs on inner classes should be static context" />
  <test FILENAME="org.aspectj/modules/tests/ajcTests.xml"
  JARFILE="org.aspectj/modules/aj-build/jars/testing-drivers-test-all.jar"
  NAME="ajc crashes when compiling the following program (binding this() and target())" />
  <test FILENAME="org.aspectj/modules/tests/ajcTests.xml"
  JARFILE="org.aspectj/modules/aj-build/jars/testing-drivers-test-all.jar"
  NAME="resolution of IT field inits" />
  <test FILENAME="org.aspectj/modules/tests/ajcTests.xml"
  JARFILE="org.aspectj/modules/aj-build/jars/testing-drivers-test-all.jar"
  NAME="valid but inaccessible type names should not be flagged by xlint:invalidabsolutetypename" />
  <test FILENAME="org.aspectj/modules/tests/ajcTests.xml"
  JARFILE="org.aspectj/modules/aj-build/jars/testing-drivers-test-all.jar"
  NAME="intertype initialisers should match field set pointcuts">
    <error />
  </test>
  <test FILENAME="org.aspectj/modules/tests/ajcTests.xml"
  JARFILE="org.aspectj/modules/aj-build/jars/testing-drivers-test-all.jar"
  NAME="intertype initialisers should match field set pointcuts (oxford testcase)">

    <error />
  </test>
  <test FILENAME="org.aspectj/modules/tests/ajcTests.xml"
  JARFILE="org.aspectj/modules/aj-build/jars/testing-drivers-test-all.jar"
  NAME="scope for inter-type methods" />
  <test FILENAME="org.aspectj/modules/tests/ajcTests.xml"
  JARFILE="org.aspectj/modules/aj-build/jars/testing-drivers-test-all.jar"
  NAME="NPE on privileged aspect error">
    <error />
  </test>
  <test FILENAME="org.aspectj/modules/tests/ajcTests.xml"
  JARFILE="org.aspectj/modules/aj-build/jars/testing-drivers-test-all.jar"
  NAME="NPE on privileged aspect error (2)">
    <error />
  </test>
  <test FILENAME="org.aspectj/modules/tests/ajcTests.xml"
  JARFILE="org.aspectj/modules/aj-build/jars/testing-drivers-test-all.jar"
  NAME="Privileged Aspect Access Problem Across Packages" />
  <test FILENAME="org.aspectj/modules/tests/ajcTests.xml"
  JARFILE="org.aspectj/modules/aj-build/jars/testing-drivers-test-all.jar"
  NAME="Privileged Aspect Access Problem Across Packages (2)" />
  <test FILENAME="org.aspectj/modules/tests/ajcTests.xml"
  JARFILE="org.aspectj/modules/aj-build/jars/testing-drivers-test-all.jar"
  NAME="proper handling of exceptioninintializer inside clinit in presence of after throwing advice">

    <error />
  </test>
  <test FILENAME="org.aspectj/modules/tests/ajcTests.xml"
  JARFILE="org.aspectj/modules/aj-build/jars/testing-drivers-test-all.jar"
  NAME="ITD name clashes with private members" />
  <test FILENAME="org.aspectj/modules/tests/ajcTests.xml"
  JARFILE="org.aspectj/modules/aj-build/jars/testing-drivers-test-all.jar"
  NAME="Inconsistency in scoping of protected members in ITDs" />
  <test FILENAME="org.aspectj/modules/tests/ajcTests.xml"
  JARFILE="org.aspectj/modules/aj-build/jars/testing-drivers-test-all.jar"
  NAME="wrong line for method execution join point" />
  <test FILENAME="org.aspectj/modules/tests/ajcTests.xml"
  JARFILE="org.aspectj/modules/aj-build/jars/testing-drivers-test-all.jar"
  NAME="declare warning warns at wrong points" />
  <test FILENAME="org.aspectj/modules/tests/ajcTests.xml"
  JARFILE="org.aspectj/modules/aj-build/jars/testing-drivers-test-all.jar"
  NAME="passing null to array arguments confuzes static join point signature. (1)" />
  <test FILENAME="org.aspectj/modules/tests/ajcTests.xml"
  JARFILE="org.aspectj/modules/aj-build/jars/testing-drivers-test-all.jar"
  NAME="passing null to array arguments confuzes static join point signature. (2)" />
  <test FILENAME="org.aspectj/modules/tests/ajcTests.xml"
  JARFILE="org.aspectj/modules/aj-build/jars/testing-drivers-test-all.jar"
  NAME="around advice throws java.lang.VerifyError at runtime">
    <error />
  </test>
  <test FILENAME="org.aspectj/modules/tests/ajcTests.xml"
  JARFILE="org.aspectj/modules/aj-build/jars/testing-drivers-test-all.jar"
  NAME="declare soft can cause programs with invalid exception behaviour to be generated" />
  <test FILENAME="org.aspectj/modules/tests/ajcTests.xml"
  JARFILE="org.aspectj/modules/aj-build/jars/testing-drivers-test-all.jar"
  NAME="NPE on thisJoinPoint mistake" />
  <test FILENAME="org.aspectj/modules/tests/ajcTests.xml"
  JARFILE="org.aspectj/modules/aj-build/jars/testing-drivers-test-all.jar"
  NAME="Optimization of cflow - counters (1)" />
  <test FILENAME="org.aspectj/modules/tests/ajcTests.xml"
  JARFILE="org.aspectj/modules/aj-build/jars/testing-drivers-test-all.jar"
  NAME="Optimization of cflow - shared counters (2)" />
  <test FILENAME="org.aspectj/modules/tests/ajcTests.xml"
  JARFILE="org.aspectj/modules/aj-build/jars/testing-drivers-test-all.jar"
  NAME="Optimization of cflow - shared stacks (3)" />
  <test FILENAME="org.aspectj/modules/tests/ajcTests.xml"
  JARFILE="org.aspectj/modules/aj-build/jars/testing-drivers-test-all.jar"
  NAME="Optimization of cflow - counters (4)" />
  <test FILENAME="org.aspectj/modules/tests/ajcTests.xml"
  JARFILE="org.aspectj/modules/aj-build/jars/testing-drivers-test-all.jar"
  NAME="Optimization of cflow - counters with abstract pointcuts (5)">

    <error />
  </test>
  <test FILENAME="org.aspectj/modules/tests/ajcTests.xml"
  JARFILE="org.aspectj/modules/aj-build/jars/testing-drivers-test-all.jar"
  NAME="Anonymous classes unaware of introductions into abstract classes">

    <error />
  </test>
  <test FILENAME="org.aspectj/modules/tests/ajcTests.xml"
  JARFILE="org.aspectj/modules/aj-build/jars/testing-drivers-test-all.jar"
  NAME="before,after not (cflow(within(Trace*))) prints nothing">
    <error />
  </test>
  <test FILENAME="org.aspectj/modules/tests/ajcTests.xml"
  JARFILE="org.aspectj/modules/aj-build/jars/testing-drivers-test-all.jar"
  NAME="testing new options" />
  <test FILENAME="org.aspectj/modules/tests/ajcTests.xml"
  JARFILE="org.aspectj/modules/aj-build/jars/testing-drivers-test-all.jar"
  NAME="aspect-declared interface members in libraries - baseline">
    <error />
  </test>
  <test FILENAME="org.aspectj/modules/tests/ajcTests.xml"
  JARFILE="org.aspectj/modules/aj-build/jars/testing-drivers-test-all.jar"
  NAME="aspect-declared interface members in libraries - interfaceOnly.jar" />
  <test FILENAME="org.aspectj/modules/tests/ajcTests.xml"
  JARFILE="org.aspectj/modules/aj-build/jars/testing-drivers-test-all.jar"
  NAME="aspect-declared interface members in libraries - aspectOnly.jar">

    <error />
  </test>
  <test FILENAME="org.aspectj/modules/tests/ajcTests.xml"
  JARFILE="org.aspectj/modules/aj-build/jars/testing-drivers-test-all.jar"
  NAME="aspect-declared interface members in libraries - aspectedinterfaceonlybinary.jar,aspectonly.jar" />
  <test FILENAME="org.aspectj/modules/tests/ajcTests.xml"
  JARFILE="org.aspectj/modules/aj-build/jars/testing-drivers-test-all.jar"
  NAME="exception clause for aspect-declared interface methods - positive" />
  <test FILENAME="org.aspectj/modules/tests/ajcTests.xml"
  JARFILE="org.aspectj/modules/aj-build/jars/testing-drivers-test-all.jar"
  NAME="exception clause for aspect-declared interface methods - negative" />
  <test FILENAME="org.aspectj/modules/tests/ajcTests.xml"
  JARFILE="org.aspectj/modules/aj-build/jars/testing-drivers-test-all.jar"
  NAME="exception clause for aspect-declared class methods - positive" />
  <test FILENAME="org.aspectj/modules/tests/ajcTests.xml"
  JARFILE="org.aspectj/modules/aj-build/jars/testing-drivers-test-all.jar"
  NAME="exception clause for aspect-declared class methods - negative" />
  <test FILENAME="org.aspectj/modules/tests/ajcTests.xml"
  JARFILE="org.aspectj/modules/aj-build/jars/testing-drivers-test-all.jar"
  NAME="exception clause for aspect-declared interface methods - positive binary" />
  <test FILENAME="org.aspectj/modules/tests/ajcTests.xml"
  JARFILE="org.aspectj/modules/aj-build/jars/testing-drivers-test-all.jar"
  NAME="exception clause for aspect-declared interface methods - negative binary" />
  <test FILENAME="org.aspectj/modules/tests/ajcTests.xml"
  JARFILE="org.aspectj/modules/aj-build/jars/testing-drivers-test-all.jar"
  NAME="exception clause for aspect-declared class methods - positive binary" />
  <test FILENAME="org.aspectj/modules/tests/ajcTests.xml"
  JARFILE="org.aspectj/modules/aj-build/jars/testing-drivers-test-all.jar"
  NAME="exception clause for aspect-declared class methods - negative binary" />
  <test FILENAME="org.aspectj/modules/tests/ajcTests.xml"
  JARFILE="org.aspectj/modules/aj-build/jars/testing-drivers-test-all.jar"
  NAME="percflow aspects compiled from jars share one instance for all entry points" />
  <test FILENAME="org.aspectj/modules/tests/ajcTests.xml"
  JARFILE="org.aspectj/modules/aj-build/jars/testing-drivers-test-all.jar"
  NAME="(using aspectpath) percflow aspects compiled from jars share one instance for all entry points" />
  <test FILENAME="org.aspectj/modules/tests/ajcTests.xml"
  JARFILE="org.aspectj/modules/aj-build/jars/testing-drivers-test-all.jar"
  NAME="Introduced abstract method on abstract class not implemented by subtype" />
  <test FILENAME="org.aspectj/modules/tests/ajcTests.xml"
  JARFILE="org.aspectj/modules/aj-build/jars/testing-drivers-test-all.jar"
  NAME="introduced abstract method on interface not implemented by subtype (aspectpath)" />
  <test FILENAME="org.aspectj/modules/tests/ajcTests.xml"
  JARFILE="org.aspectj/modules/aj-build/jars/testing-drivers-test-all.jar"
  NAME="expect class added in initial incremental tests" />
  <test FILENAME="org.aspectj/modules/tests/ajcTests.xml"
  JARFILE="org.aspectj/modules/aj-build/jars/testing-drivers-test-all.jar"
  NAME="expect class removed in initial incremental tests" />
  <test FILENAME="org.aspectj/modules/tests/ajcTests.xml"
  JARFILE="org.aspectj/modules/aj-build/jars/testing-drivers-test-all.jar"
  NAME="expect class updated in initial incremental tests" />
  <test FILENAME="org.aspectj/modules/tests/ajcTests.xml"
  JARFILE="org.aspectj/modules/aj-build/jars/testing-drivers-test-all.jar"
  NAME="delete source file before incremental compile" />
  <test FILENAME="org.aspectj/modules/tests/ajcTests.xml"
  JARFILE="org.aspectj/modules/aj-build/jars/testing-drivers-test-all.jar"
  NAME="do everything in default package (sourceroots)" />
  <test FILENAME="org.aspectj/modules/tests/ajcTests.xml"
  JARFILE="org.aspectj/modules/aj-build/jars/testing-drivers-test-all.jar"
  NAME="change sources in default package" />
  <test FILENAME="org.aspectj/modules/tests/ajcTests.xml"
  JARFILE="org.aspectj/modules/aj-build/jars/testing-drivers-test-all.jar"
  NAME="change source">
    <error />
  </test>
  <test FILENAME="org.aspectj/modules/tests/ajcTests.xml"
  JARFILE="org.aspectj/modules/aj-build/jars/testing-drivers-test-all.jar"
  NAME="incrementally change only string literal, still expect advice" />
  <test FILENAME="org.aspectj/modules/tests/ajcTests.xml"
  JARFILE="org.aspectj/modules/aj-build/jars/testing-drivers-test-all.jar"
  NAME="make sure additional classes generated during weave are deleted with src class file" />
  <test FILENAME="org.aspectj/modules/tests/ajcTests.xml"
  JARFILE="org.aspectj/modules/aj-build/jars/testing-drivers-test-all.jar"
  NAME="incremental with aspect-driven full rebuild" />
  <test FILENAME="org.aspectj/modules/tests/ajcTests.xml"
  JARFILE="org.aspectj/modules/aj-build/jars/testing-drivers-test-all.jar"
  NAME="source for options -injars" />
  <test FILENAME="org.aspectj/modules/tests/ajcTests.xml"
  JARFILE="org.aspectj/modules/aj-build/jars/testing-drivers-test-all.jar"
  NAME="options -injars" />
  <test FILENAME="org.aspectj/modules/tests/ajcTests.xml"
  JARFILE="org.aspectj/modules/aj-build/jars/testing-drivers-test-all.jar"
  NAME="options -injars checking declare parents interactions" />
  <test FILENAME="org.aspectj/modules/tests/ajcTests.xml"
  JARFILE="org.aspectj/modules/aj-build/jars/testing-drivers-test-all.jar"
  NAME="the compiler crashes when using aspect libraries created without using -terminateaftercompile">

    <error />
  </test>
  <test FILENAME="org.aspectj/modules/tests/ajcTests.xml"
  JARFILE="org.aspectj/modules/aj-build/jars/testing-drivers-test-all.jar"
  NAME="declare warnings on main" />
  <test FILENAME="org.aspectj/modules/tests/ajcTests.xml"
  JARFILE="org.aspectj/modules/aj-build/jars/testing-drivers-test-all.jar"
  NAME="declare warnings on binary javac 1.4 classes" />
  <test FILENAME="org.aspectj/modules/tests/ajcTests.xml"
  JARFILE="org.aspectj/modules/aj-build/jars/testing-drivers-test-all.jar"
  NAME="declare warnings on binary ajc 1.1 classes" />
  <test FILENAME="org.aspectj/modules/tests/ajcTests.xml"
  JARFILE="org.aspectj/modules/aj-build/jars/testing-drivers-test-all.jar"
  NAME="Weaving failure when using injars (no jars)" />
  <test FILENAME="org.aspectj/modules/tests/ajcTests.xml"
  JARFILE="org.aspectj/modules/aj-build/jars/testing-drivers-test-all.jar"
  NAME="Weaving failure when using injars (on aspectpath)" />
  <test FILENAME="org.aspectj/modules/tests/ajcTests.xml"
  JARFILE="org.aspectj/modules/aj-build/jars/testing-drivers-test-all.jar"
  NAME="Weaving failure when using injars (on classpath)" />
  <test FILENAME="org.aspectj/modules/tests/ajcTests.xml"
  JARFILE="org.aspectj/modules/aj-build/jars/testing-drivers-test-all.jar"
  NAME="Weaving failure when using injars (actual injars)" />
  <test FILENAME="org.aspectj/modules/tests/ajcTests.xml"
  JARFILE="org.aspectj/modules/aj-build/jars/testing-drivers-test-all.jar"
  NAME="introduced abstract method on interface not implemented by subtype (injars)" />
  <test FILENAME="org.aspectj/modules/tests/ajcTests.xml"
  JARFILE="org.aspectj/modules/aj-build/jars/testing-drivers-test-all.jar"
  NAME="error type mismatch: cannot convert from java.lang.string to java.lang.string" />
  <test FILENAME="org.aspectj/modules/tests/ajcTests.xml"
  JARFILE="org.aspectj/modules/aj-build/jars/testing-drivers-test-all.jar"
  NAME="Regression from 1.1: NPE in CompilationResult" />
  <test FILENAME="org.aspectj/modules/tests/ajcTests.xml"
  JARFILE="org.aspectj/modules/aj-build/jars/testing-drivers-test-all.jar"
  NAME="assert flow" />
  <test FILENAME="org.aspectj/modules/tests/ajcTests.xml"
  JARFILE="org.aspectj/modules/aj-build/jars/testing-drivers-test-all.jar"
  NAME="assert flow - 2" />
  <test FILENAME="org.aspectj/modules/tests/ajcTests.xml"
  JARFILE="org.aspectj/modules/aj-build/jars/testing-drivers-test-all.jar"
  NAME="assert typing" />
  <test FILENAME="org.aspectj/modules/tests/ajcTests.xml"
  JARFILE="org.aspectj/modules/aj-build/jars/testing-drivers-test-all.jar"
  NAME="compiling asserts in methods" />
  <test FILENAME="org.aspectj/modules/tests/ajcTests.xml"
  JARFILE="org.aspectj/modules/aj-build/jars/testing-drivers-test-all.jar"
  NAME="asserts" />
  <test FILENAME="org.aspectj/modules/tests/ajcTests.xml"
  JARFILE="org.aspectj/modules/aj-build/jars/testing-drivers-test-all.jar"
  NAME="asserts in aspect and declared methods [requires 1.4]" />
  <test FILENAME="org.aspectj/modules/tests/ajcTests.xml"
  JARFILE="org.aspectj/modules/aj-build/jars/testing-drivers-test-all.jar"
  NAME="Does the matrix coverage thing for the new method signatures" />
  <test FILENAME="org.aspectj/modules/tests/ajcTests.xml"
  JARFILE="org.aspectj/modules/aj-build/jars/testing-drivers-test-all.jar"
  NAME="correct types of parameters at call-sites" />
  <test FILENAME="org.aspectj/modules/tests/ajcTests.xml"
  JARFILE="org.aspectj/modules/aj-build/jars/testing-drivers-test-all.jar"
  NAME="target type matching with messy interface hierarchies" />
  <test FILENAME="org.aspectj/modules/tests/ajcTests.xml"
  JARFILE="org.aspectj/modules/aj-build/jars/testing-drivers-test-all.jar"
  NAME="assert tests in introduction [requires 1.4]" />
  <test FILENAME="org.aspectj/modules/tests/ajcTests.xml"
  JARFILE="org.aspectj/modules/aj-build/jars/testing-drivers-test-all.jar"
  NAME="various forms of package name pattern matching work" />
  <test FILENAME="org.aspectj/modules/tests/ajcTests.xml"
  JARFILE="org.aspectj/modules/aj-build/jars/testing-drivers-test-all.jar"
  NAME="assert statement in advice coverage [requires 1.4]" />
  <test FILENAME="org.aspectj/modules/tests/ajcTests.xml"
  JARFILE="org.aspectj/modules/aj-build/jars/testing-drivers-test-all.jar"
  NAME="assert statement in advice [requires 1.4]" />
  <test FILENAME="org.aspectj/modules/tests/ajcTests.xml"
  JARFILE="org.aspectj/modules/aj-build/jars/testing-drivers-test-all.jar"
  NAME="assert and pertarget crashes compiler" />
  <test FILENAME="org.aspectj/modules/tests/ajcTests.xml"
  JARFILE="org.aspectj/modules/aj-build/jars/testing-drivers-test-all.jar"
  NAME="testing that assert works like .class" />
  <test FILENAME="org.aspectj/modules/tests/ajcTests.xml"
  JARFILE="org.aspectj/modules/aj-build/jars/testing-drivers-test-all.jar"
  NAME="JoinPoint Optimization when targetting 1.4" />
  <test FILENAME="org.aspectj/modules/tests/ajcTests.xml"
  JARFILE="org.aspectj/modules/aj-build/jars/testing-drivers-test-all.jar"
  NAME="xlint warning for call pcd's using subtype of defining type (-1.4 -xlint:ignore)" />
  <test FILENAME="org.aspectj/modules/tests/ajcTests.xml"
  JARFILE="org.aspectj/modules/aj-build/jars/testing-drivers-test-all.jar"
  NAME="XLint warning for call PCD's using subtype of defining type (-1.4)" />
  <test FILENAME="org.aspectj/modules/tests/ajcTests.xml"
  JARFILE="org.aspectj/modules/aj-build/jars/testing-drivers-test-all.jar"
  NAME="Class Literals as non final fields (also assert, and this$0)" />
  <test FILENAME="org.aspectj/modules/tests/ajcTests.xml"
  JARFILE="org.aspectj/modules/aj-build/jars/testing-drivers-test-all.jar"
  NAME="DEPRECATED: introduce of variables">
    <error />
  </test>
  <test FILENAME="org.aspectj/modules/tests/ajcTests.xml"
  JARFILE="org.aspectj/modules/aj-build/jars/testing-drivers-test-all.jar"
  NAME="checking the contra-variant errors for typing of proceed">
    <error />
  </test>
  <test FILENAME="org.aspectj/modules/tests/ajcTests.xml"
  JARFILE="org.aspectj/modules/aj-build/jars/testing-drivers-test-all.jar"
  NAME="introduction of static methods and fields on classes and interfaces">

    <error />
  </test>
  <test FILENAME="org.aspectj/modules/tests/ajcTests.xml"
  JARFILE="org.aspectj/modules/aj-build/jars/testing-drivers-test-all.jar"
  NAME="advice on catch clauses">
    <error />
  </test>
  <test FILENAME="org.aspectj/modules/tests/ajcTests.xml"
  JARFILE="org.aspectj/modules/aj-build/jars/testing-drivers-test-all.jar"
  NAME="holding onto proceed calls in a closure-like way">
    <error />
  </test>
  <test FILENAME="org.aspectj/modules/tests/ajcTests.xml"
  JARFILE="org.aspectj/modules/aj-build/jars/testing-drivers-test-all.jar"
  NAME="pr#458 compiler was incorrectly flagging error in advice on initialization and static initialization">

    <error />
  </test>
  <test FILENAME="org.aspectj/modules/tests/ajcTests.xml"
  JARFILE="org.aspectj/modules/aj-build/jars/testing-drivers-test-all.jar"
  NAME="introduced type unavailable to instanceof expressions in introduced methods" />
  <test FILENAME="org.aspectj/modules/tests/ajcTests.xml"
  JARFILE="org.aspectj/modules/aj-build/jars/testing-drivers-test-all.jar"
  NAME="enclosing join point not exported properly in pre-initialization join point">

    <error />
  </test>
  <test FILENAME="org.aspectj/modules/tests/ajcTests.xml"
  JARFILE="org.aspectj/modules/aj-build/jars/testing-drivers-test-all.jar"
  NAME="cyclic pointcut definitions" />
  <test FILENAME="org.aspectj/modules/tests/ajcTests.xml"
  JARFILE="org.aspectj/modules/aj-build/jars/testing-drivers-test-all.jar"
  NAME="package typepattern with no packages (in default package)">
    <error />
  </test>
  <test FILENAME="org.aspectj/modules/tests/ajcTests.xml"
  JARFILE="org.aspectj/modules/aj-build/jars/testing-drivers-test-all.jar"
  NAME="flag errors when binding args with indeterminate prefix and suffix">

    <error />
  </test>
  <test FILENAME="org.aspectj/modules/tests/ajcTests.xml"
  JARFILE="org.aspectj/modules/aj-build/jars/testing-drivers-test-all.jar"
  NAME="source locations within expressions (hard case of constructor start)">

    <error />
  </test>
  <test FILENAME="org.aspectj/modules/tests/ajcTests.xml"
  JARFILE="org.aspectj/modules/aj-build/jars/testing-drivers-test-all.jar"
  NAME="illegal name binding in around cflow">
    <error />
  </test>
  <test FILENAME="org.aspectj/modules/tests/ajcTests.xml"
  JARFILE="org.aspectj/modules/aj-build/jars/testing-drivers-test-all.jar"
  NAME="incrementally change string size and wire in injar classes">

    <error />
  </test>
  <test FILENAME="org.aspectj/modules/tests/ajcTests.xml"
  JARFILE="org.aspectj/modules/aj-build/jars/testing-drivers-test-all.jar"
  NAME="declare error on handler/method execution with no code on binary ajc 1.1 classes">

    <error />
  </test>
  <test FILENAME="org.aspectj/modules/tests/ajcTests.xml"
  JARFILE="org.aspectj/modules/aj-build/jars/testing-drivers-test-all.jar"
  NAME="declare error on handler/method execution with no code on binary javac 1.4 classes">

    <error />
  </test>
  <test FILENAME="org.aspectj/modules/tests/ajcTests.xml"
  JARFILE="org.aspectj/modules/aj-build/jars/testing-drivers-test-all.jar"
  NAME="declare warnings on main - constructor execution" />
  <test FILENAME="org.aspectj/modules/tests/ajcTests.xml"
  JARFILE="org.aspectj/modules/aj-build/jars/testing-drivers-test-all.jar"
  NAME="declare warnings on binary javac 1.4 main - constructor execution">

    <error />
  </test>
  <test FILENAME="org.aspectj/modules/tests/ajcTests.xml"
  JARFILE="org.aspectj/modules/aj-build/jars/testing-drivers-test-all.jar"
  NAME="declare warnings on binary ajc 1.1 main - constructor execution">

    <error />
  </test>
  <test FILENAME="org.aspectj/modules/tests/ajcTests.xml"
  JARFILE="org.aspectj/modules/aj-build/jars/testing-drivers-test-all.jar"
  NAME="advice on handler join points should not throw unpermitted checked exceptions">

    <error />
  </test>
  <test FILENAME="org.aspectj/modules/tests/ajcTests.xml"
  JARFILE="org.aspectj/modules/aj-build/jars/testing-drivers-test-all.jar"
  NAME="-nowarn suppresses XLint warnings">
    <error />
  </test>
  <test FILENAME="org.aspectj/modules/tests/ajcTests.xml"
  JARFILE="org.aspectj/modules/aj-build/jars/testing-drivers-test-all.jar"
  NAME="warn:none suppresses XLint warnings">
    <error />
  </test>
  <test FILENAME="org.aspectj/modules/tests/ajcTests.xml"
  JARFILE="org.aspectj/modules/aj-build/jars/testing-drivers-test-all.jar"
  NAME="-nowarn suppresses declare warnings">
    <error />
  </test>
  <test FILENAME="org.aspectj/modules/tests/ajcTests.xml"
  JARFILE="org.aspectj/modules/aj-build/jars/testing-drivers-test-all.jar"
  NAME="-warn:none suppresses declare warnings">
    <error />
  </test>
  <test FILENAME="org.aspectj/modules/tests/ajcTests.xml"
  JARFILE="org.aspectj/modules/aj-build/jars/testing-drivers-test-all.jar"
  NAME="insertion of lots of advice code can make branch offset for if too large">

    <error />
  </test>
  <test FILENAME="org.aspectj/modules/tests/ajcTests.xml"
  JARFILE="org.aspectj/modules/aj-build/jars/testing-drivers-test-all.jar"
  NAME="options -warn:deprecation" />
  <test FILENAME="org.aspectj/modules/tests/ajcTests.xml"
  JARFILE="org.aspectj/modules/aj-build/jars/testing-drivers-test-all.jar"
  NAME="options -warn:deprecation not enabled" />
  <test FILENAME="org.aspectj/modules/tests/ajcTests.xml"
  JARFILE="org.aspectj/modules/aj-build/jars/testing-drivers-test-all.jar"
  NAME="setting -warn:constructorName works" />
  <test FILENAME="org.aspectj/modules/tests/ajcTests.xml"
  JARFILE="org.aspectj/modules/aj-build/jars/testing-drivers-test-all.jar"
  NAME="-deprecation not working?" />
  <test FILENAME="org.aspectj/modules/tests/ajcTests.xml"
  JARFILE="org.aspectj/modules/aj-build/jars/testing-drivers-test-all.jar"
  NAME="unicodes and literals" />
  <test FILENAME="org.aspectj/modules/tests/ajcTests.xml"
  JARFILE="org.aspectj/modules/aj-build/jars/testing-drivers-test-all.jar"
  NAME="For Statement" />
  <test FILENAME="org.aspectj/modules/tests/ajcTests.xml"
  JARFILE="org.aspectj/modules/aj-build/jars/testing-drivers-test-all.jar"
  NAME="correct super call lookup for method().name()" />
  <test FILENAME="org.aspectj/modules/tests/ajcTests.xml"
  JARFILE="org.aspectj/modules/aj-build/jars/testing-drivers-test-all.jar"
  NAME="combined logic expression (handling coericions vs. parens)" />
  <test FILENAME="org.aspectj/modules/tests/ajcTests.xml"
  JARFILE="org.aspectj/modules/aj-build/jars/testing-drivers-test-all.jar"
  NAME="comment after class closes (with no new line at end)" />
  <test FILENAME="org.aspectj/modules/tests/ajcTests.xml"
  JARFILE="org.aspectj/modules/aj-build/jars/testing-drivers-test-all.jar"
  NAME="multi-dimensional array initializers" />
  <test FILENAME="org.aspectj/modules/tests/ajcTests.xml"
  JARFILE="org.aspectj/modules/aj-build/jars/testing-drivers-test-all.jar"
  NAME="probelm with the generated names of exceptions" />
  <test FILENAME="org.aspectj/modules/tests/ajcTests.xml"
  JARFILE="org.aspectj/modules/aj-build/jars/testing-drivers-test-all.jar"
  NAME="checks if the class field can be used on all of the primitive types" />
  <test FILENAME="org.aspectj/modules/tests/ajcTests.xml"
  JARFILE="org.aspectj/modules/aj-build/jars/testing-drivers-test-all.jar"
  NAME="Doesn't parse an array-returning method that throws an exception" />
  <test FILENAME="org.aspectj/modules/tests/ajcTests.xml"
  JARFILE="org.aspectj/modules/aj-build/jars/testing-drivers-test-all.jar"
  NAME="check that nested constructions of local classes work" />
  <test FILENAME="org.aspectj/modules/tests/ajcTests.xml"
  JARFILE="org.aspectj/modules/aj-build/jars/testing-drivers-test-all.jar"
  NAME="Make sure anonymous classes can have non-nullary constructors" />
  <test FILENAME="org.aspectj/modules/tests/ajcTests.xml"
  JARFILE="org.aspectj/modules/aj-build/jars/testing-drivers-test-all.jar"
  NAME="Full names are dropped from inner interfaces" />
  <test FILENAME="org.aspectj/modules/tests/ajcTests.xml"
  JARFILE="org.aspectj/modules/aj-build/jars/testing-drivers-test-all.jar"
  NAME="Making sure full names stay on static inner classes" />
  <test FILENAME="org.aspectj/modules/tests/ajcTests.xml"
  JARFILE="org.aspectj/modules/aj-build/jars/testing-drivers-test-all.jar"
  NAME="Not binding constructor when using more than one compilation">

    <error />
  </test>
  <test FILENAME="org.aspectj/modules/tests/ajcTests.xml"
  JARFILE="org.aspectj/modules/aj-build/jars/testing-drivers-test-all.jar"
  NAME="return;;; is not really legal" />
  <test FILENAME="org.aspectj/modules/tests/ajcTests.xml"
  JARFILE="org.aspectj/modules/aj-build/jars/testing-drivers-test-all.jar"
  NAME="ajc treating Throwable as checked, issuing error if not found" />
  <test FILENAME="org.aspectj/modules/tests/ajcTests.xml"
  JARFILE="org.aspectj/modules/aj-build/jars/testing-drivers-test-all.jar"
  NAME="package protected classes becoming public" />
  <test FILENAME="org.aspectj/modules/tests/ajcTests.xml"
  JARFILE="org.aspectj/modules/aj-build/jars/testing-drivers-test-all.jar"
  NAME="IOException on windows if nul used as identifier" />
  <test FILENAME="org.aspectj/modules/tests/ajcTests.xml"
  JARFILE="org.aspectj/modules/aj-build/jars/testing-drivers-test-all.jar"
  NAME="nullpointerexception (not compiler error) when extending non-static inner class" />
  <test FILENAME="org.aspectj/modules/tests/ajcTests.xml"
  JARFILE="org.aspectj/modules/aj-build/jars/testing-drivers-test-all.jar"
  NAME="compiler flags final static variable as indefinite in member assignment." />
  <test FILENAME="org.aspectj/modules/tests/ajcTests.xml"
  JARFILE="org.aspectj/modules/aj-build/jars/testing-drivers-test-all.jar"
  NAME="confirm no IOException on windows if nul used as identifier" />
  <test FILENAME="org.aspectj/modules/tests/ajcTests.xml"
  JARFILE="org.aspectj/modules/aj-build/jars/testing-drivers-test-all.jar"
  NAME="final constructor parameter causes incorrect compiler error" />
  <test FILENAME="org.aspectj/modules/tests/ajcTests.xml"
  JARFILE="org.aspectj/modules/aj-build/jars/testing-drivers-test-all.jar"
  NAME="Error expected for field of type void" />
  <test FILENAME="org.aspectj/modules/tests/ajcTests.xml"
  JARFILE="org.aspectj/modules/aj-build/jars/testing-drivers-test-all.jar"
  NAME="Error expected for constructor in interfaces" />
  <test FILENAME="org.aspectj/modules/tests/ajcTests.xml"
  JARFILE="org.aspectj/modules/aj-build/jars/testing-drivers-test-all.jar"
  NAME="class name for identifier as String should provoke error" />
  <test FILENAME="org.aspectj/modules/tests/ajcTests.xml"
  JARFILE="org.aspectj/modules/aj-build/jars/testing-drivers-test-all.jar"
  NAME="cyclic class inheritance" />
  <test FILENAME="org.aspectj/modules/tests/ajcTests.xml"
  JARFILE="org.aspectj/modules/aj-build/jars/testing-drivers-test-all.jar"
  NAME="type and package name conflicts are resolved happily (1a)" />
  <test FILENAME="org.aspectj/modules/tests/ajcTests.xml"
  JARFILE="org.aspectj/modules/aj-build/jars/testing-drivers-test-all.jar"
  NAME="(fails in usejavac) type and package name conflicts are resolved happily (1b)" />
  <test FILENAME="org.aspectj/modules/tests/ajcTests.xml"
  JARFILE="org.aspectj/modules/aj-build/jars/testing-drivers-test-all.jar"
  NAME="type and package name conflicts caught as errors (1)">
    <error />
  </test>
  <test FILENAME="org.aspectj/modules/tests/ajcTests.xml"
  JARFILE="org.aspectj/modules/aj-build/jars/testing-drivers-test-all.jar"
  NAME="flow analysis where final variable set in another constructor" />
  <test FILENAME="org.aspectj/modules/tests/ajcTests.xml"
  JARFILE="org.aspectj/modules/aj-build/jars/testing-drivers-test-all.jar"
  NAME="Can construct inner classes using qualified expressions" />
  <test FILENAME="org.aspectj/modules/tests/ajcTests.xml"
  JARFILE="org.aspectj/modules/aj-build/jars/testing-drivers-test-all.jar"
  NAME="subclass unable to access protected static methods using type-qualified references" />
  <test FILENAME="org.aspectj/modules/tests/ajcTests.xml"
  JARFILE="org.aspectj/modules/aj-build/jars/testing-drivers-test-all.jar"
  NAME="Undefined inner class constructor" />
  <test FILENAME="org.aspectj/modules/tests/ajcTests.xml"
  JARFILE="org.aspectj/modules/aj-build/jars/testing-drivers-test-all.jar"
  NAME="valid type expressions for introduced type testing" />
  <test FILENAME="org.aspectj/modules/tests/ajcTests.xml"
  JARFILE="org.aspectj/modules/aj-build/jars/testing-drivers-test-all.jar"
  NAME="pr591 compiler error expected when directly calling unimplemented abstract method using super" />
  <test FILENAME="org.aspectj/modules/tests/ajcTests.xml"
  JARFILE="org.aspectj/modules/aj-build/jars/testing-drivers-test-all.jar"
  NAME="suggested by jacks 3.7-15 all comments must be closed" />
  <test FILENAME="org.aspectj/modules/tests/ajcTests.xml"
  JARFILE="org.aspectj/modules/aj-build/jars/testing-drivers-test-all.jar"
  NAME="package class access not enforced outside of package" />
  <test FILENAME="org.aspectj/modules/tests/ajcTests.xml"
  JARFILE="org.aspectj/modules/aj-build/jars/testing-drivers-test-all.jar"
  NAME="expecting CE for ambiguous reference" />
  <test FILENAME="org.aspectj/modules/tests/ajcTests.xml"
  JARFILE="org.aspectj/modules/aj-build/jars/testing-drivers-test-all.jar"
  NAME="super reference used to disambiguate names of different but compatible types" />
  <test FILENAME="org.aspectj/modules/tests/ajcTests.xml"
  JARFILE="org.aspectj/modules/aj-build/jars/testing-drivers-test-all.jar"
  NAME="anonymous explicit inner constructors" />
  <test FILENAME="org.aspectj/modules/tests/ajcTests.xml"
  JARFILE="org.aspectj/modules/aj-build/jars/testing-drivers-test-all.jar"
  NAME="Overruning the lineStarts buffer, DO NOT EDIT THIS FILE!!!!" />
  <test FILENAME="org.aspectj/modules/tests/ajcTests.xml"
  JARFILE="org.aspectj/modules/aj-build/jars/testing-drivers-test-all.jar"
  NAME="no CE for unambiguous type reference" />
  <test FILENAME="org.aspectj/modules/tests/ajcTests.xml"
  JARFILE="org.aspectj/modules/aj-build/jars/testing-drivers-test-all.jar"
  NAME="CE for ambiguous type reference (imports)" />
  <test FILENAME="org.aspectj/modules/tests/ajcTests.xml"
  JARFILE="org.aspectj/modules/aj-build/jars/testing-drivers-test-all.jar"
  NAME="final assignment in loop" />
  <test FILENAME="org.aspectj/modules/tests/ajcTests.xml"
  JARFILE="org.aspectj/modules/aj-build/jars/testing-drivers-test-all.jar"
  NAME="private super access in inners" />
  <test FILENAME="org.aspectj/modules/tests/ajcTests.xml"
  JARFILE="org.aspectj/modules/aj-build/jars/testing-drivers-test-all.jar"
  NAME="nested interface does not require new qualifier (8)" />
  <test FILENAME="org.aspectj/modules/tests/ajcTests.xml"
  JARFILE="org.aspectj/modules/aj-build/jars/testing-drivers-test-all.jar"
  NAME="nested interface does not require new qualifier (9)" />
  <test FILENAME="org.aspectj/modules/tests/ajcTests.xml"
  JARFILE="org.aspectj/modules/aj-build/jars/testing-drivers-test-all.jar"
  NAME="nested interface does not require new qualifier (10)" />
  <test FILENAME="org.aspectj/modules/tests/ajcTests.xml"
  JARFILE="org.aspectj/modules/aj-build/jars/testing-drivers-test-all.jar"
  NAME="nested interface does not require new qualifier (14)" />
  <test FILENAME="org.aspectj/modules/tests/ajcTests.xml"
  JARFILE="org.aspectj/modules/aj-build/jars/testing-drivers-test-all.jar"
  NAME="nested interface does not require new qualifier (15)" />
  <test FILENAME="org.aspectj/modules/tests/ajcTests.xml"
  JARFILE="org.aspectj/modules/aj-build/jars/testing-drivers-test-all.jar"
  NAME="nested interface does not require new qualifier (16)" />
  <test FILENAME="org.aspectj/modules/tests/ajcTests.xml"
  JARFILE="org.aspectj/modules/aj-build/jars/testing-drivers-test-all.jar"
  NAME="check that constructor name's match the enclosing type" />
  <test FILENAME="org.aspectj/modules/tests/ajcTests.xml"
  JARFILE="org.aspectj/modules/aj-build/jars/testing-drivers-test-all.jar"
  NAME="errors for not applicable or accessible methods" />
  <test FILENAME="org.aspectj/modules/tests/ajcTests.xml"
  JARFILE="org.aspectj/modules/aj-build/jars/testing-drivers-test-all.jar"
  NAME="import statement within class body crashes compiler">
    <error />
  </test>
  <test FILENAME="org.aspectj/modules/tests/ajcTests.xml"
  JARFILE="org.aspectj/modules/aj-build/jars/testing-drivers-test-all.jar"
  NAME="Accessing instance fields and instance methods statically.">

    <error />
  </test>
  <test FILENAME="org.aspectj/modules/tests/ajcTests.xml"
  JARFILE="org.aspectj/modules/aj-build/jars/testing-drivers-test-all.jar"
  NAME="Crashes when a cast is within another cast" />
  <test FILENAME="org.aspectj/modules/tests/ajcTests.xml"
  JARFILE="org.aspectj/modules/aj-build/jars/testing-drivers-test-all.jar"
  NAME="Crashes when a method name is missing in a call -- e.g. 'System.out.();'" />
  <test FILENAME="org.aspectj/modules/tests/ajcTests.xml"
  JARFILE="org.aspectj/modules/aj-build/jars/testing-drivers-test-all.jar"
  NAME="Crashes when a bad r-value appears." />
  <test FILENAME="org.aspectj/modules/tests/ajcTests.xml"
  JARFILE="org.aspectj/modules/aj-build/jars/testing-drivers-test-all.jar"
  NAME="Two underscores as a variables causes a crash" />
  <test FILENAME="org.aspectj/modules/tests/ajcTests.xml"
  JARFILE="org.aspectj/modules/aj-build/jars/testing-drivers-test-all.jar"
  NAME="Crashes when assigning to a final static in an intializer and declaration" />
  <test FILENAME="org.aspectj/modules/tests/ajcTests.xml"
  JARFILE="org.aspectj/modules/aj-build/jars/testing-drivers-test-all.jar"
  NAME="Crashes when two dots appear instead of one" />
  <test FILENAME="org.aspectj/modules/tests/ajcTests.xml"
  JARFILE="org.aspectj/modules/aj-build/jars/testing-drivers-test-all.jar"
  NAME="Crashes when there're stray dots">
    <error />
  </test>
  <test FILENAME="org.aspectj/modules/tests/ajcTests.xml"
  JARFILE="org.aspectj/modules/aj-build/jars/testing-drivers-test-all.jar"
  NAME="Stray characters cause a crash" />
  <test FILENAME="org.aspectj/modules/tests/ajcTests.xml"
  JARFILE="org.aspectj/modules/aj-build/jars/testing-drivers-test-all.jar"
  NAME="Colon instead of a semi-colon causes a crash" />
  <test FILENAME="org.aspectj/modules/tests/ajcTests.xml"
  JARFILE="org.aspectj/modules/aj-build/jars/testing-drivers-test-all.jar"
  NAME="type error in initializer caught by ajc, not javac" />
  <test FILENAME="org.aspectj/modules/tests/ajcTests.xml"
  JARFILE="org.aspectj/modules/aj-build/jars/testing-drivers-test-all.jar"
  NAME="Circular inheritance with classes causes a stack overflow." />
  <test FILENAME="org.aspectj/modules/tests/ajcTests.xml"
  JARFILE="org.aspectj/modules/aj-build/jars/testing-drivers-test-all.jar"
  NAME="Missing ;" />
  <test FILENAME="org.aspectj/modules/tests/ajcTests.xml"
  JARFILE="org.aspectj/modules/aj-build/jars/testing-drivers-test-all.jar"
  NAME="cast expressions should not allow casts between ifaces and array types" />
  <test FILENAME="org.aspectj/modules/tests/ajcTests.xml"
  JARFILE="org.aspectj/modules/aj-build/jars/testing-drivers-test-all.jar"
  NAME="parsing errors for various bad forms of NewArrayExprs." />
  <test FILENAME="org.aspectj/modules/tests/ajcTests.xml"
  JARFILE="org.aspectj/modules/aj-build/jars/testing-drivers-test-all.jar"
  NAME="good error for bad field and inner class references" />
  <test FILENAME="org.aspectj/modules/tests/ajcTests.xml"
  JARFILE="org.aspectj/modules/aj-build/jars/testing-drivers-test-all.jar"
  NAME="Implementing a non-interface used to crash the compiler." />
  <test FILENAME="org.aspectj/modules/tests/ajcTests.xml"
  JARFILE="org.aspectj/modules/aj-build/jars/testing-drivers-test-all.jar"
  NAME="error of no return statement detected not by ajc but by javac (line 4)" />
  <test FILENAME="org.aspectj/modules/tests/ajcTests.xml"
  JARFILE="org.aspectj/modules/aj-build/jars/testing-drivers-test-all.jar"
  NAME="types in throws clauses" />
  <test FILENAME="org.aspectj/modules/tests/ajcTests.xml"
  JARFILE="org.aspectj/modules/aj-build/jars/testing-drivers-test-all.jar"
  NAME="bad switch syntax">
    <error />
  </test>
  <test FILENAME="org.aspectj/modules/tests/ajcTests.xml"
  JARFILE="org.aspectj/modules/aj-build/jars/testing-drivers-test-all.jar"
  NAME="Referencing various things from static contexts">
    <error />
  </test>
  <test FILENAME="org.aspectj/modules/tests/ajcTests.xml"
  JARFILE="org.aspectj/modules/aj-build/jars/testing-drivers-test-all.jar"
  NAME="Some expressions are illegal expression statements" />
  <test FILENAME="org.aspectj/modules/tests/ajcTests.xml"
  JARFILE="org.aspectj/modules/aj-build/jars/testing-drivers-test-all.jar"
  NAME="illegal forward reference" />
  <test FILENAME="org.aspectj/modules/tests/ajcTests.xml"
  JARFILE="org.aspectj/modules/aj-build/jars/testing-drivers-test-all.jar"
  NAME="protected accessibility" />
  <test FILENAME="org.aspectj/modules/tests/ajcTests.xml"
  JARFILE="org.aspectj/modules/aj-build/jars/testing-drivers-test-all.jar"
  NAME="parse-time illegal modifiers" />
  <test FILENAME="org.aspectj/modules/tests/ajcTests.xml"
  JARFILE="org.aspectj/modules/aj-build/jars/testing-drivers-test-all.jar"
  NAME="check-time illegal modifiers" />
  <test FILENAME="org.aspectj/modules/tests/ajcTests.xml"
  JARFILE="org.aspectj/modules/aj-build/jars/testing-drivers-test-all.jar"
  NAME="modifiers on interface members" />
  <test FILENAME="org.aspectj/modules/tests/ajcTests.xml"
  JARFILE="org.aspectj/modules/aj-build/jars/testing-drivers-test-all.jar"
  NAME="good errors (and not too many) for missing members" />
  <test FILENAME="org.aspectj/modules/tests/ajcTests.xml"
  JARFILE="org.aspectj/modules/aj-build/jars/testing-drivers-test-all.jar"
  NAME="expecting compile failures with subclass narrowing scope of superclass methods or accessing private superclass variables" />
  <test FILENAME="org.aspectj/modules/tests/ajcTests.xml"
  JARFILE="org.aspectj/modules/aj-build/jars/testing-drivers-test-all.jar"
  NAME="inner classes may not have static non-constant members">
    <error />
  </test>
  <test FILENAME="org.aspectj/modules/tests/ajcTests.xml"
  JARFILE="org.aspectj/modules/aj-build/jars/testing-drivers-test-all.jar"
  NAME="flow analysis with local types" />
  <test FILENAME="org.aspectj/modules/tests/ajcTests.xml"
  JARFILE="org.aspectj/modules/aj-build/jars/testing-drivers-test-all.jar"
  NAME="PR584 Can construct inner classes using qualified expressions" />
  <test FILENAME="org.aspectj/modules/tests/ajcTests.xml"
  JARFILE="org.aspectj/modules/aj-build/jars/testing-drivers-test-all.jar"
  NAME="incrementing objects, arrays - 2" />
  <test FILENAME="org.aspectj/modules/tests/ajcTests.xml"
  JARFILE="org.aspectj/modules/aj-build/jars/testing-drivers-test-all.jar"
  NAME="incrementing objects, arrays - 3" />
  <test FILENAME="org.aspectj/modules/tests/ajcTests.xml"
  JARFILE="org.aspectj/modules/aj-build/jars/testing-drivers-test-all.jar"
  NAME="incrementing objects, arrays" />
  <test FILENAME="org.aspectj/modules/tests/ajcTests.xml"
  JARFILE="org.aspectj/modules/aj-build/jars/testing-drivers-test-all.jar"
  NAME="no circularity errors simply because of inners (1)" />
  <test FILENAME="org.aspectj/modules/tests/ajcTests.xml"
  JARFILE="org.aspectj/modules/aj-build/jars/testing-drivers-test-all.jar"
  NAME="no circularity errors simply because of inners (2)" />
  <test FILENAME="org.aspectj/modules/tests/ajcTests.xml"
  JARFILE="org.aspectj/modules/aj-build/jars/testing-drivers-test-all.jar"
  NAME="interface using preceding subinterface in its definition" />
  <test FILENAME="org.aspectj/modules/tests/ajcTests.xml"
  JARFILE="org.aspectj/modules/aj-build/jars/testing-drivers-test-all.jar"
  NAME="Parent interface using public inner interface of child in same file" />
  <test FILENAME="org.aspectj/modules/tests/ajcTests.xml"
  JARFILE="org.aspectj/modules/aj-build/jars/testing-drivers-test-all.jar"
  NAME="a type is not allowed to extend or implement its own innner type" />
  <test FILENAME="org.aspectj/modules/tests/ajcTests.xml"
  JARFILE="org.aspectj/modules/aj-build/jars/testing-drivers-test-all.jar"
  NAME="local variables must be final to be accessed from inner class" />
  <test FILENAME="org.aspectj/modules/tests/ajcTests.xml"
  JARFILE="org.aspectj/modules/aj-build/jars/testing-drivers-test-all.jar"
  NAME="final local variables may be accessed from inner class" />
  <test FILENAME="org.aspectj/modules/tests/ajcTests.xml"
  JARFILE="org.aspectj/modules/aj-build/jars/testing-drivers-test-all.jar"
  NAME="missing package identifier" />
  <test FILENAME="org.aspectj/modules/tests/ajcTests.xml"
  JARFILE="org.aspectj/modules/aj-build/jars/testing-drivers-test-all.jar"
  NAME="CE for ambiguous type reference (two files in package)" />
  <test FILENAME="org.aspectj/modules/tests/ajcTests.xml"
  JARFILE="org.aspectj/modules/aj-build/jars/testing-drivers-test-all.jar"
  NAME="initializer can throw so long as all constructors declare so" />
  <test FILENAME="org.aspectj/modules/tests/ajcTests.xml"
  JARFILE="org.aspectj/modules/aj-build/jars/testing-drivers-test-all.jar"
  NAME="interfaces may not contain initializers (bug found by jacks)" />
  <test FILENAME="org.aspectj/modules/tests/ajcTests.xml"
  JARFILE="org.aspectj/modules/aj-build/jars/testing-drivers-test-all.jar"
  NAME="more tests of super alone" />
  <test FILENAME="org.aspectj/modules/tests/ajcTests.xml"
  JARFILE="org.aspectj/modules/aj-build/jars/testing-drivers-test-all.jar"
  NAME="subclass access to enclosing super class private members" />
  <test FILENAME="org.aspectj/modules/tests/ajcTests.xml"
  JARFILE="org.aspectj/modules/aj-build/jars/testing-drivers-test-all.jar"
  NAME="various tests of switch bounds" />
  <test FILENAME="org.aspectj/modules/tests/ajcTests.xml"
  JARFILE="org.aspectj/modules/aj-build/jars/testing-drivers-test-all.jar"
  NAME="VerifyError if nested sync returning result" />
  <test FILENAME="org.aspectj/modules/tests/ajcTests.xml"
  JARFILE="org.aspectj/modules/aj-build/jars/testing-drivers-test-all.jar"
  NAME="import of a class in the default package">
    <error />
  </test>
  <test FILENAME="org.aspectj/modules/tests/ajcTests.xml"
  JARFILE="org.aspectj/modules/aj-build/jars/testing-drivers-test-all.jar"
  NAME="Referencing static interfaces with import statements">
    <error />
  </test>
  <test FILENAME="org.aspectj/modules/tests/ajcTests.xml"
  JARFILE="org.aspectj/modules/aj-build/jars/testing-drivers-test-all.jar"
  NAME="Referencing static interfaces with import statements stars">

    <error />
  </test>
  <test FILENAME="org.aspectj/modules/tests/ajcTests.xml"
  JARFILE="org.aspectj/modules/aj-build/jars/testing-drivers-test-all.jar"
  NAME="Referencing static interfaces with import statements stars 2">

    <error />
  </test>
  <test FILENAME="org.aspectj/modules/tests/ajcTests.xml"
  JARFILE="org.aspectj/modules/aj-build/jars/testing-drivers-test-all.jar"
  NAME="Referencing static interfaces with import statements stars 3">

    <error />
  </test>
  <test FILENAME="org.aspectj/modules/tests/ajcTests.xml"
  JARFILE="org.aspectj/modules/aj-build/jars/testing-drivers-test-all.jar"
  NAME="Referencing interfaces with import statements">
    <error />
  </test>
  <test FILENAME="org.aspectj/modules/tests/ajcTests.xml"
  JARFILE="org.aspectj/modules/aj-build/jars/testing-drivers-test-all.jar"
  NAME="Referencing interfaces with import statements stars">
    <error />
  </test>
  <test FILENAME="org.aspectj/modules/tests/ajcTests.xml"
  JARFILE="org.aspectj/modules/aj-build/jars/testing-drivers-test-all.jar"
  NAME="Referencing interfaces with import statements stars 2">
    <error />
  </test>
  <test FILENAME="org.aspectj/modules/tests/ajcTests.xml"
  JARFILE="org.aspectj/modules/aj-build/jars/testing-drivers-test-all.jar"
  NAME="Referencing interfaces with import statements stars 3">
    <error />
  </test>
  <test FILENAME="org.aspectj/modules/tests/ajcTests.xml"
  JARFILE="org.aspectj/modules/aj-build/jars/testing-drivers-test-all.jar"
  NAME="import any inner from interface implementor">
    <error />
  </test>
  <test FILENAME="org.aspectj/modules/tests/ajcTests.xml"
  JARFILE="org.aspectj/modules/aj-build/jars/testing-drivers-test-all.jar"
  NAME="equals method on quoted strings" />
  <test FILENAME="org.aspectj/modules/tests/ajcTests.xml"
  JARFILE="org.aspectj/modules/aj-build/jars/testing-drivers-test-all.jar"
  NAME="anonymous inner class" />
  <test FILENAME="org.aspectj/modules/tests/ajcTests.xml"
  JARFILE="org.aspectj/modules/aj-build/jars/testing-drivers-test-all.jar"
  NAME="parsing of parenthesized 'this' (in returns)" />
  <test FILENAME="org.aspectj/modules/tests/ajcTests.xml"
  JARFILE="org.aspectj/modules/aj-build/jars/testing-drivers-test-all.jar"
  NAME="Strings are folded and interned correctly" />
  <test FILENAME="org.aspectj/modules/tests/ajcTests.xml"
  JARFILE="org.aspectj/modules/aj-build/jars/testing-drivers-test-all.jar"
  NAME="Cast binds tighter than equality tests" />
  <test FILENAME="org.aspectj/modules/tests/ajcTests.xml"
  JARFILE="org.aspectj/modules/aj-build/jars/testing-drivers-test-all.jar"
  NAME="Boundary base values can be parsed" />
  <test FILENAME="org.aspectj/modules/tests/ajcTests.xml"
  JARFILE="org.aspectj/modules/aj-build/jars/testing-drivers-test-all.jar"
  NAME="State is passed correctly across nested annonymous inners" />
  <test FILENAME="org.aspectj/modules/tests/ajcTests.xml"
  JARFILE="org.aspectj/modules/aj-build/jars/testing-drivers-test-all.jar"
  NAME="?: expressions should typecheck in interesting ways" />
  <test FILENAME="org.aspectj/modules/tests/ajcTests.xml"
  JARFILE="org.aspectj/modules/aj-build/jars/testing-drivers-test-all.jar"
  NAME="cast expressions should allow casts to/from interfaces at compile-time." />
  <test FILENAME="org.aspectj/modules/tests/ajcTests.xml"
  JARFILE="org.aspectj/modules/aj-build/jars/testing-drivers-test-all.jar"
  NAME="various anonymous inner classes plus super types tests" />
  <test FILENAME="org.aspectj/modules/tests/ajcTests.xml"
  JARFILE="org.aspectj/modules/aj-build/jars/testing-drivers-test-all.jar"
  NAME="Various comment syntaxes should be handled." />
  <test FILENAME="org.aspectj/modules/tests/ajcTests.xml"
  JARFILE="org.aspectj/modules/aj-build/jars/testing-drivers-test-all.jar"
  NAME="Abstract inner classes across package boundaries" />
  <test FILENAME="org.aspectj/modules/tests/ajcTests.xml"
  JARFILE="org.aspectj/modules/aj-build/jars/testing-drivers-test-all.jar"
  NAME="inner classes accessing outers and some more inner class names" />
  <test FILENAME="org.aspectj/modules/tests/ajcTests.xml"
  JARFILE="org.aspectj/modules/aj-build/jars/testing-drivers-test-all.jar"
  NAME="remember to cast folded values down to the proper types." />
  <test FILENAME="org.aspectj/modules/tests/ajcTests.xml"
  JARFILE="org.aspectj/modules/aj-build/jars/testing-drivers-test-all.jar"
  NAME="inner classes can be built using protected constructors in super">

    <error />
  </test>
  <test FILENAME="org.aspectj/modules/tests/ajcTests.xml"
  JARFILE="org.aspectj/modules/aj-build/jars/testing-drivers-test-all.jar"
  NAME="the current aspectj compiler cannot parse qualified superclass constructor invocations" />
  <test FILENAME="org.aspectj/modules/tests/ajcTests.xml"
  JARFILE="org.aspectj/modules/aj-build/jars/testing-drivers-test-all.jar"
  NAME="More thourough test of static members using full names" />
  <test FILENAME="org.aspectj/modules/tests/ajcTests.xml"
  JARFILE="org.aspectj/modules/aj-build/jars/testing-drivers-test-all.jar"
  NAME="More thourough test of static members using imports" />
  <test FILENAME="org.aspectj/modules/tests/ajcTests.xml"
  JARFILE="org.aspectj/modules/aj-build/jars/testing-drivers-test-all.jar"
  NAME="Looking in class Java for java.lang.String WITH separate compilation" />
  <test FILENAME="org.aspectj/modules/tests/ajcTests.xml"
  JARFILE="org.aspectj/modules/aj-build/jars/testing-drivers-test-all.jar"
  NAME="Looking in class Java for java.lang.String WITHOUT separate compilation" />
  <test FILENAME="org.aspectj/modules/tests/ajcTests.xml"
  JARFILE="org.aspectj/modules/aj-build/jars/testing-drivers-test-all.jar"
  NAME="looking in class java for java.lang.string with separate compilation with packages" />
  <test FILENAME="org.aspectj/modules/tests/ajcTests.xml"
  JARFILE="org.aspectj/modules/aj-build/jars/testing-drivers-test-all.jar"
  NAME="Testing ternary operations." />
  <test FILENAME="org.aspectj/modules/tests/ajcTests.xml"
  JARFILE="org.aspectj/modules/aj-build/jars/testing-drivers-test-all.jar"
  NAME="Lifting locals in switch statements." />
  <test FILENAME="org.aspectj/modules/tests/ajcTests.xml"
  JARFILE="org.aspectj/modules/aj-build/jars/testing-drivers-test-all.jar"
  NAME="Getting confused when looking up method signatures" />
  <test FILENAME="org.aspectj/modules/tests/ajcTests.xml"
  JARFILE="org.aspectj/modules/aj-build/jars/testing-drivers-test-all.jar"
  NAME="Not recognizing the chars '\0', '\1', '\2', '\3', '\4', '\5', '\6', '\7'" />
  <test FILENAME="org.aspectj/modules/tests/ajcTests.xml"
  JARFILE="org.aspectj/modules/aj-build/jars/testing-drivers-test-all.jar"
  NAME="test chars '\0', '\1', '\2', '\3', '\4', '\5', '\6', '\7' with a case statement" />
  <test FILENAME="org.aspectj/modules/tests/ajcTests.xml"
  JARFILE="org.aspectj/modules/aj-build/jars/testing-drivers-test-all.jar"
  NAME="Checking character values with all the unicode chars." />
  <test FILENAME="org.aspectj/modules/tests/ajcTests.xml"
  JARFILE="org.aspectj/modules/aj-build/jars/testing-drivers-test-all.jar"
  NAME="Trouble finding methods with the same name and different parameter types" />
  <test FILENAME="org.aspectj/modules/tests/ajcTests.xml"
  JARFILE="org.aspectj/modules/aj-build/jars/testing-drivers-test-all.jar"
  NAME="Binding non-public static inner classes of interfaces in other packages" />
  <test FILENAME="org.aspectj/modules/tests/ajcTests.xml"
  JARFILE="org.aspectj/modules/aj-build/jars/testing-drivers-test-all.jar"
  NAME="not recognizing the octal chars '\0', '\1', '\2', '\3', '\4', '\5', '\6', '\7'" />
  <test FILENAME="org.aspectj/modules/tests/ajcTests.xml"
  JARFILE="org.aspectj/modules/aj-build/jars/testing-drivers-test-all.jar"
  NAME="members with the same name as their package cause confusion with fully-qualified names." />
  <test FILENAME="org.aspectj/modules/tests/ajcTests.xml"
  JARFILE="org.aspectj/modules/aj-build/jars/testing-drivers-test-all.jar"
  NAME="Fully-qual'ed names with same start as variable names" />
  <test FILENAME="org.aspectj/modules/tests/ajcTests.xml"
  JARFILE="org.aspectj/modules/aj-build/jars/testing-drivers-test-all.jar"
  NAME="Fully qualifying inner classes within annonymous classes causes problems." />
  <test FILENAME="org.aspectj/modules/tests/ajcTests.xml"
  JARFILE="org.aspectj/modules/aj-build/jars/testing-drivers-test-all.jar"
  NAME="calls to methods in outer annonymous classes are being qual's incorrectly with 'this'" />
  <test FILENAME="org.aspectj/modules/tests/ajcTests.xml"
  JARFILE="org.aspectj/modules/aj-build/jars/testing-drivers-test-all.jar"
  NAME="Reading inner classes from source and bytecode (1) -- was failing" />
  <test FILENAME="org.aspectj/modules/tests/ajcTests.xml"
  JARFILE="org.aspectj/modules/aj-build/jars/testing-drivers-test-all.jar"
  NAME="Reading inner classes from source and bytecode (2)" />
  <test FILENAME="org.aspectj/modules/tests/ajcTests.xml"
  JARFILE="org.aspectj/modules/aj-build/jars/testing-drivers-test-all.jar"
  NAME="Reading inner classes from source and bytecode (3)" />
  <test FILENAME="org.aspectj/modules/tests/ajcTests.xml"
  JARFILE="org.aspectj/modules/aj-build/jars/testing-drivers-test-all.jar"
  NAME="Not lifting types correctly with bytes and shorts with ternary ops" />
  <test FILENAME="org.aspectj/modules/tests/ajcTests.xml"
  JARFILE="org.aspectj/modules/aj-build/jars/testing-drivers-test-all.jar"
  NAME="Not looking up methods inside of anonymous declarations correctly." />
  <test FILENAME="org.aspectj/modules/tests/ajcTests.xml"
  JARFILE="org.aspectj/modules/aj-build/jars/testing-drivers-test-all.jar"
  NAME="Resolving extended classes with array parameters" />
  <test FILENAME="org.aspectj/modules/tests/ajcTests.xml"
  JARFILE="org.aspectj/modules/aj-build/jars/testing-drivers-test-all.jar"
  NAME="Assignments as second arguments in ternary operators." />
  <test FILENAME="org.aspectj/modules/tests/ajcTests.xml"
  JARFILE="org.aspectj/modules/aj-build/jars/testing-drivers-test-all.jar"
  NAME="Conflicting inner classes with interfaces." />
  <test FILENAME="org.aspectj/modules/tests/ajcTests.xml"
  JARFILE="org.aspectj/modules/aj-build/jars/testing-drivers-test-all.jar"
  NAME="confusions of casts and parens" />
  <test FILENAME="org.aspectj/modules/tests/ajcTests.xml"
  JARFILE="org.aspectj/modules/aj-build/jars/testing-drivers-test-all.jar"
  NAME="default constructors seen by inner classes subtyping outers" />
  <test FILENAME="org.aspectj/modules/tests/ajcTests.xml"
  JARFILE="org.aspectj/modules/aj-build/jars/testing-drivers-test-all.jar"
  NAME="folding fields set to anonymous instances containing self-references" />
  <test FILENAME="org.aspectj/modules/tests/ajcTests.xml"
  JARFILE="org.aspectj/modules/aj-build/jars/testing-drivers-test-all.jar"
  NAME="finally at the end of a method that needs to return" />
  <test FILENAME="org.aspectj/modules/tests/ajcTests.xml"
  JARFILE="org.aspectj/modules/aj-build/jars/testing-drivers-test-all.jar"
  NAME="overriding methods from object in interfaces and multiple-inheritance" />
  <test FILENAME="org.aspectj/modules/tests/ajcTests.xml"
  JARFILE="org.aspectj/modules/aj-build/jars/testing-drivers-test-all.jar"
  NAME="private fields in an outer class accessed by an inner which also extends the outer" />
  <test FILENAME="org.aspectj/modules/tests/ajcTests.xml"
  JARFILE="org.aspectj/modules/aj-build/jars/testing-drivers-test-all.jar"
  NAME="breaking out of a labeled block inside of an if" />
  <test FILENAME="org.aspectj/modules/tests/ajcTests.xml"
  JARFILE="org.aspectj/modules/aj-build/jars/testing-drivers-test-all.jar"
  NAME="abstractifying a method and getting it back through super" />
  <test FILENAME="org.aspectj/modules/tests/ajcTests.xml"
  JARFILE="org.aspectj/modules/aj-build/jars/testing-drivers-test-all.jar"
  NAME="Packages and static classes with the same name produce compile errors." />
  <test FILENAME="org.aspectj/modules/tests/ajcTests.xml"
  JARFILE="org.aspectj/modules/aj-build/jars/testing-drivers-test-all.jar"
  NAME="inner types must generate classfiles with only public/default access flags." />
  <test FILENAME="org.aspectj/modules/tests/ajcTests.xml"
  JARFILE="org.aspectj/modules/aj-build/jars/testing-drivers-test-all.jar"
  NAME="Default constructors have same access as their enclosing type" />
  <test FILENAME="org.aspectj/modules/tests/ajcTests.xml"
  JARFILE="org.aspectj/modules/aj-build/jars/testing-drivers-test-all.jar"
  NAME="Returning primitive values matching method return type (minimal)" />
  <test FILENAME="org.aspectj/modules/tests/ajcTests.xml"
  JARFILE="org.aspectj/modules/aj-build/jars/testing-drivers-test-all.jar"
  NAME="Flow analysis and if(true)" />
  <test FILENAME="org.aspectj/modules/tests/ajcTests.xml"
  JARFILE="org.aspectj/modules/aj-build/jars/testing-drivers-test-all.jar"
  NAME="packages and generated inner types (for I.class)" />
  <test FILENAME="org.aspectj/modules/tests/ajcTests.xml"
  JARFILE="org.aspectj/modules/aj-build/jars/testing-drivers-test-all.jar"
  NAME="A.this exprs match by exact type matching" />
  <test FILENAME="org.aspectj/modules/tests/ajcTests.xml"
  JARFILE="org.aspectj/modules/aj-build/jars/testing-drivers-test-all.jar"
  NAME="Implicit this for new inner instance must be avaliable" />
  <test FILENAME="org.aspectj/modules/tests/ajcTests.xml"
  JARFILE="org.aspectj/modules/aj-build/jars/testing-drivers-test-all.jar"
  NAME="Inners can reference protected fields of their outer's super." />
  <test FILENAME="org.aspectj/modules/tests/ajcTests.xml"
  JARFILE="org.aspectj/modules/aj-build/jars/testing-drivers-test-all.jar"
  NAME="Primitives that special case for a constant arm should work" />
  <test FILENAME="org.aspectj/modules/tests/ajcTests.xml"
  JARFILE="org.aspectj/modules/aj-build/jars/testing-drivers-test-all.jar"
  NAME="Parenthesized true and false don't parse" />
  <test FILENAME="org.aspectj/modules/tests/ajcTests.xml"
  JARFILE="org.aspectj/modules/aj-build/jars/testing-drivers-test-all.jar"
  NAME="Field sets to public fields of private fields of enclosing types" />
  <test FILENAME="org.aspectj/modules/tests/ajcTests.xml"
  JARFILE="org.aspectj/modules/aj-build/jars/testing-drivers-test-all.jar"
  NAME="Constant values should be stored with the correct type of their fields" />
  <test FILENAME="org.aspectj/modules/tests/ajcTests.xml"
  JARFILE="org.aspectj/modules/aj-build/jars/testing-drivers-test-all.jar"
  NAME="local variables in initializers should not be treated as blank final fields">

    <error />
  </test>
  <test FILENAME="org.aspectj/modules/tests/ajcTests.xml"
  JARFILE="org.aspectj/modules/aj-build/jars/testing-drivers-test-all.jar"
  NAME="Binops aren't allowed as update stmts in for loops" />
  <test FILENAME="org.aspectj/modules/tests/ajcTests.xml"
  JARFILE="org.aspectj/modules/aj-build/jars/testing-drivers-test-all.jar"
  NAME="Can't avoid doing division in case of div by zero" />
  <test FILENAME="org.aspectj/modules/tests/ajcTests.xml"
  JARFILE="org.aspectj/modules/aj-build/jars/testing-drivers-test-all.jar"
  NAME="testing frames w/greater than ff locals and 7f incs (i.e., wide instruction)" />
  <test FILENAME="org.aspectj/modules/tests/ajcTests.xml"
  JARFILE="org.aspectj/modules/aj-build/jars/testing-drivers-test-all.jar"
  NAME="correct numeric literals" />
  <test FILENAME="org.aspectj/modules/tests/ajcTests.xml"
  JARFILE="org.aspectj/modules/aj-build/jars/testing-drivers-test-all.jar"
  NAME="invalid numeric literals" />
  <test FILENAME="org.aspectj/modules/tests/ajcTests.xml"
  JARFILE="org.aspectj/modules/aj-build/jars/testing-drivers-test-all.jar"
  NAME="inner types can't have the same simple name as an enclosing type" />
  <test FILENAME="org.aspectj/modules/tests/ajcTests.xml"
  JARFILE="org.aspectj/modules/aj-build/jars/testing-drivers-test-all.jar"
  NAME="test the unops and binops with various values" />
  <test FILENAME="org.aspectj/modules/tests/ajcTests.xml"
  JARFILE="org.aspectj/modules/aj-build/jars/testing-drivers-test-all.jar"
  NAME="test + and += for strings and variously typed values" />
  <test FILENAME="org.aspectj/modules/tests/ajcTests.xml"
  JARFILE="org.aspectj/modules/aj-build/jars/testing-drivers-test-all.jar"
  NAME="test try/catch/finally statements" />
  <test FILENAME="org.aspectj/modules/tests/ajcTests.xml"
  JARFILE="org.aspectj/modules/aj-build/jars/testing-drivers-test-all.jar"
  NAME="local types can be bound in the signatures of other local types" />
  <test FILENAME="org.aspectj/modules/tests/ajcTests.xml"
  JARFILE="org.aspectj/modules/aj-build/jars/testing-drivers-test-all.jar"
  NAME="type and package name conflicts are resolved happily (2)" />
  <test FILENAME="org.aspectj/modules/tests/ajcTests.xml"
  JARFILE="org.aspectj/modules/aj-build/jars/testing-drivers-test-all.jar"
  NAME="try statements work sorta like scoped items for exception flow control" />
  <test FILENAME="org.aspectj/modules/tests/ajcTests.xml"
  JARFILE="org.aspectj/modules/aj-build/jars/testing-drivers-test-all.jar"
  NAME="qualified this must work exactly, not based on subtypes" />
  <test FILENAME="org.aspectj/modules/tests/ajcTests.xml"
  JARFILE="org.aspectj/modules/aj-build/jars/testing-drivers-test-all.jar"
  NAME="nested finally blocks have interesting frame location problems" />
  <test FILENAME="org.aspectj/modules/tests/ajcTests.xml"
  JARFILE="org.aspectj/modules/aj-build/jars/testing-drivers-test-all.jar"
  NAME="nested synchronized blocks have interesting frame location problems" />
  <test FILENAME="org.aspectj/modules/tests/ajcTests.xml"
  JARFILE="org.aspectj/modules/aj-build/jars/testing-drivers-test-all.jar"
  NAME="anonymous inner classes with inner types" />
  <test FILENAME="org.aspectj/modules/tests/ajcTests.xml"
  JARFILE="org.aspectj/modules/aj-build/jars/testing-drivers-test-all.jar"
  NAME="qualified super call expr" />
  <test FILENAME="org.aspectj/modules/tests/ajcTests.xml"
  JARFILE="org.aspectj/modules/aj-build/jars/testing-drivers-test-all.jar"
  NAME="interfaces with non-explicitly static inner classes" />
  <test FILENAME="org.aspectj/modules/tests/ajcTests.xml"
  JARFILE="org.aspectj/modules/aj-build/jars/testing-drivers-test-all.jar"
  NAME="Operands work correctly" />
  <test FILENAME="org.aspectj/modules/tests/ajcTests.xml"
  JARFILE="org.aspectj/modules/aj-build/jars/testing-drivers-test-all.jar"
  NAME="simple tests of throws and for stmt typing" />
  <test FILENAME="org.aspectj/modules/tests/ajcTests.xml"
  JARFILE="org.aspectj/modules/aj-build/jars/testing-drivers-test-all.jar"
  NAME="test for not folding circular constants" />
  <test FILENAME="org.aspectj/modules/tests/ajcTests.xml"
  JARFILE="org.aspectj/modules/aj-build/jars/testing-drivers-test-all.jar"
  NAME="continue targets must be continuable" />
  <test FILENAME="org.aspectj/modules/tests/ajcTests.xml"
  JARFILE="org.aspectj/modules/aj-build/jars/testing-drivers-test-all.jar"
  NAME="qualified this to non-inner should be caught" />
  <test FILENAME="org.aspectj/modules/tests/ajcTests.xml"
  JARFILE="org.aspectj/modules/aj-build/jars/testing-drivers-test-all.jar"
  NAME="Cannot bind a name.">
    <error />
  </test>
  <test FILENAME="org.aspectj/modules/tests/ajcTests.xml"
  JARFILE="org.aspectj/modules/aj-build/jars/testing-drivers-test-all.jar"
  NAME="interface declaration not permitted in local method scope" />
  <test FILENAME="org.aspectj/modules/tests/ajcTests.xml"
  JARFILE="org.aspectj/modules/aj-build/jars/testing-drivers-test-all.jar"
  NAME="Locals inside other locals, ordering of processing [eh]" />
  <test FILENAME="org.aspectj/modules/tests/ajcTests.xml"
  JARFILE="org.aspectj/modules/aj-build/jars/testing-drivers-test-all.jar"
  NAME="non-constant static final fields marked as final in .class" />
  <test FILENAME="org.aspectj/modules/tests/ajcTests.xml"
  JARFILE="org.aspectj/modules/aj-build/jars/testing-drivers-test-all.jar"
  NAME="handle multiple nested inner classes">
    <error />
  </test>
  <test FILENAME="org.aspectj/modules/tests/ajcTests.xml"
  JARFILE="org.aspectj/modules/aj-build/jars/testing-drivers-test-all.jar"
  NAME="advice on a static method" />
  <test FILENAME="org.aspectj/modules/tests/ajcTests.xml"
  JARFILE="org.aspectj/modules/aj-build/jars/testing-drivers-test-all.jar"
  NAME="inner constructor syntax causes compile error" />
  <test FILENAME="org.aspectj/modules/tests/ajcTests.xml"
  JARFILE="org.aspectj/modules/aj-build/jars/testing-drivers-test-all.jar"
  NAME="widening of method parameters to match javac" />
  <test FILENAME="org.aspectj/modules/tests/ajcTests.xml"
  JARFILE="org.aspectj/modules/aj-build/jars/testing-drivers-test-all.jar"
  NAME="parenthesized string literals matching primitive type names" />
  <test FILENAME="org.aspectj/modules/tests/ajcTests.xml"
  JARFILE="org.aspectj/modules/aj-build/jars/testing-drivers-test-all.jar"
  NAME="simple type coercions tests" />
  <test FILENAME="org.aspectj/modules/tests/ajcTests.xml"
  JARFILE="org.aspectj/modules/aj-build/jars/testing-drivers-test-all.jar"
  NAME="order of type declarations shouldn't matter" />
  <test FILENAME="org.aspectj/modules/tests/ajcTests.xml"
  JARFILE="org.aspectj/modules/aj-build/jars/testing-drivers-test-all.jar"
  NAME="Scanner non recognizing strictfp." />
  <test FILENAME="org.aspectj/modules/tests/ajcTests.xml"
  JARFILE="org.aspectj/modules/aj-build/jars/testing-drivers-test-all.jar"
  NAME="crashes when a lot of zeros are in front of a double variable [!!! purejava]" />
  <test FILENAME="org.aspectj/modules/tests/ajcTests.xml"
  JARFILE="org.aspectj/modules/aj-build/jars/testing-drivers-test-all.jar"
  NAME="SUID: Before execution advice" />
  <test FILENAME="org.aspectj/modules/tests/ajcTests.xml"
  JARFILE="org.aspectj/modules/aj-build/jars/testing-drivers-test-all.jar"
  NAME="SUID: Around execution advice" />
  <test FILENAME="org.aspectj/modules/tests/ajcTests.xml"
  JARFILE="org.aspectj/modules/aj-build/jars/testing-drivers-test-all.jar"
  NAME="SUID: Around closure execution advice (-Xlint:ignore)" />
  <test FILENAME="org.aspectj/modules/tests/ajcTests.xml"
  JARFILE="org.aspectj/modules/aj-build/jars/testing-drivers-test-all.jar"
  NAME="SUID: Around closure execution advice" />
  <test FILENAME="org.aspectj/modules/tests/ajcTests.xml"
  JARFILE="org.aspectj/modules/aj-build/jars/testing-drivers-test-all.jar"
  NAME="SUID: thisJoinPoint" />
  <test FILENAME="org.aspectj/modules/tests/ajcTests.xml"
  JARFILE="org.aspectj/modules/aj-build/jars/testing-drivers-test-all.jar"
  NAME="SUID: thisJoinPoint with clinit method" />
  <test FILENAME="org.aspectj/modules/tests/ajcTests.xml"
  JARFILE="org.aspectj/modules/aj-build/jars/testing-drivers-test-all.jar"
  NAME="SUID: After returning staticinitialization advice" />
  <test FILENAME="org.aspectj/modules/tests/ajcTests.xml"
  JARFILE="org.aspectj/modules/aj-build/jars/testing-drivers-test-all.jar"
  NAME="suid: after returning staticinitialization advice with serialversionuid field" />
  <test FILENAME="org.aspectj/modules/tests/ajcTests.xml"
  JARFILE="org.aspectj/modules/aj-build/jars/testing-drivers-test-all.jar"
  NAME="SUID: ITD field" />
  <test FILENAME="org.aspectj/modules/tests/ajcTests.xml"
  JARFILE="org.aspectj/modules/aj-build/jars/testing-drivers-test-all.jar"
  NAME="SUID: ITD method" />
  <test FILENAME="org.aspectj/modules/tests/ajcTests.xml"
  JARFILE="org.aspectj/modules/aj-build/jars/testing-drivers-test-all.jar"
  NAME="SUID: Declare extends" />
  <test FILENAME="org.aspectj/modules/tests/ajcTests.xml"
  JARFILE="org.aspectj/modules/aj-build/jars/testing-drivers-test-all.jar"
  NAME="SUID: Declare implements (compile)" />
  <test FILENAME="org.aspectj/modules/tests/ajcTests.xml"
  JARFILE="org.aspectj/modules/aj-build/jars/testing-drivers-test-all.jar"
  NAME="SUID: Declare implements non-Serializable (compile)" />
  <test FILENAME="org.aspectj/modules/tests/ajcTests.xml"
  JARFILE="org.aspectj/modules/aj-build/jars/testing-drivers-test-all.jar"
  NAME="SUID: Declare implements Serializable (compile)" />
  <test FILENAME="org.aspectj/modules/tests/ajcTests.xml"
  JARFILE="org.aspectj/modules/aj-build/jars/testing-drivers-test-all.jar"
  NAME="SUID: Declare implements (weave)" />
  <test FILENAME="org.aspectj/modules/tests/ajcTests.xml"
  JARFILE="org.aspectj/modules/aj-build/jars/testing-drivers-test-all.jar"
  NAME="SUID: Priviliged aspect" />
  <test FILENAME="org.aspectj/modules/tests/ajcTests.xml"
  JARFILE="org.aspectj/modules/aj-build/jars/testing-drivers-test-all.jar"
  NAME="SUID: Perthis aspect" />
  <test FILENAME="org.aspectj/modules/tests/ajcTests.xml"
  JARFILE="org.aspectj/modules/aj-build/jars/testing-drivers-test-all.jar"
  NAME="no XLint warning: thisJoinPoint potentially lazy and nothing stopping it" />
  <test FILENAME="org.aspectj/modules/tests/ajcTests.xml"
  JARFILE="org.aspectj/modules/aj-build/jars/testing-drivers-test-all.jar"
  NAME="no xlint warning: thisjoinpoint not lazy (no if pcd) but would have been stopped anyway by around advice" />
  <test FILENAME="org.aspectj/modules/tests/ajcTests.xml"
  JARFILE="org.aspectj/modules/aj-build/jars/testing-drivers-test-all.jar"
  NAME="no XLint warning: thisJoinPoint cannot be built lazily" />
  <test FILENAME="org.aspectj/modules/tests/ajcTests.xml"
  JARFILE="org.aspectj/modules/aj-build/jars/testing-drivers-test-all.jar"
  NAME="lazytjp: warning when around advice uses tjp" />
  <test FILENAME="org.aspectj/modules/tests/ajcTests.xml"
  JARFILE="org.aspectj/modules/aj-build/jars/testing-drivers-test-all.jar"
  NAME="lazytjp: warning when if missing on before advice" />
  <test FILENAME="org.aspectj/modules/tests/ajcHarnessTests.xml"
  JARFILE="org.aspectj/modules/aj-build/jars/testing-drivers-test-all.jar"
  NAME="valid double binding" />
  <test FILENAME="org.aspectj/modules/tests/ajcTests.xml"
  JARFILE="org.aspectj/modules/aj-build/jars/testing-drivers-test-all.jar"
  NAME="lazytjp: warning when if missing on after advice" />
  <test FILENAME="org.aspectj/modules/tests/ajcTests.xml"
  JARFILE="org.aspectj/modules/aj-build/jars/testing-drivers-test-all.jar"
  NAME="lazytjp: multiple clashing advice preventing lazytjp" />
  <test FILENAME="org.aspectj/modules/tests/ajcTests.xml"
  JARFILE="org.aspectj/modules/aj-build/jars/testing-drivers-test-all.jar"
  NAME="lazytjp: interfering before and around" />
  <test FILENAME="org.aspectj/modules/tests/ajcTests.xml"
  JARFILE="org.aspectj/modules/aj-build/jars/testing-drivers-test-all.jar"
  NAME="options -Xlint args()" />
  <test FILENAME="org.aspectj/modules/tests/ajcTests.xml"
  JARFILE="org.aspectj/modules/aj-build/jars/testing-drivers-test-all.jar"
  NAME="options declare field on bad type" />
  <test FILENAME="org.aspectj/modules/tests/ajcTests.xml"
  JARFILE="org.aspectj/modules/aj-build/jars/testing-drivers-test-all.jar"
  NAME="options declare method on bad type" />
  <test FILENAME="org.aspectj/modules/tests/ajcTests.xml"
  JARFILE="org.aspectj/modules/aj-build/jars/testing-drivers-test-all.jar"
  NAME="options -Xlint declare parent" />
  <test FILENAME="org.aspectj/modules/tests/ajcTests.xml"
  JARFILE="org.aspectj/modules/aj-build/jars/testing-drivers-test-all.jar"
  NAME="options -Xlint target()" />
  <test FILENAME="org.aspectj/modules/tests/ajcTests.xml"
  JARFILE="org.aspectj/modules/aj-build/jars/testing-drivers-test-all.jar"
  NAME="options -Xlint this()" />
  <test FILENAME="org.aspectj/modules/tests/ajcTests.xml"
  JARFILE="org.aspectj/modules/aj-build/jars/testing-drivers-test-all.jar"
  NAME="options negative -Xlint args()" />
  <test FILENAME="org.aspectj/modules/tests/ajcTests.xml"
  JARFILE="org.aspectj/modules/aj-build/jars/testing-drivers-test-all.jar"
  NAME="options negative -Xlint declare parent" />
  <test FILENAME="org.aspectj/modules/tests/ajcTests.xml"
  JARFILE="org.aspectj/modules/aj-build/jars/testing-drivers-test-all.jar"
  NAME="options negative -Xlint target()" />
  <test FILENAME="org.aspectj/modules/tests/ajcTests.xml"
  JARFILE="org.aspectj/modules/aj-build/jars/testing-drivers-test-all.jar"
  NAME="options negative -Xlint this()" />
  <test FILENAME="org.aspectj/modules/tests/ajcTests.xml"
  JARFILE="org.aspectj/modules/aj-build/jars/testing-drivers-test-all.jar"
  NAME="unmatched type name in a declare parents should result in a warning in -xlint mode" />
  <test FILENAME="org.aspectj/modules/tests/ajcTests.xml"
  JARFILE="org.aspectj/modules/aj-build/jars/testing-drivers-test-all.jar"
  NAME="privileged access to code outside the control of the compiler" />
  <test FILENAME="org.aspectj/modules/tests/ajcTests.xml"
  JARFILE="org.aspectj/modules/aj-build/jars/testing-drivers-test-all.jar"
  NAME="Unexpected Xlint:unresolvableMember warning with withincode" />
  <test FILENAME="org.aspectj/modules/tests/ajcTests.xml"
  JARFILE="org.aspectj/modules/aj-build/jars/testing-drivers-test-all.jar"
  NAME="valid XLintWarningTest file, default level of warning" />
  <test FILENAME="org.aspectj/modules/tests/ajcTests.xml"
  JARFILE="org.aspectj/modules/aj-build/jars/testing-drivers-test-all.jar"
  NAME="XLint:ignore suppresses XLint warnings" />
  <test FILENAME="org.aspectj/modules/tests/ajcTests.xml"
  JARFILE="org.aspectj/modules/aj-build/jars/testing-drivers-test-all.jar"
  NAME="XLint:error promotes XLint warnings to error" />
  <test FILENAME="org.aspectj/modules/tests/ajcTests.xml"
  JARFILE="org.aspectj/modules/aj-build/jars/testing-drivers-test-all.jar"
  NAME="alias getCause for getWrappedThrowable in SoftException" />
  <test FILENAME="org.aspectj/modules/tests/ajcTests.xml"
  JARFILE="org.aspectj/modules/aj-build/jars/testing-drivers-test-all.jar"
  NAME="XLint warning for call PCD's using subtype of defining type" />
  <test FILENAME="org.aspectj/modules/tests/ajcTests.xml"
  JARFILE="org.aspectj/modules/aj-build/jars/testing-drivers-test-all.jar"
  NAME="xlint warning for call pcd's using subtype of defining type (-1.3 -xlint:ignore)" />
  <test FILENAME="org.aspectj/modules/tests/ajcTests.xml"
  JARFILE="org.aspectj/modules/aj-build/jars/testing-drivers-test-all.jar"
  NAME="Two Xlint warnings wth cflow?" />
</testsuite>
